Using pre-set license
Built from '2022.3/staging' branch; Version is '2022.3.16f1 (d2c21f0ef2f1) revision 13812255'; Using compiler version '192829333'; Build Type 'Release'
OS: 'Windows 11  (10.0.26200) 64bit Professional' Language: 'es' Physical Memory: 16011 MB
BatchMode: 1, IsHumanControllingUs: 0, StartBugReporterOnCrash: 0, Is64bit: 1, IsPro: 1

COMMAND LINE ARGUMENTS:
C:\Program Files\Unity\Hub\Editor\2022.3.16f1\Editor\Unity.exe
-adb2
-batchMode
-noUpm
-name
AssetImportWorker0
-projectPath
C:/Users/User/TODO/UNITY/REPOSITORIOS/ProgramacionGrafica
-logFile
Logs/AssetImportWorker0.log
-srvPort
49163
Successfully changed project path to: C:/Users/User/TODO/UNITY/REPOSITORIOS/ProgramacionGrafica
C:/Users/User/TODO/UNITY/REPOSITORIOS/ProgramacionGrafica
[UnityMemory] Configuration Parameters - Can be set up in boot.config
    "memorysetup-bucket-allocator-granularity=16"
    "memorysetup-bucket-allocator-bucket-count=8"
    "memorysetup-bucket-allocator-block-size=33554432"
    "memorysetup-bucket-allocator-block-count=8"
    "memorysetup-main-allocator-block-size=16777216"
    "memorysetup-thread-allocator-block-size=16777216"
    "memorysetup-gfx-main-allocator-block-size=16777216"
    "memorysetup-gfx-thread-allocator-block-size=16777216"
    "memorysetup-cache-allocator-block-size=4194304"
    "memorysetup-typetree-allocator-block-size=2097152"
    "memorysetup-profiler-bucket-allocator-granularity=16"
    "memorysetup-profiler-bucket-allocator-bucket-count=8"
    "memorysetup-profiler-bucket-allocator-block-size=33554432"
    "memorysetup-profiler-bucket-allocator-block-count=8"
    "memorysetup-profiler-allocator-block-size=16777216"
    "memorysetup-profiler-editor-allocator-block-size=1048576"
    "memorysetup-temp-allocator-size-main=16777216"
    "memorysetup-job-temp-allocator-block-size=2097152"
    "memorysetup-job-temp-allocator-block-size-background=1048576"
    "memorysetup-job-temp-allocator-reduction-small-platforms=262144"
    "memorysetup-allocator-temp-initial-block-size-main=262144"
    "memorysetup-allocator-temp-initial-block-size-worker=262144"
    "memorysetup-temp-allocator-size-background-worker=32768"
    "memorysetup-temp-allocator-size-job-worker=262144"
    "memorysetup-temp-allocator-size-preload-manager=33554432"
    "memorysetup-temp-allocator-size-nav-mesh-worker=65536"
    "memorysetup-temp-allocator-size-audio-worker=65536"
    "memorysetup-temp-allocator-size-cloud-worker=32768"
    "memorysetup-temp-allocator-size-gi-baking-worker=262144"
    "memorysetup-temp-allocator-size-gfx=262144"
Player connection [19440] Host "[IP] 10.100.67.90 [Port] 0 [Flags] 2 [Guid] 2688488683 [EditorId] 2688488683 [Version] 1048832 [Id] WindowsEditor(7,DESKTOP-U9FQ2HB) [Debug] 1 [PackageName] WindowsEditor [ProjectName] Editor" joined multi-casting on [225.0.0.222:54997]...

Player connection [19440] Host "[IP] 10.100.67.90 [Port] 0 [Flags] 2 [Guid] 2688488683 [EditorId] 2688488683 [Version] 1048832 [Id] WindowsEditor(7,DESKTOP-U9FQ2HB) [Debug] 1 [PackageName] WindowsEditor [ProjectName] Editor" joined alternative multi-casting on [225.0.0.222:34997]...

[Physics::Module] Initialized MultithreadedJobDispatcher with 15 workers.
Refreshing native plugins compatible for Editor in 15.95 ms, found 4 plugins.
Preloading 0 native plugins for Editor in 0.00 ms.
Initialize engine version: 2022.3.16f1 (d2c21f0ef2f1)
[Subsystems] Discovering subsystems at path C:/Program Files/Unity/Hub/Editor/2022.3.16f1/Editor/Data/Resources/UnitySubsystems
[Subsystems] Discovering subsystems at path C:/Users/User/TODO/UNITY/REPOSITORIOS/ProgramacionGrafica/Assets
GfxDevice: creating device client; threaded=0; jobified=0
Direct3D:
    Version:  Direct3D 11.0 [level 11.1]
    Renderer: Intel(R) UHD Graphics (ID=0xa7a8)
    Vendor:   Intel
    VRAM:     8005 MB
    Driver:   32.0.101.6790
Shader 'ASESampleShaders/Terrain/TerrainSnowCoverageFirstPass': dependency 'BaseMapShader' shader 'ASESampleShaders/TerrainBase' not found
Shader 'ASESampleShaders/Terrain/TerrainSnowCoverageFirstPass': dependency 'BaseMapShader' shader 'ASESampleShaders/TerrainBase' not found
Initialize mono
Mono path[0] = 'C:/Program Files/Unity/Hub/Editor/2022.3.16f1/Editor/Data/Managed'
Mono path[1] = 'C:/Program Files/Unity/Hub/Editor/2022.3.16f1/Editor/Data/MonoBleedingEdge/lib/mono/unityjit-win32'
Mono config path = 'C:/Program Files/Unity/Hub/Editor/2022.3.16f1/Editor/Data/MonoBleedingEdge/etc'
Using monoOptions --debugger-agent=transport=dt_socket,embedding=1,server=y,suspend=n,address=127.0.0.1:56240
Begin MonoManager ReloadAssembly
Registering precompiled unity dll's ...
Register platform support module: C:/Program Files/Unity/Hub/Editor/2022.3.16f1/Editor/Data/PlaybackEngines/WindowsStandaloneSupport/UnityEditor.WindowsStandalone.Extensions.dll
Registered in 0.008822 seconds.
- Loaded All Assemblies, in  0.485 seconds
Native extension for WindowsStandalone target not found
Mono: successfully reloaded assembly
- Finished resetting the current domain, in  0.451 seconds
Domain Reload Profiling: 935ms
	BeginReloadAssembly (151ms)
		ExecutionOrderSort (0ms)
		DisableScriptedObjects (0ms)
		BackupInstance (0ms)
		ReleaseScriptingObjects (0ms)
		CreateAndSetChildDomain (1ms)
	RebuildCommonClasses (48ms)
	RebuildNativeTypeToScriptingClass (12ms)
	initialDomainReloadingComplete (76ms)
	LoadAllAssembliesAndSetupDomain (197ms)
		LoadAssemblies (148ms)
		RebuildTransferFunctionScriptingTraits (0ms)
		AnalyzeDomain (194ms)
			TypeCache.Refresh (192ms)
				TypeCache.ScanAssembly (174ms)
			ScanForSourceGeneratedMonoScriptInfo (1ms)
			ResolveRequiredComponents (1ms)
	FinalizeReload (452ms)
		ReleaseScriptCaches (0ms)
		RebuildScriptCaches (0ms)
		SetupLoadedEditorAssemblies (365ms)
			LogAssemblyErrors (0ms)
			InitializePlatformSupportModulesInManaged (12ms)
			SetLoadedEditorAssemblies (10ms)
			RefreshPlugins (0ms)
			BeforeProcessingInitializeOnLoad (3ms)
			ProcessInitializeOnLoadAttributes (244ms)
			ProcessInitializeOnLoadMethodAttributes (96ms)
			AfterProcessingInitializeOnLoad (0ms)
			EditorAssembliesLoaded (0ms)
		ExecutionOrderSort2 (0ms)
		AwakeInstancesAfterBackupRestoration (0ms)
========================================================================
Worker process is ready to serve import requests
Begin MonoManager ReloadAssembly
- Loaded All Assemblies, in  1.061 seconds
Refreshing native plugins compatible for Editor in 9.24 ms, found 4 plugins.
Native extension for WindowsStandalone target not found
Mono: successfully reloaded assembly
- Finished resetting the current domain, in  0.991 seconds
Domain Reload Profiling: 2048ms
	BeginReloadAssembly (208ms)
		ExecutionOrderSort (0ms)
		DisableScriptedObjects (6ms)
		BackupInstance (0ms)
		ReleaseScriptingObjects (0ms)
		CreateAndSetChildDomain (27ms)
	RebuildCommonClasses (70ms)
	RebuildNativeTypeToScriptingClass (17ms)
	initialDomainReloadingComplete (62ms)
	LoadAllAssembliesAndSetupDomain (700ms)
		LoadAssemblies (507ms)
		RebuildTransferFunctionScriptingTraits (0ms)
		AnalyzeDomain (324ms)
			TypeCache.Refresh (291ms)
				TypeCache.ScanAssembly (268ms)
			ScanForSourceGeneratedMonoScriptInfo (23ms)
			ResolveRequiredComponents (6ms)
	FinalizeReload (992ms)
		ReleaseScriptCaches (0ms)
		RebuildScriptCaches (0ms)
		SetupLoadedEditorAssemblies (714ms)
			LogAssemblyErrors (0ms)
			InitializePlatformSupportModulesInManaged (7ms)
			SetLoadedEditorAssemblies (4ms)
			RefreshPlugins (0ms)
			BeforeProcessingInitializeOnLoad (89ms)
			ProcessInitializeOnLoadAttributes (550ms)
			ProcessInitializeOnLoadMethodAttributes (49ms)
			AfterProcessingInitializeOnLoad (14ms)
			EditorAssembliesLoaded (0ms)
		ExecutionOrderSort2 (0ms)
		AwakeInstancesAfterBackupRestoration (17ms)
Shader 'ASESampleShaders/Terrain/TerrainSnowCoverageFirstPass': dependency 'BaseMapShader' shader 'ASESampleShaders/TerrainBase' not found
Launched and connected shader compiler UnityShaderCompiler.exe after 0.57 seconds
Refreshing native plugins compatible for Editor in 14.30 ms, found 4 plugins.
Preloading 0 native plugins for Editor in 0.00 ms.
Unloading 4299 Unused Serialized files (Serialized files now loaded: 0)
Unloading 43 unused Assets / (61.4 KB). Loaded Objects now: 4767.
Memory consumption went from 278.8 MB to 278.7 MB.
Total: 6.086400 ms (FindLiveObjects: 1.389800 ms CreateObjectMapping: 0.462000 ms MarkObjects: 3.782000 ms  DeleteObjects: 0.447000 ms)

AssetImportParameters requested are different than current active one (requested -> active):
  custom:container-demuxer-ogg: 62fdf1f143b41e24485cea50d1cbac27 -> 
  custom:video-codec-MediaFoundation-h265: 746d11721c4dcdbdad8f713fa42b33f4 -> 
  custom:video-decoder-ogg-theora: a1e56fd34408186e4bbccfd4996cb3dc -> 
  custom:framework-win-MediaFoundation: 216162199b28c13a410421893ffa2e32 -> 
  custom:CustomObjectIndexerAttribute: 43b350a4d6e6d1791af0b5038c4bea17 -> 
  custom:container-demuxer-webm: 4f35f7cbe854078d1ac9338744f61a02 -> 
  custom:container-muxer-webm: aa71ff27fc2769a1b78a27578f13a17b -> 
  custom:video-decoder-webm-vp8: 9c59270c3fd7afecdb556c50c9e8de78 -> 
  custom:SearchIndexIgnoredProperties: e643bd26f0fe6173181afceb89e7c659 -> 
  custom:AudioImporter_EditorPlatform: d09bf68614088b80899f8185d706f6e7 -> 
  custom:video-encoder-webm-vp8: eb34c28f22e8b96e1ab97ce403110664 -> 
  custom:audio-decoder-ogg-vorbis: bf7c407c2cedff20999df2af8eb42d56 -> 
  custom:audio-encoder-webm-vorbis: bf7c407c2cedff20999df2af8eb42d56 -> 
========================================================================
Received Import Request.
  Time since last request: 87328.895216 seconds.
  path: Assets/shaders/Toto/CartoonShader.shader
  artifactKey: Guid(6a6e98c9ddae9254a8ac04b40c409f9b) Importer(815301076,1909f56bfc062723c751e8b465ee728b)
Start importing Assets/shaders/Toto/CartoonShader.shader using Guid(6a6e98c9ddae9254a8ac04b40c409f9b) Importer(815301076,1909f56bfc062723c751e8b465ee728b)  -> (artifact id: '846430b855d115a021806b5ef1983cab') in 0.028465 seconds
Number of updated asset objects reloaded before import = 0
Number of asset objects unloaded after import = 1
========================================================================
Received Import Request.
  Time since last request: 13.373623 seconds.
  path: Assets/shaders/Toto/CartoonShader.mat
  artifactKey: Guid(71a46061328cbad43a5a8920ee2486b4) Importer(815301076,1909f56bfc062723c751e8b465ee728b)
Start importing Assets/shaders/Toto/CartoonShader.mat using Guid(71a46061328cbad43a5a8920ee2486b4) Importer(815301076,1909f56bfc062723c751e8b465ee728b)  -> (artifact id: '53eba3ba3b92622347b593555dec54e5') in 0.378351 seconds
Number of updated asset objects reloaded before import = 0
Number of asset objects unloaded after import = 2
========================================================================
Received Import Request.
  Time since last request: 111.808247 seconds.
  path: Assets/shaders/Toto/CartoonShader.mat
  artifactKey: Guid(71a46061328cbad43a5a8920ee2486b4) Importer(815301076,1909f56bfc062723c751e8b465ee728b)
Start importing Assets/shaders/Toto/CartoonShader.mat using Guid(71a46061328cbad43a5a8920ee2486b4) Importer(815301076,1909f56bfc062723c751e8b465ee728b)  -> (artifact id: '8a3c04a49c517547c42b1cc29e6354c4') in 0.164103 seconds
Number of updated asset objects reloaded before import = 0
Number of asset objects unloaded after import = 2
========================================================================
Received Import Request.
  Time since last request: 93.268961 seconds.
  path: Assets/shaders/Toto/CartoonShader.mat
  artifactKey: Guid(71a46061328cbad43a5a8920ee2486b4) Importer(815301076,1909f56bfc062723c751e8b465ee728b)
Start importing Assets/shaders/Toto/CartoonShader.mat using Guid(71a46061328cbad43a5a8920ee2486b4) Importer(815301076,1909f56bfc062723c751e8b465ee728b)  -> (artifact id: 'b9fed0b17ac883f0c2d0af59d85042ec') in 0.127495 seconds
Number of updated asset objects reloaded before import = 0
Number of asset objects unloaded after import = 2
========================================================================
Received Import Request.
  Time since last request: 65.777692 seconds.
  path: Assets/shaders/Toto/CartoonShader.mat
  artifactKey: Guid(71a46061328cbad43a5a8920ee2486b4) Importer(815301076,1909f56bfc062723c751e8b465ee728b)
Start importing Assets/shaders/Toto/CartoonShader.mat using Guid(71a46061328cbad43a5a8920ee2486b4) Importer(815301076,1909f56bfc062723c751e8b465ee728b)  -> (artifact id: '426717a91941d4421da1a23db472fe8e') in 0.019548 seconds
Number of updated asset objects reloaded before import = 0
Number of asset objects unloaded after import = 2
========================================================================
Received Import Request.
  Time since last request: 279.806861 seconds.
  path: Assets/shaders/Toto/CartoonShader.mat
  artifactKey: Guid(71a46061328cbad43a5a8920ee2486b4) Importer(815301076,1909f56bfc062723c751e8b465ee728b)
Start importing Assets/shaders/Toto/CartoonShader.mat using Guid(71a46061328cbad43a5a8920ee2486b4) Importer(815301076,1909f56bfc062723c751e8b465ee728b)  -> (artifact id: 'ae873215317e824909a8cfd28ef574ff') in 0.077983 seconds
Number of updated asset objects reloaded before import = 0
Number of asset objects unloaded after import = 2
========================================================================
Received Import Request.
  Time since last request: 107.611045 seconds.
  path: Assets/shaders/Toto/CartoonShader.mat
  artifactKey: Guid(71a46061328cbad43a5a8920ee2486b4) Importer(815301076,1909f56bfc062723c751e8b465ee728b)
Start importing Assets/shaders/Toto/CartoonShader.mat using Guid(71a46061328cbad43a5a8920ee2486b4) Importer(815301076,1909f56bfc062723c751e8b465ee728b)  -> (artifact id: '453ed674f25d432734b7c7df427b147f') in 0.066522 seconds
Number of updated asset objects reloaded before import = 0
Number of asset objects unloaded after import = 2
========================================================================
Received Import Request.
  Time since last request: 10.467746 seconds.
  path: Assets/shaders/Toto/CartoonShader.mat
  artifactKey: Guid(71a46061328cbad43a5a8920ee2486b4) Importer(815301076,1909f56bfc062723c751e8b465ee728b)
Start importing Assets/shaders/Toto/CartoonShader.mat using Guid(71a46061328cbad43a5a8920ee2486b4) Importer(815301076,1909f56bfc062723c751e8b465ee728b)  -> (artifact id: '27f08a47e7a6755136fddc4474620d89') in 0.082273 seconds
Number of updated asset objects reloaded before import = 0
Number of asset objects unloaded after import = 2
========================================================================
Received Import Request.
  Time since last request: 13.664343 seconds.
  path: Assets/shaders/Toto/CartoonShader.mat
  artifactKey: Guid(71a46061328cbad43a5a8920ee2486b4) Importer(815301076,1909f56bfc062723c751e8b465ee728b)
Start importing Assets/shaders/Toto/CartoonShader.mat using Guid(71a46061328cbad43a5a8920ee2486b4) Importer(815301076,1909f56bfc062723c751e8b465ee728b)  -> (artifact id: '83d6d64a8f0c5c75ad32caa289e24d21') in 0.018923 seconds
Number of updated asset objects reloaded before import = 0
Number of asset objects unloaded after import = 3
========================================================================
Received Import Request.
  Time since last request: 2.767925 seconds.
  path: Assets/shaders/Toto/CartoonShader.mat
  artifactKey: Guid(71a46061328cbad43a5a8920ee2486b4) Importer(815301076,1909f56bfc062723c751e8b465ee728b)
Start importing Assets/shaders/Toto/CartoonShader.mat using Guid(71a46061328cbad43a5a8920ee2486b4) Importer(815301076,1909f56bfc062723c751e8b465ee728b)  -> (artifact id: '1913f86d60b56cf0c23e9cba0273eeaf') in 0.009199 seconds
Number of updated asset objects reloaded before import = 0
Number of asset objects unloaded after import = 3
========================================================================
Received Import Request.
  Time since last request: 794.591099 seconds.
  path: Assets/shaders/Toto/CartoonShader.mat
  artifactKey: Guid(71a46061328cbad43a5a8920ee2486b4) Importer(815301076,1909f56bfc062723c751e8b465ee728b)
Start importing Assets/shaders/Toto/CartoonShader.mat using Guid(71a46061328cbad43a5a8920ee2486b4) Importer(815301076,1909f56bfc062723c751e8b465ee728b)  -> (artifact id: '7db4c76bc9f10269065b7312ad98d135') in 0.128381 seconds
Number of updated asset objects reloaded before import = 0
Number of asset objects unloaded after import = 3
========================================================================
Received Import Request.
  Time since last request: 22.251977 seconds.
  path: Assets/shaders/Toto/CartoonShader.mat
  artifactKey: Guid(71a46061328cbad43a5a8920ee2486b4) Importer(815301076,1909f56bfc062723c751e8b465ee728b)
Start importing Assets/shaders/Toto/CartoonShader.mat using Guid(71a46061328cbad43a5a8920ee2486b4) Importer(815301076,1909f56bfc062723c751e8b465ee728b)  -> (artifact id: '0ed68994cd5ce2d145a384176dc3cc72') in 0.107138 seconds
Number of updated asset objects reloaded before import = 0
Number of asset objects unloaded after import = 3
========================================================================
Received Import Request.
  Time since last request: 25.302659 seconds.
  path: Assets/shaders/Toto/CartoonShader.mat
  artifactKey: Guid(71a46061328cbad43a5a8920ee2486b4) Importer(815301076,1909f56bfc062723c751e8b465ee728b)
Start importing Assets/shaders/Toto/CartoonShader.mat using Guid(71a46061328cbad43a5a8920ee2486b4) Importer(815301076,1909f56bfc062723c751e8b465ee728b)  -> (artifact id: '187e640ab30038d0b86329f1773bf62e') in 0.089707 seconds
Number of updated asset objects reloaded before import = 0
Number of asset objects unloaded after import = 3
========================================================================
Received Import Request.
  Time since last request: 11.081645 seconds.
  path: Assets/shaders/Toto/CartoonShader.mat
  artifactKey: Guid(71a46061328cbad43a5a8920ee2486b4) Importer(815301076,1909f56bfc062723c751e8b465ee728b)
Start importing Assets/shaders/Toto/CartoonShader.mat using Guid(71a46061328cbad43a5a8920ee2486b4) Importer(815301076,1909f56bfc062723c751e8b465ee728b)  -> (artifact id: '33ff35b24825536ce3a7de25e48f79af') in 0.010786 seconds
Number of updated asset objects reloaded before import = 0
Number of asset objects unloaded after import = 3
========================================================================
Received Import Request.
  Time since last request: 9.820491 seconds.
  path: Assets/shaders/Toto/CartoonShader.mat
  artifactKey: Guid(71a46061328cbad43a5a8920ee2486b4) Importer(815301076,1909f56bfc062723c751e8b465ee728b)
Start importing Assets/shaders/Toto/CartoonShader.mat using Guid(71a46061328cbad43a5a8920ee2486b4) Importer(815301076,1909f56bfc062723c751e8b465ee728b)  -> (artifact id: '405c2af83963dd152ae4f147695cec19') in 0.100468 seconds
Number of updated asset objects reloaded before import = 0
Number of asset objects unloaded after import = 3
========================================================================
Received Import Request.
  Time since last request: 39.309527 seconds.
  path: Assets/shaders/Toto/CartoonShader.mat
  artifactKey: Guid(71a46061328cbad43a5a8920ee2486b4) Importer(815301076,1909f56bfc062723c751e8b465ee728b)
Start importing Assets/shaders/Toto/CartoonShader.mat using Guid(71a46061328cbad43a5a8920ee2486b4) Importer(815301076,1909f56bfc062723c751e8b465ee728b)  -> (artifact id: '9b09c4d38d4a1f517505cd195581a62a') in 0.067171 seconds
Number of updated asset objects reloaded before import = 0
Number of asset objects unloaded after import = 4
========================================================================
Received Import Request.
  Time since last request: 193.323928 seconds.
  path: Assets/shaders/Toto/CartoonShader.mat
  artifactKey: Guid(71a46061328cbad43a5a8920ee2486b4) Importer(815301076,1909f56bfc062723c751e8b465ee728b)
Start importing Assets/shaders/Toto/CartoonShader.mat using Guid(71a46061328cbad43a5a8920ee2486b4) Importer(815301076,1909f56bfc062723c751e8b465ee728b)  -> (artifact id: '11c1167f32a8697d31e36b3d9a051d54') in 0.021012 seconds
Number of updated asset objects reloaded before import = 0
Number of asset objects unloaded after import = 4
========================================================================
Received Import Request.
  Time since last request: 1.928842 seconds.
  path: Assets/shaders/Toto/CartoonShader.mat
  artifactKey: Guid(71a46061328cbad43a5a8920ee2486b4) Importer(815301076,1909f56bfc062723c751e8b465ee728b)
Start importing Assets/shaders/Toto/CartoonShader.mat using Guid(71a46061328cbad43a5a8920ee2486b4) Importer(815301076,1909f56bfc062723c751e8b465ee728b)  -> (artifact id: '99236d10a23747ad718c0588784ede96') in 0.112346 seconds
Number of updated asset objects reloaded before import = 0
Number of asset objects unloaded after import = 4
========================================================================
Received Import Request.
  Time since last request: 202.316910 seconds.
  path: Assets/shaders/Toto/CartoonShader.mat
  artifactKey: Guid(71a46061328cbad43a5a8920ee2486b4) Importer(815301076,1909f56bfc062723c751e8b465ee728b)
Start importing Assets/shaders/Toto/CartoonShader.mat using Guid(71a46061328cbad43a5a8920ee2486b4) Importer(815301076,1909f56bfc062723c751e8b465ee728b)  -> (artifact id: '07be1355d04c899d3e4502120c110470') in 0.022462 seconds
Number of updated asset objects reloaded before import = 0
Number of asset objects unloaded after import = 5
========================================================================
Received Import Request.
  Time since last request: 60.734280 seconds.
  path: Assets/shaders/Toto/CartoonShader.mat
  artifactKey: Guid(71a46061328cbad43a5a8920ee2486b4) Importer(815301076,1909f56bfc062723c751e8b465ee728b)
Start importing Assets/shaders/Toto/CartoonShader.mat using Guid(71a46061328cbad43a5a8920ee2486b4) Importer(815301076,1909f56bfc062723c751e8b465ee728b)  -> (artifact id: '3a6a03b3b81d6f3c9318d060bdb617b0') in 0.065781 seconds
Number of updated asset objects reloaded before import = 0
Number of asset objects unloaded after import = 5
========================================================================
Received Import Request.
  Time since last request: 68.554051 seconds.
  path: Assets/shaders/Toto/Water.shader
  artifactKey: Guid(f926c10fd51850f41bbb340f08c8eca9) Importer(815301076,1909f56bfc062723c751e8b465ee728b)
Start importing Assets/shaders/Toto/Water.shader using Guid(f926c10fd51850f41bbb340f08c8eca9) Importer(815301076,1909f56bfc062723c751e8b465ee728b)  -> (artifact id: '7acf31858a7101701e81866c2efc8a3f') in 0.003163 seconds
Number of updated asset objects reloaded before import = 0
Number of asset objects unloaded after import = 1
========================================================================
Received Import Request.
  Time since last request: 6.849573 seconds.
  path: Assets/shaders/Toto/Water.mat
  artifactKey: Guid(c0ff793aacbafa94795a6b7c0d269768) Importer(815301076,1909f56bfc062723c751e8b465ee728b)
Start importing Assets/shaders/Toto/Water.mat using Guid(c0ff793aacbafa94795a6b7c0d269768) Importer(815301076,1909f56bfc062723c751e8b465ee728b)  -> (artifact id: '1a51d6407654a1ca52f43bfbe94ee05c') in 0.107247 seconds
Number of updated asset objects reloaded before import = 0
Number of asset objects unloaded after import = 2
========================================================================
Received Import Request.
  Time since last request: 58.304348 seconds.
  path: Assets/shaders/Toto/Water.mat
  artifactKey: Guid(c0ff793aacbafa94795a6b7c0d269768) Importer(815301076,1909f56bfc062723c751e8b465ee728b)
Start importing Assets/shaders/Toto/Water.mat using Guid(c0ff793aacbafa94795a6b7c0d269768) Importer(815301076,1909f56bfc062723c751e8b465ee728b)  -> (artifact id: '602874b6d9eaae4d5af3b4d1dc0bd2bc') in 0.168601 seconds
Number of updated asset objects reloaded before import = 0
Number of asset objects unloaded after import = 2
========================================================================
Received Import Request.
  Time since last request: 11.397449 seconds.
  path: Assets/shaders/Toto/Water.mat
  artifactKey: Guid(c0ff793aacbafa94795a6b7c0d269768) Importer(815301076,1909f56bfc062723c751e8b465ee728b)
Start importing Assets/shaders/Toto/Water.mat using Guid(c0ff793aacbafa94795a6b7c0d269768) Importer(815301076,1909f56bfc062723c751e8b465ee728b)  -> (artifact id: '02ca7826987b56e2845f176c092efa8e') in 0.179350 seconds
Number of updated asset objects reloaded before import = 0
Number of asset objects unloaded after import = 2
========================================================================
Received Import Request.
  Time since last request: 14.094256 seconds.
  path: Assets/shaders/Toto/Water.mat
  artifactKey: Guid(c0ff793aacbafa94795a6b7c0d269768) Importer(815301076,1909f56bfc062723c751e8b465ee728b)
Start importing Assets/shaders/Toto/Water.mat using Guid(c0ff793aacbafa94795a6b7c0d269768) Importer(815301076,1909f56bfc062723c751e8b465ee728b)  -> (artifact id: '7fd084b7a5f4b47284080a460db5112b') in 0.185815 seconds
Number of updated asset objects reloaded before import = 0
Number of asset objects unloaded after import = 2
========================================================================
Received Prepare
Begin MonoManager ReloadAssembly
- Loaded All Assemblies, in  3.543 seconds
Refreshing native plugins compatible for Editor in 3.22 ms, found 4 plugins.
Native extension for WindowsStandalone target not found
Mono: successfully reloaded assembly
- Finished resetting the current domain, in 20.345 seconds
Domain Reload Profiling: 23885ms
	BeginReloadAssembly (158ms)
		ExecutionOrderSort (0ms)
		DisableScriptedObjects (3ms)
		BackupInstance (0ms)
		ReleaseScriptingObjects (0ms)
		CreateAndSetChildDomain (46ms)
	RebuildCommonClasses (30ms)
	RebuildNativeTypeToScriptingClass (9ms)
	initialDomainReloadingComplete (32ms)
	LoadAllAssembliesAndSetupDomain (3311ms)
		LoadAssemblies (3376ms)
		RebuildTransferFunctionScriptingTraits (0ms)
		AnalyzeDomain (14ms)
			TypeCache.Refresh (9ms)
				TypeCache.ScanAssembly (0ms)
			ScanForSourceGeneratedMonoScriptInfo (0ms)
			ResolveRequiredComponents (3ms)
	FinalizeReload (20345ms)
		ReleaseScriptCaches (0ms)
		RebuildScriptCaches (0ms)
		SetupLoadedEditorAssemblies (315ms)
			LogAssemblyErrors (0ms)
			InitializePlatformSupportModulesInManaged (6ms)
			SetLoadedEditorAssemblies (4ms)
			RefreshPlugins (0ms)
			BeforeProcessingInitializeOnLoad (52ms)
			ProcessInitializeOnLoadAttributes (235ms)
			ProcessInitializeOnLoadMethodAttributes (14ms)
			AfterProcessingInitializeOnLoad (5ms)
			EditorAssembliesLoaded (0ms)
		ExecutionOrderSort2 (0ms)
		AwakeInstancesAfterBackupRestoration (5ms)
Shader 'ASESampleShaders/Terrain/TerrainSnowCoverageFirstPass': dependency 'BaseMapShader' shader 'ASESampleShaders/TerrainBase' not found
Refreshing native plugins compatible for Editor in 4.51 ms, found 4 plugins.
Preloading 0 native plugins for Editor in 0.00 ms.
Unloading 3986 Unused Serialized files (Serialized files now loaded: 0)
Unloading 34 unused Assets / (35.3 KB). Loaded Objects now: 4814.
Memory consumption went from 213.1 MB to 213.0 MB.
Total: 3.102200 ms (FindLiveObjects: 0.294200 ms CreateObjectMapping: 0.089900 ms MarkObjects: 2.658300 ms  DeleteObjects: 0.058600 ms)

Prepare: number of updated asset objects reloaded= 0
AssetImportParameters requested are different than current active one (requested -> active):
  custom:container-demuxer-ogg: 62fdf1f143b41e24485cea50d1cbac27 -> 
  custom:video-codec-MediaFoundation-h265: 746d11721c4dcdbdad8f713fa42b33f4 -> 
  custom:video-decoder-ogg-theora: a1e56fd34408186e4bbccfd4996cb3dc -> 
  custom:framework-win-MediaFoundation: 216162199b28c13a410421893ffa2e32 -> 
  custom:CustomObjectIndexerAttribute: 43b350a4d6e6d1791af0b5038c4bea17 -> 
  custom:container-demuxer-webm: 4f35f7cbe854078d1ac9338744f61a02 -> 
  custom:container-muxer-webm: aa71ff27fc2769a1b78a27578f13a17b -> 
  custom:video-decoder-webm-vp8: 9c59270c3fd7afecdb556c50c9e8de78 -> 
  custom:SearchIndexIgnoredProperties: e643bd26f0fe6173181afceb89e7c659 -> 
  custom:AudioImporter_EditorPlatform: d09bf68614088b80899f8185d706f6e7 -> 
  custom:video-encoder-webm-vp8: eb34c28f22e8b96e1ab97ce403110664 -> 
  custom:audio-decoder-ogg-vorbis: bf7c407c2cedff20999df2af8eb42d56 -> 
  custom:audio-encoder-webm-vorbis: bf7c407c2cedff20999df2af8eb42d56 -> 
========================================================================
Received Import Request.
  Time since last request: 67.583228 seconds.
  path: Assets/shaders/Toto/Water.mat
  artifactKey: Guid(c0ff793aacbafa94795a6b7c0d269768) Importer(815301076,1909f56bfc062723c751e8b465ee728b)
Start importing Assets/shaders/Toto/Water.mat using Guid(c0ff793aacbafa94795a6b7c0d269768) Importer(815301076,1909f56bfc062723c751e8b465ee728b)  -> (artifact id: '5b6dd54c76df59f9f9ba57335add915d') in 0.209440 seconds
Number of updated asset objects reloaded before import = 1
Number of asset objects unloaded after import = 1
========================================================================
Received Import Request.
  Time since last request: 3.424517 seconds.
  path: Assets/shaders/Toto/Water.mat
  artifactKey: Guid(c0ff793aacbafa94795a6b7c0d269768) Importer(815301076,1909f56bfc062723c751e8b465ee728b)
Start importing Assets/shaders/Toto/Water.mat using Guid(c0ff793aacbafa94795a6b7c0d269768) Importer(815301076,1909f56bfc062723c751e8b465ee728b)  -> (artifact id: '43b6731412af84a08068f1ae9323475c') in 0.185884 seconds
Number of updated asset objects reloaded before import = 1
Number of asset objects unloaded after import = 1
========================================================================
Received Import Request.
  Time since last request: 14.821986 seconds.
  path: Assets/shaders/Toto/Water.mat
  artifactKey: Guid(c0ff793aacbafa94795a6b7c0d269768) Importer(815301076,1909f56bfc062723c751e8b465ee728b)
Start importing Assets/shaders/Toto/Water.mat using Guid(c0ff793aacbafa94795a6b7c0d269768) Importer(815301076,1909f56bfc062723c751e8b465ee728b)  -> (artifact id: '8cbf5cdb841e0ca25b35a62352766069') in 0.180329 seconds
Number of updated asset objects reloaded before import = 1
Number of asset objects unloaded after import = 1
========================================================================
Received Import Request.
  Time since last request: 12.868753 seconds.
  path: Assets/shaders/Toto/Water.mat
  artifactKey: Guid(c0ff793aacbafa94795a6b7c0d269768) Importer(815301076,1909f56bfc062723c751e8b465ee728b)
Start importing Assets/shaders/Toto/Water.mat using Guid(c0ff793aacbafa94795a6b7c0d269768) Importer(815301076,1909f56bfc062723c751e8b465ee728b)  -> (artifact id: '6dbdc1acd143a61ab2265b4973b8dcfe') in 0.019046 seconds
Number of updated asset objects reloaded before import = 0
Number of asset objects unloaded after import = 1
========================================================================
Received Import Request.
  Time since last request: 44.102088 seconds.
  path: Assets/Scenes
  artifactKey: Guid(5fafe74a21bed6e46a00c547393b341c) Importer(815301076,1909f56bfc062723c751e8b465ee728b)
Start importing Assets/Scenes using Guid(5fafe74a21bed6e46a00c547393b341c) Importer(815301076,1909f56bfc062723c751e8b465ee728b)  -> (artifact id: 'bc50578e6e7811e73cc844cad68925d4') in 0.000567 seconds
Number of updated asset objects reloaded before import = 0
Number of asset objects unloaded after import = 0
========================================================================
Received Import Request.
  Time since last request: 8.397516 seconds.
  path: Assets/shaders/water.jpg
  artifactKey: Guid(ba62903c8e16cdf4b9bcea700e33a3be) Importer(815301076,1909f56bfc062723c751e8b465ee728b)
Start importing Assets/shaders/water.jpg using Guid(ba62903c8e16cdf4b9bcea700e33a3be) Importer(815301076,1909f56bfc062723c751e8b465ee728b)  -> (artifact id: '8f23a170548b9ea18925c3694c4a1a9a') in 0.027707 seconds
Number of updated asset objects reloaded before import = 0
Number of asset objects unloaded after import = 2
========================================================================
Received Import Request.
  Time since last request: 92.644162 seconds.
  path: Assets/shaders/Toto/Water.mat
  artifactKey: Guid(c0ff793aacbafa94795a6b7c0d269768) Importer(815301076,1909f56bfc062723c751e8b465ee728b)
Start importing Assets/shaders/Toto/Water.mat using Guid(c0ff793aacbafa94795a6b7c0d269768) Importer(815301076,1909f56bfc062723c751e8b465ee728b)  -> (artifact id: 'fa90ddd584dabd28e05b31fd5fe1a125') in 0.150761 seconds
Number of updated asset objects reloaded before import = 1
Number of asset objects unloaded after import = 1
========================================================================
Received Import Request.
  Time since last request: 6.916034 seconds.
  path: Assets/shaders/Toto/Water.mat
  artifactKey: Guid(c0ff793aacbafa94795a6b7c0d269768) Importer(815301076,1909f56bfc062723c751e8b465ee728b)
Start importing Assets/shaders/Toto/Water.mat using Guid(c0ff793aacbafa94795a6b7c0d269768) Importer(815301076,1909f56bfc062723c751e8b465ee728b)  -> (artifact id: 'd2982a0d701463d5768bdb31131cd3b8') in 0.017530 seconds
Number of updated asset objects reloaded before import = 0
Number of asset objects unloaded after import = 2
========================================================================
Received Prepare
Begin MonoManager ReloadAssembly
- Loaded All Assemblies, in  0.325 seconds
Refreshing native plugins compatible for Editor in 4.33 ms, found 4 plugins.
Native extension for WindowsStandalone target not found
Mono: successfully reloaded assembly
- Finished resetting the current domain, in  0.956 seconds
Domain Reload Profiling: 1279ms
	BeginReloadAssembly (111ms)
		ExecutionOrderSort (0ms)
		DisableScriptedObjects (2ms)
		BackupInstance (0ms)
		ReleaseScriptingObjects (0ms)
		CreateAndSetChildDomain (26ms)
	RebuildCommonClasses (21ms)
	RebuildNativeTypeToScriptingClass (7ms)
	initialDomainReloadingComplete (20ms)
	LoadAllAssembliesAndSetupDomain (163ms)
		LoadAssemblies (212ms)
		RebuildTransferFunctionScriptingTraits (0ms)
		AnalyzeDomain (10ms)
			TypeCache.Refresh (6ms)
				TypeCache.ScanAssembly (0ms)
			ScanForSourceGeneratedMonoScriptInfo (0ms)
			ResolveRequiredComponents (3ms)
	FinalizeReload (957ms)
		ReleaseScriptCaches (0ms)
		RebuildScriptCaches (0ms)
		SetupLoadedEditorAssemblies (313ms)
			LogAssemblyErrors (0ms)
			InitializePlatformSupportModulesInManaged (4ms)
			SetLoadedEditorAssemblies (3ms)
			RefreshPlugins (0ms)
			BeforeProcessingInitializeOnLoad (50ms)
			ProcessInitializeOnLoadAttributes (234ms)
			ProcessInitializeOnLoadMethodAttributes (17ms)
			AfterProcessingInitializeOnLoad (5ms)
			EditorAssembliesLoaded (0ms)
		ExecutionOrderSort2 (0ms)
		AwakeInstancesAfterBackupRestoration (6ms)
Shader 'ASESampleShaders/Terrain/TerrainSnowCoverageFirstPass': dependency 'BaseMapShader' shader 'ASESampleShaders/TerrainBase' not found
Refreshing native plugins compatible for Editor in 4.04 ms, found 4 plugins.
Preloading 0 native plugins for Editor in 0.00 ms.
Unloading 3984 Unused Serialized files (Serialized files now loaded: 0)
Unloading 34 unused Assets / (35.2 KB). Loaded Objects now: 4820.
Memory consumption went from 214.4 MB to 214.3 MB.
Total: 2.057600 ms (FindLiveObjects: 0.211600 ms CreateObjectMapping: 0.071500 ms MarkObjects: 1.723800 ms  DeleteObjects: 0.049900 ms)

Prepare: number of updated asset objects reloaded= 0
AssetImportParameters requested are different than current active one (requested -> active):
  custom:container-demuxer-ogg: 62fdf1f143b41e24485cea50d1cbac27 -> 
  custom:video-codec-MediaFoundation-h265: 746d11721c4dcdbdad8f713fa42b33f4 -> 
  custom:video-decoder-ogg-theora: a1e56fd34408186e4bbccfd4996cb3dc -> 
  custom:framework-win-MediaFoundation: 216162199b28c13a410421893ffa2e32 -> 
  custom:CustomObjectIndexerAttribute: 43b350a4d6e6d1791af0b5038c4bea17 -> 
  custom:container-demuxer-webm: 4f35f7cbe854078d1ac9338744f61a02 -> 
  custom:container-muxer-webm: aa71ff27fc2769a1b78a27578f13a17b -> 
  custom:video-decoder-webm-vp8: 9c59270c3fd7afecdb556c50c9e8de78 -> 
  custom:SearchIndexIgnoredProperties: e643bd26f0fe6173181afceb89e7c659 -> 
  custom:AudioImporter_EditorPlatform: d09bf68614088b80899f8185d706f6e7 -> 
  custom:video-encoder-webm-vp8: eb34c28f22e8b96e1ab97ce403110664 -> 
  custom:audio-decoder-ogg-vorbis: bf7c407c2cedff20999df2af8eb42d56 -> 
  custom:audio-encoder-webm-vorbis: bf7c407c2cedff20999df2af8eb42d56 -> 
========================================================================
Received Import Request.
  Time since last request: 180.307566 seconds.
  path: Assets/shaders/water2.jpg
  artifactKey: Guid(9fd6451d4e1d9d147b7a961f399f48cc) Importer(815301076,1909f56bfc062723c751e8b465ee728b)
Start importing Assets/shaders/water2.jpg using Guid(9fd6451d4e1d9d147b7a961f399f48cc) Importer(815301076,1909f56bfc062723c751e8b465ee728b)  -> (artifact id: '7050edd49f84b54565fac7cc6358c57b') in 0.050340 seconds
Number of updated asset objects reloaded before import = 0
Number of asset objects unloaded after import = 2
========================================================================
Received Import Request.
  Time since last request: 119.999002 seconds.
  path: Assets/shaders/Toto/Water.mat
  artifactKey: Guid(c0ff793aacbafa94795a6b7c0d269768) Importer(815301076,1909f56bfc062723c751e8b465ee728b)
Start importing Assets/shaders/Toto/Water.mat using Guid(c0ff793aacbafa94795a6b7c0d269768) Importer(815301076,1909f56bfc062723c751e8b465ee728b)  -> (artifact id: '75814eac4e3b238e3951df8d1f99c8ba') in 0.162484 seconds
Number of updated asset objects reloaded before import = 1
Number of asset objects unloaded after import = 2
========================================================================
Received Import Request.
  Time since last request: 17.817789 seconds.
  path: Assets/shaders/Toto/Water.mat
  artifactKey: Guid(c0ff793aacbafa94795a6b7c0d269768) Importer(815301076,1909f56bfc062723c751e8b465ee728b)
Start importing Assets/shaders/Toto/Water.mat using Guid(c0ff793aacbafa94795a6b7c0d269768) Importer(815301076,1909f56bfc062723c751e8b465ee728b)  -> (artifact id: 'e07b98dff153cfdb31f5f63f5a63b3c4') in 0.189702 seconds
Number of updated asset objects reloaded before import = 1
Number of asset objects unloaded after import = 2
========================================================================
Received Import Request.
  Time since last request: 6.755279 seconds.
  path: Assets/shaders/Toto/Water.mat
  artifactKey: Guid(c0ff793aacbafa94795a6b7c0d269768) Importer(815301076,1909f56bfc062723c751e8b465ee728b)
Start importing Assets/shaders/Toto/Water.mat using Guid(c0ff793aacbafa94795a6b7c0d269768) Importer(815301076,1909f56bfc062723c751e8b465ee728b)  -> (artifact id: 'a4df616694909716d993b015e4898631') in 0.194294 seconds
Number of updated asset objects reloaded before import = 1
Number of asset objects unloaded after import = 2
========================================================================
Received Import Request.
  Time since last request: 5.839347 seconds.
  path: Assets/shaders/Toto/Water.mat
  artifactKey: Guid(c0ff793aacbafa94795a6b7c0d269768) Importer(815301076,1909f56bfc062723c751e8b465ee728b)
Start importing Assets/shaders/Toto/Water.mat using Guid(c0ff793aacbafa94795a6b7c0d269768) Importer(815301076,1909f56bfc062723c751e8b465ee728b)  -> (artifact id: 'f925a98bc51ffe97224107dd14e56914') in 0.189220 seconds
Number of updated asset objects reloaded before import = 1
Number of asset objects unloaded after import = 2
========================================================================
Received Import Request.
  Time since last request: 3.330053 seconds.
  path: Assets/shaders/Toto/Water.mat
  artifactKey: Guid(c0ff793aacbafa94795a6b7c0d269768) Importer(815301076,1909f56bfc062723c751e8b465ee728b)
Start importing Assets/shaders/Toto/Water.mat using Guid(c0ff793aacbafa94795a6b7c0d269768) Importer(815301076,1909f56bfc062723c751e8b465ee728b)  -> (artifact id: 'ee8aac43fd38fdfeda31c6fd8f9b74ed') in 0.187273 seconds
Number of updated asset objects reloaded before import = 1
Number of asset objects unloaded after import = 2
========================================================================
Received Import Request.
  Time since last request: 20.445801 seconds.
  path: Assets/shaders/Toto/Water.mat
  artifactKey: Guid(c0ff793aacbafa94795a6b7c0d269768) Importer(815301076,1909f56bfc062723c751e8b465ee728b)
Start importing Assets/shaders/Toto/Water.mat using Guid(c0ff793aacbafa94795a6b7c0d269768) Importer(815301076,1909f56bfc062723c751e8b465ee728b)  -> (artifact id: '9a31143ebe5e8a894954ed09ff359ea4') in 0.193830 seconds
Number of updated asset objects reloaded before import = 1
Number of asset objects unloaded after import = 2
========================================================================
Received Import Request.
  Time since last request: 10.947784 seconds.
  path: Assets/shaders/Toto/Water.mat
  artifactKey: Guid(c0ff793aacbafa94795a6b7c0d269768) Importer(815301076,1909f56bfc062723c751e8b465ee728b)
Start importing Assets/shaders/Toto/Water.mat using Guid(c0ff793aacbafa94795a6b7c0d269768) Importer(815301076,1909f56bfc062723c751e8b465ee728b)  -> (artifact id: 'ae09c03b523da6ef8196b1777e53e87c') in 0.144928 seconds
Number of updated asset objects reloaded before import = 1
Number of asset objects unloaded after import = 2
========================================================================
Received Import Request.
  Time since last request: 2.958795 seconds.
  path: Assets/shaders/Toto/Water.mat
  artifactKey: Guid(c0ff793aacbafa94795a6b7c0d269768) Importer(815301076,1909f56bfc062723c751e8b465ee728b)
Start importing Assets/shaders/Toto/Water.mat using Guid(c0ff793aacbafa94795a6b7c0d269768) Importer(815301076,1909f56bfc062723c751e8b465ee728b)  -> (artifact id: 'bebb49b62197297e24c5ab98aa8b7a83') in 0.149397 seconds
Number of updated asset objects reloaded before import = 1
Number of asset objects unloaded after import = 2
========================================================================
Received Import Request.
  Time since last request: 11.617020 seconds.
  path: Assets/shaders/Toto/Water.mat
  artifactKey: Guid(c0ff793aacbafa94795a6b7c0d269768) Importer(815301076,1909f56bfc062723c751e8b465ee728b)
Start importing Assets/shaders/Toto/Water.mat using Guid(c0ff793aacbafa94795a6b7c0d269768) Importer(815301076,1909f56bfc062723c751e8b465ee728b)  -> (artifact id: '04c5d1735d1b03b9950d90c82185533f') in 0.013306 seconds
Number of updated asset objects reloaded before import = 0
Number of asset objects unloaded after import = 2
========================================================================
Received Import Request.
  Time since last request: 8.720260 seconds.
  path: Assets/shaders/Toto/Water.mat
  artifactKey: Guid(c0ff793aacbafa94795a6b7c0d269768) Importer(815301076,1909f56bfc062723c751e8b465ee728b)
Start importing Assets/shaders/Toto/Water.mat using Guid(c0ff793aacbafa94795a6b7c0d269768) Importer(815301076,1909f56bfc062723c751e8b465ee728b)  -> (artifact id: '9ee9e607b668b4966a9cfd490081f65f') in 0.179849 seconds
Number of updated asset objects reloaded before import = 1
Number of asset objects unloaded after import = 2
========================================================================
Received Import Request.
  Time since last request: 39.630195 seconds.
  path: Assets/shaders/Toto/DepthFade.shader
  artifactKey: Guid(432159326d571e24ba97d4798908afe6) Importer(815301076,1909f56bfc062723c751e8b465ee728b)
Start importing Assets/shaders/Toto/DepthFade.shader using Guid(432159326d571e24ba97d4798908afe6) Importer(815301076,1909f56bfc062723c751e8b465ee728b)  -> (artifact id: '5dc8b2093c41c2f266d9258397f26310') in 0.001461 seconds
Number of updated asset objects reloaded before import = 0
Number of asset objects unloaded after import = 1
========================================================================
Received Import Request.
  Time since last request: 8.200304 seconds.
  path: Assets/shaders/Toto/DepthFade.mat
  artifactKey: Guid(509d2b006152e8949995dd5ef9811c9a) Importer(815301076,1909f56bfc062723c751e8b465ee728b)
Start importing Assets/shaders/Toto/DepthFade.mat using Guid(509d2b006152e8949995dd5ef9811c9a) Importer(815301076,1909f56bfc062723c751e8b465ee728b)  -> (artifact id: 'f981925871f6fc01c907ae2475c3c727') in 0.040549 seconds
Number of updated asset objects reloaded before import = 0
Number of asset objects unloaded after import = 2
========================================================================
Received Import Request.
  Time since last request: 40.037950 seconds.
  path: Assets/shaders/Toto/DepthFade.mat
  artifactKey: Guid(509d2b006152e8949995dd5ef9811c9a) Importer(815301076,1909f56bfc062723c751e8b465ee728b)
Start importing Assets/shaders/Toto/DepthFade.mat using Guid(509d2b006152e8949995dd5ef9811c9a) Importer(815301076,1909f56bfc062723c751e8b465ee728b)  -> (artifact id: 'd583a9699b7f8e70df62c1fa38de2dcc') in 0.007143 seconds
Number of updated asset objects reloaded before import = 0
Number of asset objects unloaded after import = 2
========================================================================
Received Import Request.
  Time since last request: 3.251241 seconds.
  path: Assets/shaders/Toto/DepthFade.mat
  artifactKey: Guid(509d2b006152e8949995dd5ef9811c9a) Importer(815301076,1909f56bfc062723c751e8b465ee728b)
Start importing Assets/shaders/Toto/DepthFade.mat using Guid(509d2b006152e8949995dd5ef9811c9a) Importer(815301076,1909f56bfc062723c751e8b465ee728b)  -> (artifact id: 'ca86ac88a804b08be10a40d9d19648b4') in 0.043173 seconds
Number of updated asset objects reloaded before import = 0
Number of asset objects unloaded after import = 2
========================================================================
Received Import Request.
  Time since last request: 1.971704 seconds.
  path: Assets/shaders/Toto/DepthFade.mat
  artifactKey: Guid(509d2b006152e8949995dd5ef9811c9a) Importer(815301076,1909f56bfc062723c751e8b465ee728b)
Start importing Assets/shaders/Toto/DepthFade.mat using Guid(509d2b006152e8949995dd5ef9811c9a) Importer(815301076,1909f56bfc062723c751e8b465ee728b)  -> (artifact id: '803f07ddd1d6b344f81da96b06a92ade') in 0.008619 seconds
Number of updated asset objects reloaded before import = 0
Number of asset objects unloaded after import = 2
========================================================================
Received Import Request.
  Time since last request: 216.539420 seconds.
  path: Assets/shaders/Toto/DepthFade.mat
  artifactKey: Guid(509d2b006152e8949995dd5ef9811c9a) Importer(815301076,1909f56bfc062723c751e8b465ee728b)
Start importing Assets/shaders/Toto/DepthFade.mat using Guid(509d2b006152e8949995dd5ef9811c9a) Importer(815301076,1909f56bfc062723c751e8b465ee728b)  -> (artifact id: 'fcc881219035331a862b4c46ff633aaa') in 0.028547 seconds
Number of updated asset objects reloaded before import = 0
Number of asset objects unloaded after import = 2
========================================================================
Received Import Request.
  Time since last request: 29.427564 seconds.
  path: Assets/shaders/Toto/DepthFade.mat
  artifactKey: Guid(509d2b006152e8949995dd5ef9811c9a) Importer(815301076,1909f56bfc062723c751e8b465ee728b)
Start importing Assets/shaders/Toto/DepthFade.mat using Guid(509d2b006152e8949995dd5ef9811c9a) Importer(815301076,1909f56bfc062723c751e8b465ee728b)  -> (artifact id: '082e2eb5bd69ff4a34459524ecd9444a') in 0.026650 seconds
Number of updated asset objects reloaded before import = 0
Number of asset objects unloaded after import = 2
========================================================================
Received Import Request.
  Time since last request: 12.102761 seconds.
  path: Assets/shaders/Toto/DepthFade.mat
  artifactKey: Guid(509d2b006152e8949995dd5ef9811c9a) Importer(815301076,1909f56bfc062723c751e8b465ee728b)
Start importing Assets/shaders/Toto/DepthFade.mat using Guid(509d2b006152e8949995dd5ef9811c9a) Importer(815301076,1909f56bfc062723c751e8b465ee728b)  -> (artifact id: 'abce4a9251366cbe5c669fb66233862a') in 0.020033 seconds
Number of updated asset objects reloaded before import = 0
Number of asset objects unloaded after import = 2
========================================================================
Received Import Request.
  Time since last request: 73.974523 seconds.
  path: Assets/shaders/Toto/DepthFade.mat
  artifactKey: Guid(509d2b006152e8949995dd5ef9811c9a) Importer(815301076,1909f56bfc062723c751e8b465ee728b)
Start importing Assets/shaders/Toto/DepthFade.mat using Guid(509d2b006152e8949995dd5ef9811c9a) Importer(815301076,1909f56bfc062723c751e8b465ee728b)  -> (artifact id: '99a1f801de19ae66f5d7a1f5ecd36e71') in 0.013661 seconds
Number of updated asset objects reloaded before import = 0
Number of asset objects unloaded after import = 2
========================================================================
Received Import Request.
  Time since last request: 16.025003 seconds.
  path: Assets/shaders/Toto/DepthFade.mat
  artifactKey: Guid(509d2b006152e8949995dd5ef9811c9a) Importer(815301076,1909f56bfc062723c751e8b465ee728b)
Start importing Assets/shaders/Toto/DepthFade.mat using Guid(509d2b006152e8949995dd5ef9811c9a) Importer(815301076,1909f56bfc062723c751e8b465ee728b)  -> (artifact id: '382e2ce350c4b6ac2200a93da0e39b87') in 0.030678 seconds
Number of updated asset objects reloaded before import = 0
Number of asset objects unloaded after import = 2
========================================================================
Received Import Request.
  Time since last request: 1.762155 seconds.
  path: Assets/shaders/Toto/DepthFade.mat
  artifactKey: Guid(509d2b006152e8949995dd5ef9811c9a) Importer(815301076,1909f56bfc062723c751e8b465ee728b)
Start importing Assets/shaders/Toto/DepthFade.mat using Guid(509d2b006152e8949995dd5ef9811c9a) Importer(815301076,1909f56bfc062723c751e8b465ee728b)  -> (artifact id: 'ea414b97940102b4660dd03a0fbbcb23') in 0.007517 seconds
Number of updated asset objects reloaded before import = 0
Number of asset objects unloaded after import = 2
========================================================================
Received Import Request.
  Time since last request: 15.778931 seconds.
  path: Assets/shaders/Toto/DepthFade.mat
  artifactKey: Guid(509d2b006152e8949995dd5ef9811c9a) Importer(815301076,1909f56bfc062723c751e8b465ee728b)
Start importing Assets/shaders/Toto/DepthFade.mat using Guid(509d2b006152e8949995dd5ef9811c9a) Importer(815301076,1909f56bfc062723c751e8b465ee728b)  -> (artifact id: 'b49bd3719206cf69f01be17eebdf7234') in 0.008162 seconds
Number of updated asset objects reloaded before import = 0
Number of asset objects unloaded after import = 2
========================================================================
Received Import Request.
  Time since last request: 18.855882 seconds.
  path: Assets/shaders/Toto/DepthFade.mat
  artifactKey: Guid(509d2b006152e8949995dd5ef9811c9a) Importer(815301076,1909f56bfc062723c751e8b465ee728b)
Start importing Assets/shaders/Toto/DepthFade.mat using Guid(509d2b006152e8949995dd5ef9811c9a) Importer(815301076,1909f56bfc062723c751e8b465ee728b)  -> (artifact id: 'a0c3f8ecc18681704f7051b7e17e8f9e') in 0.007069 seconds
Number of updated asset objects reloaded before import = 0
Number of asset objects unloaded after import = 2
========================================================================
Received Import Request.
  Time since last request: 25.824299 seconds.
  path: Assets/shaders/Toto/DepthFade.mat
  artifactKey: Guid(509d2b006152e8949995dd5ef9811c9a) Importer(815301076,1909f56bfc062723c751e8b465ee728b)
Start importing Assets/shaders/Toto/DepthFade.mat using Guid(509d2b006152e8949995dd5ef9811c9a) Importer(815301076,1909f56bfc062723c751e8b465ee728b)  -> (artifact id: '3bc1ee667cf2c75e8e0365c467afdc17') in 0.013768 seconds
Number of updated asset objects reloaded before import = 0
Number of asset objects unloaded after import = 2
========================================================================
Received Import Request.
  Time since last request: 69.916958 seconds.
  path: Assets/shaders/Toto/WaterUnlit.shader
  artifactKey: Guid(10beecb2df13ec7438f5c5800a45b487) Importer(815301076,1909f56bfc062723c751e8b465ee728b)
Start importing Assets/shaders/Toto/WaterUnlit.shader using Guid(10beecb2df13ec7438f5c5800a45b487) Importer(815301076,1909f56bfc062723c751e8b465ee728b)  -> (artifact id: 'f7ee152f3d16de17f1df1428bd141ffd') in 0.001624 seconds
Number of updated asset objects reloaded before import = 0
Number of asset objects unloaded after import = 1
========================================================================
Received Import Request.
  Time since last request: 39.153532 seconds.
  path: Assets/shaders/Toto/WaterUnlit.mat
  artifactKey: Guid(ba90812b261e2364496949fa5ca33f5a) Importer(815301076,1909f56bfc062723c751e8b465ee728b)
Start importing Assets/shaders/Toto/WaterUnlit.mat using Guid(ba90812b261e2364496949fa5ca33f5a) Importer(815301076,1909f56bfc062723c751e8b465ee728b)  -> (artifact id: '5c958d966adc5ecbecd871d3a2e4b6ba') in 0.029379 seconds
Number of updated asset objects reloaded before import = 0
Number of asset objects unloaded after import = 2
========================================================================
Received Import Request.
  Time since last request: 62.426057 seconds.
  path: Assets/shaders/Toto/WaterUnlit.mat
  artifactKey: Guid(ba90812b261e2364496949fa5ca33f5a) Importer(815301076,1909f56bfc062723c751e8b465ee728b)
Start importing Assets/shaders/Toto/WaterUnlit.mat using Guid(ba90812b261e2364496949fa5ca33f5a) Importer(815301076,1909f56bfc062723c751e8b465ee728b)  -> (artifact id: '16826bf2acbb4ececbaa1ee2c4a71777') in 0.022798 seconds
Number of updated asset objects reloaded before import = 0
Number of asset objects unloaded after import = 2
========================================================================
Received Import Request.
  Time since last request: 7.727350 seconds.
  path: Assets/shaders/Toto/WaterUnlit.mat
  artifactKey: Guid(ba90812b261e2364496949fa5ca33f5a) Importer(815301076,1909f56bfc062723c751e8b465ee728b)
Start importing Assets/shaders/Toto/WaterUnlit.mat using Guid(ba90812b261e2364496949fa5ca33f5a) Importer(815301076,1909f56bfc062723c751e8b465ee728b)  -> (artifact id: '58c6cb64e830265bdf40f54619292748') in 0.030138 seconds
Number of updated asset objects reloaded before import = 0
Number of asset objects unloaded after import = 2
========================================================================
Received Import Request.
  Time since last request: 107.928431 seconds.
  path: Assets/shaders/Toto/Refraccion.shader
  artifactKey: Guid(3efbc40cbf3eb8d48ada280d7b618766) Importer(815301076,1909f56bfc062723c751e8b465ee728b)
Start importing Assets/shaders/Toto/Refraccion.shader using Guid(3efbc40cbf3eb8d48ada280d7b618766) Importer(815301076,1909f56bfc062723c751e8b465ee728b)  -> (artifact id: '7a495f7949c1f717bf44287d98a7d72c') in 0.003910 seconds
Number of updated asset objects reloaded before import = 0
Number of asset objects unloaded after import = 1
========================================================================
Received Import Request.
  Time since last request: 7.496031 seconds.
  path: Assets/shaders/Toto/a.mat
  artifactKey: Guid(f048b39662a5c584ea6dbe5c7687318c) Importer(815301076,1909f56bfc062723c751e8b465ee728b)
Start importing Assets/shaders/Toto/a.mat using Guid(f048b39662a5c584ea6dbe5c7687318c) Importer(815301076,1909f56bfc062723c751e8b465ee728b)  -> (artifact id: '34e0922ebc81ebad9f359c353b61fe97') in 0.116280 seconds
Number of updated asset objects reloaded before import = 0
Number of asset objects unloaded after import = 2
========================================================================
Received Import Request.
  Time since last request: 5.575740 seconds.
  path: Assets/shaders/Toto/material.mat
  artifactKey: Guid(f048b39662a5c584ea6dbe5c7687318c) Importer(815301076,1909f56bfc062723c751e8b465ee728b)
Start importing Assets/shaders/Toto/material.mat using Guid(f048b39662a5c584ea6dbe5c7687318c) Importer(815301076,1909f56bfc062723c751e8b465ee728b)  -> (artifact id: '58f2da833e19d3aa897ecc047b9ba71c') in 0.009903 seconds
Number of updated asset objects reloaded before import = 0
Number of asset objects unloaded after import = 2
========================================================================
Received Import Request.
  Time since last request: 16.263294 seconds.
  path: Assets/shaders/Toto/refraccion.mat
  artifactKey: Guid(f048b39662a5c584ea6dbe5c7687318c) Importer(815301076,1909f56bfc062723c751e8b465ee728b)
Start importing Assets/shaders/Toto/refraccion.mat using Guid(f048b39662a5c584ea6dbe5c7687318c) Importer(815301076,1909f56bfc062723c751e8b465ee728b)  -> (artifact id: '2333c55c4718402050b232706dfce98b') in 0.009021 seconds
Number of updated asset objects reloaded before import = 0
Number of asset objects unloaded after import = 2
========================================================================
Received Import Request.
  Time since last request: 30.376873 seconds.
  path: Assets/shaders/Toto/refraccion.mat
  artifactKey: Guid(f048b39662a5c584ea6dbe5c7687318c) Importer(815301076,1909f56bfc062723c751e8b465ee728b)
Start importing Assets/shaders/Toto/refraccion.mat using Guid(f048b39662a5c584ea6dbe5c7687318c) Importer(815301076,1909f56bfc062723c751e8b465ee728b)  -> (artifact id: '7f6446b1d538a70031ae575abd6ff9c2') in 0.049749 seconds
Number of updated asset objects reloaded before import = 0
Number of asset objects unloaded after import = 2
========================================================================
Received Import Request.
  Time since last request: 7.753609 seconds.
  path: Assets/shaders/Toto/refraccion.mat
  artifactKey: Guid(f048b39662a5c584ea6dbe5c7687318c) Importer(815301076,1909f56bfc062723c751e8b465ee728b)
Start importing Assets/shaders/Toto/refraccion.mat using Guid(f048b39662a5c584ea6dbe5c7687318c) Importer(815301076,1909f56bfc062723c751e8b465ee728b)  -> (artifact id: '5e6ee398b66d7f59aadb84cc9feffce3') in 0.022655 seconds
Number of updated asset objects reloaded before import = 0
Number of asset objects unloaded after import = 2
========================================================================
Received Import Request.
  Time since last request: 3.266153 seconds.
  path: Assets/shaders/Toto/refraccion.mat
  artifactKey: Guid(f048b39662a5c584ea6dbe5c7687318c) Importer(815301076,1909f56bfc062723c751e8b465ee728b)
Start importing Assets/shaders/Toto/refraccion.mat using Guid(f048b39662a5c584ea6dbe5c7687318c) Importer(815301076,1909f56bfc062723c751e8b465ee728b)  -> (artifact id: '8aa4d98c6e204c2ab14e0b6252fc01db') in 0.143079 seconds
Number of updated asset objects reloaded before import = 0
Number of asset objects unloaded after import = 2
========================================================================
Received Import Request.
  Time since last request: 47.172060 seconds.
  path: Assets/shaders/Toto/refraccion.mat
  artifactKey: Guid(f048b39662a5c584ea6dbe5c7687318c) Importer(815301076,1909f56bfc062723c751e8b465ee728b)
Start importing Assets/shaders/Toto/refraccion.mat using Guid(f048b39662a5c584ea6dbe5c7687318c) Importer(815301076,1909f56bfc062723c751e8b465ee728b)  -> (artifact id: '50fea4c1ea3e09efa8c89707e6211321') in 0.157959 seconds
Number of updated asset objects reloaded before import = 0
Number of asset objects unloaded after import = 2
========================================================================
Received Import Request.
  Time since last request: 65.705478 seconds.
  path: Assets/shaders/Toto/refraccion.mat
  artifactKey: Guid(f048b39662a5c584ea6dbe5c7687318c) Importer(815301076,1909f56bfc062723c751e8b465ee728b)
Start importing Assets/shaders/Toto/refraccion.mat using Guid(f048b39662a5c584ea6dbe5c7687318c) Importer(815301076,1909f56bfc062723c751e8b465ee728b)  -> (artifact id: '8f2697d62adb91e27132ea7a7fd97e36') in 0.148798 seconds
Number of updated asset objects reloaded before import = 0
Number of asset objects unloaded after import = 2
========================================================================
Received Import Request.
  Time since last request: 11.554207 seconds.
  path: Assets/shaders/Toto/refraccion.mat
  artifactKey: Guid(f048b39662a5c584ea6dbe5c7687318c) Importer(815301076,1909f56bfc062723c751e8b465ee728b)
Start importing Assets/shaders/Toto/refraccion.mat using Guid(f048b39662a5c584ea6dbe5c7687318c) Importer(815301076,1909f56bfc062723c751e8b465ee728b)  -> (artifact id: 'b8a237e98958cb1ee956cda124774cd2') in 0.041511 seconds
Number of updated asset objects reloaded before import = 0
Number of asset objects unloaded after import = 2
========================================================================
Received Import Request.
  Time since last request: 12.490882 seconds.
  path: Assets/shaders/Toto/refraccion.mat
  artifactKey: Guid(f048b39662a5c584ea6dbe5c7687318c) Importer(815301076,1909f56bfc062723c751e8b465ee728b)
Start importing Assets/shaders/Toto/refraccion.mat using Guid(f048b39662a5c584ea6dbe5c7687318c) Importer(815301076,1909f56bfc062723c751e8b465ee728b)  -> (artifact id: 'f28d665f44efedaa09dbef77029baaab') in 0.019099 seconds
Number of updated asset objects reloaded before import = 0
Number of asset objects unloaded after import = 3
========================================================================
Received Import Request.
  Time since last request: 17.662126 seconds.
  path: Assets/shaders/Toto/refraccion.mat
  artifactKey: Guid(f048b39662a5c584ea6dbe5c7687318c) Importer(815301076,1909f56bfc062723c751e8b465ee728b)
Start importing Assets/shaders/Toto/refraccion.mat using Guid(f048b39662a5c584ea6dbe5c7687318c) Importer(815301076,1909f56bfc062723c751e8b465ee728b)  -> (artifact id: 'f8494602940fa49a5ad485fe39ee1446') in 0.020594 seconds
Number of updated asset objects reloaded before import = 0
Number of asset objects unloaded after import = 3
========================================================================
Received Import Request.
  Time since last request: 270.122797 seconds.
  path: Assets/shaders/Toto/refraccion.mat
  artifactKey: Guid(f048b39662a5c584ea6dbe5c7687318c) Importer(815301076,1909f56bfc062723c751e8b465ee728b)
Start importing Assets/shaders/Toto/refraccion.mat using Guid(f048b39662a5c584ea6dbe5c7687318c) Importer(815301076,1909f56bfc062723c751e8b465ee728b)  -> (artifact id: '7f0099cc9266bc8b0754a470f0a62909') in 0.117719 seconds
Number of updated asset objects reloaded before import = 0
Number of asset objects unloaded after import = 3
========================================================================
Received Import Request.
  Time since last request: 15.161837 seconds.
  path: Assets/shaders/Toto/EjericioCascada
  artifactKey: Guid(433a7e0cc6ee72e4098c1ca3b8f70b0a) Importer(815301076,1909f56bfc062723c751e8b465ee728b)
Start importing Assets/shaders/Toto/EjericioCascada using Guid(433a7e0cc6ee72e4098c1ca3b8f70b0a) Importer(815301076,1909f56bfc062723c751e8b465ee728b)  -> (artifact id: 'a239634b0ed1e320746a83f07b6b62c9') in 0.001393 seconds
Number of updated asset objects reloaded before import = 0
Number of asset objects unloaded after import = 0
========================================================================
Received Import Request.
  Time since last request: 11.679861 seconds.
  path: Assets/shaders/Toto/EjericioCascada/Waterfall.shader
  artifactKey: Guid(2a520ef33e4019944a18cb947cc33389) Importer(815301076,1909f56bfc062723c751e8b465ee728b)
Start importing Assets/shaders/Toto/EjericioCascada/Waterfall.shader using Guid(2a520ef33e4019944a18cb947cc33389) Importer(815301076,1909f56bfc062723c751e8b465ee728b)  -> (artifact id: '9b000b7dac4b484c52a0fed2cd92c427') in 0.003222 seconds
Number of updated asset objects reloaded before import = 0
Number of asset objects unloaded after import = 1
========================================================================
Received Import Request.
  Time since last request: 3.378171 seconds.
  path: Assets/shaders/Toto/EjericioCascada/Waterfall.mat
  artifactKey: Guid(b329d55dceb4a1149acccce24637ff3d) Importer(815301076,1909f56bfc062723c751e8b465ee728b)
Start importing Assets/shaders/Toto/EjericioCascada/Waterfall.mat using Guid(b329d55dceb4a1149acccce24637ff3d) Importer(815301076,1909f56bfc062723c751e8b465ee728b)  -> (artifact id: 'e8114c7eb28c6fdb3301464bf12f033a') in 0.110017 seconds
Number of updated asset objects reloaded before import = 0
Number of asset objects unloaded after import = 2
========================================================================
Received Import Request.
  Time since last request: 24.897718 seconds.
  path: Assets/shaders/Toto/EjericioCascada/Lake.shader
  artifactKey: Guid(24a8ba8bf2fd02049a4897b99346ff01) Importer(815301076,1909f56bfc062723c751e8b465ee728b)
Start importing Assets/shaders/Toto/EjericioCascada/Lake.shader using Guid(24a8ba8bf2fd02049a4897b99346ff01) Importer(815301076,1909f56bfc062723c751e8b465ee728b)  -> (artifact id: 'af2cc1a4c760e1a786be43cc3305baf1') in 0.001657 seconds
Number of updated asset objects reloaded before import = 0
Number of asset objects unloaded after import = 1
========================================================================
Received Import Request.
  Time since last request: 6.393182 seconds.
  path: Assets/shaders/Toto/EjericioCascada/Lake.mat
  artifactKey: Guid(0956682d02c28bf4fbd26f691451d202) Importer(815301076,1909f56bfc062723c751e8b465ee728b)
Start importing Assets/shaders/Toto/EjericioCascada/Lake.mat using Guid(0956682d02c28bf4fbd26f691451d202) Importer(815301076,1909f56bfc062723c751e8b465ee728b)  -> (artifact id: '66b29c8ff15a1411ebc70ff4d4749787') in 0.017557 seconds
Number of updated asset objects reloaded before import = 0
Number of asset objects unloaded after import = 2
========================================================================
Received Import Request.
  Time since last request: 21.255435 seconds.
  path: Assets/shaders/Toto/EjericioCascada/Waterfall.mat
  artifactKey: Guid(b329d55dceb4a1149acccce24637ff3d) Importer(815301076,1909f56bfc062723c751e8b465ee728b)
Start importing Assets/shaders/Toto/EjericioCascada/Waterfall.mat using Guid(b329d55dceb4a1149acccce24637ff3d) Importer(815301076,1909f56bfc062723c751e8b465ee728b)  -> (artifact id: 'e149be5bb9d86fbff0fdb3ec2905d741') in 0.009315 seconds
Number of updated asset objects reloaded before import = 0
Number of asset objects unloaded after import = 2
========================================================================
Received Import Request.
  Time since last request: 135.984138 seconds.
  path: Assets/shaders/Toto/EjericioCascada/Waterfall.mat
  artifactKey: Guid(b329d55dceb4a1149acccce24637ff3d) Importer(815301076,1909f56bfc062723c751e8b465ee728b)
Start importing Assets/shaders/Toto/EjericioCascada/Waterfall.mat using Guid(b329d55dceb4a1149acccce24637ff3d) Importer(815301076,1909f56bfc062723c751e8b465ee728b)  -> (artifact id: '1e6b8bd4ea08e290d65fc4357ebac147') in 0.031964 seconds
Number of updated asset objects reloaded before import = 0
Number of asset objects unloaded after import = 2
========================================================================
Received Import Request.
  Time since last request: 73.841920 seconds.
  path: Assets/shaders/Toto/EjericioCascada/Waterfall.mat
  artifactKey: Guid(b329d55dceb4a1149acccce24637ff3d) Importer(815301076,1909f56bfc062723c751e8b465ee728b)
Start importing Assets/shaders/Toto/EjericioCascada/Waterfall.mat using Guid(b329d55dceb4a1149acccce24637ff3d) Importer(815301076,1909f56bfc062723c751e8b465ee728b)  -> (artifact id: 'e75202c282c6b3f1a3315368bd4782b2') in 0.034319 seconds
Number of updated asset objects reloaded before import = 0
Number of asset objects unloaded after import = 2
========================================================================
Received Import Request.
  Time since last request: 9.305959 seconds.
  path: Assets/shaders/Toto/DepthFade.mat
  artifactKey: Guid(509d2b006152e8949995dd5ef9811c9a) Importer(815301076,1909f56bfc062723c751e8b465ee728b)
Start importing Assets/shaders/Toto/DepthFade.mat using Guid(509d2b006152e8949995dd5ef9811c9a) Importer(815301076,1909f56bfc062723c751e8b465ee728b)  -> (artifact id: 'e554ee93d6b1f0510aac2a51b6198039') in 0.020015 seconds
Number of updated asset objects reloaded before import = 0
Number of asset objects unloaded after import = 2
========================================================================
Received Import Request.
  Time since last request: 5.495549 seconds.
  path: Assets/shaders/Toto/WaterUnlit.mat
  artifactKey: Guid(ba90812b261e2364496949fa5ca33f5a) Importer(815301076,1909f56bfc062723c751e8b465ee728b)
Start importing Assets/shaders/Toto/WaterUnlit.mat using Guid(ba90812b261e2364496949fa5ca33f5a) Importer(815301076,1909f56bfc062723c751e8b465ee728b)  -> (artifact id: 'e8a890388475d47de4736b25175dba88') in 0.029296 seconds
Number of updated asset objects reloaded before import = 0
Number of asset objects unloaded after import = 2
========================================================================
Received Import Request.
  Time since last request: 130.247201 seconds.
  path: Assets/shaders/Toto/NoiseMap.shader
  artifactKey: Guid(32d8ab40b7892724ea685ce9a015a97f) Importer(815301076,1909f56bfc062723c751e8b465ee728b)
Start importing Assets/shaders/Toto/NoiseMap.shader using Guid(32d8ab40b7892724ea685ce9a015a97f) Importer(815301076,1909f56bfc062723c751e8b465ee728b)  -> (artifact id: '883ce984f6b0a53609274cecec8d2357') in 0.001313 seconds
Number of updated asset objects reloaded before import = 0
Number of asset objects unloaded after import = 0
========================================================================
Received Import Request.
  Time since last request: 28.479377 seconds.
  path: Assets/shaders/Toto/Isla.shader
  artifactKey: Guid(8adf6722b94dd8d4194d855e32694729) Importer(815301076,1909f56bfc062723c751e8b465ee728b)
Start importing Assets/shaders/Toto/Isla.shader using Guid(8adf6722b94dd8d4194d855e32694729) Importer(815301076,1909f56bfc062723c751e8b465ee728b)  -> (artifact id: 'e55c4c33d42e6eee47202108cf511a52') in 0.001083 seconds
Number of updated asset objects reloaded before import = 0
Number of asset objects unloaded after import = 0
========================================================================
Received Import Request.
  Time since last request: 22.715730 seconds.
  path: Assets/shaders/Toto/WorldUV.shader
  artifactKey: Guid(e710e37576e535e43be4514a243159ba) Importer(815301076,1909f56bfc062723c751e8b465ee728b)
Start importing Assets/shaders/Toto/WorldUV.shader using Guid(e710e37576e535e43be4514a243159ba) Importer(815301076,1909f56bfc062723c751e8b465ee728b)  -> (artifact id: '9dfb388aa0d1f427beda8c318ca8631e') in 0.002193 seconds
Number of updated asset objects reloaded before import = 0
Number of asset objects unloaded after import = 0
========================================================================
Received Import Request.
  Time since last request: 1.745520 seconds.
  path: Assets/shaders/Toto/CartoonShader.shader
  artifactKey: Guid(6a6e98c9ddae9254a8ac04b40c409f9b) Importer(815301076,1909f56bfc062723c751e8b465ee728b)
Start importing Assets/shaders/Toto/CartoonShader.shader using Guid(6a6e98c9ddae9254a8ac04b40c409f9b) Importer(815301076,1909f56bfc062723c751e8b465ee728b)  -> (artifact id: '24fd2fa3c7cd71a9c3f9824df61b58e6') in 0.000830 seconds
Number of updated asset objects reloaded before import = 0
Number of asset objects unloaded after import = 0
========================================================================
Received Import Request.
  Time since last request: 0.448778 seconds.
  path: Assets/shaders/Toto/DepthFade.shader
  artifactKey: Guid(432159326d571e24ba97d4798908afe6) Importer(815301076,1909f56bfc062723c751e8b465ee728b)
Start importing Assets/shaders/Toto/DepthFade.shader using Guid(432159326d571e24ba97d4798908afe6) Importer(815301076,1909f56bfc062723c751e8b465ee728b)  -> (artifact id: 'e3a1a5eabe7a3ac3111e91ecc68aea17') in 0.001301 seconds
Number of updated asset objects reloaded before import = 0
Number of asset objects unloaded after import = 1
========================================================================
Received Import Request.
  Time since last request: 0.335293 seconds.
  path: Assets/shaders/Toto/Flag.shader
  artifactKey: Guid(f12bbdc3e73f09e4fa0a2592128e02e8) Importer(815301076,1909f56bfc062723c751e8b465ee728b)
Start importing Assets/shaders/Toto/Flag.shader using Guid(f12bbdc3e73f09e4fa0a2592128e02e8) Importer(815301076,1909f56bfc062723c751e8b465ee728b)  -> (artifact id: '5b93967e83a82b088e4b651a1e2f6507') in 0.002295 seconds
Number of updated asset objects reloaded before import = 0
Number of asset objects unloaded after import = 0
========================================================================
Received Import Request.
  Time since last request: 2.349091 seconds.
  path: Assets/shaders/Toto/Holograma.shader
  artifactKey: Guid(ab49649fce4e603499a1bcf321f63e04) Importer(815301076,1909f56bfc062723c751e8b465ee728b)
Start importing Assets/shaders/Toto/Holograma.shader using Guid(ab49649fce4e603499a1bcf321f63e04) Importer(815301076,1909f56bfc062723c751e8b465ee728b)  -> (artifact id: '541939419178fd83eb54251644a7ec2a') in 0.000669 seconds
Number of updated asset objects reloaded before import = 0
Number of asset objects unloaded after import = 0
========================================================================
Received Import Request.
  Time since last request: 2.866549 seconds.
  path: Assets/shaders/Toto/LerpTexture.shader
  artifactKey: Guid(1e33e349ba372614dbceaa7eeeb93162) Importer(815301076,1909f56bfc062723c751e8b465ee728b)
Start importing Assets/shaders/Toto/LerpTexture.shader using Guid(1e33e349ba372614dbceaa7eeeb93162) Importer(815301076,1909f56bfc062723c751e8b465ee728b)  -> (artifact id: '050926864a1c03256b6e4c3fd321f4af') in 0.001957 seconds
Number of updated asset objects reloaded before import = 0
Number of asset objects unloaded after import = 0
========================================================================
Received Import Request.
  Time since last request: 0.814547 seconds.
  path: Assets/shaders/Toto/Liquid.shader
  artifactKey: Guid(ca5ade1e9133eed4a87b075571021b8f) Importer(815301076,1909f56bfc062723c751e8b465ee728b)
Start importing Assets/shaders/Toto/Liquid.shader using Guid(ca5ade1e9133eed4a87b075571021b8f) Importer(815301076,1909f56bfc062723c751e8b465ee728b)  -> (artifact id: 'e1b7ba6f81c8fc689686c82578d29275') in 0.001266 seconds
Number of updated asset objects reloaded before import = 0
Number of asset objects unloaded after import = 0
========================================================================
Received Import Request.
  Time since last request: 0.363111 seconds.
  path: Assets/shaders/Toto/Nike.shader
  artifactKey: Guid(4a1807fa433feea48a9c57ec576b0a13) Importer(815301076,1909f56bfc062723c751e8b465ee728b)
Start importing Assets/shaders/Toto/Nike.shader using Guid(4a1807fa433feea48a9c57ec576b0a13) Importer(815301076,1909f56bfc062723c751e8b465ee728b)  -> (artifact id: '3ca1fe8cfe0143611be3412569699d7b') in 0.000661 seconds
Number of updated asset objects reloaded before import = 0
Number of asset objects unloaded after import = 0
========================================================================
Received Import Request.
  Time since last request: 4.799808 seconds.
  path: Assets/shaders/Toto/EjericioCascada/Waterfall.mat
  artifactKey: Guid(b329d55dceb4a1149acccce24637ff3d) Importer(815301076,1909f56bfc062723c751e8b465ee728b)
Start importing Assets/shaders/Toto/EjericioCascada/Waterfall.mat using Guid(b329d55dceb4a1149acccce24637ff3d) Importer(815301076,1909f56bfc062723c751e8b465ee728b)  -> (artifact id: 'a09be1d9f16ebf3db5a2bbbabab0355f') in 0.143707 seconds
Number of updated asset objects reloaded before import = 0
Number of asset objects unloaded after import = 2
========================================================================
Received Import Request.
  Time since last request: 8.354676 seconds.
  path: Assets/shaders/Toto/EjericioCascada/Lake.mat
  artifactKey: Guid(0956682d02c28bf4fbd26f691451d202) Importer(815301076,1909f56bfc062723c751e8b465ee728b)
Start importing Assets/shaders/Toto/EjericioCascada/Lake.mat using Guid(0956682d02c28bf4fbd26f691451d202) Importer(815301076,1909f56bfc062723c751e8b465ee728b)  -> (artifact id: 'a2246c43450677a1b997c2488c06776d') in 0.028376 seconds
Number of updated asset objects reloaded before import = 0
Number of asset objects unloaded after import = 2
========================================================================
Received Import Request.
  Time since last request: 29.412691 seconds.
  path: Assets/shaders/Toto/EjericioCascada/Waterfall.mat
  artifactKey: Guid(b329d55dceb4a1149acccce24637ff3d) Importer(815301076,1909f56bfc062723c751e8b465ee728b)
Start importing Assets/shaders/Toto/EjericioCascada/Waterfall.mat using Guid(b329d55dceb4a1149acccce24637ff3d) Importer(815301076,1909f56bfc062723c751e8b465ee728b)  -> (artifact id: 'd796005aed9b628236fd974028dc7196') in 0.115164 seconds
Number of updated asset objects reloaded before import = 0
Number of asset objects unloaded after import = 2
========================================================================
Received Import Request.
  Time since last request: 1592.991201 seconds.
  path: Assets/shaders/Toto/EjericioCascada/Waterfall.mat
  artifactKey: Guid(b329d55dceb4a1149acccce24637ff3d) Importer(815301076,1909f56bfc062723c751e8b465ee728b)
Start importing Assets/shaders/Toto/EjericioCascada/Waterfall.mat using Guid(b329d55dceb4a1149acccce24637ff3d) Importer(815301076,1909f56bfc062723c751e8b465ee728b)  -> (artifact id: 'cd65a41daf1e2f89c0131789397cd874') in 0.129611 seconds
Number of updated asset objects reloaded before import = 0
Number of asset objects unloaded after import = 2
========================================================================
Received Import Request.
  Time since last request: 15.059185 seconds.
  path: Assets/shaders/Toto/EjericioCascada/Waterfall.mat
  artifactKey: Guid(b329d55dceb4a1149acccce24637ff3d) Importer(815301076,1909f56bfc062723c751e8b465ee728b)
Start importing Assets/shaders/Toto/EjericioCascada/Waterfall.mat using Guid(b329d55dceb4a1149acccce24637ff3d) Importer(815301076,1909f56bfc062723c751e8b465ee728b)  -> (artifact id: '29d5741a59c3b1b7186aed6cb61b2981') in 0.114655 seconds
Number of updated asset objects reloaded before import = 0
Number of asset objects unloaded after import = 2
========================================================================
Received Import Request.
  Time since last request: 12.300114 seconds.
  path: Assets/shaders/Toto/EjericioCascada/Waterfall.mat
  artifactKey: Guid(b329d55dceb4a1149acccce24637ff3d) Importer(815301076,1909f56bfc062723c751e8b465ee728b)
Start importing Assets/shaders/Toto/EjericioCascada/Waterfall.mat using Guid(b329d55dceb4a1149acccce24637ff3d) Importer(815301076,1909f56bfc062723c751e8b465ee728b)  -> (artifact id: '9a5153b2e1e41610805f46c482cac7fb') in 0.018110 seconds
Number of updated asset objects reloaded before import = 0
Number of asset objects unloaded after import = 3
========================================================================
Received Import Request.
  Time since last request: 478.524396 seconds.
  path: Assets/shaders/Toto/EjericioCascada/Waterfall.mat
  artifactKey: Guid(b329d55dceb4a1149acccce24637ff3d) Importer(815301076,1909f56bfc062723c751e8b465ee728b)
Start importing Assets/shaders/Toto/EjericioCascada/Waterfall.mat using Guid(b329d55dceb4a1149acccce24637ff3d) Importer(815301076,1909f56bfc062723c751e8b465ee728b)  -> (artifact id: '81cf27846027280eb4ccf7308356d51a') in 0.124587 seconds
Number of updated asset objects reloaded before import = 0
Number of asset objects unloaded after import = 3
========================================================================
Received Import Request.
  Time since last request: 25.069840 seconds.
  path: Assets/shaders/Toto/EjericioCascada/Lake.mat
  artifactKey: Guid(0956682d02c28bf4fbd26f691451d202) Importer(815301076,1909f56bfc062723c751e8b465ee728b)
Start importing Assets/shaders/Toto/EjericioCascada/Lake.mat using Guid(0956682d02c28bf4fbd26f691451d202) Importer(815301076,1909f56bfc062723c751e8b465ee728b)  -> (artifact id: '79e01780e267771ee461a2538752098d') in 0.024661 seconds
Number of updated asset objects reloaded before import = 1
Number of asset objects unloaded after import = 2
