Using pre-set license
Built from '2022.3/staging' branch; Version is '2022.3.16f1 (d2c21f0ef2f1) revision 13812255'; Using compiler version '192829333'; Build Type 'Release'
OS: 'Windows 11  (10.0.26200) 64bit Professional' Language: 'es' Physical Memory: 16011 MB
BatchMode: 1, IsHumanControllingUs: 0, StartBugReporterOnCrash: 0, Is64bit: 1, IsPro: 1

COMMAND LINE ARGUMENTS:
C:\Program Files\Unity\Hub\Editor\2022.3.16f1\Editor\Unity.exe
-adb2
-batchMode
-noUpm
-name
AssetImportWorker8
-projectPath
C:/Users/User/TODO/UNITY/REPOSITORIOS/ProgramacionGrafica
-logFile
Logs/AssetImportWorker8.log
-srvPort
64250
Successfully changed project path to: C:/Users/User/TODO/UNITY/REPOSITORIOS/ProgramacionGrafica
C:/Users/User/TODO/UNITY/REPOSITORIOS/ProgramacionGrafica
[UnityMemory] Configuration Parameters - Can be set up in boot.config
    "memorysetup-bucket-allocator-granularity=16"
    "memorysetup-bucket-allocator-bucket-count=8"
    "memorysetup-bucket-allocator-block-size=33554432"
    "memorysetup-bucket-allocator-block-count=8"
    "memorysetup-main-allocator-block-size=16777216"
    "memorysetup-thread-allocator-block-size=16777216"
    "memorysetup-gfx-main-allocator-block-size=16777216"
    "memorysetup-gfx-thread-allocator-block-size=16777216"
    "memorysetup-cache-allocator-block-size=4194304"
    "memorysetup-typetree-allocator-block-size=2097152"
    "memorysetup-profiler-bucket-allocator-granularity=16"
    "memorysetup-profiler-bucket-allocator-bucket-count=8"
    "memorysetup-profiler-bucket-allocator-block-size=33554432"
    "memorysetup-profiler-bucket-allocator-block-count=8"
    "memorysetup-profiler-allocator-block-size=16777216"
    "memorysetup-profiler-editor-allocator-block-size=1048576"
    "memorysetup-temp-allocator-size-main=16777216"
    "memorysetup-job-temp-allocator-block-size=2097152"
    "memorysetup-job-temp-allocator-block-size-background=1048576"
    "memorysetup-job-temp-allocator-reduction-small-platforms=262144"
    "memorysetup-allocator-temp-initial-block-size-main=262144"
    "memorysetup-allocator-temp-initial-block-size-worker=262144"
    "memorysetup-temp-allocator-size-background-worker=32768"
    "memorysetup-temp-allocator-size-job-worker=262144"
    "memorysetup-temp-allocator-size-preload-manager=33554432"
    "memorysetup-temp-allocator-size-nav-mesh-worker=65536"
    "memorysetup-temp-allocator-size-audio-worker=65536"
    "memorysetup-temp-allocator-size-cloud-worker=32768"
    "memorysetup-temp-allocator-size-gi-baking-worker=262144"
    "memorysetup-temp-allocator-size-gfx=262144"
Player connection [19528] Host "[IP] 10.100.107.97 [Port] 0 [Flags] 2 [Guid] 243859969 [EditorId] 243859969 [Version] 1048832 [Id] WindowsEditor(7,DESKTOP-U9FQ2HB) [Debug] 1 [PackageName] WindowsEditor [ProjectName] Editor" joined multi-casting on [225.0.0.222:54997]...

Player connection [19528] Host "[IP] 10.100.107.97 [Port] 0 [Flags] 2 [Guid] 243859969 [EditorId] 243859969 [Version] 1048832 [Id] WindowsEditor(7,DESKTOP-U9FQ2HB) [Debug] 1 [PackageName] WindowsEditor [ProjectName] Editor" joined alternative multi-casting on [225.0.0.222:34997]...

[Physics::Module] Initialized MultithreadedJobDispatcher with 15 workers.
Refreshing native plugins compatible for Editor in 20.40 ms, found 4 plugins.
Preloading 0 native plugins for Editor in 0.00 ms.
Initialize engine version: 2022.3.16f1 (d2c21f0ef2f1)
[Subsystems] Discovering subsystems at path C:/Program Files/Unity/Hub/Editor/2022.3.16f1/Editor/Data/Resources/UnitySubsystems
[Subsystems] Discovering subsystems at path C:/Users/User/TODO/UNITY/REPOSITORIOS/ProgramacionGrafica/Assets
GfxDevice: creating device client; threaded=0; jobified=0
Direct3D:
    Version:  Direct3D 11.0 [level 11.1]
    Renderer: NVIDIA GeForce RTX 4060 Laptop GPU (ID=0x28e0)
    Vendor:   NVIDIA
    VRAM:     7956 MB
    Driver:   32.0.15.9174
Shader 'ASESampleShaders/Terrain/TerrainSnowCoverageFirstPass': dependency 'BaseMapShader' shader 'ASESampleShaders/TerrainBase' not found
Shader 'ASESampleShaders/Terrain/TerrainSnowCoverageFirstPass': dependency 'BaseMapShader' shader 'ASESampleShaders/TerrainBase' not found
Initialize mono
Mono path[0] = 'C:/Program Files/Unity/Hub/Editor/2022.3.16f1/Editor/Data/Managed'
Mono path[1] = 'C:/Program Files/Unity/Hub/Editor/2022.3.16f1/Editor/Data/MonoBleedingEdge/lib/mono/unityjit-win32'
Mono config path = 'C:/Program Files/Unity/Hub/Editor/2022.3.16f1/Editor/Data/MonoBleedingEdge/etc'
Using monoOptions --debugger-agent=transport=dt_socket,embedding=1,server=y,suspend=n,address=127.0.0.1:56652
Begin MonoManager ReloadAssembly
Registering precompiled unity dll's ...
Register platform support module: C:/Program Files/Unity/Hub/Editor/2022.3.16f1/Editor/Data/PlaybackEngines/WindowsStandaloneSupport/UnityEditor.WindowsStandalone.Extensions.dll
Registered in 0.008935 seconds.
- Loaded All Assemblies, in  0.541 seconds
Native extension for WindowsStandalone target not found
Mono: successfully reloaded assembly
- Finished resetting the current domain, in  0.404 seconds
Domain Reload Profiling: 942ms
	BeginReloadAssembly (162ms)
		ExecutionOrderSort (0ms)
		DisableScriptedObjects (0ms)
		BackupInstance (0ms)
		ReleaseScriptingObjects (0ms)
		CreateAndSetChildDomain (2ms)
	RebuildCommonClasses (48ms)
	RebuildNativeTypeToScriptingClass (13ms)
	initialDomainReloadingComplete (79ms)
	LoadAllAssembliesAndSetupDomain (236ms)
		LoadAssemblies (157ms)
		RebuildTransferFunctionScriptingTraits (0ms)
		AnalyzeDomain (234ms)
			TypeCache.Refresh (231ms)
				TypeCache.ScanAssembly (213ms)
			ScanForSourceGeneratedMonoScriptInfo (1ms)
			ResolveRequiredComponents (1ms)
	FinalizeReload (404ms)
		ReleaseScriptCaches (0ms)
		RebuildScriptCaches (0ms)
		SetupLoadedEditorAssemblies (323ms)
			LogAssemblyErrors (0ms)
			InitializePlatformSupportModulesInManaged (11ms)
			SetLoadedEditorAssemblies (11ms)
			RefreshPlugins (0ms)
			BeforeProcessingInitializeOnLoad (2ms)
			ProcessInitializeOnLoadAttributes (231ms)
			ProcessInitializeOnLoadMethodAttributes (68ms)
			AfterProcessingInitializeOnLoad (0ms)
			EditorAssembliesLoaded (0ms)
		ExecutionOrderSort2 (0ms)
		AwakeInstancesAfterBackupRestoration (0ms)
========================================================================
Worker process is ready to serve import requests
Begin MonoManager ReloadAssembly
- Loaded All Assemblies, in  1.179 seconds
Refreshing native plugins compatible for Editor in 10.73 ms, found 4 plugins.
Native extension for WindowsStandalone target not found
Mono: successfully reloaded assembly
- Finished resetting the current domain, in  1.095 seconds
Domain Reload Profiling: 2270ms
	BeginReloadAssembly (334ms)
		ExecutionOrderSort (0ms)
		DisableScriptedObjects (15ms)
		BackupInstance (0ms)
		ReleaseScriptingObjects (0ms)
		CreateAndSetChildDomain (27ms)
	RebuildCommonClasses (60ms)
	RebuildNativeTypeToScriptingClass (16ms)
	initialDomainReloadingComplete (59ms)
	LoadAllAssembliesAndSetupDomain (706ms)
		LoadAssemblies (561ms)
		RebuildTransferFunctionScriptingTraits (0ms)
		AnalyzeDomain (382ms)
			TypeCache.Refresh (335ms)
				TypeCache.ScanAssembly (312ms)
			ScanForSourceGeneratedMonoScriptInfo (33ms)
			ResolveRequiredComponents (9ms)
	FinalizeReload (1096ms)
		ReleaseScriptCaches (0ms)
		RebuildScriptCaches (0ms)
		SetupLoadedEditorAssemblies (761ms)
			LogAssemblyErrors (0ms)
			InitializePlatformSupportModulesInManaged (13ms)
			SetLoadedEditorAssemblies (10ms)
			RefreshPlugins (0ms)
			BeforeProcessingInitializeOnLoad (138ms)
			ProcessInitializeOnLoadAttributes (556ms)
			ProcessInitializeOnLoadMethodAttributes (34ms)
			AfterProcessingInitializeOnLoad (9ms)
			EditorAssembliesLoaded (0ms)
		ExecutionOrderSort2 (0ms)
		AwakeInstancesAfterBackupRestoration (11ms)
Shader 'ASESampleShaders/Terrain/TerrainSnowCoverageFirstPass': dependency 'BaseMapShader' shader 'ASESampleShaders/TerrainBase' not found
Launched and connected shader compiler UnityShaderCompiler.exe after 0.12 seconds
Refreshing native plugins compatible for Editor in 10.16 ms, found 4 plugins.
Preloading 0 native plugins for Editor in 0.00 ms.
Unloading 4296 Unused Serialized files (Serialized files now loaded: 0)
Unloading 43 unused Assets / (61.6 KB). Loaded Objects now: 4764.
Memory consumption went from 277.5 MB to 277.4 MB.
Total: 4.480300 ms (FindLiveObjects: 0.272500 ms CreateObjectMapping: 0.110800 ms MarkObjects: 3.863300 ms  DeleteObjects: 0.232200 ms)

AssetImportParameters requested are different than current active one (requested -> active):
  custom:container-demuxer-ogg: 62fdf1f143b41e24485cea50d1cbac27 -> 
  custom:video-codec-MediaFoundation-h265: 746d11721c4dcdbdad8f713fa42b33f4 -> 
  custom:video-decoder-ogg-theora: a1e56fd34408186e4bbccfd4996cb3dc -> 
  custom:framework-win-MediaFoundation: 216162199b28c13a410421893ffa2e32 -> 
  custom:CustomObjectIndexerAttribute: 43b350a4d6e6d1791af0b5038c4bea17 -> 
  custom:container-demuxer-webm: 4f35f7cbe854078d1ac9338744f61a02 -> 
  custom:container-muxer-webm: aa71ff27fc2769a1b78a27578f13a17b -> 
  custom:video-decoder-webm-vp8: 9c59270c3fd7afecdb556c50c9e8de78 -> 
  custom:SearchIndexIgnoredProperties: e643bd26f0fe6173181afceb89e7c659 -> 
  custom:AudioImporter_EditorPlatform: d09bf68614088b80899f8185d706f6e7 -> 
  custom:video-encoder-webm-vp8: eb34c28f22e8b96e1ab97ce403110664 -> 
  custom:audio-decoder-ogg-vorbis: bf7c407c2cedff20999df2af8eb42d56 -> 
  custom:audio-encoder-webm-vorbis: bf7c407c2cedff20999df2af8eb42d56 -> 
========================================================================
Received Import Request.
  Time since last request: 806616.077325 seconds.
  path: Assets/AmplifyShaderEditor/Examples/Assets/Textures/Snow/snow_normal.jpg
  artifactKey: Guid(24e31ecbf813d9e49bf7a1e0d4034916) Importer(815301076,1909f56bfc062723c751e8b465ee728b)
Start importing Assets/AmplifyShaderEditor/Examples/Assets/Textures/Snow/snow_normal.jpg using Guid(24e31ecbf813d9e49bf7a1e0d4034916) Importer(815301076,1909f56bfc062723c751e8b465ee728b)  -> (artifact id: '487d812a07ff0d4c36535cae775f1e6b') in 0.148368 seconds
Number of updated asset objects reloaded before import = 0
Number of asset objects unloaded after import = 2
========================================================================
Received Import Request.
  Time since last request: 0.312570 seconds.
  path: Assets/AmplifyShaderEditor/Examples/Assets/Textures/Misc/SquareGradient.png
  artifactKey: Guid(5a5b20f962bdb22428da08e032649287) Importer(815301076,1909f56bfc062723c751e8b465ee728b)
Start importing Assets/AmplifyShaderEditor/Examples/Assets/Textures/Misc/SquareGradient.png using Guid(5a5b20f962bdb22428da08e032649287) Importer(815301076,1909f56bfc062723c751e8b465ee728b)  -> (artifact id: 'f74eafbb8ae871d28f329e73eda662fd') in 0.044816 seconds
Number of updated asset objects reloaded before import = 0
Number of asset objects unloaded after import = 2
========================================================================
Received Import Request.
  Time since last request: 1.119526 seconds.
  path: Assets/AmplifyShaderEditor/Examples/Assets/Textures/SceneTextures/TarpDiffuse.tif
  artifactKey: Guid(f07faad00a1271a4aaf838178232cf95) Importer(815301076,1909f56bfc062723c751e8b465ee728b)
Start importing Assets/AmplifyShaderEditor/Examples/Assets/Textures/SceneTextures/TarpDiffuse.tif using Guid(f07faad00a1271a4aaf838178232cf95) Importer(815301076,1909f56bfc062723c751e8b465ee728b)  -> (artifact id: '4e96ee5e7db3d4792bf2d9c70f2832a1') in 0.031521 seconds
Number of updated asset objects reloaded before import = 0
Number of asset objects unloaded after import = 2
========================================================================
Received Import Request.
  Time since last request: 0.219163 seconds.
  path: Assets/AmplifyShaderEditor/Examples/Assets/Textures/Misc/TempNoise.tga
  artifactKey: Guid(e24b2c680edaa90458d31f11544d79ca) Importer(815301076,1909f56bfc062723c751e8b465ee728b)
Start importing Assets/AmplifyShaderEditor/Examples/Assets/Textures/Misc/TempNoise.tga using Guid(e24b2c680edaa90458d31f11544d79ca) Importer(815301076,1909f56bfc062723c751e8b465ee728b)  -> (artifact id: '8c1e58ff4dc1e15b25a722591a86331a') in 0.030584 seconds
Number of updated asset objects reloaded before import = 0
Number of asset objects unloaded after import = 2
========================================================================
Received Import Request.
  Time since last request: 0.155925 seconds.
  path: Assets/AmplifyShaderEditor/Examples/Built-In/Community EnvironmentGradient/Terrain_R_AO_G_Edges.tga
  artifactKey: Guid(ef0a2cb0ac92c784dbc9a947e8fcb754) Importer(815301076,1909f56bfc062723c751e8b465ee728b)
Start importing Assets/AmplifyShaderEditor/Examples/Built-In/Community EnvironmentGradient/Terrain_R_AO_G_Edges.tga using Guid(ef0a2cb0ac92c784dbc9a947e8fcb754) Importer(815301076,1909f56bfc062723c751e8b465ee728b)  -> (artifact id: 'c674947864f855ab53adaf9f4df81330') in 0.030409 seconds
Number of updated asset objects reloaded before import = 0
Number of asset objects unloaded after import = 2
========================================================================
Received Import Request.
  Time since last request: 0.224938 seconds.
  path: Assets/AmplifyShaderEditor/Plugins/EditorResources/Nodes/TextureReferenceBg.png
  artifactKey: Guid(f9bd85ea2601b824c87556c13e852933) Importer(815301076,1909f56bfc062723c751e8b465ee728b)
Start importing Assets/AmplifyShaderEditor/Plugins/EditorResources/Nodes/TextureReferenceBg.png using Guid(f9bd85ea2601b824c87556c13e852933) Importer(815301076,1909f56bfc062723c751e8b465ee728b)  -> (artifact id: '204a704d56ba121257940d4e0da53921') in 0.034502 seconds
Number of updated asset objects reloaded before import = 0
Number of asset objects unloaded after import = 2
========================================================================
Received Import Request.
  Time since last request: 0.146645 seconds.
  path: Assets/AmplifyShaderEditor/Examples/Assets/Textures/Tiles/Tile_M.jpg
  artifactKey: Guid(d4940c862b9d0f349b3eec6e0da05578) Importer(815301076,1909f56bfc062723c751e8b465ee728b)
Start importing Assets/AmplifyShaderEditor/Examples/Assets/Textures/Tiles/Tile_M.jpg using Guid(d4940c862b9d0f349b3eec6e0da05578) Importer(815301076,1909f56bfc062723c751e8b465ee728b)  -> (artifact id: 'd428a5e69460c5211e4fb579aca3b716') in 0.018063 seconds
Number of updated asset objects reloaded before import = 0
Number of asset objects unloaded after import = 2
========================================================================
Received Import Request.
  Time since last request: 0.002942 seconds.
  path: Assets/AmplifyShaderEditor/Examples/Assets/Textures/Tiles/Tile_R.jpg
  artifactKey: Guid(b97db8acddac10d4c867939fcd38e487) Importer(815301076,1909f56bfc062723c751e8b465ee728b)
Start importing Assets/AmplifyShaderEditor/Examples/Assets/Textures/Tiles/Tile_R.jpg using Guid(b97db8acddac10d4c867939fcd38e487) Importer(815301076,1909f56bfc062723c751e8b465ee728b)  -> (artifact id: '811b2b001751f2424f0373bfdd57a41c') in 0.037120 seconds
Number of updated asset objects reloaded before import = 0
Number of asset objects unloaded after import = 2
========================================================================
Received Import Request.
  Time since last request: 0.179489 seconds.
  path: Assets/AmplifyShaderEditor/Examples/Assets/Textures/TV/TopSkullVDM.exr
  artifactKey: Guid(6c5beca9a2811f54e8e341880e84b0d3) Importer(815301076,1909f56bfc062723c751e8b465ee728b)
Start importing Assets/AmplifyShaderEditor/Examples/Assets/Textures/TV/TopSkullVDM.exr using Guid(6c5beca9a2811f54e8e341880e84b0d3) Importer(815301076,1909f56bfc062723c751e8b465ee728b)  -> (artifact id: 'd17f4ba48da5d97f1b437daeaebb0911') in 0.048518 seconds
Number of updated asset objects reloaded before import = 0
Number of asset objects unloaded after import = 2
========================================================================
Received Import Request.
  Time since last request: 0.133917 seconds.
  path: Assets/AmplifyShaderEditor/Plugins/EditorResources/UI/Buttons/TransparentPixel.png
  artifactKey: Guid(1004d06b4b28f5943abdf2313a22790a) Importer(815301076,1909f56bfc062723c751e8b465ee728b)
Start importing Assets/AmplifyShaderEditor/Plugins/EditorResources/UI/Buttons/TransparentPixel.png using Guid(1004d06b4b28f5943abdf2313a22790a) Importer(815301076,1909f56bfc062723c751e8b465ee728b)  -> (artifact id: 'd2276338b7b85f1d2fe7d5b4c16bd369') in 0.031251 seconds
Number of updated asset objects reloaded before import = 0
Number of asset objects unloaded after import = 2
========================================================================
Received Import Request.
  Time since last request: 31.820826 seconds.
  path: Assets/shaders/Toto/ParallaxMap.mat
  artifactKey: Guid(53b4e2179cf90384397c8300389dc885) Importer(815301076,1909f56bfc062723c751e8b465ee728b)
Start importing Assets/shaders/Toto/ParallaxMap.mat using Guid(53b4e2179cf90384397c8300389dc885) Importer(815301076,1909f56bfc062723c751e8b465ee728b)  -> (artifact id: '067956a3901ddf62ac86e450aaf6005a') in 0.074160 seconds
Number of updated asset objects reloaded before import = 0
Number of asset objects unloaded after import = 2
========================================================================
Received Import Request.
  Time since last request: 2.674019 seconds.
  path: Assets/shaders/Toto/ParallaxMap.mat
  artifactKey: Guid(53b4e2179cf90384397c8300389dc885) Importer(815301076,1909f56bfc062723c751e8b465ee728b)
Start importing Assets/shaders/Toto/ParallaxMap.mat using Guid(53b4e2179cf90384397c8300389dc885) Importer(815301076,1909f56bfc062723c751e8b465ee728b)  -> (artifact id: 'b06815480afe2108a29ecabcb1880e61') in 0.027151 seconds
Number of updated asset objects reloaded before import = 1
Number of asset objects unloaded after import = 2
========================================================================
Received Import Request.
  Time since last request: 102.716206 seconds.
  path: Assets/shaders/Toto/ParallaxMap.mat
  artifactKey: Guid(53b4e2179cf90384397c8300389dc885) Importer(815301076,1909f56bfc062723c751e8b465ee728b)
Start importing Assets/shaders/Toto/ParallaxMap.mat using Guid(53b4e2179cf90384397c8300389dc885) Importer(815301076,1909f56bfc062723c751e8b465ee728b)  -> (artifact id: '46e1d652e5cc15798718af294baae7ac') in 0.290289 seconds
Number of updated asset objects reloaded before import = 1
Number of asset objects unloaded after import = 2
========================================================================
Received Import Request.
  Time since last request: 3.893877 seconds.
  path: Assets/shaders/Toto/ParallaxMap.mat
  artifactKey: Guid(53b4e2179cf90384397c8300389dc885) Importer(815301076,1909f56bfc062723c751e8b465ee728b)
Start importing Assets/shaders/Toto/ParallaxMap.mat using Guid(53b4e2179cf90384397c8300389dc885) Importer(815301076,1909f56bfc062723c751e8b465ee728b)  -> (artifact id: 'bcd0e5fed0b078ffa0d809ed19be096e') in 0.033061 seconds
Number of updated asset objects reloaded before import = 1
Number of asset objects unloaded after import = 2
========================================================================
Received Import Request.
  Time since last request: 57.745132 seconds.
  path: Assets/shaders/Toto/ParallaxMap.mat
  artifactKey: Guid(53b4e2179cf90384397c8300389dc885) Importer(815301076,1909f56bfc062723c751e8b465ee728b)
Start importing Assets/shaders/Toto/ParallaxMap.mat using Guid(53b4e2179cf90384397c8300389dc885) Importer(815301076,1909f56bfc062723c751e8b465ee728b)  -> (artifact id: '8cceaa92196f74cfc184fe7333329441') in 0.231236 seconds
Number of updated asset objects reloaded before import = 1
Number of asset objects unloaded after import = 2
========================================================================
Received Import Request.
  Time since last request: 1.334075 seconds.
  path: Assets/shaders/Toto/ParallaxMap.mat
  artifactKey: Guid(53b4e2179cf90384397c8300389dc885) Importer(815301076,1909f56bfc062723c751e8b465ee728b)
Start importing Assets/shaders/Toto/ParallaxMap.mat using Guid(53b4e2179cf90384397c8300389dc885) Importer(815301076,1909f56bfc062723c751e8b465ee728b)  -> (artifact id: 'd6253710c051a56c1dcea2c5ebe90b9a') in 0.016879 seconds
Number of updated asset objects reloaded before import = 1
Number of asset objects unloaded after import = 2
========================================================================
Received Import Request.
  Time since last request: 1.541746 seconds.
  path: Assets/shaders/Toto/Planta.mat
  artifactKey: Guid(f8216bb004f72c146841debcdcd9b523) Importer(815301076,1909f56bfc062723c751e8b465ee728b)
Start importing Assets/shaders/Toto/Planta.mat using Guid(f8216bb004f72c146841debcdcd9b523) Importer(815301076,1909f56bfc062723c751e8b465ee728b) Shader error in 'Planta': 'sin': no matching 1 parameter intrinsic function; Possible intrinsic functions are: sin(float|half|min10float|min16float) at line 52 (on d3d11)
Shader error in 'Planta': syntax error: unexpected token ')' at line 52 (on d3d11)
Shader error in 'Planta': 'sin': no matching 1 parameter intrinsic function; Possible intrinsic functions are: sin(float|half|min10float|min16float) at line 52 (on d3d11)
Shader error in 'Planta': syntax error: unexpected token ')' at line 52 (on d3d11)
 -> (artifact id: 'e3f7738c7524631270b73706d1f54e83') in 0.095135 seconds
Number of updated asset objects reloaded before import = 1
Number of asset objects unloaded after import = 2
========================================================================
Received Import Request.
  Time since last request: 1.344572 seconds.
  path: Assets/shaders/Toto/LerpTexture.mat
  artifactKey: Guid(fba484fd8ce8c8b45961e461a1b8c147) Importer(815301076,1909f56bfc062723c751e8b465ee728b)
Start importing Assets/shaders/Toto/LerpTexture.mat using Guid(fba484fd8ce8c8b45961e461a1b8c147) Importer(815301076,1909f56bfc062723c751e8b465ee728b)  -> (artifact id: 'b4e9b2da1d9c4159fcc1df81b1524bc7') in 0.080871 seconds
Number of updated asset objects reloaded before import = 1
Number of asset objects unloaded after import = 3
========================================================================
Received Import Request.
  Time since last request: 1.152647 seconds.
  path: Assets/shaders/Toto/Holograma.mat
  artifactKey: Guid(1e0340a70434ac542a0a0b30aa35108d) Importer(815301076,1909f56bfc062723c751e8b465ee728b)
Start importing Assets/shaders/Toto/Holograma.mat using Guid(1e0340a70434ac542a0a0b30aa35108d) Importer(815301076,1909f56bfc062723c751e8b465ee728b) Shader error in 'Holograma': 'sin': no matching 1 parameter intrinsic function; Possible intrinsic functions are: sin(float|half|min10float|min16float) at line 47 (on d3d11)
Shader error in 'Holograma': syntax error: unexpected token ')' at line 47 (on d3d11)
Shader error in 'Holograma': 'sin': no matching 1 parameter intrinsic function; Possible intrinsic functions are: sin(float|half|min10float|min16float) at line 47 (on d3d11)
Shader error in 'Holograma': syntax error: unexpected token ')' at line 47 (on d3d11)
 -> (artifact id: '819b0aaf1c15d3e1157366bd9808409d') in 0.136572 seconds
Number of updated asset objects reloaded before import = 1
Number of asset objects unloaded after import = 1
========================================================================
Received Import Request.
  Time since last request: 2.185091 seconds.
  path: Assets/shaders/Toto/Liquid.mat
  artifactKey: Guid(95a3c050b27da83469c955a7cf1736e5) Importer(815301076,1909f56bfc062723c751e8b465ee728b)
Start importing Assets/shaders/Toto/Liquid.mat using Guid(95a3c050b27da83469c955a7cf1736e5) Importer(815301076,1909f56bfc062723c751e8b465ee728b)  -> (artifact id: '716599f035eb5a9b395adf6f0712a56d') in 0.259519 seconds
Number of updated asset objects reloaded before import = 1
Number of asset objects unloaded after import = 1
========================================================================
Received Import Request.
  Time since last request: 5.455363 seconds.
  path: Assets/shaders/Toto/Planta.mat
  artifactKey: Guid(f8216bb004f72c146841debcdcd9b523) Importer(815301076,1909f56bfc062723c751e8b465ee728b)
Start importing Assets/shaders/Toto/Planta.mat using Guid(f8216bb004f72c146841debcdcd9b523) Importer(815301076,1909f56bfc062723c751e8b465ee728b) Shader error in 'Planta': 'sin': no matching 1 parameter intrinsic function; Possible intrinsic functions are: sin(float|half|min10float|min16float) at line 52 (on d3d11)
Shader error in 'Planta': syntax error: unexpected token ')' at line 52 (on d3d11)
Shader error in 'Planta': 'sin': no matching 1 parameter intrinsic function; Possible intrinsic functions are: sin(float|half|min10float|min16float) at line 52 (on d3d11)
Shader error in 'Planta': syntax error: unexpected token ')' at line 52 (on d3d11)
 -> (artifact id: '3cc058575a35918c5af313f632071cdd') in 0.063261 seconds
Number of updated asset objects reloaded before import = 1
Number of asset objects unloaded after import = 2
========================================================================
Received Import Request.
  Time since last request: 2.527547 seconds.
  path: Assets/shaders/Toto/Flag.mat
  artifactKey: Guid(66a8a80ae49e2fc4f8916f398f86b66b) Importer(815301076,1909f56bfc062723c751e8b465ee728b)
Start importing Assets/shaders/Toto/Flag.mat using Guid(66a8a80ae49e2fc4f8916f398f86b66b) Importer(815301076,1909f56bfc062723c751e8b465ee728b) Shader error in 'Flag': 'sin': no matching 1 parameter intrinsic function; Possible intrinsic functions are: sin(float|half|min10float|min16float) at line 46 (on d3d11)
Shader error in 'Flag': syntax error: unexpected token ')' at line 46 (on d3d11)
Shader error in 'Flag': 'sin': no matching 1 parameter intrinsic function; Possible intrinsic functions are: sin(float|half|min10float|min16float) at line 46 (on d3d11)
Shader error in 'Flag': syntax error: unexpected token ')' at line 46 (on d3d11)
 -> (artifact id: '57b93648098df18ec1b2a592dca5ce35') in 0.104595 seconds
Number of updated asset objects reloaded before import = 1
Number of asset objects unloaded after import = 2
========================================================================
Received Import Request.
  Time since last request: 18.388216 seconds.
  path: Assets/shaders/Toto/ParallaxMap.mat
  artifactKey: Guid(53b4e2179cf90384397c8300389dc885) Importer(815301076,1909f56bfc062723c751e8b465ee728b)
Start importing Assets/shaders/Toto/ParallaxMap.mat using Guid(53b4e2179cf90384397c8300389dc885) Importer(815301076,1909f56bfc062723c751e8b465ee728b)  -> (artifact id: 'b578432e81b9043611040e570e812c3a') in 0.284091 seconds
Number of updated asset objects reloaded before import = 1
Number of asset objects unloaded after import = 2
========================================================================
Received Import Request.
  Time since last request: 1.029327 seconds.
  path: Assets/shaders/Toto/ParallaxMap.mat
  artifactKey: Guid(53b4e2179cf90384397c8300389dc885) Importer(815301076,1909f56bfc062723c751e8b465ee728b)
Start importing Assets/shaders/Toto/ParallaxMap.mat using Guid(53b4e2179cf90384397c8300389dc885) Importer(815301076,1909f56bfc062723c751e8b465ee728b)  -> (artifact id: 'bba5c83eac40c437e2fb0b90284751d8') in 0.048898 seconds
Number of updated asset objects reloaded before import = 1
Number of asset objects unloaded after import = 2
========================================================================
Received Import Request.
  Time since last request: 8.399287 seconds.
  path: Assets/shaders/Toto/ParallaxMap.mat
  artifactKey: Guid(53b4e2179cf90384397c8300389dc885) Importer(815301076,1909f56bfc062723c751e8b465ee728b)
Start importing Assets/shaders/Toto/ParallaxMap.mat using Guid(53b4e2179cf90384397c8300389dc885) Importer(815301076,1909f56bfc062723c751e8b465ee728b)  -> (artifact id: '9d8350e4e9cb105498e3e33845e634e6') in 0.291092 seconds
Number of updated asset objects reloaded before import = 1
Number of asset objects unloaded after import = 2
========================================================================
Received Import Request.
  Time since last request: 28.052739 seconds.
  path: Assets/shaders/Toto/ParallaxMap.mat
  artifactKey: Guid(53b4e2179cf90384397c8300389dc885) Importer(815301076,1909f56bfc062723c751e8b465ee728b)
Start importing Assets/shaders/Toto/ParallaxMap.mat using Guid(53b4e2179cf90384397c8300389dc885) Importer(815301076,1909f56bfc062723c751e8b465ee728b)  -> (artifact id: '972935d3f7dc9d64b3e6ada7d0561b7c') in 0.029683 seconds
Number of updated asset objects reloaded before import = 1
Number of asset objects unloaded after import = 2
========================================================================
Received Import Request.
  Time since last request: 21.494176 seconds.
  path: Assets/shaders/Toto/ParallaxMap.mat
  artifactKey: Guid(53b4e2179cf90384397c8300389dc885) Importer(815301076,1909f56bfc062723c751e8b465ee728b)
Start importing Assets/shaders/Toto/ParallaxMap.mat using Guid(53b4e2179cf90384397c8300389dc885) Importer(815301076,1909f56bfc062723c751e8b465ee728b)  -> (artifact id: '0e24f4d1ae29f710a8a8d1ecc71322dc') in 0.265117 seconds
Number of updated asset objects reloaded before import = 1
Number of asset objects unloaded after import = 2
========================================================================
Received Import Request.
  Time since last request: 63.930154 seconds.
  path: Assets/shaders/Toto/ParallaxMap.mat
  artifactKey: Guid(53b4e2179cf90384397c8300389dc885) Importer(815301076,1909f56bfc062723c751e8b465ee728b)
Start importing Assets/shaders/Toto/ParallaxMap.mat using Guid(53b4e2179cf90384397c8300389dc885) Importer(815301076,1909f56bfc062723c751e8b465ee728b)  -> (artifact id: '282c3b3d02acdee80339fe337a618b93') in 0.024324 seconds
Number of updated asset objects reloaded before import = 0
Number of asset objects unloaded after import = 2
========================================================================
Received Import Request.
  Time since last request: 2.743627 seconds.
  path: Assets/shaders/Toto/ParallaxMap.mat
  artifactKey: Guid(53b4e2179cf90384397c8300389dc885) Importer(815301076,1909f56bfc062723c751e8b465ee728b)
Start importing Assets/shaders/Toto/ParallaxMap.mat using Guid(53b4e2179cf90384397c8300389dc885) Importer(815301076,1909f56bfc062723c751e8b465ee728b)  -> (artifact id: '951eca2694b8385102397370f8a7eeff') in 0.279069 seconds
Number of updated asset objects reloaded before import = 1
Number of asset objects unloaded after import = 2
========================================================================
Received Import Request.
  Time since last request: 250.227110 seconds.
  path: Assets/shaders/Toto/ParallaxMap.mat
  artifactKey: Guid(53b4e2179cf90384397c8300389dc885) Importer(815301076,1909f56bfc062723c751e8b465ee728b)
Start importing Assets/shaders/Toto/ParallaxMap.mat using Guid(53b4e2179cf90384397c8300389dc885) Importer(815301076,1909f56bfc062723c751e8b465ee728b)  -> (artifact id: '37685bc41369fdb2099c63f01e235603') in 0.040678 seconds
Number of updated asset objects reloaded before import = 1
Number of asset objects unloaded after import = 2
========================================================================
Received Import Request.
  Time since last request: 187.382758 seconds.
  path: Assets/AmplifyShaderEditor/Examples/Assets/Textures/TV/TV_Normal.png
  artifactKey: Guid(70c247db5b217844dab975e0fe9786a8) Importer(815301076,1909f56bfc062723c751e8b465ee728b)
Start importing Assets/AmplifyShaderEditor/Examples/Assets/Textures/TV/TV_Normal.png using Guid(70c247db5b217844dab975e0fe9786a8) Importer(815301076,1909f56bfc062723c751e8b465ee728b)  -> (artifact id: 'd296dbff8cb3460da1e9d87a0712bcbb') in 0.046218 seconds
Number of updated asset objects reloaded before import = 0
Number of asset objects unloaded after import = 2
========================================================================
Received Import Request.
  Time since last request: 0.000036 seconds.
  path: Assets/AmplifyShaderEditor/Examples/Built-In/UISpriteFX/TwirlFlow.png
  artifactKey: Guid(b9f1c2125557bf34c98df0614dff4483) Importer(815301076,1909f56bfc062723c751e8b465ee728b)
Start importing Assets/AmplifyShaderEditor/Examples/Built-In/UISpriteFX/TwirlFlow.png using Guid(b9f1c2125557bf34c98df0614dff4483) Importer(815301076,1909f56bfc062723c751e8b465ee728b)  -> (artifact id: 'ed977b04901635918169433909eb27db') in 0.030442 seconds
Number of updated asset objects reloaded before import = 0
Number of asset objects unloaded after import = 2
========================================================================
Received Import Request.
  Time since last request: 0.177676 seconds.
  path: Assets/AmplifyShaderEditor/Plugins/EditorResources/UI/Buttons/UpdateOFF.png
  artifactKey: Guid(99d70ac09b4db9742b404c3f92d8564b) Importer(815301076,1909f56bfc062723c751e8b465ee728b)
Start importing Assets/AmplifyShaderEditor/Plugins/EditorResources/UI/Buttons/UpdateOFF.png using Guid(99d70ac09b4db9742b404c3f92d8564b) Importer(815301076,1909f56bfc062723c751e8b465ee728b)  -> (artifact id: '520925d772d2c0382e245db89c23960e') in 0.041069 seconds
Number of updated asset objects reloaded before import = 0
Number of asset objects unloaded after import = 2
========================================================================
Received Import Request.
  Time since last request: 0.000025 seconds.
  path: Assets/AmplifyShaderEditor/Plugins/EditorResources/UI/Buttons/UpdateUpToDated.png
  artifactKey: Guid(ce30b12fbb3223746bcfef9ea82effe3) Importer(815301076,1909f56bfc062723c751e8b465ee728b)
Start importing Assets/AmplifyShaderEditor/Plugins/EditorResources/UI/Buttons/UpdateUpToDated.png using Guid(ce30b12fbb3223746bcfef9ea82effe3) Importer(815301076,1909f56bfc062723c751e8b465ee728b)  -> (artifact id: '1708682d6b0a2e58873de0ea75196f4c') in 0.032959 seconds
Number of updated asset objects reloaded before import = 0
Number of asset objects unloaded after import = 2
========================================================================
Received Import Request.
  Time since last request: 0.000034 seconds.
  path: Assets/AmplifyShaderEditor/Examples/Built-In/Community LowPolyWater/wave-pattern-001.png
  artifactKey: Guid(31890676c5b178840848afa665cb5a2f) Importer(815301076,1909f56bfc062723c751e8b465ee728b)
Start importing Assets/AmplifyShaderEditor/Examples/Built-In/Community LowPolyWater/wave-pattern-001.png using Guid(31890676c5b178840848afa665cb5a2f) Importer(815301076,1909f56bfc062723c751e8b465ee728b)  -> (artifact id: '314f437b141fa4e0097d46e54377bb71') in 0.035583 seconds
Number of updated asset objects reloaded before import = 0
Number of asset objects unloaded after import = 2
========================================================================
Received Import Request.
  Time since last request: 69.495496 seconds.
  path: Assets/AmplifyShaderEditor/Plugins/EditorResources/Textures/white.png
  artifactKey: Guid(37e6f91f3efb0954cbdce254638862ea) Importer(815301076,1909f56bfc062723c751e8b465ee728b)
Start importing Assets/AmplifyShaderEditor/Plugins/EditorResources/Textures/white.png using Guid(37e6f91f3efb0954cbdce254638862ea) Importer(815301076,1909f56bfc062723c751e8b465ee728b)  -> (artifact id: '83424b5446ba6debb5cbc174411f5314') in 0.031299 seconds
Number of updated asset objects reloaded before import = 1
Number of asset objects unloaded after import = 2
========================================================================
Received Import Request.
  Time since last request: 0.682249 seconds.
  path: Assets/AmplifyShaderEditor/Plugins/EditorResources/UI/Nodes/WireNodeSelection.png
  artifactKey: Guid(bfe0b03d5d60cea4f9d4b2d1d121e592) Importer(815301076,1909f56bfc062723c751e8b465ee728b)
Start importing Assets/AmplifyShaderEditor/Plugins/EditorResources/UI/Nodes/WireNodeSelection.png using Guid(bfe0b03d5d60cea4f9d4b2d1d121e592) Importer(815301076,1909f56bfc062723c751e8b465ee728b)  -> (artifact id: 'a3e6c648b47343a9ff2407f20e59cd2e') in 0.044805 seconds
Number of updated asset objects reloaded before import = 0
Number of asset objects unloaded after import = 2
========================================================================
Received Import Request.
  Time since last request: 0.002187 seconds.
  path: Assets/AmplifyShaderEditor/Examples/Assets/Textures/SceneTextures/WoodSpecular.tif
  artifactKey: Guid(6618005f6bafebf40b3d09f498401fba) Importer(815301076,1909f56bfc062723c751e8b465ee728b)
Start importing Assets/AmplifyShaderEditor/Examples/Assets/Textures/SceneTextures/WoodSpecular.tif using Guid(6618005f6bafebf40b3d09f498401fba) Importer(815301076,1909f56bfc062723c751e8b465ee728b)  -> (artifact id: '435c728818d9b238b415921adb8e6501') in 0.021898 seconds
Number of updated asset objects reloaded before import = 0
Number of asset objects unloaded after import = 2
========================================================================
Received Import Request.
  Time since last request: 0.000019 seconds.
  path: Assets/AmplifyShaderEditor/Examples/Assets/Textures/SceneTextures/WoodOcclusion.tif
  artifactKey: Guid(a8de9c9c15d9c7e4eaa883c727391bee) Importer(815301076,1909f56bfc062723c751e8b465ee728b)
Start importing Assets/AmplifyShaderEditor/Examples/Assets/Textures/SceneTextures/WoodOcclusion.tif using Guid(a8de9c9c15d9c7e4eaa883c727391bee) Importer(815301076,1909f56bfc062723c751e8b465ee728b)  -> (artifact id: 'd25d777058d92ccb3477410106c5769e') in 0.030674 seconds
Number of updated asset objects reloaded before import = 0
Number of asset objects unloaded after import = 2
========================================================================
Received Import Request.
  Time since last request: 1.077690 seconds.
  path: Assets/AmplifyShaderEditor/Examples/Built-In/TextureArray/WoodTextureArrayNormal.asset
  artifactKey: Guid(18abd59f757787242ac884d340d0718c) Importer(815301076,1909f56bfc062723c751e8b465ee728b)
Start importing Assets/AmplifyShaderEditor/Examples/Built-In/TextureArray/WoodTextureArrayNormal.asset using Guid(18abd59f757787242ac884d340d0718c) Importer(815301076,1909f56bfc062723c751e8b465ee728b)  -> (artifact id: '70cf507eda703a8fd3eecdb1a807ff49') in 0.057870 seconds
Number of updated asset objects reloaded before import = 0
Number of asset objects unloaded after import = 1
========================================================================
Received Import Request.
  Time since last request: 24.160277 seconds.
  path: Assets/shaders/Toto/ParallaxMap.mat
  artifactKey: Guid(53b4e2179cf90384397c8300389dc885) Importer(815301076,1909f56bfc062723c751e8b465ee728b)
Start importing Assets/shaders/Toto/ParallaxMap.mat using Guid(53b4e2179cf90384397c8300389dc885) Importer(815301076,1909f56bfc062723c751e8b465ee728b)  -> (artifact id: 'd47885904ebfd414624ffd657cfb0166') in 0.296833 seconds
Number of updated asset objects reloaded before import = 1
Number of asset objects unloaded after import = 2
========================================================================
Received Import Request.
  Time since last request: 1.574244 seconds.
  path: Assets/shaders/Toto/ParallaxMap.mat
  artifactKey: Guid(53b4e2179cf90384397c8300389dc885) Importer(815301076,1909f56bfc062723c751e8b465ee728b)
Start importing Assets/shaders/Toto/ParallaxMap.mat using Guid(53b4e2179cf90384397c8300389dc885) Importer(815301076,1909f56bfc062723c751e8b465ee728b)  -> (artifact id: 'c44bcc4cf8f0b02011b0087d2b4592aa') in 0.030972 seconds
Number of updated asset objects reloaded before import = 1
Number of asset objects unloaded after import = 2
========================================================================
Received Import Request.
  Time since last request: 59.075492 seconds.
  path: Assets/shaders/Toto/ParallaxOcclussionMapping.shader
  artifactKey: Guid(76488be3be594fd4f87e99a5607c41d3) Importer(815301076,1909f56bfc062723c751e8b465ee728b)
Start importing Assets/shaders/Toto/ParallaxOcclussionMapping.shader using Guid(76488be3be594fd4f87e99a5607c41d3) Importer(815301076,1909f56bfc062723c751e8b465ee728b)  -> (artifact id: '15b11132abfcc5049f197120961cd5bf') in 0.003441 seconds
Number of updated asset objects reloaded before import = 0
Number of asset objects unloaded after import = 1
========================================================================
Received Import Request.
  Time since last request: 271.307944 seconds.
  path: Assets/shaders/Toto/ParallaxMap.mat
  artifactKey: Guid(53b4e2179cf90384397c8300389dc885) Importer(815301076,1909f56bfc062723c751e8b465ee728b)
Start importing Assets/shaders/Toto/ParallaxMap.mat using Guid(53b4e2179cf90384397c8300389dc885) Importer(815301076,1909f56bfc062723c751e8b465ee728b)  -> (artifact id: '325efb3fa6b9ca23af3d77be0f0e045d') in 0.036011 seconds
Number of updated asset objects reloaded before import = 0
Number of asset objects unloaded after import = 2
========================================================================
Received Import Request.
  Time since last request: 13.914958 seconds.
  path: Assets/shaders/Toto/ParallaxOcclussionMapping.shader
  artifactKey: Guid(76488be3be594fd4f87e99a5607c41d3) Importer(815301076,1909f56bfc062723c751e8b465ee728b)
Start importing Assets/shaders/Toto/ParallaxOcclussionMapping.shader using Guid(76488be3be594fd4f87e99a5607c41d3) Importer(815301076,1909f56bfc062723c751e8b465ee728b)  -> (artifact id: 'aa78b6bcf617a42c3a5b69439e083b9b') in 0.004216 seconds
Number of updated asset objects reloaded before import = 0
Number of asset objects unloaded after import = 1
========================================================================
Received Import Request.
  Time since last request: 3.392044 seconds.
  path: Assets/shaders/Toto/ParallaxOcclussionMapping.mat
  artifactKey: Guid(603df0a506ecf1d4d82fce70dabc6b94) Importer(815301076,1909f56bfc062723c751e8b465ee728b)
Start importing Assets/shaders/Toto/ParallaxOcclussionMapping.mat using Guid(603df0a506ecf1d4d82fce70dabc6b94) Importer(815301076,1909f56bfc062723c751e8b465ee728b)  -> (artifact id: '75df0ef476b4f6dea87755a965648973') in 0.344375 seconds
Number of updated asset objects reloaded before import = 0
Number of asset objects unloaded after import = 2
========================================================================
Received Import Request.
  Time since last request: 60.329626 seconds.
  path: Assets/shaders/Toto/ParallaxOcclussionMapping.mat
  artifactKey: Guid(603df0a506ecf1d4d82fce70dabc6b94) Importer(815301076,1909f56bfc062723c751e8b465ee728b)
Start importing Assets/shaders/Toto/ParallaxOcclussionMapping.mat using Guid(603df0a506ecf1d4d82fce70dabc6b94) Importer(815301076,1909f56bfc062723c751e8b465ee728b)  -> (artifact id: '7cbc89a2b7d440da0b406529ea625d42') in 0.364699 seconds
Number of updated asset objects reloaded before import = 0
Number of asset objects unloaded after import = 4
========================================================================
Received Import Request.
  Time since last request: 51.009220 seconds.
  path: Assets/shaders/Toto/ParallaxOcclussionMapping.mat
  artifactKey: Guid(603df0a506ecf1d4d82fce70dabc6b94) Importer(815301076,1909f56bfc062723c751e8b465ee728b)
Start importing Assets/shaders/Toto/ParallaxOcclussionMapping.mat using Guid(603df0a506ecf1d4d82fce70dabc6b94) Importer(815301076,1909f56bfc062723c751e8b465ee728b)  -> (artifact id: '079742ddf17ce6db970df57a491fc045') in 0.032461 seconds
Number of updated asset objects reloaded before import = 0
Number of asset objects unloaded after import = 4
========================================================================
Received Import Request.
  Time since last request: 265.316113 seconds.
  path: Assets/shaders/Toto/ParallaxOcclussionMapping.mat
  artifactKey: Guid(603df0a506ecf1d4d82fce70dabc6b94) Importer(815301076,1909f56bfc062723c751e8b465ee728b)
Start importing Assets/shaders/Toto/ParallaxOcclussionMapping.mat using Guid(603df0a506ecf1d4d82fce70dabc6b94) Importer(815301076,1909f56bfc062723c751e8b465ee728b)  -> (artifact id: '574ff1be1209d48abaf0c2505afe305a') in 0.040441 seconds
Number of updated asset objects reloaded before import = 0
Number of asset objects unloaded after import = 4
========================================================================
Received Import Request.
  Time since last request: 2358.803117 seconds.
  path: Assets/shaders/Toto/WorldUV.shader
  artifactKey: Guid(e710e37576e535e43be4514a243159ba) Importer(815301076,1909f56bfc062723c751e8b465ee728b)
Start importing Assets/shaders/Toto/WorldUV.shader using Guid(e710e37576e535e43be4514a243159ba) Importer(815301076,1909f56bfc062723c751e8b465ee728b)  -> (artifact id: 'd3d0d58e20ccbc70d9411f6f5be05f4b') in 0.010332 seconds
Number of updated asset objects reloaded before import = 0
Number of asset objects unloaded after import = 1
========================================================================
Received Import Request.
  Time since last request: 93.411570 seconds.
  path: Assets/shaders/Toto/WorldUV.shader
  artifactKey: Guid(e710e37576e535e43be4514a243159ba) Importer(815301076,1909f56bfc062723c751e8b465ee728b)
Start importing Assets/shaders/Toto/WorldUV.shader using Guid(e710e37576e535e43be4514a243159ba) Importer(815301076,1909f56bfc062723c751e8b465ee728b)  -> (artifact id: 'd2cf94acd04a628b84bc0bd6950eb384') in 0.003890 seconds
Number of updated asset objects reloaded before import = 0
Number of asset objects unloaded after import = 1
========================================================================
Received Import Request.
  Time since last request: 19.064562 seconds.
  path: Assets/shaders/Toto/WorldUV.mat
  artifactKey: Guid(8aee4b80d12c54843a915734d9935eef) Importer(815301076,1909f56bfc062723c751e8b465ee728b)
Start importing Assets/shaders/Toto/WorldUV.mat using Guid(8aee4b80d12c54843a915734d9935eef) Importer(815301076,1909f56bfc062723c751e8b465ee728b)  -> (artifact id: '86d65167e66ef65f95e75748cdf4f538') in 0.323416 seconds
Number of updated asset objects reloaded before import = 0
Number of asset objects unloaded after import = 2
========================================================================
Received Import Request.
  Time since last request: 27.629134 seconds.
  path: Assets/shaders/Toto/WorldUV.mat
  artifactKey: Guid(8aee4b80d12c54843a915734d9935eef) Importer(815301076,1909f56bfc062723c751e8b465ee728b)
Start importing Assets/shaders/Toto/WorldUV.mat using Guid(8aee4b80d12c54843a915734d9935eef) Importer(815301076,1909f56bfc062723c751e8b465ee728b)  -> (artifact id: '9d500d81ae595c52011e673dd29ee64e') in 0.050037 seconds
Number of updated asset objects reloaded before import = 0
Number of asset objects unloaded after import = 3
========================================================================
Received Import Request.
  Time since last request: 23.435135 seconds.
  path: Assets/shaders/Toto/WorldUV.mat
  artifactKey: Guid(8aee4b80d12c54843a915734d9935eef) Importer(815301076,1909f56bfc062723c751e8b465ee728b)
Start importing Assets/shaders/Toto/WorldUV.mat using Guid(8aee4b80d12c54843a915734d9935eef) Importer(815301076,1909f56bfc062723c751e8b465ee728b)  -> (artifact id: '2642a452b7f80e6fe8455a6abd0a9cde') in 0.257998 seconds
Number of updated asset objects reloaded before import = 0
Number of asset objects unloaded after import = 3
========================================================================
Received Import Request.
  Time since last request: 207.421458 seconds.
  path: Assets/AmplifyShaderEditor/Examples/Assets
  artifactKey: Guid(68a69f7753dc09d4f917f5af818828bc) Importer(815301076,1909f56bfc062723c751e8b465ee728b)
Start importing Assets/AmplifyShaderEditor/Examples/Assets using Guid(68a69f7753dc09d4f917f5af818828bc) Importer(815301076,1909f56bfc062723c751e8b465ee728b)  -> (artifact id: 'bd5046edc97617af5ba07109b656deb8') in 0.002440 seconds
Number of updated asset objects reloaded before import = 0
Number of asset objects unloaded after import = 0
========================================================================
Received Import Request.
  Time since last request: 1.896703 seconds.
  path: Assets/AmplifyShaderEditor/Examples/Assets/Textures
  artifactKey: Guid(3b103295f82bb694da0e0b91e8743035) Importer(815301076,1909f56bfc062723c751e8b465ee728b)
Start importing Assets/AmplifyShaderEditor/Examples/Assets/Textures using Guid(3b103295f82bb694da0e0b91e8743035) Importer(815301076,1909f56bfc062723c751e8b465ee728b)  -> (artifact id: 'bbe5d5d8ee8861a899210612ff1cfc2c') in 0.001607 seconds
Number of updated asset objects reloaded before import = 0
Number of asset objects unloaded after import = 0
========================================================================
Received Import Request.
  Time since last request: 11.263566 seconds.
  path: Assets/AmplifyShaderEditor/AmplifyShaderEditor.asmdef
  artifactKey: Guid(f540dafdfbc0586439d98823585550d4) Importer(815301076,1909f56bfc062723c751e8b465ee728b)
Start importing Assets/AmplifyShaderEditor/AmplifyShaderEditor.asmdef using Guid(f540dafdfbc0586439d98823585550d4) Importer(815301076,1909f56bfc062723c751e8b465ee728b)  -> (artifact id: 'dda1a54f7a5cf655e526e95e8e0c8f0b') in 0.000945 seconds
Number of updated asset objects reloaded before import = 0
Number of asset objects unloaded after import = 0
========================================================================
Received Import Request.
  Time since last request: 5.979044 seconds.
  path: Assets/shaders/Galaxi.jpg
  artifactKey: Guid(f966879d524ddf147b5783bd0b6e07d7) Importer(815301076,1909f56bfc062723c751e8b465ee728b)
Start importing Assets/shaders/Galaxi.jpg using Guid(f966879d524ddf147b5783bd0b6e07d7) Importer(815301076,1909f56bfc062723c751e8b465ee728b)  -> (artifact id: '2fc5ba784a13ed4c2f1da20a57d697d2') in 0.053781 seconds
Number of updated asset objects reloaded before import = 0
Number of asset objects unloaded after import = 2
========================================================================
Received Import Request.
  Time since last request: 365.337440 seconds.
  path: Assets/shaders/Nike.jpg
  artifactKey: Guid(2a4e9bf62056fd5498bf6e0526ff82a6) Importer(815301076,1909f56bfc062723c751e8b465ee728b)
Start importing Assets/shaders/Nike.jpg using Guid(2a4e9bf62056fd5498bf6e0526ff82a6) Importer(815301076,1909f56bfc062723c751e8b465ee728b)  -> (artifact id: '087adcadde178b67dc802dfca97e21f5') in 0.052525 seconds
Number of updated asset objects reloaded before import = 0
Number of asset objects unloaded after import = 2
========================================================================
Received Import Request.
  Time since last request: 4.754122 seconds.
  path: Assets/shaders/Toto/WorldUV.mat
  artifactKey: Guid(8aee4b80d12c54843a915734d9935eef) Importer(815301076,1909f56bfc062723c751e8b465ee728b)
Start importing Assets/shaders/Toto/WorldUV.mat using Guid(8aee4b80d12c54843a915734d9935eef) Importer(815301076,1909f56bfc062723c751e8b465ee728b)  -> (artifact id: 'eabdd7b2ac18615bcd75621a19da149b') in 0.348450 seconds
Number of updated asset objects reloaded before import = 0
Number of asset objects unloaded after import = 3
========================================================================
Received Import Request.
  Time since last request: 12.716151 seconds.
  path: Assets/shaders/Toto/ParallaxOcclussionMapping 1.mat
  artifactKey: Guid(23cd0a7770006914889215177353837e) Importer(815301076,1909f56bfc062723c751e8b465ee728b)
Start importing Assets/shaders/Toto/ParallaxOcclussionMapping 1.mat using Guid(23cd0a7770006914889215177353837e) Importer(815301076,1909f56bfc062723c751e8b465ee728b)  -> (artifact id: 'b8c1595d27f2d762158f748adcfc4cd9') in 0.032887 seconds
Number of updated asset objects reloaded before import = 0
Number of asset objects unloaded after import = 4
========================================================================
Received Import Request.
  Time since last request: 8.485923 seconds.
  path: Assets/shaders/Toto/NikeMaterial.mat
  artifactKey: Guid(23cd0a7770006914889215177353837e) Importer(815301076,1909f56bfc062723c751e8b465ee728b)
Start importing Assets/shaders/Toto/NikeMaterial.mat using Guid(23cd0a7770006914889215177353837e) Importer(815301076,1909f56bfc062723c751e8b465ee728b)  -> (artifact id: '9c93394654494bbf7bedb97dbe792e89') in 0.034634 seconds
Number of updated asset objects reloaded before import = 0
Number of asset objects unloaded after import = 4
========================================================================
Received Import Request.
  Time since last request: 47.076588 seconds.
  path: Assets/shaders/Toto/NikeMaterial.mat
  artifactKey: Guid(23cd0a7770006914889215177353837e) Importer(815301076,1909f56bfc062723c751e8b465ee728b)
Start importing Assets/shaders/Toto/NikeMaterial.mat using Guid(23cd0a7770006914889215177353837e) Importer(815301076,1909f56bfc062723c751e8b465ee728b)  -> (artifact id: '22862ad8daf271b013a601ec64c6e1fc') in 0.344412 seconds
Number of updated asset objects reloaded before import = 0
Number of asset objects unloaded after import = 3
========================================================================
Received Import Request.
  Time since last request: 100.905805 seconds.
  path: Assets/shaders/Toto/NikeMaterial.mat
  artifactKey: Guid(23cd0a7770006914889215177353837e) Importer(815301076,1909f56bfc062723c751e8b465ee728b)
Start importing Assets/shaders/Toto/NikeMaterial.mat using Guid(23cd0a7770006914889215177353837e) Importer(815301076,1909f56bfc062723c751e8b465ee728b)  -> (artifact id: '5f1bdc8b30e19c39af885af95d2b517d') in 0.523153 seconds
Number of updated asset objects reloaded before import = 0
Number of asset objects unloaded after import = 3
========================================================================
Received Import Request.
  Time since last request: 141.295200 seconds.
  path: Assets/shaders/Toto/WorldUV.mat
  artifactKey: Guid(8aee4b80d12c54843a915734d9935eef) Importer(815301076,1909f56bfc062723c751e8b465ee728b)
Start importing Assets/shaders/Toto/WorldUV.mat using Guid(8aee4b80d12c54843a915734d9935eef) Importer(815301076,1909f56bfc062723c751e8b465ee728b)  -> (artifact id: '7de53d0e5d9fd582d8a8af220498622f') in 0.216149 seconds
Number of updated asset objects reloaded before import = 0
Number of asset objects unloaded after import = 3
========================================================================
Received Import Request.
  Time since last request: 228.809310 seconds.
  path: Assets/shaders/Toto/Isla.mat
  artifactKey: Guid(a459447d2bad16943bb0d00ffba2ed5f) Importer(815301076,1909f56bfc062723c751e8b465ee728b)
Start importing Assets/shaders/Toto/Isla.mat using Guid(a459447d2bad16943bb0d00ffba2ed5f) Importer(815301076,1909f56bfc062723c751e8b465ee728b)  -> (artifact id: '9fbe09b1b7908b03d43253167e0e44d7') in 0.570386 seconds
Number of updated asset objects reloaded before import = 1
Number of asset objects unloaded after import = 3
========================================================================
Received Import Request.
  Time since last request: 1.878926 seconds.
  path: Assets/shaders/Toto/Isla.mat
  artifactKey: Guid(a459447d2bad16943bb0d00ffba2ed5f) Importer(815301076,1909f56bfc062723c751e8b465ee728b)
Start importing Assets/shaders/Toto/Isla.mat using Guid(a459447d2bad16943bb0d00ffba2ed5f) Importer(815301076,1909f56bfc062723c751e8b465ee728b)  -> (artifact id: 'e823f9c9a40801b7f924364347f1e780') in 0.425970 seconds
Number of updated asset objects reloaded before import = 1
Number of asset objects unloaded after import = 3
========================================================================
Received Import Request.
  Time since last request: 10.562539 seconds.
  path: Assets/shaders/Toto/Isla.mat
  artifactKey: Guid(a459447d2bad16943bb0d00ffba2ed5f) Importer(815301076,1909f56bfc062723c751e8b465ee728b)
Start importing Assets/shaders/Toto/Isla.mat using Guid(a459447d2bad16943bb0d00ffba2ed5f) Importer(815301076,1909f56bfc062723c751e8b465ee728b)  -> (artifact id: 'a0b96f021a576bbea6387d4110bf125f') in 0.413591 seconds
Number of updated asset objects reloaded before import = 1
Number of asset objects unloaded after import = 3
========================================================================
Received Import Request.
  Time since last request: 19.357244 seconds.
  path: Assets/shaders/Toto/NikeMaterial.mat
  artifactKey: Guid(23cd0a7770006914889215177353837e) Importer(815301076,1909f56bfc062723c751e8b465ee728b)
Start importing Assets/shaders/Toto/NikeMaterial.mat using Guid(23cd0a7770006914889215177353837e) Importer(815301076,1909f56bfc062723c751e8b465ee728b)  -> (artifact id: 'bc6eeb7f1071df7ccdc74dc970631a65') in 0.280650 seconds
Number of updated asset objects reloaded before import = 0
Number of asset objects unloaded after import = 3
========================================================================
Received Import Request.
  Time since last request: 59.714559 seconds.
  path: Assets/shaders/Toto/Isla.mat
  artifactKey: Guid(a459447d2bad16943bb0d00ffba2ed5f) Importer(815301076,1909f56bfc062723c751e8b465ee728b)
Start importing Assets/shaders/Toto/Isla.mat using Guid(a459447d2bad16943bb0d00ffba2ed5f) Importer(815301076,1909f56bfc062723c751e8b465ee728b)  -> (artifact id: '8f8fef71e443fb49a3cf6acdcc9daa6f') in 0.546338 seconds
Number of updated asset objects reloaded before import = 1
Number of asset objects unloaded after import = 3
========================================================================
Received Import Request.
  Time since last request: 12.103357 seconds.
  path: Assets/shaders/Toto/NikeMaterial.mat
  artifactKey: Guid(23cd0a7770006914889215177353837e) Importer(815301076,1909f56bfc062723c751e8b465ee728b)
Start importing Assets/shaders/Toto/NikeMaterial.mat using Guid(23cd0a7770006914889215177353837e) Importer(815301076,1909f56bfc062723c751e8b465ee728b)  -> (artifact id: 'f2b69e9775cad4d19473fabcf1679da6') in 0.038464 seconds
Number of updated asset objects reloaded before import = 0
Number of asset objects unloaded after import = 3
========================================================================
Received Import Request.
  Time since last request: 1.565212 seconds.
  path: Assets/shaders/Toto/ParallaxOcclussionMapping.mat
  artifactKey: Guid(603df0a506ecf1d4d82fce70dabc6b94) Importer(815301076,1909f56bfc062723c751e8b465ee728b)
Start importing Assets/shaders/Toto/ParallaxOcclussionMapping.mat using Guid(603df0a506ecf1d4d82fce70dabc6b94) Importer(815301076,1909f56bfc062723c751e8b465ee728b)  -> (artifact id: 'a6b0a21f6812313ca868a066a08a92f8') in 0.018619 seconds
Number of updated asset objects reloaded before import = 0
Number of asset objects unloaded after import = 4
========================================================================
Received Import Request.
  Time since last request: 19.799062 seconds.
  path: Assets/shaders/Toto/ParallaxOcclussionMapping.shader
  artifactKey: Guid(76488be3be594fd4f87e99a5607c41d3) Importer(815301076,1909f56bfc062723c751e8b465ee728b)
Start importing Assets/shaders/Toto/ParallaxOcclussionMapping.shader using Guid(76488be3be594fd4f87e99a5607c41d3) Importer(815301076,1909f56bfc062723c751e8b465ee728b)  -> (artifact id: '8a55825ef93d41f553f04ad79c9362a8') in 0.005061 seconds
Number of updated asset objects reloaded before import = 0
Number of asset objects unloaded after import = 1
========================================================================
Received Import Request.
  Time since last request: 40.746629 seconds.
  path: Assets/shaders/Toto/ParallaxOcclussionMapping.mat
  artifactKey: Guid(603df0a506ecf1d4d82fce70dabc6b94) Importer(815301076,1909f56bfc062723c751e8b465ee728b)
Start importing Assets/shaders/Toto/ParallaxOcclussionMapping.mat using Guid(603df0a506ecf1d4d82fce70dabc6b94) Importer(815301076,1909f56bfc062723c751e8b465ee728b)  -> (artifact id: '9f24bcdc7c6eaede494334dfb991a713') in 0.281152 seconds
Number of updated asset objects reloaded before import = 0
Number of asset objects unloaded after import = 4
========================================================================
Received Import Request.
  Time since last request: 24.926960 seconds.
  path: Assets/shaders/Toto/Nike.shader
  artifactKey: Guid(4a1807fa433feea48a9c57ec576b0a13) Importer(815301076,1909f56bfc062723c751e8b465ee728b)
Start importing Assets/shaders/Toto/Nike.shader using Guid(4a1807fa433feea48a9c57ec576b0a13) Importer(815301076,1909f56bfc062723c751e8b465ee728b)  -> (artifact id: '9621c58efb5c7647586e57f126e43088') in 0.003401 seconds
Number of updated asset objects reloaded before import = 0
Number of asset objects unloaded after import = 1
========================================================================
Received Import Request.
  Time since last request: 4.623207 seconds.
  path: Assets/shaders/Toto/Nike.mat
  artifactKey: Guid(c1f51189e07cd7d43a7e5b3d9b8b30d9) Importer(815301076,1909f56bfc062723c751e8b465ee728b)
Start importing Assets/shaders/Toto/Nike.mat using Guid(c1f51189e07cd7d43a7e5b3d9b8b30d9) Importer(815301076,1909f56bfc062723c751e8b465ee728b)  -> (artifact id: '9dcf2fa7a744dd2727e7eb402ba0ebe6') in 0.240030 seconds
Number of updated asset objects reloaded before import = 0
Number of asset objects unloaded after import = 2
========================================================================
Received Import Request.
  Time since last request: 8.384015 seconds.
  path: Assets/shaders/Toto/Nike.mat
  artifactKey: Guid(c1f51189e07cd7d43a7e5b3d9b8b30d9) Importer(815301076,1909f56bfc062723c751e8b465ee728b)
Start importing Assets/shaders/Toto/Nike.mat using Guid(c1f51189e07cd7d43a7e5b3d9b8b30d9) Importer(815301076,1909f56bfc062723c751e8b465ee728b)  -> (artifact id: 'e220f38b5393224d46e70018bda26b36') in 0.189782 seconds
Number of updated asset objects reloaded before import = 0
Number of asset objects unloaded after import = 2
========================================================================
Received Import Request.
  Time since last request: 66.610533 seconds.
  path: Assets/shaders/Toto/Nike.mat
  artifactKey: Guid(c1f51189e07cd7d43a7e5b3d9b8b30d9) Importer(815301076,1909f56bfc062723c751e8b465ee728b)
Start importing Assets/shaders/Toto/Nike.mat using Guid(c1f51189e07cd7d43a7e5b3d9b8b30d9) Importer(815301076,1909f56bfc062723c751e8b465ee728b)  -> (artifact id: '23e79c3034a87d704a8dabb51ea814af') in 0.340356 seconds
Number of updated asset objects reloaded before import = 0
Number of asset objects unloaded after import = 2
========================================================================
Received Import Request.
  Time since last request: 1.332687 seconds.
  path: Assets/shaders/Toto/Nike.mat
  artifactKey: Guid(c1f51189e07cd7d43a7e5b3d9b8b30d9) Importer(815301076,1909f56bfc062723c751e8b465ee728b)
Start importing Assets/shaders/Toto/Nike.mat using Guid(c1f51189e07cd7d43a7e5b3d9b8b30d9) Importer(815301076,1909f56bfc062723c751e8b465ee728b)  -> (artifact id: 'e17aea26b2e9e513ead9d23fc4654640') in 0.285777 seconds
Number of updated asset objects reloaded before import = 0
Number of asset objects unloaded after import = 2
========================================================================
Received Import Request.
  Time since last request: 17.483399 seconds.
  path: Assets/shaders/Toto/Nike.mat
  artifactKey: Guid(c1f51189e07cd7d43a7e5b3d9b8b30d9) Importer(815301076,1909f56bfc062723c751e8b465ee728b)
Start importing Assets/shaders/Toto/Nike.mat using Guid(c1f51189e07cd7d43a7e5b3d9b8b30d9) Importer(815301076,1909f56bfc062723c751e8b465ee728b)  -> (artifact id: '2fa44c625c50482299585bcdb2460343') in 0.309063 seconds
Number of updated asset objects reloaded before import = 0
Number of asset objects unloaded after import = 2
========================================================================
Received Import Request.
  Time since last request: 31.527458 seconds.
  path: Assets/shaders/Toto/Nike.mat
  artifactKey: Guid(c1f51189e07cd7d43a7e5b3d9b8b30d9) Importer(815301076,1909f56bfc062723c751e8b465ee728b)
Start importing Assets/shaders/Toto/Nike.mat using Guid(c1f51189e07cd7d43a7e5b3d9b8b30d9) Importer(815301076,1909f56bfc062723c751e8b465ee728b)  -> (artifact id: '68b6fd47af1860ae407490e21b6ddd2f') in 0.335458 seconds
Number of updated asset objects reloaded before import = 0
Number of asset objects unloaded after import = 3
========================================================================
Received Import Request.
  Time since last request: 14.845412 seconds.
  path: Assets/shaders/Toto/Nike.mat
  artifactKey: Guid(c1f51189e07cd7d43a7e5b3d9b8b30d9) Importer(815301076,1909f56bfc062723c751e8b465ee728b)
Start importing Assets/shaders/Toto/Nike.mat using Guid(c1f51189e07cd7d43a7e5b3d9b8b30d9) Importer(815301076,1909f56bfc062723c751e8b465ee728b)  -> (artifact id: '42bda3733af0737c321f0352e10123df') in 0.031135 seconds
Number of updated asset objects reloaded before import = 0
Number of asset objects unloaded after import = 5
