Using pre-set license
Built from '2022.3/staging' branch; Version is '2022.3.16f1 (d2c21f0ef2f1) revision 13812255'; Using compiler version '192829333'; Build Type 'Release'
OS: 'Windows 11  (10.0.26100) 64bit Professional' Language: 'es' Physical Memory: 16011 MB
BatchMode: 1, IsHumanControllingUs: 0, StartBugReporterOnCrash: 0, Is64bit: 1, IsPro: 1

COMMAND LINE ARGUMENTS:
C:\Program Files\Unity\Hub\Editor\2022.3.16f1\Editor\Unity.exe
-adb2
-batchMode
-noUpm
-name
AssetImportWorker6
-projectPath
C:/Users/User/TODO/UNITY/REPOSITORIOS/Shaderzzz
-logFile
Logs/AssetImportWorker6.log
-srvPort
56032
Successfully changed project path to: C:/Users/User/TODO/UNITY/REPOSITORIOS/Shaderzzz
C:/Users/User/TODO/UNITY/REPOSITORIOS/Shaderzzz
[UnityMemory] Configuration Parameters - Can be set up in boot.config
    "memorysetup-bucket-allocator-granularity=16"
    "memorysetup-bucket-allocator-bucket-count=8"
    "memorysetup-bucket-allocator-block-size=33554432"
    "memorysetup-bucket-allocator-block-count=8"
    "memorysetup-main-allocator-block-size=16777216"
    "memorysetup-thread-allocator-block-size=16777216"
    "memorysetup-gfx-main-allocator-block-size=16777216"
    "memorysetup-gfx-thread-allocator-block-size=16777216"
    "memorysetup-cache-allocator-block-size=4194304"
    "memorysetup-typetree-allocator-block-size=2097152"
    "memorysetup-profiler-bucket-allocator-granularity=16"
    "memorysetup-profiler-bucket-allocator-bucket-count=8"
    "memorysetup-profiler-bucket-allocator-block-size=33554432"
    "memorysetup-profiler-bucket-allocator-block-count=8"
    "memorysetup-profiler-allocator-block-size=16777216"
    "memorysetup-profiler-editor-allocator-block-size=1048576"
    "memorysetup-temp-allocator-size-main=16777216"
    "memorysetup-job-temp-allocator-block-size=2097152"
    "memorysetup-job-temp-allocator-block-size-background=1048576"
    "memorysetup-job-temp-allocator-reduction-small-platforms=262144"
    "memorysetup-allocator-temp-initial-block-size-main=262144"
    "memorysetup-allocator-temp-initial-block-size-worker=262144"
    "memorysetup-temp-allocator-size-background-worker=32768"
    "memorysetup-temp-allocator-size-job-worker=262144"
    "memorysetup-temp-allocator-size-preload-manager=33554432"
    "memorysetup-temp-allocator-size-nav-mesh-worker=65536"
    "memorysetup-temp-allocator-size-audio-worker=65536"
    "memorysetup-temp-allocator-size-cloud-worker=32768"
    "memorysetup-temp-allocator-size-gi-baking-worker=262144"
    "memorysetup-temp-allocator-size-gfx=262144"
Player connection [24892] Host "[IP] 10.100.121.200 [Port] 0 [Flags] 2 [Guid] 4065307481 [EditorId] 4065307481 [Version] 1048832 [Id] WindowsEditor(7,DESKTOP-U9FQ2HB) [Debug] 1 [PackageName] WindowsEditor [ProjectName] Editor" joined multi-casting on [225.0.0.222:54997]...

Player connection [24892] Host "[IP] 10.100.121.200 [Port] 0 [Flags] 2 [Guid] 4065307481 [EditorId] 4065307481 [Version] 1048832 [Id] WindowsEditor(7,DESKTOP-U9FQ2HB) [Debug] 1 [PackageName] WindowsEditor [ProjectName] Editor" joined alternative multi-casting on [225.0.0.222:34997]...

[Physics::Module] Initialized MultithreadedJobDispatcher with 15 workers.
Refreshing native plugins compatible for Editor in 7.00 ms, found 4 plugins.
Preloading 0 native plugins for Editor in 0.00 ms.
Initialize engine version: 2022.3.16f1 (d2c21f0ef2f1)
[Subsystems] Discovering subsystems at path C:/Program Files/Unity/Hub/Editor/2022.3.16f1/Editor/Data/Resources/UnitySubsystems
[Subsystems] Discovering subsystems at path C:/Users/User/TODO/UNITY/REPOSITORIOS/Shaderzzz/Assets
GfxDevice: creating device client; threaded=0; jobified=0
Direct3D:
    Version:  Direct3D 11.0 [level 11.1]
    Renderer: NVIDIA GeForce RTX 4060 Laptop GPU (ID=0x28e0)
    Vendor:   NVIDIA
    VRAM:     7956 MB
    Driver:   32.0.15.9174
Shader 'ASESampleShaders/Terrain/TerrainSnowCoverageFirstPass': dependency 'BaseMapShader' shader 'ASESampleShaders/TerrainBase' not found
Shader 'ASESampleShaders/Terrain/TerrainSnowCoverageFirstPass': dependency 'BaseMapShader' shader 'ASESampleShaders/TerrainBase' not found
Initialize mono
Mono path[0] = 'C:/Program Files/Unity/Hub/Editor/2022.3.16f1/Editor/Data/Managed'
Mono path[1] = 'C:/Program Files/Unity/Hub/Editor/2022.3.16f1/Editor/Data/MonoBleedingEdge/lib/mono/unityjit-win32'
Mono config path = 'C:/Program Files/Unity/Hub/Editor/2022.3.16f1/Editor/Data/MonoBleedingEdge/etc'
Using monoOptions --debugger-agent=transport=dt_socket,embedding=1,server=y,suspend=n,address=127.0.0.1:56020
Begin MonoManager ReloadAssembly
Registering precompiled unity dll's ...
Register platform support module: C:/Program Files/Unity/Hub/Editor/2022.3.16f1/Editor/Data/PlaybackEngines/WindowsStandaloneSupport/UnityEditor.WindowsStandalone.Extensions.dll
Registered in 0.004672 seconds.
- Loaded All Assemblies, in  0.217 seconds
Native extension for WindowsStandalone target not found
Mono: successfully reloaded assembly
- Finished resetting the current domain, in  0.162 seconds
Domain Reload Profiling: 378ms
	BeginReloadAssembly (68ms)
		ExecutionOrderSort (0ms)
		DisableScriptedObjects (0ms)
		BackupInstance (0ms)
		ReleaseScriptingObjects (0ms)
		CreateAndSetChildDomain (0ms)
	RebuildCommonClasses (22ms)
	RebuildNativeTypeToScriptingClass (6ms)
	initialDomainReloadingComplete (37ms)
	LoadAllAssembliesAndSetupDomain (82ms)
		LoadAssemblies (67ms)
		RebuildTransferFunctionScriptingTraits (0ms)
		AnalyzeDomain (81ms)
			TypeCache.Refresh (80ms)
				TypeCache.ScanAssembly (72ms)
			ScanForSourceGeneratedMonoScriptInfo (0ms)
			ResolveRequiredComponents (0ms)
	FinalizeReload (162ms)
		ReleaseScriptCaches (0ms)
		RebuildScriptCaches (0ms)
		SetupLoadedEditorAssemblies (126ms)
			LogAssemblyErrors (0ms)
			InitializePlatformSupportModulesInManaged (5ms)
			SetLoadedEditorAssemblies (4ms)
			RefreshPlugins (0ms)
			BeforeProcessingInitializeOnLoad (2ms)
			ProcessInitializeOnLoadAttributes (85ms)
			ProcessInitializeOnLoadMethodAttributes (29ms)
			AfterProcessingInitializeOnLoad (0ms)
			EditorAssembliesLoaded (0ms)
		ExecutionOrderSort2 (0ms)
		AwakeInstancesAfterBackupRestoration (0ms)
========================================================================
Worker process is ready to serve import requests
Begin MonoManager ReloadAssembly
- Loaded All Assemblies, in  0.422 seconds
Refreshing native plugins compatible for Editor in 4.00 ms, found 4 plugins.
Native extension for WindowsStandalone target not found
Mono: successfully reloaded assembly
- Finished resetting the current domain, in  0.365 seconds
Domain Reload Profiling: 786ms
	BeginReloadAssembly (96ms)
		ExecutionOrderSort (0ms)
		DisableScriptedObjects (5ms)
		BackupInstance (0ms)
		ReleaseScriptingObjects (0ms)
		CreateAndSetChildDomain (13ms)
	RebuildCommonClasses (21ms)
	RebuildNativeTypeToScriptingClass (7ms)
	initialDomainReloadingComplete (26ms)
	LoadAllAssembliesAndSetupDomain (270ms)
		LoadAssemblies (202ms)
		RebuildTransferFunctionScriptingTraits (0ms)
		AnalyzeDomain (123ms)
			TypeCache.Refresh (104ms)
				TypeCache.ScanAssembly (96ms)
			ScanForSourceGeneratedMonoScriptInfo (14ms)
			ResolveRequiredComponents (3ms)
	FinalizeReload (366ms)
		ReleaseScriptCaches (0ms)
		RebuildScriptCaches (0ms)
		SetupLoadedEditorAssemblies (261ms)
			LogAssemblyErrors (0ms)
			InitializePlatformSupportModulesInManaged (4ms)
			SetLoadedEditorAssemblies (3ms)
			RefreshPlugins (0ms)
			BeforeProcessingInitializeOnLoad (38ms)
			ProcessInitializeOnLoadAttributes (199ms)
			ProcessInitializeOnLoadMethodAttributes (13ms)
			AfterProcessingInitializeOnLoad (4ms)
			EditorAssembliesLoaded (0ms)
		ExecutionOrderSort2 (0ms)
		AwakeInstancesAfterBackupRestoration (4ms)
Shader 'ASESampleShaders/Terrain/TerrainSnowCoverageFirstPass': dependency 'BaseMapShader' shader 'ASESampleShaders/TerrainBase' not found
Launched and connected shader compiler UnityShaderCompiler.exe after 0.03 seconds
Refreshing native plugins compatible for Editor in 2.88 ms, found 4 plugins.
Preloading 0 native plugins for Editor in 0.00 ms.
Unloading 4289 Unused Serialized files (Serialized files now loaded: 0)
Unloading 43 unused Assets / (61.2 KB). Loaded Objects now: 4753.
Memory consumption went from 272.4 MB to 272.3 MB.
Total: 1.992500 ms (FindLiveObjects: 0.183400 ms CreateObjectMapping: 0.070100 ms MarkObjects: 1.659000 ms  DeleteObjects: 0.079400 ms)

AssetImportParameters requested are different than current active one (requested -> active):
  custom:container-demuxer-ogg: 62fdf1f143b41e24485cea50d1cbac27 -> 
  custom:video-codec-MediaFoundation-h265: 746d11721c4dcdbdad8f713fa42b33f4 -> 
  custom:video-decoder-ogg-theora: a1e56fd34408186e4bbccfd4996cb3dc -> 
  custom:framework-win-MediaFoundation: 216162199b28c13a410421893ffa2e32 -> 
  custom:CustomObjectIndexerAttribute: 43b350a4d6e6d1791af0b5038c4bea17 -> 
  custom:container-demuxer-webm: 4f35f7cbe854078d1ac9338744f61a02 -> 
  custom:container-muxer-webm: aa71ff27fc2769a1b78a27578f13a17b -> 
  custom:video-decoder-webm-vp8: 9c59270c3fd7afecdb556c50c9e8de78 -> 
  custom:SearchIndexIgnoredProperties: e643bd26f0fe6173181afceb89e7c659 -> 
  custom:AudioImporter_EditorPlatform: d09bf68614088b80899f8185d706f6e7 -> 
  custom:video-encoder-webm-vp8: eb34c28f22e8b96e1ab97ce403110664 -> 
  custom:audio-decoder-ogg-vorbis: bf7c407c2cedff20999df2af8eb42d56 -> 
  custom:audio-encoder-webm-vorbis: bf7c407c2cedff20999df2af8eb42d56 -> 
========================================================================
Received Import Request.
  Time since last request: 783188.911480 seconds.
  path: Assets/AmplifyShaderEditor/Examples/Assets/Textures/Misc/TempNoise.tga
  artifactKey: Guid(e24b2c680edaa90458d31f11544d79ca) Importer(815301076,1909f56bfc062723c751e8b465ee728b)
Start importing Assets/AmplifyShaderEditor/Examples/Assets/Textures/Misc/TempNoise.tga using Guid(e24b2c680edaa90458d31f11544d79ca) Importer(815301076,1909f56bfc062723c751e8b465ee728b)  -> (artifact id: '8c1e58ff4dc1e15b25a722591a86331a') in 0.053315 seconds
Number of updated asset objects reloaded before import = 0
Number of asset objects unloaded after import = 2
========================================================================
Received Import Request.
  Time since last request: 466.328116 seconds.
  path: Assets/AmplifyShaderEditor/Plugins/EditorResources/UI/Buttons/MiniBotRightOn.png
  artifactKey: Guid(3821e905373e9fb4aac56ad254ba5769) Importer(815301076,1909f56bfc062723c751e8b465ee728b)
Start importing Assets/AmplifyShaderEditor/Plugins/EditorResources/UI/Buttons/MiniBotRightOn.png using Guid(3821e905373e9fb4aac56ad254ba5769) Importer(815301076,1909f56bfc062723c751e8b465ee728b)  -> (artifact id: '7bd37418276a29357a2df023bd1b3971') in 0.016514 seconds
Number of updated asset objects reloaded before import = 1
Number of asset objects unloaded after import = 2
========================================================================
Received Import Request.
  Time since last request: 0.003452 seconds.
  path: Assets/AmplifyShaderEditor/Plugins/EditorResources/UI/Nodes/NodeSelectedSquare.png
  artifactKey: Guid(080a030f87555fe419ecc1fb9f509118) Importer(815301076,1909f56bfc062723c751e8b465ee728b)
Start importing Assets/AmplifyShaderEditor/Plugins/EditorResources/UI/Nodes/NodeSelectedSquare.png using Guid(080a030f87555fe419ecc1fb9f509118) Importer(815301076,1909f56bfc062723c751e8b465ee728b)  -> (artifact id: '9858ef84386bdda7b8438ec1ef5e76ba') in 0.018765 seconds
Number of updated asset objects reloaded before import = 0
Number of asset objects unloaded after import = 2
========================================================================
Received Import Request.
  Time since last request: 0.000017 seconds.
  path: Assets/AmplifyShaderEditor/Examples/Assets/Textures/Misc/NumberAtlas.png
  artifactKey: Guid(c01fa92039faa084987c37588b7a59ca) Importer(815301076,1909f56bfc062723c751e8b465ee728b)
Start importing Assets/AmplifyShaderEditor/Examples/Assets/Textures/Misc/NumberAtlas.png using Guid(c01fa92039faa084987c37588b7a59ca) Importer(815301076,1909f56bfc062723c751e8b465ee728b)  -> (artifact id: '7e4389ce1d38f3b9f02456e251a96d5e') in 0.022421 seconds
Number of updated asset objects reloaded before import = 0
Number of asset objects unloaded after import = 2
========================================================================
Received Import Request.
  Time since last request: 0.000016 seconds.
  path: Assets/AmplifyShaderEditor/Plugins/EditorResources/UI/Nodes/NodeSelected.png
  artifactKey: Guid(24fb767323009c143a4e744a2025a27e) Importer(815301076,1909f56bfc062723c751e8b465ee728b)
Start importing Assets/AmplifyShaderEditor/Plugins/EditorResources/UI/Nodes/NodeSelected.png using Guid(24fb767323009c143a4e744a2025a27e) Importer(815301076,1909f56bfc062723c751e8b465ee728b)  -> (artifact id: '2aacaa6cba50bba747213e036ff172a7') in 0.022632 seconds
Number of updated asset objects reloaded before import = 0
Number of asset objects unloaded after import = 2
========================================================================
Received Import Request.
  Time since last request: 0.000060 seconds.
  path: Assets/AmplifyShaderEditor/Plugins/EditorResources/UI/Buttons/OpenListedShader.png
  artifactKey: Guid(a66917730dccde947a01140dc04b9e59) Importer(815301076,1909f56bfc062723c751e8b465ee728b)
Start importing Assets/AmplifyShaderEditor/Plugins/EditorResources/UI/Buttons/OpenListedShader.png using Guid(a66917730dccde947a01140dc04b9e59) Importer(815301076,1909f56bfc062723c751e8b465ee728b)  -> (artifact id: '02c51e637f5534732d978b19611399df') in 0.018687 seconds
Number of updated asset objects reloaded before import = 0
Number of asset objects unloaded after import = 2
========================================================================
Received Import Request.
  Time since last request: 0.000013 seconds.
  path: Assets/AmplifyShaderEditor/Examples/Built-In/TerrainSnowCoverage/normal.png
  artifactKey: Guid(77fdad851e93f394c9f8a1b1a63b56f3) Importer(815301076,1909f56bfc062723c751e8b465ee728b)
Start importing Assets/AmplifyShaderEditor/Examples/Built-In/TerrainSnowCoverage/normal.png using Guid(77fdad851e93f394c9f8a1b1a63b56f3) Importer(815301076,1909f56bfc062723c751e8b465ee728b)  -> (artifact id: 'db71a834f1349ea249b6ff435e9330ad') in 0.044215 seconds
Number of updated asset objects reloaded before import = 0
Number of asset objects unloaded after import = 2
========================================================================
Received Import Request.
  Time since last request: 0.000019 seconds.
  path: Assets/AmplifyShaderEditor/Plugins/EditorResources/UI/Nodes/NoPreview.png
  artifactKey: Guid(750b1bd7ba8bd28489650de6d0a95cc5) Importer(815301076,1909f56bfc062723c751e8b465ee728b)
Start importing Assets/AmplifyShaderEditor/Plugins/EditorResources/UI/Nodes/NoPreview.png using Guid(750b1bd7ba8bd28489650de6d0a95cc5) Importer(815301076,1909f56bfc062723c751e8b465ee728b)  -> (artifact id: '71bbc2d44be3bf1fc45235dee545f49c') in 0.028524 seconds
Number of updated asset objects reloaded before import = 0
Number of asset objects unloaded after import = 2
========================================================================
Received Import Request.
  Time since last request: 0.993817 seconds.
  path: Assets/AmplifyShaderEditor/Plugins/EditorResources/UI/Buttons/OpenSourceCodeON.PNG
  artifactKey: Guid(8b114792ff84f6546880c031eda42bc0) Importer(815301076,1909f56bfc062723c751e8b465ee728b)
Start importing Assets/AmplifyShaderEditor/Plugins/EditorResources/UI/Buttons/OpenSourceCodeON.PNG using Guid(8b114792ff84f6546880c031eda42bc0) Importer(815301076,1909f56bfc062723c751e8b465ee728b)  -> (artifact id: '02ce1a752570d6f50508c52fb9809195') in 0.018014 seconds
Number of updated asset objects reloaded before import = 0
Number of asset objects unloaded after import = 2
========================================================================
Received Import Request.
  Time since last request: 0.000016 seconds.
  path: Assets/AmplifyShaderEditor/Plugins/EditorResources/UI/Buttons/Options.png
  artifactKey: Guid(36aa64354f0ba4844af761a937eea4df) Importer(815301076,1909f56bfc062723c751e8b465ee728b)
Start importing Assets/AmplifyShaderEditor/Plugins/EditorResources/UI/Buttons/Options.png using Guid(36aa64354f0ba4844af761a937eea4df) Importer(815301076,1909f56bfc062723c751e8b465ee728b)  -> (artifact id: '8afc762b8dd5c3ec6834d14f16611b5f') in 0.018607 seconds
Number of updated asset objects reloaded before import = 0
Number of asset objects unloaded after import = 2
========================================================================
Received Import Request.
  Time since last request: 0.000011 seconds.
  path: Assets/AmplifyShaderEditor/Examples/Assets/Textures/Misc/PortalNormal.png
  artifactKey: Guid(302951faffe230848aa0d3df7bb70faa) Importer(815301076,1909f56bfc062723c751e8b465ee728b)
Start importing Assets/AmplifyShaderEditor/Examples/Assets/Textures/Misc/PortalNormal.png using Guid(302951faffe230848aa0d3df7bb70faa) Importer(815301076,1909f56bfc062723c751e8b465ee728b)  -> (artifact id: 'c3c896ad55af992958824ccd760b5bcf') in 0.024476 seconds
Number of updated asset objects reloaded before import = 0
Number of asset objects unloaded after import = 2
========================================================================
Received Import Request.
  Time since last request: 0.000022 seconds.
  path: Assets/AmplifyShaderEditor/Plugins/EditorResources/UI/Nodes/PreviewOff.png
  artifactKey: Guid(1f3a46793c375864ab816c0d78061e4e) Importer(815301076,1909f56bfc062723c751e8b465ee728b)
Start importing Assets/AmplifyShaderEditor/Plugins/EditorResources/UI/Nodes/PreviewOff.png using Guid(1f3a46793c375864ab816c0d78061e4e) Importer(815301076,1909f56bfc062723c751e8b465ee728b)  -> (artifact id: '4e25c1bfe8a0486e2645f2a150f7d353') in 0.019938 seconds
Number of updated asset objects reloaded before import = 0
Number of asset objects unloaded after import = 2
========================================================================
Received Import Request.
  Time since last request: 0.000018 seconds.
  path: Assets/AmplifyShaderEditor/Plugins/EditorResources/UI/Nodes/PreviewOn.png
  artifactKey: Guid(dae54b5aa457b474e8a1599de1073d26) Importer(815301076,1909f56bfc062723c751e8b465ee728b)
Start importing Assets/AmplifyShaderEditor/Plugins/EditorResources/UI/Nodes/PreviewOn.png using Guid(dae54b5aa457b474e8a1599de1073d26) Importer(815301076,1909f56bfc062723c751e8b465ee728b)  -> (artifact id: '76c62f81515aa14d1e1aac7e06694641') in 0.017261 seconds
Number of updated asset objects reloaded before import = 0
Number of asset objects unloaded after import = 2
========================================================================
Received Import Request.
  Time since last request: 0.000016 seconds.
  path: Assets/AmplifyShaderEditor/Plugins/EditorResources/UI/Nodes/PropertyPicker.png
  artifactKey: Guid(94816692c85001f4dab01ec3666943c0) Importer(815301076,1909f56bfc062723c751e8b465ee728b)
Start importing Assets/AmplifyShaderEditor/Plugins/EditorResources/UI/Nodes/PropertyPicker.png using Guid(94816692c85001f4dab01ec3666943c0) Importer(815301076,1909f56bfc062723c751e8b465ee728b)  -> (artifact id: '33247d29daff5477d106c54d60d153ce') in 0.017893 seconds
Number of updated asset objects reloaded before import = 0
Number of asset objects unloaded after import = 2
========================================================================
Received Import Request.
  Time since last request: 1.601482 seconds.
  path: Assets/AmplifyShaderEditor/Examples/Assets/Textures/Tiles/Tile_H.jpg
  artifactKey: Guid(9f8d9d9e60979574ea22974d2e2c08d4) Importer(815301076,1909f56bfc062723c751e8b465ee728b)
Start importing Assets/AmplifyShaderEditor/Examples/Assets/Textures/Tiles/Tile_H.jpg using Guid(9f8d9d9e60979574ea22974d2e2c08d4) Importer(815301076,1909f56bfc062723c751e8b465ee728b)  -> (artifact id: 'a6f64aa6a7b94fa152b5c75be98ce97b') in 0.018236 seconds
Number of updated asset objects reloaded before import = 0
Number of asset objects unloaded after import = 2
========================================================================
Received Import Request.
  Time since last request: 0.000013 seconds.
  path: Assets/AmplifyShaderEditor/Examples/Built-In/UVLightReveal/UVLight.jpg
  artifactKey: Guid(d611d6f49dd07344aa1277ada0f6bf6c) Importer(815301076,1909f56bfc062723c751e8b465ee728b)
Start importing Assets/AmplifyShaderEditor/Examples/Built-In/UVLightReveal/UVLight.jpg using Guid(d611d6f49dd07344aa1277ada0f6bf6c) Importer(815301076,1909f56bfc062723c751e8b465ee728b)  -> (artifact id: 'a28af7d79b88b02ed51afee950cc383e') in 0.020812 seconds
Number of updated asset objects reloaded before import = 0
Number of asset objects unloaded after import = 2
========================================================================
Received Import Request.
  Time since last request: 24.737613 seconds.
  path: Assets/AmplifyShaderEditor/Examples/Assets/Textures/Rock/rock_n.jpg
  artifactKey: Guid(0bebe40e9ebbecc48b8e9cfea982da7e) Importer(815301076,1909f56bfc062723c751e8b465ee728b)
Start importing Assets/AmplifyShaderEditor/Examples/Assets/Textures/Rock/rock_n.jpg using Guid(0bebe40e9ebbecc48b8e9cfea982da7e) Importer(815301076,1909f56bfc062723c751e8b465ee728b)  -> (artifact id: '535fac756b1f2d9d4f5da84aceb84fda') in 0.020598 seconds
Number of updated asset objects reloaded before import = 0
Number of asset objects unloaded after import = 2
========================================================================
Received Import Request.
  Time since last request: 0.000015 seconds.
  path: Assets/AmplifyShaderEditor/Examples/Assets/Textures/SceneTextures/RubberNormal.tif
  artifactKey: Guid(066f29fd0fc3d0341b96857dcf2cede3) Importer(815301076,1909f56bfc062723c751e8b465ee728b)
Start importing Assets/AmplifyShaderEditor/Examples/Assets/Textures/SceneTextures/RubberNormal.tif using Guid(066f29fd0fc3d0341b96857dcf2cede3) Importer(815301076,1909f56bfc062723c751e8b465ee728b)  -> (artifact id: 'd186a835f08229f0f7070df360888dd8') in 0.017603 seconds
Number of updated asset objects reloaded before import = 0
Number of asset objects unloaded after import = 2
========================================================================
Received Import Request.
  Time since last request: 0.000015 seconds.
  path: Assets/AmplifyShaderEditor/Examples/Assets/Textures/TV/ScreenHandsVDM.exr
  artifactKey: Guid(821049934f0b08f43b59f0e83855b872) Importer(815301076,1909f56bfc062723c751e8b465ee728b)
Start importing Assets/AmplifyShaderEditor/Examples/Assets/Textures/TV/ScreenHandsVDM.exr using Guid(821049934f0b08f43b59f0e83855b872) Importer(815301076,1909f56bfc062723c751e8b465ee728b)  -> (artifact id: '77018ac38e7262fbcbee4d87e09ac89b') in 0.019788 seconds
Number of updated asset objects reloaded before import = 0
Number of asset objects unloaded after import = 2
========================================================================
Received Import Request.
  Time since last request: 30.809139 seconds.
  path: Assets/AmplifyShaderEditor/Examples/Assets/Textures/SceneTextures/TarpNormal.tif
  artifactKey: Guid(5b653e484c8e303439ef414b62f969f0) Importer(815301076,1909f56bfc062723c751e8b465ee728b)
Start importing Assets/AmplifyShaderEditor/Examples/Assets/Textures/SceneTextures/TarpNormal.tif using Guid(5b653e484c8e303439ef414b62f969f0) Importer(815301076,1909f56bfc062723c751e8b465ee728b)  -> (artifact id: '0f1bc2967315e35767f2ebfe06158a03') in 0.020784 seconds
Number of updated asset objects reloaded before import = 0
Number of asset objects unloaded after import = 2
========================================================================
Received Import Request.
  Time since last request: 0.000014 seconds.
  path: Assets/AmplifyShaderEditor/Examples/Assets/Textures/SceneTextures/WoodTile.tif
  artifactKey: Guid(e477163a653bf6246954b3fea8ea8875) Importer(815301076,1909f56bfc062723c751e8b465ee728b)
Start importing Assets/AmplifyShaderEditor/Examples/Assets/Textures/SceneTextures/WoodTile.tif using Guid(e477163a653bf6246954b3fea8ea8875) Importer(815301076,1909f56bfc062723c751e8b465ee728b)  -> (artifact id: '2ad0fa1d8d9f29d0141b10febf8be055') in 0.022037 seconds
Number of updated asset objects reloaded before import = 0
Number of asset objects unloaded after import = 2
========================================================================
Received Import Request.
  Time since last request: 11.473397 seconds.
  path: Assets/AmplifyShaderEditor/Plugins/EditorResources/UI/Buttons/ResetInspectorIcon.png
  artifactKey: Guid(a51794475a883744db8d524cee84e5fc) Importer(815301076,1909f56bfc062723c751e8b465ee728b)
Start importing Assets/AmplifyShaderEditor/Plugins/EditorResources/UI/Buttons/ResetInspectorIcon.png using Guid(a51794475a883744db8d524cee84e5fc) Importer(815301076,1909f56bfc062723c751e8b465ee728b)  -> (artifact id: '0440661144b63fcf8cf6d7961b8e9995') in 0.017634 seconds
Number of updated asset objects reloaded before import = 0
Number of asset objects unloaded after import = 2
========================================================================
Received Import Request.
  Time since last request: 1.107210 seconds.
  path: Assets/AmplifyShaderEditor/Plugins/EditorResources/UI/Canvas/Shader.png
  artifactKey: Guid(555b6a287b4121b479d412e6ea92bb2e) Importer(815301076,1909f56bfc062723c751e8b465ee728b)
Start importing Assets/AmplifyShaderEditor/Plugins/EditorResources/UI/Canvas/Shader.png using Guid(555b6a287b4121b479d412e6ea92bb2e) Importer(815301076,1909f56bfc062723c751e8b465ee728b)  -> (artifact id: '625e604dd5a441de2c17d63c8ee9422c') in 0.020134 seconds
Number of updated asset objects reloaded before import = 0
Number of asset objects unloaded after import = 2
========================================================================
Received Import Request.
  Time since last request: 0.028458 seconds.
  path: Assets/AmplifyShaderEditor/Plugins/EditorResources/UI/Canvas/ShaderModeIcon.PNG
  artifactKey: Guid(f4ca92d9e50d06049b7ccec2c438754d) Importer(815301076,1909f56bfc062723c751e8b465ee728b)
Start importing Assets/AmplifyShaderEditor/Plugins/EditorResources/UI/Canvas/ShaderModeIcon.PNG using Guid(f4ca92d9e50d06049b7ccec2c438754d) Importer(815301076,1909f56bfc062723c751e8b465ee728b)  -> (artifact id: '0aab1e515d28b2b1cf589279557f0be1') in 0.017421 seconds
Number of updated asset objects reloaded before import = 0
Number of asset objects unloaded after import = 2
========================================================================
Received Import Request.
  Time since last request: 0.000017 seconds.
  path: Assets/AmplifyShaderEditor/Plugins/EditorResources/UI/Buttons/ShaderSelectOFF.png
  artifactKey: Guid(ce7d95fa4e635f943a73ce1b19312cc5) Importer(815301076,1909f56bfc062723c751e8b465ee728b)
Start importing Assets/AmplifyShaderEditor/Plugins/EditorResources/UI/Buttons/ShaderSelectOFF.png using Guid(ce7d95fa4e635f943a73ce1b19312cc5) Importer(815301076,1909f56bfc062723c751e8b465ee728b)  -> (artifact id: '6a9f5ed64c5d6ba74bb4d414f99e3dc5') in 0.019115 seconds
Number of updated asset objects reloaded before import = 0
Number of asset objects unloaded after import = 2
========================================================================
Received Import Request.
  Time since last request: 5.935379 seconds.
  path: Assets/AmplifyShaderEditor/Examples/Assets/Textures/Sprites/SpriteExampleAtlas.png
  artifactKey: Guid(6a4891a1ec505d64e97d82bb5a3b9c04) Importer(815301076,1909f56bfc062723c751e8b465ee728b)
Start importing Assets/AmplifyShaderEditor/Examples/Assets/Textures/Sprites/SpriteExampleAtlas.png using Guid(6a4891a1ec505d64e97d82bb5a3b9c04) Importer(815301076,1909f56bfc062723c751e8b465ee728b)  -> (artifact id: 'afe8fe7d94dbdf488aa30df153f615a5') in 0.040484 seconds
Number of updated asset objects reloaded before import = 0
Number of asset objects unloaded after import = 4
========================================================================
Received Import Request.
  Time since last request: 0.000021 seconds.
  path: Assets/AmplifyShaderEditor/Examples/Built-In/PlaneClip/Textures/Textured_Course_Albedo.tga
  artifactKey: Guid(4926e29c8bd5a29479b03ae385fa85dd) Importer(815301076,1909f56bfc062723c751e8b465ee728b)
Start importing Assets/AmplifyShaderEditor/Examples/Built-In/PlaneClip/Textures/Textured_Course_Albedo.tga using Guid(4926e29c8bd5a29479b03ae385fa85dd) Importer(815301076,1909f56bfc062723c751e8b465ee728b)  -> (artifact id: 'a2d3ed71a3cef93118f43ac3d621e2cc') in 0.017802 seconds
Number of updated asset objects reloaded before import = 0
Number of asset objects unloaded after import = 2
========================================================================
Received Import Request.
  Time since last request: 0.000013 seconds.
  path: Assets/AmplifyShaderEditor/Examples/Built-In/Community EnvironmentGradient/TerrainNormal.png
  artifactKey: Guid(c2337c830b1ab1a4f85c7c082a427cba) Importer(815301076,1909f56bfc062723c751e8b465ee728b)
Start importing Assets/AmplifyShaderEditor/Examples/Built-In/Community EnvironmentGradient/TerrainNormal.png using Guid(c2337c830b1ab1a4f85c7c082a427cba) Importer(815301076,1909f56bfc062723c751e8b465ee728b)  -> (artifact id: 'ae585f2d0814013e0621b414ab7aff5a') in 0.029065 seconds
Number of updated asset objects reloaded before import = 0
Number of asset objects unloaded after import = 2
========================================================================
Received Import Request.
  Time since last request: 0.442939 seconds.
  path: Assets/AmplifyShaderEditor/Examples/Assets/Textures/Tiles/Tile_N.jpg
  artifactKey: Guid(00e0021f9f2d77a4fb3d5957267488e7) Importer(815301076,1909f56bfc062723c751e8b465ee728b)
Start importing Assets/AmplifyShaderEditor/Examples/Assets/Textures/Tiles/Tile_N.jpg using Guid(00e0021f9f2d77a4fb3d5957267488e7) Importer(815301076,1909f56bfc062723c751e8b465ee728b)  -> (artifact id: 'b8baffeb3f46418d68af936bfe96bfc5') in 0.017640 seconds
Number of updated asset objects reloaded before import = 0
Number of asset objects unloaded after import = 2
========================================================================
Received Import Request.
  Time since last request: 0.004263 seconds.
  path: Assets/AmplifyShaderEditor/Examples/Assets/Textures/Misc/TileableFire.jpg
  artifactKey: Guid(f7e96904e8667e1439548f0f86389447) Importer(815301076,1909f56bfc062723c751e8b465ee728b)
Start importing Assets/AmplifyShaderEditor/Examples/Assets/Textures/Misc/TileableFire.jpg using Guid(f7e96904e8667e1439548f0f86389447) Importer(815301076,1909f56bfc062723c751e8b465ee728b)  -> (artifact id: '8e4beea1c590285c59108eb8ff656839') in 0.018901 seconds
Number of updated asset objects reloaded before import = 0
Number of asset objects unloaded after import = 2
========================================================================
Received Import Request.
  Time since last request: 0.002667 seconds.
  path: Assets/AmplifyShaderEditor/Plugins/EditorResources/UI/Canvas/TransparentOverlay.png
  artifactKey: Guid(8c4a7fca2884fab419769ccc0355c0c1) Importer(815301076,1909f56bfc062723c751e8b465ee728b)
Start importing Assets/AmplifyShaderEditor/Plugins/EditorResources/UI/Canvas/TransparentOverlay.png using Guid(8c4a7fca2884fab419769ccc0355c0c1) Importer(815301076,1909f56bfc062723c751e8b465ee728b)  -> (artifact id: '8b0cee11e22e97f6c7211fee00408d34') in 0.018829 seconds
Number of updated asset objects reloaded before import = 0
Number of asset objects unloaded after import = 2
========================================================================
Received Import Request.
  Time since last request: 0.248019 seconds.
  path: Assets/AmplifyShaderEditor/Plugins/EditorResources/UI/Buttons/UpdateOFF.png
  artifactKey: Guid(99d70ac09b4db9742b404c3f92d8564b) Importer(815301076,1909f56bfc062723c751e8b465ee728b)
Start importing Assets/AmplifyShaderEditor/Plugins/EditorResources/UI/Buttons/UpdateOFF.png using Guid(99d70ac09b4db9742b404c3f92d8564b) Importer(815301076,1909f56bfc062723c751e8b465ee728b)  -> (artifact id: '520925d772d2c0382e245db89c23960e') in 0.020736 seconds
Number of updated asset objects reloaded before import = 0
Number of asset objects unloaded after import = 2
Editor requested this worker to shutdown with reason: Scaling down because of idle timeout
TcpMessagingSession - receive error: operation aborted. errorcode: 995, details: La operación de E/S se anuló por una salida de subproceso o por una solicitud de aplicación.
AssetImportWorker is now disconnected from the server
Process exiting
Exiting without the bug reporter. Application will terminate with return code 0