Using pre-set license
Built from '2022.3/staging' branch; Version is '2022.3.16f1 (d2c21f0ef2f1) revision 13812255'; Using compiler version '192829333'; Build Type 'Release'
OS: 'Windows 11  (10.0.26100) 64bit Professional' Language: 'es' Physical Memory: 16011 MB
BatchMode: 1, IsHumanControllingUs: 0, StartBugReporterOnCrash: 0, Is64bit: 1, IsPro: 1

COMMAND LINE ARGUMENTS:
C:\Program Files\Unity\Hub\Editor\2022.3.16f1\Editor\Unity.exe
-adb2
-batchMode
-noUpm
-name
AssetImportWorker2
-projectPath
C:/Users/User/TODO/UNITY/REPOSITORIOS/Shaderzzz
-logFile
Logs/AssetImportWorker2.log
-srvPort
56032
Successfully changed project path to: C:/Users/User/TODO/UNITY/REPOSITORIOS/Shaderzzz
C:/Users/User/TODO/UNITY/REPOSITORIOS/Shaderzzz
[UnityMemory] Configuration Parameters - Can be set up in boot.config
    "memorysetup-bucket-allocator-granularity=16"
    "memorysetup-bucket-allocator-bucket-count=8"
    "memorysetup-bucket-allocator-block-size=33554432"
    "memorysetup-bucket-allocator-block-count=8"
    "memorysetup-main-allocator-block-size=16777216"
    "memorysetup-thread-allocator-block-size=16777216"
    "memorysetup-gfx-main-allocator-block-size=16777216"
    "memorysetup-gfx-thread-allocator-block-size=16777216"
    "memorysetup-cache-allocator-block-size=4194304"
    "memorysetup-typetree-allocator-block-size=2097152"
    "memorysetup-profiler-bucket-allocator-granularity=16"
    "memorysetup-profiler-bucket-allocator-bucket-count=8"
    "memorysetup-profiler-bucket-allocator-block-size=33554432"
    "memorysetup-profiler-bucket-allocator-block-count=8"
    "memorysetup-profiler-allocator-block-size=16777216"
    "memorysetup-profiler-editor-allocator-block-size=1048576"
    "memorysetup-temp-allocator-size-main=16777216"
    "memorysetup-job-temp-allocator-block-size=2097152"
    "memorysetup-job-temp-allocator-block-size-background=1048576"
    "memorysetup-job-temp-allocator-reduction-small-platforms=262144"
    "memorysetup-allocator-temp-initial-block-size-main=262144"
    "memorysetup-allocator-temp-initial-block-size-worker=262144"
    "memorysetup-temp-allocator-size-background-worker=32768"
    "memorysetup-temp-allocator-size-job-worker=262144"
    "memorysetup-temp-allocator-size-preload-manager=33554432"
    "memorysetup-temp-allocator-size-nav-mesh-worker=65536"
    "memorysetup-temp-allocator-size-audio-worker=65536"
    "memorysetup-temp-allocator-size-cloud-worker=32768"
    "memorysetup-temp-allocator-size-gi-baking-worker=262144"
    "memorysetup-temp-allocator-size-gfx=262144"
Player connection [13184] Host "[IP] 10.100.121.200 [Port] 0 [Flags] 2 [Guid] 552972684 [EditorId] 552972684 [Version] 1048832 [Id] WindowsEditor(7,DESKTOP-U9FQ2HB) [Debug] 1 [PackageName] WindowsEditor [ProjectName] Editor" joined multi-casting on [225.0.0.222:54997]...

Player connection [13184] Host "[IP] 10.100.121.200 [Port] 0 [Flags] 2 [Guid] 552972684 [EditorId] 552972684 [Version] 1048832 [Id] WindowsEditor(7,DESKTOP-U9FQ2HB) [Debug] 1 [PackageName] WindowsEditor [ProjectName] Editor" joined alternative multi-casting on [225.0.0.222:34997]...

[Physics::Module] Initialized MultithreadedJobDispatcher with 15 workers.
Refreshing native plugins compatible for Editor in 8.77 ms, found 4 plugins.
Preloading 0 native plugins for Editor in 0.00 ms.
Initialize engine version: 2022.3.16f1 (d2c21f0ef2f1)
[Subsystems] Discovering subsystems at path C:/Program Files/Unity/Hub/Editor/2022.3.16f1/Editor/Data/Resources/UnitySubsystems
[Subsystems] Discovering subsystems at path C:/Users/User/TODO/UNITY/REPOSITORIOS/Shaderzzz/Assets
GfxDevice: creating device client; threaded=0; jobified=0
Direct3D:
    Version:  Direct3D 11.0 [level 11.1]
    Renderer: NVIDIA GeForce RTX 4060 Laptop GPU (ID=0x28e0)
    Vendor:   NVIDIA
    VRAM:     7956 MB
    Driver:   32.0.15.9174
Shader 'ASESampleShaders/Terrain/TerrainSnowCoverageFirstPass': dependency 'BaseMapShader' shader 'ASESampleShaders/TerrainBase' not found
Shader 'ASESampleShaders/Terrain/TerrainSnowCoverageFirstPass': dependency 'BaseMapShader' shader 'ASESampleShaders/TerrainBase' not found
Initialize mono
Mono path[0] = 'C:/Program Files/Unity/Hub/Editor/2022.3.16f1/Editor/Data/Managed'
Mono path[1] = 'C:/Program Files/Unity/Hub/Editor/2022.3.16f1/Editor/Data/MonoBleedingEdge/lib/mono/unityjit-win32'
Mono config path = 'C:/Program Files/Unity/Hub/Editor/2022.3.16f1/Editor/Data/MonoBleedingEdge/etc'
Using monoOptions --debugger-agent=transport=dt_socket,embedding=1,server=y,suspend=n,address=127.0.0.1:56512
Begin MonoManager ReloadAssembly
Registering precompiled unity dll's ...
Register platform support module: C:/Program Files/Unity/Hub/Editor/2022.3.16f1/Editor/Data/PlaybackEngines/WindowsStandaloneSupport/UnityEditor.WindowsStandalone.Extensions.dll
Registered in 0.005054 seconds.
- Loaded All Assemblies, in  0.232 seconds
Native extension for WindowsStandalone target not found
Mono: successfully reloaded assembly
- Finished resetting the current domain, in  0.177 seconds
Domain Reload Profiling: 408ms
	BeginReloadAssembly (75ms)
		ExecutionOrderSort (0ms)
		DisableScriptedObjects (0ms)
		BackupInstance (0ms)
		ReleaseScriptingObjects (0ms)
		CreateAndSetChildDomain (1ms)
	RebuildCommonClasses (23ms)
	RebuildNativeTypeToScriptingClass (7ms)
	initialDomainReloadingComplete (39ms)
	LoadAllAssembliesAndSetupDomain (88ms)
		LoadAssemblies (73ms)
		RebuildTransferFunctionScriptingTraits (0ms)
		AnalyzeDomain (87ms)
			TypeCache.Refresh (85ms)
				TypeCache.ScanAssembly (76ms)
			ScanForSourceGeneratedMonoScriptInfo (0ms)
			ResolveRequiredComponents (0ms)
	FinalizeReload (177ms)
		ReleaseScriptCaches (0ms)
		RebuildScriptCaches (0ms)
		SetupLoadedEditorAssemblies (139ms)
			LogAssemblyErrors (0ms)
			InitializePlatformSupportModulesInManaged (6ms)
			SetLoadedEditorAssemblies (5ms)
			RefreshPlugins (0ms)
			BeforeProcessingInitializeOnLoad (1ms)
			ProcessInitializeOnLoadAttributes (95ms)
			ProcessInitializeOnLoadMethodAttributes (31ms)
			AfterProcessingInitializeOnLoad (0ms)
			EditorAssembliesLoaded (0ms)
		ExecutionOrderSort2 (0ms)
		AwakeInstancesAfterBackupRestoration (0ms)
========================================================================
Worker process is ready to serve import requests
Begin MonoManager ReloadAssembly
- Loaded All Assemblies, in  0.474 seconds
Refreshing native plugins compatible for Editor in 3.04 ms, found 4 plugins.
Native extension for WindowsStandalone target not found
Mono: successfully reloaded assembly
- Finished resetting the current domain, in  0.391 seconds
Domain Reload Profiling: 862ms
	BeginReloadAssembly (98ms)
		ExecutionOrderSort (0ms)
		DisableScriptedObjects (3ms)
		BackupInstance (0ms)
		ReleaseScriptingObjects (0ms)
		CreateAndSetChildDomain (13ms)
	RebuildCommonClasses (28ms)
	RebuildNativeTypeToScriptingClass (8ms)
	initialDomainReloadingComplete (33ms)
	LoadAllAssembliesAndSetupDomain (304ms)
		LoadAssemblies (242ms)
		RebuildTransferFunctionScriptingTraits (0ms)
		AnalyzeDomain (123ms)
			TypeCache.Refresh (108ms)
				TypeCache.ScanAssembly (99ms)
			ScanForSourceGeneratedMonoScriptInfo (11ms)
			ResolveRequiredComponents (2ms)
	FinalizeReload (392ms)
		ReleaseScriptCaches (0ms)
		RebuildScriptCaches (0ms)
		SetupLoadedEditorAssemblies (284ms)
			LogAssemblyErrors (0ms)
			InitializePlatformSupportModulesInManaged (4ms)
			SetLoadedEditorAssemblies (3ms)
			RefreshPlugins (0ms)
			BeforeProcessingInitializeOnLoad (41ms)
			ProcessInitializeOnLoadAttributes (219ms)
			ProcessInitializeOnLoadMethodAttributes (13ms)
			AfterProcessingInitializeOnLoad (5ms)
			EditorAssembliesLoaded (0ms)
		ExecutionOrderSort2 (0ms)
		AwakeInstancesAfterBackupRestoration (5ms)
Shader 'ASESampleShaders/Terrain/TerrainSnowCoverageFirstPass': dependency 'BaseMapShader' shader 'ASESampleShaders/TerrainBase' not found
Launched and connected shader compiler UnityShaderCompiler.exe after 0.04 seconds
Refreshing native plugins compatible for Editor in 5.24 ms, found 4 plugins.
Preloading 0 native plugins for Editor in 0.00 ms.
Unloading 4289 Unused Serialized files (Serialized files now loaded: 0)
Unloading 43 unused Assets / (61.0 KB). Loaded Objects now: 4753.
Memory consumption went from 272.3 MB to 272.3 MB.
Total: 3.207100 ms (FindLiveObjects: 0.278000 ms CreateObjectMapping: 0.152500 ms MarkObjects: 2.659400 ms  DeleteObjects: 0.116200 ms)

AssetImportParameters requested are different than current active one (requested -> active):
  custom:container-demuxer-ogg: 62fdf1f143b41e24485cea50d1cbac27 -> 
  custom:video-codec-MediaFoundation-h265: 746d11721c4dcdbdad8f713fa42b33f4 -> 
  custom:video-decoder-ogg-theora: a1e56fd34408186e4bbccfd4996cb3dc -> 
  custom:framework-win-MediaFoundation: 216162199b28c13a410421893ffa2e32 -> 
  custom:CustomObjectIndexerAttribute: 43b350a4d6e6d1791af0b5038c4bea17 -> 
  custom:container-demuxer-webm: 4f35f7cbe854078d1ac9338744f61a02 -> 
  custom:container-muxer-webm: aa71ff27fc2769a1b78a27578f13a17b -> 
  custom:video-decoder-webm-vp8: 9c59270c3fd7afecdb556c50c9e8de78 -> 
  custom:SearchIndexIgnoredProperties: e643bd26f0fe6173181afceb89e7c659 -> 
  custom:AudioImporter_EditorPlatform: d09bf68614088b80899f8185d706f6e7 -> 
  custom:video-encoder-webm-vp8: eb34c28f22e8b96e1ab97ce403110664 -> 
  custom:audio-decoder-ogg-vorbis: bf7c407c2cedff20999df2af8eb42d56 -> 
  custom:audio-encoder-webm-vorbis: bf7c407c2cedff20999df2af8eb42d56 -> 
========================================================================
Received Import Request.
  Time since last request: 781366.030723 seconds.
  path: Assets/shaders/matate.mat
  artifactKey: Guid(752f1154f7c04e34c9456adb3a73d06b) Importer(815301076,1909f56bfc062723c751e8b465ee728b)
Start importing Assets/shaders/matate.mat using Guid(752f1154f7c04e34c9456adb3a73d06b) Importer(815301076,1909f56bfc062723c751e8b465ee728b)  -> (artifact id: '1eed0055642a3cdaf2412f57b7098a5a') in 0.079137 seconds
Number of updated asset objects reloaded before import = 0
Number of asset objects unloaded after import = 2
========================================================================
Received Import Request.
  Time since last request: 2.033959 seconds.
  path: Assets/shaders/matate.mat
  artifactKey: Guid(752f1154f7c04e34c9456adb3a73d06b) Importer(815301076,1909f56bfc062723c751e8b465ee728b)
Start importing Assets/shaders/matate.mat using Guid(752f1154f7c04e34c9456adb3a73d06b) Importer(815301076,1909f56bfc062723c751e8b465ee728b)  -> (artifact id: '376a1f45bbba3de65c92df826391f14f') in 0.141199 seconds
Number of updated asset objects reloaded before import = 1
Number of asset objects unloaded after import = 2
========================================================================
Received Import Request.
  Time since last request: 5.539687 seconds.
  path: Assets/AmplifyShaderEditor/Examples/Built-In/Community ForceShield/ForceShieldPattern.png
  artifactKey: Guid(5798ded558355430c8a9b13ee12a847c) Importer(815301076,1909f56bfc062723c751e8b465ee728b)
Start importing Assets/AmplifyShaderEditor/Examples/Built-In/Community ForceShield/ForceShieldPattern.png using Guid(5798ded558355430c8a9b13ee12a847c) Importer(815301076,1909f56bfc062723c751e8b465ee728b)  -> (artifact id: '0998c18dab50f703d03ee4b3c5dd9d5d') in 0.026392 seconds
Number of updated asset objects reloaded before import = 0
Number of asset objects unloaded after import = 2
========================================================================
Received Import Request.
  Time since last request: 0.000020 seconds.
  path: Assets/AmplifyShaderEditor/Plugins/EditorResources/Textures/white.png
  artifactKey: Guid(37e6f91f3efb0954cbdce254638862ea) Importer(815301076,1909f56bfc062723c751e8b465ee728b)
Start importing Assets/AmplifyShaderEditor/Plugins/EditorResources/Textures/white.png using Guid(37e6f91f3efb0954cbdce254638862ea) Importer(815301076,1909f56bfc062723c751e8b465ee728b)  -> (artifact id: '83424b5446ba6debb5cbc174411f5314') in 0.020092 seconds
Number of updated asset objects reloaded before import = 0
Number of asset objects unloaded after import = 2
========================================================================
Received Import Request.
  Time since last request: 2.185394 seconds.
  path: Assets/AmplifyShaderEditor/Examples/Assets/Textures/Misc/Depth.png
  artifactKey: Guid(d7587323b7bbc084ab37898fd841d0fa) Importer(815301076,1909f56bfc062723c751e8b465ee728b)
Start importing Assets/AmplifyShaderEditor/Examples/Assets/Textures/Misc/Depth.png using Guid(d7587323b7bbc084ab37898fd841d0fa) Importer(815301076,1909f56bfc062723c751e8b465ee728b)  -> (artifact id: '522aad0c7616141b36457c36aaf8a36d') in 0.031229 seconds
Number of updated asset objects reloaded before import = 0
Number of asset objects unloaded after import = 2
========================================================================
Received Import Request.
  Time since last request: 0.000017 seconds.
  path: Assets/AmplifyShaderEditor/Plugins/EditorResources/UI/Buttons/Help.png
  artifactKey: Guid(066674048bbb1e64e8cdcc6c3b4abbeb) Importer(815301076,1909f56bfc062723c751e8b465ee728b)
Start importing Assets/AmplifyShaderEditor/Plugins/EditorResources/UI/Buttons/Help.png using Guid(066674048bbb1e64e8cdcc6c3b4abbeb) Importer(815301076,1909f56bfc062723c751e8b465ee728b)  -> (artifact id: '2b697c6d1a0cfc46d3d2c51fdc48f955') in 0.021999 seconds
Number of updated asset objects reloaded before import = 0
Number of asset objects unloaded after import = 2
========================================================================
Received Import Request.
  Time since last request: 0.913034 seconds.
  path: Assets/AmplifyShaderEditor/Plugins/EditorResources/UI/Buttons/Help2.png
  artifactKey: Guid(77af20044e9766840a6be568806dc22e) Importer(815301076,1909f56bfc062723c751e8b465ee728b)
Start importing Assets/AmplifyShaderEditor/Plugins/EditorResources/UI/Buttons/Help2.png using Guid(77af20044e9766840a6be568806dc22e) Importer(815301076,1909f56bfc062723c751e8b465ee728b)  -> (artifact id: 'a457e0e275d482df4e29e3d6ed7da296') in 0.021227 seconds
Number of updated asset objects reloaded before import = 0
Number of asset objects unloaded after import = 2
========================================================================
Received Import Request.
  Time since last request: 0.000016 seconds.
  path: Assets/AmplifyShaderEditor/Examples/Assets/Textures/SceneTextures/TarpHeight.tif
  artifactKey: Guid(6e6cba53deb4f4e41a81667b73a1ca42) Importer(815301076,1909f56bfc062723c751e8b465ee728b)
Start importing Assets/AmplifyShaderEditor/Examples/Assets/Textures/SceneTextures/TarpHeight.tif using Guid(6e6cba53deb4f4e41a81667b73a1ca42) Importer(815301076,1909f56bfc062723c751e8b465ee728b)  -> (artifact id: '6d64c8a6834d69d42a8c69f2a169a551') in 0.020626 seconds
Number of updated asset objects reloaded before import = 0
Number of asset objects unloaded after import = 2
========================================================================
Received Import Request.
  Time since last request: 51.649760 seconds.
  path: Assets/AmplifyShaderEditor/Examples/Assets/Models/RoundedCube.fbx
  artifactKey: Guid(0eb2fd97e4b2bc14cbebcba12e219ea4) Importer(815301076,1909f56bfc062723c751e8b465ee728b)
Start importing Assets/AmplifyShaderEditor/Examples/Assets/Models/RoundedCube.fbx using Guid(0eb2fd97e4b2bc14cbebcba12e219ea4) Importer(815301076,1909f56bfc062723c751e8b465ee728b)  -> (artifact id: '194170d29a067777ea8e6b2cbd5f1d20') in 0.132972 seconds
Number of updated asset objects reloaded before import = 1
Number of asset objects unloaded after import = 9
========================================================================
Received Import Request.
  Time since last request: 11.568711 seconds.
  path: Assets/AmplifyShaderEditor/Examples/Built-In/Community 2Sided/2Sided.mat
  artifactKey: Guid(8ebbbf2c99a544ca780a2573ef1450fc) Importer(815301076,1909f56bfc062723c751e8b465ee728b)
Start importing Assets/AmplifyShaderEditor/Examples/Built-In/Community 2Sided/2Sided.mat using Guid(8ebbbf2c99a544ca780a2573ef1450fc) Importer(815301076,1909f56bfc062723c751e8b465ee728b)  -> (artifact id: '7df15a91561b65e4802af2fe363c88b0') in 0.163307 seconds
Number of updated asset objects reloaded before import = 0
Number of asset objects unloaded after import = 6
========================================================================
Received Import Request.
  Time since last request: 0.000015 seconds.
  path: Assets/AmplifyShaderEditor/Examples/Built-In/AnimatedUVDistortion/AnimatedUVDistortion.mat
  artifactKey: Guid(92c807cb5cbfe4f469c3292203fea271) Importer(815301076,1909f56bfc062723c751e8b465ee728b)
Start importing Assets/AmplifyShaderEditor/Examples/Built-In/AnimatedUVDistortion/AnimatedUVDistortion.mat using Guid(92c807cb5cbfe4f469c3292203fea271) Importer(815301076,1909f56bfc062723c751e8b465ee728b)  -> (artifact id: '904a822451f7c918c05d04141d43e6d0') in 0.144984 seconds
Number of updated asset objects reloaded before import = 0
Number of asset objects unloaded after import = 3
========================================================================
Received Import Request.
  Time since last request: 0.000021 seconds.
  path: Assets/AmplifyShaderEditor/Examples/Built-In/AnimatedFire-ShaderFunction/AnimatedFire-ShaderFunction.mat
  artifactKey: Guid(9c6c9fcb82afe874a825a9e680e694b2) Importer(815301076,1909f56bfc062723c751e8b465ee728b)
Start importing Assets/AmplifyShaderEditor/Examples/Built-In/AnimatedFire-ShaderFunction/AnimatedFire-ShaderFunction.mat using Guid(9c6c9fcb82afe874a825a9e680e694b2) Importer(815301076,1909f56bfc062723c751e8b465ee728b)  -> (artifact id: 'eec5367f426c18237588820eae7ca915') in 0.144993 seconds
Number of updated asset objects reloaded before import = 0
Number of asset objects unloaded after import = 6
Editor requested this worker to shutdown with reason: Scaling down because of idle timeout
TcpMessagingSession - receive error: operation aborted. errorcode: 995, details: La operación de E/S se anuló por una salida de subproceso o por una solicitud de aplicación.
AssetImportWorker is now disconnected from the server
Process exiting
Exiting without the bug reporter. Application will terminate with return code 0