Using pre-set license
Built from '2022.3/staging' branch; Version is '2022.3.16f1 (d2c21f0ef2f1) revision 13812255'; Using compiler version '192829333'; Build Type 'Release'
OS: 'Windows 11  (10.0.26100) 64bit Professional' Language: 'es' Physical Memory: 16011 MB
BatchMode: 1, IsHumanControllingUs: 0, StartBugReporterOnCrash: 0, Is64bit: 1, IsPro: 1

COMMAND LINE ARGUMENTS:
C:\Program Files\Unity\Hub\Editor\2022.3.16f1\Editor\Unity.exe
-adb2
-batchMode
-noUpm
-name
AssetImportWorker0
-projectPath
C:/Users/User/TODO/UNITY/REPOSITORIOS/ProgramacionGrafica
-logFile
Logs/AssetImportWorker0.log
-srvPort
49676
Successfully changed project path to: C:/Users/User/TODO/UNITY/REPOSITORIOS/ProgramacionGrafica
C:/Users/User/TODO/UNITY/REPOSITORIOS/ProgramacionGrafica
[UnityMemory] Configuration Parameters - Can be set up in boot.config
    "memorysetup-bucket-allocator-granularity=16"
    "memorysetup-bucket-allocator-bucket-count=8"
    "memorysetup-bucket-allocator-block-size=33554432"
    "memorysetup-bucket-allocator-block-count=8"
    "memorysetup-main-allocator-block-size=16777216"
    "memorysetup-thread-allocator-block-size=16777216"
    "memorysetup-gfx-main-allocator-block-size=16777216"
    "memorysetup-gfx-thread-allocator-block-size=16777216"
    "memorysetup-cache-allocator-block-size=4194304"
    "memorysetup-typetree-allocator-block-size=2097152"
    "memorysetup-profiler-bucket-allocator-granularity=16"
    "memorysetup-profiler-bucket-allocator-bucket-count=8"
    "memorysetup-profiler-bucket-allocator-block-size=33554432"
    "memorysetup-profiler-bucket-allocator-block-count=8"
    "memorysetup-profiler-allocator-block-size=16777216"
    "memorysetup-profiler-editor-allocator-block-size=1048576"
    "memorysetup-temp-allocator-size-main=16777216"
    "memorysetup-job-temp-allocator-block-size=2097152"
    "memorysetup-job-temp-allocator-block-size-background=1048576"
    "memorysetup-job-temp-allocator-reduction-small-platforms=262144"
    "memorysetup-allocator-temp-initial-block-size-main=262144"
    "memorysetup-allocator-temp-initial-block-size-worker=262144"
    "memorysetup-temp-allocator-size-background-worker=32768"
    "memorysetup-temp-allocator-size-job-worker=262144"
    "memorysetup-temp-allocator-size-preload-manager=33554432"
    "memorysetup-temp-allocator-size-nav-mesh-worker=65536"
    "memorysetup-temp-allocator-size-audio-worker=65536"
    "memorysetup-temp-allocator-size-cloud-worker=32768"
    "memorysetup-temp-allocator-size-gi-baking-worker=262144"
    "memorysetup-temp-allocator-size-gfx=262144"
Player connection [2084] Host "[IP] 10.100.115.91 [Port] 0 [Flags] 2 [Guid] 519878269 [EditorId] 519878269 [Version] 1048832 [Id] WindowsEditor(7,DESKTOP-U9FQ2HB) [Debug] 1 [PackageName] WindowsEditor [ProjectName] Editor" joined multi-casting on [225.0.0.222:54997]...

Player connection [2084] Host "[IP] 10.100.115.91 [Port] 0 [Flags] 2 [Guid] 519878269 [EditorId] 519878269 [Version] 1048832 [Id] WindowsEditor(7,DESKTOP-U9FQ2HB) [Debug] 1 [PackageName] WindowsEditor [ProjectName] Editor" joined alternative multi-casting on [225.0.0.222:34997]...

[Physics::Module] Initialized MultithreadedJobDispatcher with 15 workers.
Refreshing native plugins compatible for Editor in 7.67 ms, found 4 plugins.
Preloading 0 native plugins for Editor in 0.00 ms.
Initialize engine version: 2022.3.16f1 (d2c21f0ef2f1)
[Subsystems] Discovering subsystems at path C:/Program Files/Unity/Hub/Editor/2022.3.16f1/Editor/Data/Resources/UnitySubsystems
[Subsystems] Discovering subsystems at path C:/Users/User/TODO/UNITY/REPOSITORIOS/ProgramacionGrafica/Assets
GfxDevice: creating device client; threaded=0; jobified=0
Direct3D:
    Version:  Direct3D 11.0 [level 11.1]
    Renderer: NVIDIA GeForce RTX 4060 Laptop GPU (ID=0x28e0)
    Vendor:   NVIDIA
    VRAM:     7956 MB
    Driver:   32.0.15.9174
Shader 'ASESampleShaders/Terrain/TerrainSnowCoverageFirstPass': dependency 'BaseMapShader' shader 'ASESampleShaders/TerrainBase' not found
Shader 'ASESampleShaders/Terrain/TerrainSnowCoverageFirstPass': dependency 'BaseMapShader' shader 'ASESampleShaders/TerrainBase' not found
Initialize mono
Mono path[0] = 'C:/Program Files/Unity/Hub/Editor/2022.3.16f1/Editor/Data/Managed'
Mono path[1] = 'C:/Program Files/Unity/Hub/Editor/2022.3.16f1/Editor/Data/MonoBleedingEdge/lib/mono/unityjit-win32'
Mono config path = 'C:/Program Files/Unity/Hub/Editor/2022.3.16f1/Editor/Data/MonoBleedingEdge/etc'
Using monoOptions --debugger-agent=transport=dt_socket,embedding=1,server=y,suspend=n,address=127.0.0.1:56772
Begin MonoManager ReloadAssembly
Registering precompiled unity dll's ...
Register platform support module: C:/Program Files/Unity/Hub/Editor/2022.3.16f1/Editor/Data/PlaybackEngines/WindowsStandaloneSupport/UnityEditor.WindowsStandalone.Extensions.dll
Registered in 0.004478 seconds.
- Loaded All Assemblies, in  0.256 seconds
Native extension for WindowsStandalone target not found
Mono: successfully reloaded assembly
- Finished resetting the current domain, in  0.189 seconds
Domain Reload Profiling: 443ms
	BeginReloadAssembly (80ms)
		ExecutionOrderSort (0ms)
		DisableScriptedObjects (0ms)
		BackupInstance (0ms)
		ReleaseScriptingObjects (0ms)
		CreateAndSetChildDomain (0ms)
	RebuildCommonClasses (26ms)
	RebuildNativeTypeToScriptingClass (7ms)
	initialDomainReloadingComplete (43ms)
	LoadAllAssembliesAndSetupDomain (99ms)
		LoadAssemblies (79ms)
		RebuildTransferFunctionScriptingTraits (0ms)
		AnalyzeDomain (97ms)
			TypeCache.Refresh (96ms)
				TypeCache.ScanAssembly (85ms)
			ScanForSourceGeneratedMonoScriptInfo (0ms)
			ResolveRequiredComponents (0ms)
	FinalizeReload (189ms)
		ReleaseScriptCaches (0ms)
		RebuildScriptCaches (0ms)
		SetupLoadedEditorAssemblies (147ms)
			LogAssemblyErrors (0ms)
			InitializePlatformSupportModulesInManaged (6ms)
			SetLoadedEditorAssemblies (5ms)
			RefreshPlugins (0ms)
			BeforeProcessingInitializeOnLoad (1ms)
			ProcessInitializeOnLoadAttributes (101ms)
			ProcessInitializeOnLoadMethodAttributes (32ms)
			AfterProcessingInitializeOnLoad (0ms)
			EditorAssembliesLoaded (0ms)
		ExecutionOrderSort2 (0ms)
		AwakeInstancesAfterBackupRestoration (0ms)
========================================================================
Worker process is ready to serve import requests
Begin MonoManager ReloadAssembly
- Loaded All Assemblies, in  0.469 seconds
Refreshing native plugins compatible for Editor in 3.22 ms, found 4 plugins.
Native extension for WindowsStandalone target not found
Mono: successfully reloaded assembly
- Finished resetting the current domain, in  0.413 seconds
Domain Reload Profiling: 879ms
	BeginReloadAssembly (101ms)
		ExecutionOrderSort (0ms)
		DisableScriptedObjects (3ms)
		BackupInstance (0ms)
		ReleaseScriptingObjects (0ms)
		CreateAndSetChildDomain (14ms)
	RebuildCommonClasses (22ms)
	RebuildNativeTypeToScriptingClass (7ms)
	initialDomainReloadingComplete (30ms)
	LoadAllAssembliesAndSetupDomain (307ms)
		LoadAssemblies (237ms)
		RebuildTransferFunctionScriptingTraits (0ms)
		AnalyzeDomain (131ms)
			TypeCache.Refresh (114ms)
				TypeCache.ScanAssembly (105ms)
			ScanForSourceGeneratedMonoScriptInfo (12ms)
			ResolveRequiredComponents (2ms)
	FinalizeReload (413ms)
		ReleaseScriptCaches (0ms)
		RebuildScriptCaches (0ms)
		SetupLoadedEditorAssemblies (292ms)
			LogAssemblyErrors (0ms)
			InitializePlatformSupportModulesInManaged (4ms)
			SetLoadedEditorAssemblies (3ms)
			RefreshPlugins (0ms)
			BeforeProcessingInitializeOnLoad (43ms)
			ProcessInitializeOnLoadAttributes (222ms)
			ProcessInitializeOnLoadMethodAttributes (14ms)
			AfterProcessingInitializeOnLoad (5ms)
			EditorAssembliesLoaded (0ms)
		ExecutionOrderSort2 (0ms)
		AwakeInstancesAfterBackupRestoration (6ms)
Shader 'ASESampleShaders/Terrain/TerrainSnowCoverageFirstPass': dependency 'BaseMapShader' shader 'ASESampleShaders/TerrainBase' not found
Launched and connected shader compiler UnityShaderCompiler.exe after 0.03 seconds
Refreshing native plugins compatible for Editor in 6.68 ms, found 4 plugins.
Preloading 0 native plugins for Editor in 0.00 ms.
Unloading 4290 Unused Serialized files (Serialized files now loaded: 0)
Unloading 43 unused Assets / (61.4 KB). Loaded Objects now: 4754.
Memory consumption went from 273.1 MB to 273.0 MB.
Total: 2.316700 ms (FindLiveObjects: 0.209000 ms CreateObjectMapping: 0.080400 ms MarkObjects: 1.942200 ms  DeleteObjects: 0.084200 ms)

AssetImportParameters requested are different than current active one (requested -> active):
  custom:container-demuxer-ogg: 62fdf1f143b41e24485cea50d1cbac27 -> 
  custom:video-codec-MediaFoundation-h265: 746d11721c4dcdbdad8f713fa42b33f4 -> 
  custom:video-decoder-ogg-theora: a1e56fd34408186e4bbccfd4996cb3dc -> 
  custom:framework-win-MediaFoundation: 216162199b28c13a410421893ffa2e32 -> 
  custom:CustomObjectIndexerAttribute: 43b350a4d6e6d1791af0b5038c4bea17 -> 
  custom:container-demuxer-webm: 4f35f7cbe854078d1ac9338744f61a02 -> 
  custom:container-muxer-webm: aa71ff27fc2769a1b78a27578f13a17b -> 
  custom:video-decoder-webm-vp8: 9c59270c3fd7afecdb556c50c9e8de78 -> 
  custom:SearchIndexIgnoredProperties: e643bd26f0fe6173181afceb89e7c659 -> 
  custom:AudioImporter_EditorPlatform: d09bf68614088b80899f8185d706f6e7 -> 
  custom:video-encoder-webm-vp8: eb34c28f22e8b96e1ab97ce403110664 -> 
  custom:audio-decoder-ogg-vorbis: bf7c407c2cedff20999df2af8eb42d56 -> 
  custom:audio-encoder-webm-vorbis: bf7c407c2cedff20999df2af8eb42d56 -> 
========================================================================
Received Import Request.
  Time since last request: 81827.537988 seconds.
  path: Assets/shaders/Toto/Isla.mat
  artifactKey: Guid(a459447d2bad16943bb0d00ffba2ed5f) Importer(815301076,1909f56bfc062723c751e8b465ee728b)
Start importing Assets/shaders/Toto/Isla.mat using Guid(a459447d2bad16943bb0d00ffba2ed5f) Importer(815301076,1909f56bfc062723c751e8b465ee728b)  -> (artifact id: '07d9e075662e50359a0552348cbecaf6') in 0.089427 seconds
Number of updated asset objects reloaded before import = 0
Number of asset objects unloaded after import = 3
========================================================================
Received Import Request.
  Time since last request: 1095.533919 seconds.
  path: Assets/shaders/brick_height.jpg
  artifactKey: Guid(80df5840a6336984ea475253ba790076) Importer(815301076,1909f56bfc062723c751e8b465ee728b)
Start importing Assets/shaders/brick_height.jpg using Guid(80df5840a6336984ea475253ba790076) Importer(815301076,1909f56bfc062723c751e8b465ee728b)  -> (artifact id: '3578f7982150d052fcb3ca6b81589e49') in 0.031047 seconds
Number of updated asset objects reloaded before import = 0
Number of asset objects unloaded after import = 2
========================================================================
Received Import Request.
  Time since last request: 3.303036 seconds.
  path: Assets/AmplifyShaderEditor/Plugins/EditorResources/UI/Buttons/Help2.png
  artifactKey: Guid(77af20044e9766840a6be568806dc22e) Importer(815301076,1909f56bfc062723c751e8b465ee728b)
Start importing Assets/AmplifyShaderEditor/Plugins/EditorResources/UI/Buttons/Help2.png using Guid(77af20044e9766840a6be568806dc22e) Importer(815301076,1909f56bfc062723c751e8b465ee728b)  -> (artifact id: 'a457e0e275d482df4e29e3d6ed7da296') in 0.016220 seconds
Number of updated asset objects reloaded before import = 0
Number of asset objects unloaded after import = 2
========================================================================
Received Import Request.
  Time since last request: 0.000021 seconds.
  path: Assets/AmplifyShaderEditor/Plugins/EditorResources/UI/Buttons/ItemCleanupOFF.png
  artifactKey: Guid(8b6b4ff52c49a2a43a602895465e107c) Importer(815301076,1909f56bfc062723c751e8b465ee728b)
Start importing Assets/AmplifyShaderEditor/Plugins/EditorResources/UI/Buttons/ItemCleanupOFF.png using Guid(8b6b4ff52c49a2a43a602895465e107c) Importer(815301076,1909f56bfc062723c751e8b465ee728b)  -> (artifact id: '9c0dbce15525043876e27e6ff33a2c48') in 0.022130 seconds
Number of updated asset objects reloaded before import = 0
Number of asset objects unloaded after import = 2
========================================================================
Received Import Request.
  Time since last request: 0.000023 seconds.
  path: Assets/AmplifyShaderEditor/Plugins/EditorResources/Textures/Icon64.png
  artifactKey: Guid(2c6536772776dd84f872779990273bfc) Importer(815301076,1909f56bfc062723c751e8b465ee728b)
Start importing Assets/AmplifyShaderEditor/Plugins/EditorResources/Textures/Icon64.png using Guid(2c6536772776dd84f872779990273bfc) Importer(815301076,1909f56bfc062723c751e8b465ee728b)  -> (artifact id: 'b398b69d7da811dd803870b0c2ef75f5') in 0.021263 seconds
Number of updated asset objects reloaded before import = 0
Number of asset objects unloaded after import = 2
========================================================================
Received Import Request.
  Time since last request: 0.000019 seconds.
  path: Assets/AmplifyShaderEditor/Plugins/EditorResources/UI/Canvas/LineTex 2.png
  artifactKey: Guid(03a7d169469c1af41bb03241a7b7e23d) Importer(815301076,1909f56bfc062723c751e8b465ee728b)
Start importing Assets/AmplifyShaderEditor/Plugins/EditorResources/UI/Canvas/LineTex 2.png using Guid(03a7d169469c1af41bb03241a7b7e23d) Importer(815301076,1909f56bfc062723c751e8b465ee728b)  -> (artifact id: 'd20c045a42e8c3b14cf95fe654e0d76d') in 0.018689 seconds
Number of updated asset objects reloaded before import = 0
Number of asset objects unloaded after import = 2
========================================================================
Received Import Request.
  Time since last request: 0.000019 seconds.
  path: Assets/AmplifyShaderEditor/Examples/Built-In/Community HologramSimple/HoloNormal.png
  artifactKey: Guid(f7f322ea849ea7d41adb6fa8a7d8a3e6) Importer(815301076,1909f56bfc062723c751e8b465ee728b)
Start importing Assets/AmplifyShaderEditor/Examples/Built-In/Community HologramSimple/HoloNormal.png using Guid(f7f322ea849ea7d41adb6fa8a7d8a3e6) Importer(815301076,1909f56bfc062723c751e8b465ee728b)  -> (artifact id: '3be1124b3fb84674f7a87d5a4727f64b') in 0.024354 seconds
Number of updated asset objects reloaded before import = 0
Number of asset objects unloaded after import = 2
========================================================================
Received Import Request.
  Time since last request: 0.000014 seconds.
  path: Assets/AmplifyShaderEditor/Plugins/EditorResources/UI/Buttons/Library.png
  artifactKey: Guid(9a81d7df8e62c044a9d1cada0c8a2131) Importer(815301076,1909f56bfc062723c751e8b465ee728b)
Start importing Assets/AmplifyShaderEditor/Plugins/EditorResources/UI/Buttons/Library.png using Guid(9a81d7df8e62c044a9d1cada0c8a2131) Importer(815301076,1909f56bfc062723c751e8b465ee728b)  -> (artifact id: 'fc3e8130ebae8c8aeb766c925df3d1a3') in 0.016393 seconds
Number of updated asset objects reloaded before import = 0
Number of asset objects unloaded after import = 2
========================================================================
Received Import Request.
  Time since last request: 0.000014 seconds.
  path: Assets/AmplifyShaderEditor/Plugins/EditorResources/UI/Canvas/LineTex.png
  artifactKey: Guid(02f71419854c0d845a930c9e0a0bf775) Importer(815301076,1909f56bfc062723c751e8b465ee728b)
Start importing Assets/AmplifyShaderEditor/Plugins/EditorResources/UI/Canvas/LineTex.png using Guid(02f71419854c0d845a930c9e0a0bf775) Importer(815301076,1909f56bfc062723c751e8b465ee728b)  -> (artifact id: 'f44fd1d69253c089e8a75b8bcc74a569') in 0.020287 seconds
Number of updated asset objects reloaded before import = 0
Number of asset objects unloaded after import = 2
========================================================================
Received Import Request.
  Time since last request: 4.205597 seconds.
  path: Assets/AmplifyShaderEditor/Examples/Assets/Textures/Snow/snow_albedo.jpg
  artifactKey: Guid(4112a019314dad94f9ffc2f8481f31bc) Importer(815301076,1909f56bfc062723c751e8b465ee728b)
Start importing Assets/AmplifyShaderEditor/Examples/Assets/Textures/Snow/snow_albedo.jpg using Guid(4112a019314dad94f9ffc2f8481f31bc) Importer(815301076,1909f56bfc062723c751e8b465ee728b)  -> (artifact id: '5b75791dfa4763a16a24ce2aee63ab99') in 0.024248 seconds
Number of updated asset objects reloaded before import = 0
Number of asset objects unloaded after import = 2
========================================================================
Received Import Request.
  Time since last request: 0.000012 seconds.
  path: Assets/AmplifyShaderEditor/Examples/Assets/Textures/TV/TV_Albedo.png
  artifactKey: Guid(fee3d6c66c9f7fc4294caf4caefc054e) Importer(815301076,1909f56bfc062723c751e8b465ee728b)
Start importing Assets/AmplifyShaderEditor/Examples/Assets/Textures/TV/TV_Albedo.png using Guid(fee3d6c66c9f7fc4294caf4caefc054e) Importer(815301076,1909f56bfc062723c751e8b465ee728b)  -> (artifact id: 'cf9b746fdac6b631c1e4a4dab4d1c6e3') in 0.022900 seconds
Number of updated asset objects reloaded before import = 0
Number of asset objects unloaded after import = 2
========================================================================
Received Import Request.
  Time since last request: 0.702936 seconds.
  path: Assets/AmplifyShaderEditor/Examples/Assets/Textures/SceneTextures/BrushedMetalSpecular.tif
  artifactKey: Guid(bea7fa376f932ba419f3d1fc95bd1a2b) Importer(815301076,1909f56bfc062723c751e8b465ee728b)
Start importing Assets/AmplifyShaderEditor/Examples/Assets/Textures/SceneTextures/BrushedMetalSpecular.tif using Guid(bea7fa376f932ba419f3d1fc95bd1a2b) Importer(815301076,1909f56bfc062723c751e8b465ee728b)  -> (artifact id: '0327d87c9ca5a79733c29953429ebfa7') in 0.023015 seconds
Number of updated asset objects reloaded before import = 0
Number of asset objects unloaded after import = 2
========================================================================
Received Import Request.
  Time since last request: 1.688655 seconds.
  path: Assets/AmplifyShaderEditor/Plugins/EditorResources/Textures/About.png
  artifactKey: Guid(8aba6bb20faf8824d9d81946542f1ce1) Importer(815301076,1909f56bfc062723c751e8b465ee728b)
Start importing Assets/AmplifyShaderEditor/Plugins/EditorResources/Textures/About.png using Guid(8aba6bb20faf8824d9d81946542f1ce1) Importer(815301076,1909f56bfc062723c751e8b465ee728b)  -> (artifact id: '79b42a1e0b82b2806c4e3f2056102988') in 0.019135 seconds
Number of updated asset objects reloaded before import = 0
Number of asset objects unloaded after import = 2
========================================================================
Received Import Request.
  Time since last request: 0.000022 seconds.
  path: Assets/AmplifyShaderEditor/Plugins/EditorResources/Nodes/Bezier1X2AA.png
  artifactKey: Guid(06e687f68dd96f0448c6d8217bbcf608) Importer(815301076,1909f56bfc062723c751e8b465ee728b)
Start importing Assets/AmplifyShaderEditor/Plugins/EditorResources/Nodes/Bezier1X2AA.png using Guid(06e687f68dd96f0448c6d8217bbcf608) Importer(815301076,1909f56bfc062723c751e8b465ee728b)  -> (artifact id: 'e889051179e1abc634c9db28cc3383bd') in 0.018869 seconds
Number of updated asset objects reloaded before import = 0
Number of asset objects unloaded after import = 2
========================================================================
Received Import Request.
  Time since last request: 0.000022 seconds.
  path: Assets/AmplifyShaderEditor/Plugins/EditorResources/Textures/blue.png
  artifactKey: Guid(826f80ee0ad07444c8558af826a4df2e) Importer(815301076,1909f56bfc062723c751e8b465ee728b)
Start importing Assets/AmplifyShaderEditor/Plugins/EditorResources/Textures/blue.png using Guid(826f80ee0ad07444c8558af826a4df2e) Importer(815301076,1909f56bfc062723c751e8b465ee728b)  -> (artifact id: 'ff0b75310d62e5f227e2b2015ab72782') in 0.017109 seconds
Number of updated asset objects reloaded before import = 0
Number of asset objects unloaded after import = 2
========================================================================
Received Import Request.
  Time since last request: 0.000012 seconds.
  path: Assets/AmplifyShaderEditor/Plugins/EditorResources/UI/Nodes/BlueNormalBaseLeft.png
  artifactKey: Guid(330fd0c8f074a3c4f8042114a61a73d9) Importer(815301076,1909f56bfc062723c751e8b465ee728b)
Start importing Assets/AmplifyShaderEditor/Plugins/EditorResources/UI/Nodes/BlueNormalBaseLeft.png using Guid(330fd0c8f074a3c4f8042114a61a73d9) Importer(815301076,1909f56bfc062723c751e8b465ee728b)  -> (artifact id: '6ab178cfb6eac4cb76e93330acf57f27') in 0.017874 seconds
Number of updated asset objects reloaded before import = 0
Number of asset objects unloaded after import = 2
========================================================================
Received Import Request.
  Time since last request: 1.561858 seconds.
  path: Assets/AmplifyShaderEditor/Plugins/EditorResources/UI/Nodes/NodeSelectedSquare.png
  artifactKey: Guid(080a030f87555fe419ecc1fb9f509118) Importer(815301076,1909f56bfc062723c751e8b465ee728b)
Start importing Assets/AmplifyShaderEditor/Plugins/EditorResources/UI/Nodes/NodeSelectedSquare.png using Guid(080a030f87555fe419ecc1fb9f509118) Importer(815301076,1909f56bfc062723c751e8b465ee728b)  -> (artifact id: '9858ef84386bdda7b8438ec1ef5e76ba') in 0.021907 seconds
Number of updated asset objects reloaded before import = 0
Number of asset objects unloaded after import = 2
========================================================================
Received Import Request.
  Time since last request: 4.819374 seconds.
  path: Assets/AmplifyShaderEditor/Examples/Assets/Textures/Sand/Sand_basecolor.tga
  artifactKey: Guid(662d72b6ec210cf4cbeec2b4d3cb8b2a) Importer(815301076,1909f56bfc062723c751e8b465ee728b)
Start importing Assets/AmplifyShaderEditor/Examples/Assets/Textures/Sand/Sand_basecolor.tga using Guid(662d72b6ec210cf4cbeec2b4d3cb8b2a) Importer(815301076,1909f56bfc062723c751e8b465ee728b)  -> (artifact id: '18bfd85168261002ed18c37a015e9c33') in 0.027757 seconds
Number of updated asset objects reloaded before import = 0
Number of asset objects unloaded after import = 2
========================================================================
Received Import Request.
  Time since last request: 5.876584 seconds.
  path: Assets/AmplifyShaderEditor/Plugins/EditorResources/UI/Nodes/ButtonBackground.png
  artifactKey: Guid(b57dd36838fb19c449fd4559efe3f800) Importer(815301076,1909f56bfc062723c751e8b465ee728b)
Start importing Assets/AmplifyShaderEditor/Plugins/EditorResources/UI/Nodes/ButtonBackground.png using Guid(b57dd36838fb19c449fd4559efe3f800) Importer(815301076,1909f56bfc062723c751e8b465ee728b)  -> (artifact id: 'a49c902025c51e8f7a5a28fe3544c0aa') in 0.023497 seconds
Number of updated asset objects reloaded before import = 0
Number of asset objects unloaded after import = 2
========================================================================
Received Import Request.
  Time since last request: 0.406375 seconds.
  path: Assets/AmplifyShaderEditor/Examples/Assets/Textures/SceneTextures/CanvasSpecular.tif
  artifactKey: Guid(4855cd84f5ba0c344b80c8009ce51491) Importer(815301076,1909f56bfc062723c751e8b465ee728b)
Start importing Assets/AmplifyShaderEditor/Examples/Assets/Textures/SceneTextures/CanvasSpecular.tif using Guid(4855cd84f5ba0c344b80c8009ce51491) Importer(815301076,1909f56bfc062723c751e8b465ee728b)  -> (artifact id: 'd4e80dacbbaa8ea0a156ba65bf11ab03') in 0.022278 seconds
Number of updated asset objects reloaded before import = 0
Number of asset objects unloaded after import = 2
========================================================================
Received Import Request.
  Time since last request: 0.420793 seconds.
  path: Assets/AmplifyShaderEditor/Plugins/EditorResources/UI/Canvas/CircleBackground.png
  artifactKey: Guid(c560c5d8ca4c353409caf2ec204f3a19) Importer(815301076,1909f56bfc062723c751e8b465ee728b)
Start importing Assets/AmplifyShaderEditor/Plugins/EditorResources/UI/Canvas/CircleBackground.png using Guid(c560c5d8ca4c353409caf2ec204f3a19) Importer(815301076,1909f56bfc062723c751e8b465ee728b)  -> (artifact id: '473bbaea6d0be02d8cbd234317f3d5dc') in 0.021429 seconds
Number of updated asset objects reloaded before import = 0
Number of asset objects unloaded after import = 2
========================================================================
Received Import Request.
  Time since last request: 0.011800 seconds.
  path: Assets/AmplifyShaderEditor/Plugins/EditorResources/UI/Buttons/CleanupOFF.png
  artifactKey: Guid(f62c0c3a5ddcd844e905fb2632fdcb15) Importer(815301076,1909f56bfc062723c751e8b465ee728b)
Start importing Assets/AmplifyShaderEditor/Plugins/EditorResources/UI/Buttons/CleanupOFF.png using Guid(f62c0c3a5ddcd844e905fb2632fdcb15) Importer(815301076,1909f56bfc062723c751e8b465ee728b)  -> (artifact id: 'bc3a47d347833db4db478e83e748b824') in 0.020923 seconds
Number of updated asset objects reloaded before import = 0
Number of asset objects unloaded after import = 2
========================================================================
Received Import Request.
  Time since last request: 0.939596 seconds.
  path: Assets/AmplifyShaderEditor/Plugins/EditorResources/UI/Buttons/CleanupONNew.png
  artifactKey: Guid(e86ba70d2363b9443beac28a6a370b87) Importer(815301076,1909f56bfc062723c751e8b465ee728b)
Start importing Assets/AmplifyShaderEditor/Plugins/EditorResources/UI/Buttons/CleanupONNew.png using Guid(e86ba70d2363b9443beac28a6a370b87) Importer(815301076,1909f56bfc062723c751e8b465ee728b)  -> (artifact id: '4630d41465d8b21f0f5ff34ebfb828d2') in 0.020998 seconds
Number of updated asset objects reloaded before import = 0
Number of asset objects unloaded after import = 2
========================================================================
Received Import Request.
  Time since last request: 0.320603 seconds.
  path: Assets/AmplifyShaderEditor/Examples/Assets/Textures/Misc/ColoredNumberAtlas.png
  artifactKey: Guid(6b2910686f14f5844bf4707db2d5e2ba) Importer(815301076,1909f56bfc062723c751e8b465ee728b)
Start importing Assets/AmplifyShaderEditor/Examples/Assets/Textures/Misc/ColoredNumberAtlas.png using Guid(6b2910686f14f5844bf4707db2d5e2ba) Importer(815301076,1909f56bfc062723c751e8b465ee728b)  -> (artifact id: 'd55e2065c46766b379859b9c50df017f') in 0.018395 seconds
Number of updated asset objects reloaded before import = 0
Number of asset objects unloaded after import = 2
========================================================================
Received Import Request.
  Time since last request: 0.020214 seconds.
  path: Assets/AmplifyShaderEditor/Plugins/EditorResources/UI/Nodes/CommentNodeBase.png
  artifactKey: Guid(b2be9c55e7e7ba447967677c82b2cb23) Importer(815301076,1909f56bfc062723c751e8b465ee728b)
Start importing Assets/AmplifyShaderEditor/Plugins/EditorResources/UI/Nodes/CommentNodeBase.png using Guid(b2be9c55e7e7ba447967677c82b2cb23) Importer(815301076,1909f56bfc062723c751e8b465ee728b)  -> (artifact id: '9e685822271daab723c44e59dffa840a') in 0.018884 seconds
Number of updated asset objects reloaded before import = 0
Number of asset objects unloaded after import = 2
========================================================================
Received Import Request.
  Time since last request: 0.024432 seconds.
  path: Assets/AmplifyShaderEditor/Plugins/EditorResources/UI/Buttons/CustomExpAddIconActive.png
  artifactKey: Guid(52bbe770f45f531419e44a69be67ccba) Importer(815301076,1909f56bfc062723c751e8b465ee728b)
Start importing Assets/AmplifyShaderEditor/Plugins/EditorResources/UI/Buttons/CustomExpAddIconActive.png using Guid(52bbe770f45f531419e44a69be67ccba) Importer(815301076,1909f56bfc062723c751e8b465ee728b)  -> (artifact id: 'd03a5d0fbdcd44d757e258072116ef10') in 0.020605 seconds
Number of updated asset objects reloaded before import = 0
Number of asset objects unloaded after import = 2
========================================================================
Received Import Request.
  Time since last request: 0.304585 seconds.
  path: Assets/AmplifyShaderEditor/Plugins/EditorResources/UI/Buttons/CustomExpRemoveIconNormal.png
  artifactKey: Guid(839cb1530f95ad14ab58762161a9cb06) Importer(815301076,1909f56bfc062723c751e8b465ee728b)
Start importing Assets/AmplifyShaderEditor/Plugins/EditorResources/UI/Buttons/CustomExpRemoveIconNormal.png using Guid(839cb1530f95ad14ab58762161a9cb06) Importer(815301076,1909f56bfc062723c751e8b465ee728b)  -> (artifact id: 'efae6ea92052456a19929845a0fdba69') in 0.008532 seconds
Number of updated asset objects reloaded before import = 0
Number of asset objects unloaded after import = 2
========================================================================
Received Import Request.
  Time since last request: 0.023937 seconds.
  path: Assets/AmplifyShaderEditor/Examples/Assets/Textures/Decals/Decal_MaskMap.tga
  artifactKey: Guid(abafce4eb8166734d8a923d7eb05aa79) Importer(815301076,1909f56bfc062723c751e8b465ee728b)
Start importing Assets/AmplifyShaderEditor/Examples/Assets/Textures/Decals/Decal_MaskMap.tga using Guid(abafce4eb8166734d8a923d7eb05aa79) Importer(815301076,1909f56bfc062723c751e8b465ee728b)  -> (artifact id: 'c9c3e44a660d0ecf3d74ef280dd1facb') in 0.022717 seconds
Number of updated asset objects reloaded before import = 0
Number of asset objects unloaded after import = 2
========================================================================
Received Import Request.
  Time since last request: 0.000032 seconds.
  path: Assets/AmplifyShaderEditor/Examples/Assets/Textures/Decals/dirt_decal_mask.tga
  artifactKey: Guid(5eb344b0d2df6894484b5d44dbd0fc33) Importer(815301076,1909f56bfc062723c751e8b465ee728b)
Start importing Assets/AmplifyShaderEditor/Examples/Assets/Textures/Decals/dirt_decal_mask.tga using Guid(5eb344b0d2df6894484b5d44dbd0fc33) Importer(815301076,1909f56bfc062723c751e8b465ee728b)  -> (artifact id: '3a184bc157b9d6a3e8bc4988816dfd7b') in 0.021106 seconds
Number of updated asset objects reloaded before import = 0
Number of asset objects unloaded after import = 2
========================================================================
Received Import Request.
  Time since last request: 0.341830 seconds.
  path: Assets/AmplifyShaderEditor/Examples/Assets/Textures/Decals/Dirt_diffuse.tga
  artifactKey: Guid(ceb1bacd3e5dc9b4cb4b85eb1a74cfb6) Importer(815301076,1909f56bfc062723c751e8b465ee728b)
Start importing Assets/AmplifyShaderEditor/Examples/Assets/Textures/Decals/Dirt_diffuse.tga using Guid(ceb1bacd3e5dc9b4cb4b85eb1a74cfb6) Importer(815301076,1909f56bfc062723c751e8b465ee728b)  -> (artifact id: '29c03ab3260a567959d71ce0d6c3cf2c') in 0.025591 seconds
Number of updated asset objects reloaded before import = 0
Number of asset objects unloaded after import = 2
========================================================================
Received Import Request.
  Time since last request: 0.011839 seconds.
  path: Assets/AmplifyShaderEditor/Examples/Built-In/Community Dissolve Burn/dissolve-guide.png
  artifactKey: Guid(e28dc97a9541e3642a48c0e3886688c5) Importer(815301076,1909f56bfc062723c751e8b465ee728b)
Start importing Assets/AmplifyShaderEditor/Examples/Built-In/Community Dissolve Burn/dissolve-guide.png using Guid(e28dc97a9541e3642a48c0e3886688c5) Importer(815301076,1909f56bfc062723c751e8b465ee728b)  -> (artifact id: 'aca020b984c57ece8c525ac482138ee9') in 0.020174 seconds
Number of updated asset objects reloaded before import = 0
Number of asset objects unloaded after import = 2
========================================================================
Received Import Request.
  Time since last request: 0.032009 seconds.
  path: Assets/AmplifyShaderEditor/Examples/Assets/Textures/FakeWindow/Fakewindow_v2.jpg
  artifactKey: Guid(68238187342e117439ce4507180c5a9f) Importer(815301076,1909f56bfc062723c751e8b465ee728b)
Start importing Assets/AmplifyShaderEditor/Examples/Assets/Textures/FakeWindow/Fakewindow_v2.jpg using Guid(68238187342e117439ce4507180c5a9f) Importer(815301076,1909f56bfc062723c751e8b465ee728b)  -> (artifact id: 'a9432d81546ca869452dddb6b8249c96') in 0.019470 seconds
Number of updated asset objects reloaded before import = 0
Number of asset objects unloaded after import = 2
========================================================================
Received Import Request.
  Time since last request: 0.252937 seconds.
  path: Assets/AmplifyShaderEditor/Examples/Assets/Textures/Misc/Falloff.png
  artifactKey: Guid(62010525e97e86644b7706ffa8f3a162) Importer(815301076,1909f56bfc062723c751e8b465ee728b)
Start importing Assets/AmplifyShaderEditor/Examples/Assets/Textures/Misc/Falloff.png using Guid(62010525e97e86644b7706ffa8f3a162) Importer(815301076,1909f56bfc062723c751e8b465ee728b)  -> (artifact id: '951064ef9e16af5ced54301b1db49085') in 0.022433 seconds
Number of updated asset objects reloaded before import = 0
Number of asset objects unloaded after import = 2
========================================================================
Received Import Request.
  Time since last request: 0.020057 seconds.
  path: Assets/AmplifyShaderEditor/Examples/Assets/Textures/Misc/FlakesNormal.png
  artifactKey: Guid(a268ab862991c4743a9281c69bb2c36a) Importer(815301076,1909f56bfc062723c751e8b465ee728b)
Start importing Assets/AmplifyShaderEditor/Examples/Assets/Textures/Misc/FlakesNormal.png using Guid(a268ab862991c4743a9281c69bb2c36a) Importer(815301076,1909f56bfc062723c751e8b465ee728b)  -> (artifact id: '034fd783f0c2f8e16445586ce9e794c7') in 0.026551 seconds
Number of updated asset objects reloaded before import = 0
Number of asset objects unloaded after import = 2
========================================================================
Received Import Request.
  Time since last request: 0.026013 seconds.
  path: Assets/AmplifyShaderEditor/Examples/Built-In/UISpriteFX/FlowLine.png
  artifactKey: Guid(7b0842e3d0da6bf468f08b4a0ad9db9b) Importer(815301076,1909f56bfc062723c751e8b465ee728b)
Start importing Assets/AmplifyShaderEditor/Examples/Built-In/UISpriteFX/FlowLine.png using Guid(7b0842e3d0da6bf468f08b4a0ad9db9b) Importer(815301076,1909f56bfc062723c751e8b465ee728b)  -> (artifact id: '9b36df5d1e19881772f4ae4a2034bfc2') in 0.022298 seconds
Number of updated asset objects reloaded before import = 0
Number of asset objects unloaded after import = 2
========================================================================
Received Import Request.
  Time since last request: 0.584025 seconds.
  path: Assets/AmplifyShaderEditor/Plugins/EditorResources/UI/Buttons/FocusNode.png
  artifactKey: Guid(da673e6179c67d346abb220a6935e359) Importer(815301076,1909f56bfc062723c751e8b465ee728b)
Start importing Assets/AmplifyShaderEditor/Plugins/EditorResources/UI/Buttons/FocusNode.png using Guid(da673e6179c67d346abb220a6935e359) Importer(815301076,1909f56bfc062723c751e8b465ee728b)  -> (artifact id: '6529ce0c76e7085fcc889ff992853462') in 0.021406 seconds
Number of updated asset objects reloaded before import = 0
Number of asset objects unloaded after import = 2
========================================================================
Received Import Request.
  Time since last request: 0.358877 seconds.
  path: Assets/AmplifyShaderEditor/Examples/Built-In/UISpriteFX/GlintRamp.png
  artifactKey: Guid(131633c45b26caa4f9673a16077a1970) Importer(815301076,1909f56bfc062723c751e8b465ee728b)
Start importing Assets/AmplifyShaderEditor/Examples/Built-In/UISpriteFX/GlintRamp.png using Guid(131633c45b26caa4f9673a16077a1970) Importer(815301076,1909f56bfc062723c751e8b465ee728b)  -> (artifact id: 'bbd12ee94d4cd500b4eea5c483f0effc') in 0.017602 seconds
Number of updated asset objects reloaded before import = 0
Number of asset objects unloaded after import = 2
========================================================================
Received Import Request.
  Time since last request: 0.022116 seconds.
  path: Assets/AmplifyShaderEditor/Plugins/EditorResources/UI/Nodes/GraphButton.png
  artifactKey: Guid(2b3b7485f95e8a44dab3fa9610f56cbb) Importer(815301076,1909f56bfc062723c751e8b465ee728b)
Start importing Assets/AmplifyShaderEditor/Plugins/EditorResources/UI/Nodes/GraphButton.png using Guid(2b3b7485f95e8a44dab3fa9610f56cbb) Importer(815301076,1909f56bfc062723c751e8b465ee728b)  -> (artifact id: 'fd4a1143eeb9ccc008aa06ea0b06da9f') in 0.016293 seconds
Number of updated asset objects reloaded before import = 0
Number of asset objects unloaded after import = 2
========================================================================
Received Import Request.
  Time since last request: 0.376240 seconds.
  path: Assets/AmplifyShaderEditor/Examples/Assets/Textures/Grass/Grass_A.jpg
  artifactKey: Guid(c68296334e691ed45b62266cbc716628) Importer(815301076,1909f56bfc062723c751e8b465ee728b)
Start importing Assets/AmplifyShaderEditor/Examples/Assets/Textures/Grass/Grass_A.jpg using Guid(c68296334e691ed45b62266cbc716628) Importer(815301076,1909f56bfc062723c751e8b465ee728b)  -> (artifact id: 'baf7f0473d4ca2732340257f0742e4b6') in 0.020798 seconds
Number of updated asset objects reloaded before import = 0
Number of asset objects unloaded after import = 2
========================================================================
Received Import Request.
  Time since last request: 0.029820 seconds.
  path: Assets/AmplifyShaderEditor/Plugins/EditorResources/UI/Nodes/GrayNormalHeader.png
  artifactKey: Guid(9e88b336bd16b1e4b99de75f486126c1) Importer(815301076,1909f56bfc062723c751e8b465ee728b)
Start importing Assets/AmplifyShaderEditor/Plugins/EditorResources/UI/Nodes/GrayNormalHeader.png using Guid(9e88b336bd16b1e4b99de75f486126c1) Importer(815301076,1909f56bfc062723c751e8b465ee728b)  -> (artifact id: '1be81891829c5836c25ec2ea129b884f') in 0.021266 seconds
Number of updated asset objects reloaded before import = 0
Number of asset objects unloaded after import = 2
========================================================================
Received Import Request.
  Time since last request: 0.295850 seconds.
  path: Assets/AmplifyShaderEditor/Examples/Assets/Textures/Misc/GreenMatcapSkin.png
  artifactKey: Guid(b23676ff9cac20a4c9c7b9333f055f1b) Importer(815301076,1909f56bfc062723c751e8b465ee728b)
Start importing Assets/AmplifyShaderEditor/Examples/Assets/Textures/Misc/GreenMatcapSkin.png using Guid(b23676ff9cac20a4c9c7b9333f055f1b) Importer(815301076,1909f56bfc062723c751e8b465ee728b)  -> (artifact id: '38dbdc3a674591cf4f529a2487b50b40') in 0.022055 seconds
Number of updated asset objects reloaded before import = 0
Number of asset objects unloaded after import = 2
========================================================================
Received Import Request.
  Time since last request: 1.178029 seconds.
  path: Assets/AmplifyShaderEditor/Plugins/EditorResources/UI/Buttons/LiveOFF.png
  artifactKey: Guid(bb16faf366bcc6c4fbf0d7666b105354) Importer(815301076,1909f56bfc062723c751e8b465ee728b)
Start importing Assets/AmplifyShaderEditor/Plugins/EditorResources/UI/Buttons/LiveOFF.png using Guid(bb16faf366bcc6c4fbf0d7666b105354) Importer(815301076,1909f56bfc062723c751e8b465ee728b)  -> (artifact id: 'b8051e357375153e131134e573a61037') in 0.023485 seconds
Number of updated asset objects reloaded before import = 0
Number of asset objects unloaded after import = 2
========================================================================
Received Import Request.
  Time since last request: 0.400010 seconds.
  path: Assets/AmplifyShaderEditor/Examples/Assets/Textures/TV/Masks.tga
  artifactKey: Guid(9670904ec41723446943d2bfc39209fa) Importer(815301076,1909f56bfc062723c751e8b465ee728b)
Start importing Assets/AmplifyShaderEditor/Examples/Assets/Textures/TV/Masks.tga using Guid(9670904ec41723446943d2bfc39209fa) Importer(815301076,1909f56bfc062723c751e8b465ee728b)  -> (artifact id: 'b9cf950f4fd4dc2d3de9522ff362176c') in 0.020348 seconds
Number of updated asset objects reloaded before import = 0
Number of asset objects unloaded after import = 2
========================================================================
Received Import Request.
  Time since last request: 0.000021 seconds.
  path: Assets/AmplifyShaderEditor/Plugins/EditorResources/UI/Canvas/Material.png
  artifactKey: Guid(157b94751c138d84bbe1768c672b5168) Importer(815301076,1909f56bfc062723c751e8b465ee728b)
Start importing Assets/AmplifyShaderEditor/Plugins/EditorResources/UI/Canvas/Material.png using Guid(157b94751c138d84bbe1768c672b5168) Importer(815301076,1909f56bfc062723c751e8b465ee728b)  -> (artifact id: '214b2729f60c6a983bd98c0c5c0b0bd7') in 0.018922 seconds
Number of updated asset objects reloaded before import = 0
Number of asset objects unloaded after import = 2
========================================================================
Received Import Request.
  Time since last request: 0.020166 seconds.
  path: Assets/AmplifyShaderEditor/Plugins/EditorResources/UI/Buttons/MaximizeWindow.png
  artifactKey: Guid(7a1fd3f5fef75b64385591e1890d1842) Importer(815301076,1909f56bfc062723c751e8b465ee728b)
Start importing Assets/AmplifyShaderEditor/Plugins/EditorResources/UI/Buttons/MaximizeWindow.png using Guid(7a1fd3f5fef75b64385591e1890d1842) Importer(815301076,1909f56bfc062723c751e8b465ee728b)  -> (artifact id: '5ad068d1ffe50d44d08cb7f4253bcbd7') in 0.020490 seconds
Number of updated asset objects reloaded before import = 0
Number of asset objects unloaded after import = 2
========================================================================
Received Import Request.
  Time since last request: 0.326761 seconds.
  path: Assets/AmplifyShaderEditor/Plugins/EditorResources/UI/Buttons/MiniBotLeftOn.png
  artifactKey: Guid(4c872bb553406fe44a9d0046a0ef9bc5) Importer(815301076,1909f56bfc062723c751e8b465ee728b)
Start importing Assets/AmplifyShaderEditor/Plugins/EditorResources/UI/Buttons/MiniBotLeftOn.png using Guid(4c872bb553406fe44a9d0046a0ef9bc5) Importer(815301076,1909f56bfc062723c751e8b465ee728b)  -> (artifact id: '4cef95c6509af47bfbb6799510233781') in 0.019845 seconds
Number of updated asset objects reloaded before import = 0
Number of asset objects unloaded after import = 2
========================================================================
Received Import Request.
  Time since last request: 0.020253 seconds.
  path: Assets/AmplifyShaderEditor/Plugins/EditorResources/UI/Buttons/MiniBotMidOffHover.png
  artifactKey: Guid(c86cb249299fb7249b5ee7fb27ef1951) Importer(815301076,1909f56bfc062723c751e8b465ee728b)
Start importing Assets/AmplifyShaderEditor/Plugins/EditorResources/UI/Buttons/MiniBotMidOffHover.png using Guid(c86cb249299fb7249b5ee7fb27ef1951) Importer(815301076,1909f56bfc062723c751e8b465ee728b)  -> (artifact id: 'e22690ad5b6bef57529c3f8cefd0329c') in 0.019807 seconds
Number of updated asset objects reloaded before import = 0
Number of asset objects unloaded after import = 2
========================================================================
Received Import Request.
  Time since last request: 0.320712 seconds.
  path: Assets/AmplifyShaderEditor/Plugins/EditorResources/UI/Buttons/MiniBotRightOff.png
  artifactKey: Guid(bfcecef29876cc54db85363cf2feebb2) Importer(815301076,1909f56bfc062723c751e8b465ee728b)
Start importing Assets/AmplifyShaderEditor/Plugins/EditorResources/UI/Buttons/MiniBotRightOff.png using Guid(bfcecef29876cc54db85363cf2feebb2) Importer(815301076,1909f56bfc062723c751e8b465ee728b)  -> (artifact id: '073c76c1f3bc9cb4aea203827bc9adac') in 0.019557 seconds
Number of updated asset objects reloaded before import = 0
Number of asset objects unloaded after import = 2
========================================================================
Received Import Request.
  Time since last request: 0.268871 seconds.
  path: Assets/AmplifyShaderEditor/Plugins/EditorResources/UI/Buttons/MiniBotRightOnHover.png
  artifactKey: Guid(d3098ebd60a35494e9977bd96b923298) Importer(815301076,1909f56bfc062723c751e8b465ee728b)
Start importing Assets/AmplifyShaderEditor/Plugins/EditorResources/UI/Buttons/MiniBotRightOnHover.png using Guid(d3098ebd60a35494e9977bd96b923298) Importer(815301076,1909f56bfc062723c751e8b465ee728b)  -> (artifact id: 'dff601cb558291b68c55357a0e2418a1') in 0.022133 seconds
Number of updated asset objects reloaded before import = 0
Number of asset objects unloaded after import = 2
========================================================================
Received Import Request.
  Time since last request: 0.022140 seconds.
  path: Assets/AmplifyShaderEditor/Plugins/EditorResources/UI/Buttons/New.png
  artifactKey: Guid(1bd93c39ca74ac041b79ae289e9b9f08) Importer(815301076,1909f56bfc062723c751e8b465ee728b)
Start importing Assets/AmplifyShaderEditor/Plugins/EditorResources/UI/Buttons/New.png using Guid(1bd93c39ca74ac041b79ae289e9b9f08) Importer(815301076,1909f56bfc062723c751e8b465ee728b)  -> (artifact id: 'b59fc365e11ec37ba7d2822ba493b25e') in 0.018135 seconds
Number of updated asset objects reloaded before import = 0
Number of asset objects unloaded after import = 2
========================================================================
Received Import Request.
  Time since last request: 0.020851 seconds.
  path: Assets/AmplifyShaderEditor/Plugins/EditorResources/UI/Nodes/NoPreview.png
  artifactKey: Guid(750b1bd7ba8bd28489650de6d0a95cc5) Importer(815301076,1909f56bfc062723c751e8b465ee728b)
Start importing Assets/AmplifyShaderEditor/Plugins/EditorResources/UI/Nodes/NoPreview.png using Guid(750b1bd7ba8bd28489650de6d0a95cc5) Importer(815301076,1909f56bfc062723c751e8b465ee728b)  -> (artifact id: '71bbc2d44be3bf1fc45235dee545f49c') in 0.018354 seconds
Number of updated asset objects reloaded before import = 0
Number of asset objects unloaded after import = 2
========================================================================
Received Import Request.
  Time since last request: 0.000014 seconds.
  path: Assets/AmplifyShaderEditor/Examples/Assets/Textures/Misc/NumberAtlas.png
  artifactKey: Guid(c01fa92039faa084987c37588b7a59ca) Importer(815301076,1909f56bfc062723c751e8b465ee728b)
Start importing Assets/AmplifyShaderEditor/Examples/Assets/Textures/Misc/NumberAtlas.png using Guid(c01fa92039faa084987c37588b7a59ca) Importer(815301076,1909f56bfc062723c751e8b465ee728b)  -> (artifact id: '7e4389ce1d38f3b9f02456e251a96d5e') in 0.019792 seconds
Number of updated asset objects reloaded before import = 0
Number of asset objects unloaded after import = 2
========================================================================
Received Import Request.
  Time since last request: 0.238009 seconds.
  path: Assets/AmplifyShaderEditor/Plugins/EditorResources/UI/Buttons/Open.png
  artifactKey: Guid(d8b538796c7980843b59d62dbcdebef5) Importer(815301076,1909f56bfc062723c751e8b465ee728b)
Start importing Assets/AmplifyShaderEditor/Plugins/EditorResources/UI/Buttons/Open.png using Guid(d8b538796c7980843b59d62dbcdebef5) Importer(815301076,1909f56bfc062723c751e8b465ee728b)  -> (artifact id: 'f4663a01aa7c1973021cf764c72fa586') in 0.021754 seconds
Number of updated asset objects reloaded before import = 0
Number of asset objects unloaded after import = 2
========================================================================
Received Import Request.
  Time since last request: 0.000031 seconds.
  path: Assets/AmplifyShaderEditor/Plugins/EditorResources/UI/Buttons/OpenSourceCodeON.PNG
  artifactKey: Guid(8b114792ff84f6546880c031eda42bc0) Importer(815301076,1909f56bfc062723c751e8b465ee728b)
Start importing Assets/AmplifyShaderEditor/Plugins/EditorResources/UI/Buttons/OpenSourceCodeON.PNG using Guid(8b114792ff84f6546880c031eda42bc0) Importer(815301076,1909f56bfc062723c751e8b465ee728b)  -> (artifact id: '02ce1a752570d6f50508c52fb9809195') in 0.017021 seconds
Number of updated asset objects reloaded before import = 0
Number of asset objects unloaded after import = 2
========================================================================
Received Import Request.
  Time since last request: 0.006370 seconds.
  path: Assets/AmplifyShaderEditor/Plugins/EditorResources/UI/Nodes/PopupPicker.png
  artifactKey: Guid(d2384a227b4ac4943b73c8151393e502) Importer(815301076,1909f56bfc062723c751e8b465ee728b)
Start importing Assets/AmplifyShaderEditor/Plugins/EditorResources/UI/Nodes/PopupPicker.png using Guid(d2384a227b4ac4943b73c8151393e502) Importer(815301076,1909f56bfc062723c751e8b465ee728b)  -> (artifact id: 'd3311affa55ca65f4f195fd4c18a5311') in 0.022202 seconds
Number of updated asset objects reloaded before import = 0
Number of asset objects unloaded after import = 2
========================================================================
Received Import Request.
  Time since last request: 0.000013 seconds.
  path: Assets/AmplifyShaderEditor/Plugins/EditorResources/UI/Nodes/PropertyPicker.png
  artifactKey: Guid(94816692c85001f4dab01ec3666943c0) Importer(815301076,1909f56bfc062723c751e8b465ee728b)
Start importing Assets/AmplifyShaderEditor/Plugins/EditorResources/UI/Nodes/PropertyPicker.png using Guid(94816692c85001f4dab01ec3666943c0) Importer(815301076,1909f56bfc062723c751e8b465ee728b)  -> (artifact id: '33247d29daff5477d106c54d60d153ce') in 0.021659 seconds
Number of updated asset objects reloaded before import = 0
Number of asset objects unloaded after import = 2
========================================================================
Received Import Request.
  Time since last request: 0.003428 seconds.
  path: Assets/AmplifyShaderEditor/Examples/Assets/Textures/Misc/RainbowGradient.png
  artifactKey: Guid(bb47b838a0905154496dfe9920ae73b0) Importer(815301076,1909f56bfc062723c751e8b465ee728b)
Start importing Assets/AmplifyShaderEditor/Examples/Assets/Textures/Misc/RainbowGradient.png using Guid(bb47b838a0905154496dfe9920ae73b0) Importer(815301076,1909f56bfc062723c751e8b465ee728b)  -> (artifact id: '946a72dca55609c88f3449c3e34d5544') in 0.018753 seconds
Number of updated asset objects reloaded before import = 0
Number of asset objects unloaded after import = 2
========================================================================
Received Import Request.
  Time since last request: 0.015560 seconds.
  path: Assets/AmplifyShaderEditor/Plugins/EditorResources/UI/Buttons/ResetInspectorIcon.png
  artifactKey: Guid(a51794475a883744db8d524cee84e5fc) Importer(815301076,1909f56bfc062723c751e8b465ee728b)
Start importing Assets/AmplifyShaderEditor/Plugins/EditorResources/UI/Buttons/ResetInspectorIcon.png using Guid(a51794475a883744db8d524cee84e5fc) Importer(815301076,1909f56bfc062723c751e8b465ee728b)  -> (artifact id: '0440661144b63fcf8cf6d7961b8e9995') in 0.020023 seconds
Number of updated asset objects reloaded before import = 0
Number of asset objects unloaded after import = 2
========================================================================
Received Import Request.
  Time since last request: 0.251363 seconds.
  path: Assets/AmplifyShaderEditor/Examples/Assets/Textures/Rock/rock_n.jpg
  artifactKey: Guid(0bebe40e9ebbecc48b8e9cfea982da7e) Importer(815301076,1909f56bfc062723c751e8b465ee728b)
Start importing Assets/AmplifyShaderEditor/Examples/Assets/Textures/Rock/rock_n.jpg using Guid(0bebe40e9ebbecc48b8e9cfea982da7e) Importer(815301076,1909f56bfc062723c751e8b465ee728b)  -> (artifact id: '535fac756b1f2d9d4f5da84aceb84fda') in 0.019362 seconds
Number of updated asset objects reloaded before import = 0
Number of asset objects unloaded after import = 2
========================================================================
Received Import Request.
  Time since last request: 0.077241 seconds.
  path: Assets/AmplifyShaderEditor/Examples/Assets/Textures/Misc/Scanlines.jpg
  artifactKey: Guid(05aa43dbbeddb24419e5b5b6e734d595) Importer(815301076,1909f56bfc062723c751e8b465ee728b)
Start importing Assets/AmplifyShaderEditor/Examples/Assets/Textures/Misc/Scanlines.jpg using Guid(05aa43dbbeddb24419e5b5b6e734d595) Importer(815301076,1909f56bfc062723c751e8b465ee728b)  -> (artifact id: '282b893c365bf20eedd110d4239f4fc9') in 0.020490 seconds
Number of updated asset objects reloaded before import = 0
Number of asset objects unloaded after import = 2
========================================================================
Received Import Request.
  Time since last request: 0.000011 seconds.
  path: Assets/AmplifyShaderEditor/Plugins/EditorResources/UI/Canvas/SelectionBox.png
  artifactKey: Guid(a702c1245d15ddb48b8fba73bf951a65) Importer(815301076,1909f56bfc062723c751e8b465ee728b)
Start importing Assets/AmplifyShaderEditor/Plugins/EditorResources/UI/Canvas/SelectionBox.png using Guid(a702c1245d15ddb48b8fba73bf951a65) Importer(815301076,1909f56bfc062723c751e8b465ee728b)  -> (artifact id: 'd983b6a477beccc9ab6c010e2e516359') in 0.016901 seconds
Number of updated asset objects reloaded before import = 0
Number of asset objects unloaded after import = 2
========================================================================
Received Import Request.
  Time since last request: 1.172552 seconds.
  path: Assets/AmplifyShaderEditor/Plugins/EditorResources/UI/Canvas/ShaderFunctionIcon.png
  artifactKey: Guid(50be8291f9514914aa55c66c49da67cf) Importer(815301076,1909f56bfc062723c751e8b465ee728b)
Start importing Assets/AmplifyShaderEditor/Plugins/EditorResources/UI/Canvas/ShaderFunctionIcon.png using Guid(50be8291f9514914aa55c66c49da67cf) Importer(815301076,1909f56bfc062723c751e8b465ee728b)  -> (artifact id: '077878a192b27fbbcd9e6f1fbf0d7e9d') in 0.023921 seconds
Number of updated asset objects reloaded before import = 0
Number of asset objects unloaded after import = 2
========================================================================
Received Import Request.
  Time since last request: 0.019849 seconds.
  path: Assets/AmplifyShaderEditor/Plugins/EditorResources/UI/Buttons/ShaderSelectOFF.png
  artifactKey: Guid(ce7d95fa4e635f943a73ce1b19312cc5) Importer(815301076,1909f56bfc062723c751e8b465ee728b)
Start importing Assets/AmplifyShaderEditor/Plugins/EditorResources/UI/Buttons/ShaderSelectOFF.png using Guid(ce7d95fa4e635f943a73ce1b19312cc5) Importer(815301076,1909f56bfc062723c751e8b465ee728b)  -> (artifact id: '6a9f5ed64c5d6ba74bb4d414f99e3dc5') in 0.017997 seconds
Number of updated asset objects reloaded before import = 0
Number of asset objects unloaded after import = 2
========================================================================
Received Import Request.
  Time since last request: 0.000018 seconds.
  path: Assets/AmplifyShaderEditor/Examples/Assets/Textures/TV/SideHandsNormal.png
  artifactKey: Guid(38c34d9a83dd163439364888ad5eda23) Importer(815301076,1909f56bfc062723c751e8b465ee728b)
Start importing Assets/AmplifyShaderEditor/Examples/Assets/Textures/TV/SideHandsNormal.png using Guid(38c34d9a83dd163439364888ad5eda23) Importer(815301076,1909f56bfc062723c751e8b465ee728b)  -> (artifact id: '43d3436367b4f70d7f6f25df36e6d2a8') in 0.018905 seconds
Number of updated asset objects reloaded before import = 0
Number of asset objects unloaded after import = 2
========================================================================
Received Import Request.
  Time since last request: 0.011589 seconds.
  path: Assets/AmplifyShaderEditor/Examples/Assets/Textures/SceneTextures/SkinDiffuse.tif
  artifactKey: Guid(ca1a5e504324857499d1fdeb25489439) Importer(815301076,1909f56bfc062723c751e8b465ee728b)
Start importing Assets/AmplifyShaderEditor/Examples/Assets/Textures/SceneTextures/SkinDiffuse.tif using Guid(ca1a5e504324857499d1fdeb25489439) Importer(815301076,1909f56bfc062723c751e8b465ee728b)  -> (artifact id: 'c0a65c738c7f928bf63f4fb9a9d354ee') in 0.019543 seconds
Number of updated asset objects reloaded before import = 0
Number of asset objects unloaded after import = 2
========================================================================
Received Import Request.
  Time since last request: 0.253921 seconds.
  path: Assets/AmplifyShaderEditor/Plugins/EditorResources/UI/Buttons/SliderHoriz.png
  artifactKey: Guid(4cabb2d6785b8aa4db0c0a34e1e00f04) Importer(815301076,1909f56bfc062723c751e8b465ee728b)
Start importing Assets/AmplifyShaderEditor/Plugins/EditorResources/UI/Buttons/SliderHoriz.png using Guid(4cabb2d6785b8aa4db0c0a34e1e00f04) Importer(815301076,1909f56bfc062723c751e8b465ee728b)  -> (artifact id: '50bd9d83262bd7f27c6880eb7be08b9b') in 0.022125 seconds
Number of updated asset objects reloaded before import = 0
Number of asset objects unloaded after import = 2
========================================================================
Received Import Request.
  Time since last request: 0.024385 seconds.
  path: Assets/AmplifyShaderEditor/Examples/Assets/Textures/Snow/snow_normal.jpg
  artifactKey: Guid(24e31ecbf813d9e49bf7a1e0d4034916) Importer(815301076,1909f56bfc062723c751e8b465ee728b)
Start importing Assets/AmplifyShaderEditor/Examples/Assets/Textures/Snow/snow_normal.jpg using Guid(24e31ecbf813d9e49bf7a1e0d4034916) Importer(815301076,1909f56bfc062723c751e8b465ee728b)  -> (artifact id: '487d812a07ff0d4c36535cae775f1e6b') in 0.022788 seconds
Number of updated asset objects reloaded before import = 0
Number of asset objects unloaded after import = 2
Editor requested this worker to shutdown with reason: Scaling down because of idle timeout
TcpMessagingSession - receive error
AssetImportWorkerClient::OnTransportError - code=2 error=End of file
AssetImportWorker is now disconnected from the server
Process exiting
Exiting without the bug reporter. Application will terminate with return code 0