Using pre-set license
Built from '2022.3/staging' branch; Version is '2022.3.16f1 (d2c21f0ef2f1) revision 13812255'; Using compiler version '192829333'; Build Type 'Release'
OS: 'Windows 11  (10.0.26200) 64bit Professional' Language: 'es' Physical Memory: 16011 MB
BatchMode: 1, IsHumanControllingUs: 0, StartBugReporterOnCrash: 0, Is64bit: 1, IsPro: 1

COMMAND LINE ARGUMENTS:
C:\Program Files\Unity\Hub\Editor\2022.3.16f1\Editor\Unity.exe
-adb2
-batchMode
-noUpm
-name
AssetImportWorker7
-projectPath
C:/Users/User/TODO/UNITY/REPOSITORIOS/ProgramacionGrafica
-logFile
Logs/AssetImportWorker7.log
-srvPort
64250
Successfully changed project path to: C:/Users/User/TODO/UNITY/REPOSITORIOS/ProgramacionGrafica
C:/Users/User/TODO/UNITY/REPOSITORIOS/ProgramacionGrafica
[UnityMemory] Configuration Parameters - Can be set up in boot.config
    "memorysetup-bucket-allocator-granularity=16"
    "memorysetup-bucket-allocator-bucket-count=8"
    "memorysetup-bucket-allocator-block-size=33554432"
    "memorysetup-bucket-allocator-block-count=8"
    "memorysetup-main-allocator-block-size=16777216"
    "memorysetup-thread-allocator-block-size=16777216"
    "memorysetup-gfx-main-allocator-block-size=16777216"
    "memorysetup-gfx-thread-allocator-block-size=16777216"
    "memorysetup-cache-allocator-block-size=4194304"
    "memorysetup-typetree-allocator-block-size=2097152"
    "memorysetup-profiler-bucket-allocator-granularity=16"
    "memorysetup-profiler-bucket-allocator-bucket-count=8"
    "memorysetup-profiler-bucket-allocator-block-size=33554432"
    "memorysetup-profiler-bucket-allocator-block-count=8"
    "memorysetup-profiler-allocator-block-size=16777216"
    "memorysetup-profiler-editor-allocator-block-size=1048576"
    "memorysetup-temp-allocator-size-main=16777216"
    "memorysetup-job-temp-allocator-block-size=2097152"
    "memorysetup-job-temp-allocator-block-size-background=1048576"
    "memorysetup-job-temp-allocator-reduction-small-platforms=262144"
    "memorysetup-allocator-temp-initial-block-size-main=262144"
    "memorysetup-allocator-temp-initial-block-size-worker=262144"
    "memorysetup-temp-allocator-size-background-worker=32768"
    "memorysetup-temp-allocator-size-job-worker=262144"
    "memorysetup-temp-allocator-size-preload-manager=33554432"
    "memorysetup-temp-allocator-size-nav-mesh-worker=65536"
    "memorysetup-temp-allocator-size-audio-worker=65536"
    "memorysetup-temp-allocator-size-cloud-worker=32768"
    "memorysetup-temp-allocator-size-gi-baking-worker=262144"
    "memorysetup-temp-allocator-size-gfx=262144"
Player connection [8364] Host "[IP] 10.100.107.97 [Port] 0 [Flags] 2 [Guid] 2074161102 [EditorId] 2074161102 [Version] 1048832 [Id] WindowsEditor(7,DESKTOP-U9FQ2HB) [Debug] 1 [PackageName] WindowsEditor [ProjectName] Editor" joined multi-casting on [225.0.0.222:54997]...

Player connection [8364] Host "[IP] 10.100.107.97 [Port] 0 [Flags] 2 [Guid] 2074161102 [EditorId] 2074161102 [Version] 1048832 [Id] WindowsEditor(7,DESKTOP-U9FQ2HB) [Debug] 1 [PackageName] WindowsEditor [ProjectName] Editor" joined alternative multi-casting on [225.0.0.222:34997]...

[Physics::Module] Initialized MultithreadedJobDispatcher with 15 workers.
Refreshing native plugins compatible for Editor in 21.40 ms, found 4 plugins.
Preloading 0 native plugins for Editor in 0.00 ms.
Initialize engine version: 2022.3.16f1 (d2c21f0ef2f1)
[Subsystems] Discovering subsystems at path C:/Program Files/Unity/Hub/Editor/2022.3.16f1/Editor/Data/Resources/UnitySubsystems
[Subsystems] Discovering subsystems at path C:/Users/User/TODO/UNITY/REPOSITORIOS/ProgramacionGrafica/Assets
GfxDevice: creating device client; threaded=0; jobified=0
Direct3D:
    Version:  Direct3D 11.0 [level 11.1]
    Renderer: NVIDIA GeForce RTX 4060 Laptop GPU (ID=0x28e0)
    Vendor:   NVIDIA
    VRAM:     7956 MB
    Driver:   32.0.15.9174
Shader 'ASESampleShaders/Terrain/TerrainSnowCoverageFirstPass': dependency 'BaseMapShader' shader 'ASESampleShaders/TerrainBase' not found
Shader 'ASESampleShaders/Terrain/TerrainSnowCoverageFirstPass': dependency 'BaseMapShader' shader 'ASESampleShaders/TerrainBase' not found
Initialize mono
Mono path[0] = 'C:/Program Files/Unity/Hub/Editor/2022.3.16f1/Editor/Data/Managed'
Mono path[1] = 'C:/Program Files/Unity/Hub/Editor/2022.3.16f1/Editor/Data/MonoBleedingEdge/lib/mono/unityjit-win32'
Mono config path = 'C:/Program Files/Unity/Hub/Editor/2022.3.16f1/Editor/Data/MonoBleedingEdge/etc'
Using monoOptions --debugger-agent=transport=dt_socket,embedding=1,server=y,suspend=n,address=127.0.0.1:56772
Begin MonoManager ReloadAssembly
Registering precompiled unity dll's ...
Register platform support module: C:/Program Files/Unity/Hub/Editor/2022.3.16f1/Editor/Data/PlaybackEngines/WindowsStandaloneSupport/UnityEditor.WindowsStandalone.Extensions.dll
Registered in 0.014917 seconds.
- Loaded All Assemblies, in  0.590 seconds
Native extension for WindowsStandalone target not found
Mono: successfully reloaded assembly
- Finished resetting the current domain, in  0.620 seconds
Domain Reload Profiling: 1207ms
	BeginReloadAssembly (171ms)
		ExecutionOrderSort (0ms)
		DisableScriptedObjects (0ms)
		BackupInstance (0ms)
		ReleaseScriptingObjects (0ms)
		CreateAndSetChildDomain (1ms)
	RebuildCommonClasses (52ms)
	RebuildNativeTypeToScriptingClass (16ms)
	initialDomainReloadingComplete (102ms)
	LoadAllAssembliesAndSetupDomain (245ms)
		LoadAssemblies (167ms)
		RebuildTransferFunctionScriptingTraits (0ms)
		AnalyzeDomain (241ms)
			TypeCache.Refresh (238ms)
				TypeCache.ScanAssembly (210ms)
			ScanForSourceGeneratedMonoScriptInfo (1ms)
			ResolveRequiredComponents (1ms)
	FinalizeReload (621ms)
		ReleaseScriptCaches (0ms)
		RebuildScriptCaches (0ms)
		SetupLoadedEditorAssemblies (494ms)
			LogAssemblyErrors (0ms)
			InitializePlatformSupportModulesInManaged (19ms)
			SetLoadedEditorAssemblies (19ms)
			RefreshPlugins (0ms)
			BeforeProcessingInitializeOnLoad (7ms)
			ProcessInitializeOnLoadAttributes (328ms)
			ProcessInitializeOnLoadMethodAttributes (121ms)
			AfterProcessingInitializeOnLoad (0ms)
			EditorAssembliesLoaded (0ms)
		ExecutionOrderSort2 (0ms)
		AwakeInstancesAfterBackupRestoration (0ms)
========================================================================
Worker process is ready to serve import requests
Begin MonoManager ReloadAssembly
- Loaded All Assemblies, in  1.641 seconds
Refreshing native plugins compatible for Editor in 13.94 ms, found 4 plugins.
Native extension for WindowsStandalone target not found
Mono: successfully reloaded assembly
- Finished resetting the current domain, in  1.531 seconds
Domain Reload Profiling: 3165ms
	BeginReloadAssembly (347ms)
		ExecutionOrderSort (0ms)
		DisableScriptedObjects (15ms)
		BackupInstance (0ms)
		ReleaseScriptingObjects (0ms)
		CreateAndSetChildDomain (43ms)
	RebuildCommonClasses (78ms)
	RebuildNativeTypeToScriptingClass (23ms)
	initialDomainReloadingComplete (119ms)
	LoadAllAssembliesAndSetupDomain (1066ms)
		LoadAssemblies (815ms)
		RebuildTransferFunctionScriptingTraits (0ms)
		AnalyzeDomain (461ms)
			TypeCache.Refresh (406ms)
				TypeCache.ScanAssembly (380ms)
			ScanForSourceGeneratedMonoScriptInfo (40ms)
			ResolveRequiredComponents (9ms)
	FinalizeReload (1532ms)
		ReleaseScriptCaches (0ms)
		RebuildScriptCaches (0ms)
		SetupLoadedEditorAssemblies (1052ms)
			LogAssemblyErrors (0ms)
			InitializePlatformSupportModulesInManaged (14ms)
			SetLoadedEditorAssemblies (12ms)
			RefreshPlugins (0ms)
			BeforeProcessingInitializeOnLoad (157ms)
			ProcessInitializeOnLoadAttributes (801ms)
			ProcessInitializeOnLoadMethodAttributes (49ms)
			AfterProcessingInitializeOnLoad (18ms)
			EditorAssembliesLoaded (0ms)
		ExecutionOrderSort2 (0ms)
		AwakeInstancesAfterBackupRestoration (20ms)
Shader 'ASESampleShaders/Terrain/TerrainSnowCoverageFirstPass': dependency 'BaseMapShader' shader 'ASESampleShaders/TerrainBase' not found
Launched and connected shader compiler UnityShaderCompiler.exe after 0.14 seconds
Refreshing native plugins compatible for Editor in 15.44 ms, found 4 plugins.
Preloading 0 native plugins for Editor in 0.00 ms.
Unloading 4295 Unused Serialized files (Serialized files now loaded: 0)
Unloading 43 unused Assets / (61.5 KB). Loaded Objects now: 4763.
Memory consumption went from 276.9 MB to 276.8 MB.
Total: 5.664700 ms (FindLiveObjects: 0.387200 ms CreateObjectMapping: 0.173000 ms MarkObjects: 4.906000 ms  DeleteObjects: 0.196400 ms)

AssetImportParameters requested are different than current active one (requested -> active):
  custom:container-demuxer-ogg: 62fdf1f143b41e24485cea50d1cbac27 -> 
  custom:video-codec-MediaFoundation-h265: 746d11721c4dcdbdad8f713fa42b33f4 -> 
  custom:video-decoder-ogg-theora: a1e56fd34408186e4bbccfd4996cb3dc -> 
  custom:framework-win-MediaFoundation: 216162199b28c13a410421893ffa2e32 -> 
  custom:CustomObjectIndexerAttribute: 43b350a4d6e6d1791af0b5038c4bea17 -> 
  custom:container-demuxer-webm: 4f35f7cbe854078d1ac9338744f61a02 -> 
  custom:container-muxer-webm: aa71ff27fc2769a1b78a27578f13a17b -> 
  custom:video-decoder-webm-vp8: 9c59270c3fd7afecdb556c50c9e8de78 -> 
  custom:SearchIndexIgnoredProperties: e643bd26f0fe6173181afceb89e7c659 -> 
  custom:AudioImporter_EditorPlatform: d09bf68614088b80899f8185d706f6e7 -> 
  custom:video-encoder-webm-vp8: eb34c28f22e8b96e1ab97ce403110664 -> 
  custom:audio-decoder-ogg-vorbis: bf7c407c2cedff20999df2af8eb42d56 -> 
  custom:audio-encoder-webm-vorbis: bf7c407c2cedff20999df2af8eb42d56 -> 
========================================================================
Received Prepare
Begin MonoManager ReloadAssembly
- Loaded All Assemblies, in  0.659 seconds
Refreshing native plugins compatible for Editor in 9.58 ms, found 4 plugins.
Native extension for WindowsStandalone target not found
Mono: successfully reloaded assembly
- Finished resetting the current domain, in  2.179 seconds
Domain Reload Profiling: 2834ms
	BeginReloadAssembly (228ms)
		ExecutionOrderSort (0ms)
		DisableScriptedObjects (6ms)
		BackupInstance (0ms)
		ReleaseScriptingObjects (0ms)
		CreateAndSetChildDomain (45ms)
	RebuildCommonClasses (47ms)
	RebuildNativeTypeToScriptingClass (13ms)
	initialDomainReloadingComplete (46ms)
	LoadAllAssembliesAndSetupDomain (320ms)
		LoadAssemblies (432ms)
		RebuildTransferFunctionScriptingTraits (0ms)
		AnalyzeDomain (21ms)
			TypeCache.Refresh (8ms)
				TypeCache.ScanAssembly (0ms)
			ScanForSourceGeneratedMonoScriptInfo (0ms)
			ResolveRequiredComponents (7ms)
	FinalizeReload (2180ms)
		ReleaseScriptCaches (0ms)
		RebuildScriptCaches (0ms)
		SetupLoadedEditorAssemblies (569ms)
			LogAssemblyErrors (0ms)
			InitializePlatformSupportModulesInManaged (10ms)
			SetLoadedEditorAssemblies (8ms)
			RefreshPlugins (0ms)
			BeforeProcessingInitializeOnLoad (96ms)
			ProcessInitializeOnLoadAttributes (414ms)
			ProcessInitializeOnLoadMethodAttributes (31ms)
			AfterProcessingInitializeOnLoad (10ms)
			EditorAssembliesLoaded (0ms)
		ExecutionOrderSort2 (0ms)
		AwakeInstancesAfterBackupRestoration (10ms)
Shader 'ASESampleShaders/Terrain/TerrainSnowCoverageFirstPass': dependency 'BaseMapShader' shader 'ASESampleShaders/TerrainBase' not found
Refreshing native plugins compatible for Editor in 20.69 ms, found 4 plugins.
Preloading 0 native plugins for Editor in 0.00 ms.
Unloading 3985 Unused Serialized files (Serialized files now loaded: 0)
Unloading 34 unused Assets / (35.3 KB). Loaded Objects now: 4767.
Memory consumption went from 206.3 MB to 206.3 MB.
Total: 8.678100 ms (FindLiveObjects: 0.665300 ms CreateObjectMapping: 0.351000 ms MarkObjects: 7.438100 ms  DeleteObjects: 0.221000 ms)

Prepare: number of updated asset objects reloaded= 0
AssetImportParameters requested are different than current active one (requested -> active):
  custom:container-demuxer-ogg: 62fdf1f143b41e24485cea50d1cbac27 -> 
  custom:video-codec-MediaFoundation-h265: 746d11721c4dcdbdad8f713fa42b33f4 -> 
  custom:video-decoder-ogg-theora: a1e56fd34408186e4bbccfd4996cb3dc -> 
  custom:framework-win-MediaFoundation: 216162199b28c13a410421893ffa2e32 -> 
  custom:CustomObjectIndexerAttribute: 43b350a4d6e6d1791af0b5038c4bea17 -> 
  custom:container-demuxer-webm: 4f35f7cbe854078d1ac9338744f61a02 -> 
  custom:container-muxer-webm: aa71ff27fc2769a1b78a27578f13a17b -> 
  custom:video-decoder-webm-vp8: 9c59270c3fd7afecdb556c50c9e8de78 -> 
  custom:SearchIndexIgnoredProperties: e643bd26f0fe6173181afceb89e7c659 -> 
  custom:AudioImporter_EditorPlatform: d09bf68614088b80899f8185d706f6e7 -> 
  custom:video-encoder-webm-vp8: eb34c28f22e8b96e1ab97ce403110664 -> 
  custom:audio-decoder-ogg-vorbis: bf7c407c2cedff20999df2af8eb42d56 -> 
  custom:audio-encoder-webm-vorbis: bf7c407c2cedff20999df2af8eb42d56 -> 
========================================================================
Received Import Request.
  Time since last request: 806021.938829 seconds.
  path: Assets/shaders/Toto/ParallaxMap.shader
  artifactKey: Guid(cdffb372fcb61304195ba3ed185976db) Importer(815301076,1909f56bfc062723c751e8b465ee728b)
Start importing Assets/shaders/Toto/ParallaxMap.shader using Guid(cdffb372fcb61304195ba3ed185976db) Importer(815301076,1909f56bfc062723c751e8b465ee728b)  -> (artifact id: '68c5a253b05759d39db94a045cc64365') in 0.025220 seconds
Number of updated asset objects reloaded before import = 0
Number of asset objects unloaded after import = 1
========================================================================
Received Import Request.
  Time since last request: 585.132797 seconds.
  path: Assets/AmplifyShaderEditor/Plugins/EditorResources/UI/Buttons/ItemCleanupON.png
  artifactKey: Guid(f4d31aa109c919d4595094f627510932) Importer(815301076,1909f56bfc062723c751e8b465ee728b)
Start importing Assets/AmplifyShaderEditor/Plugins/EditorResources/UI/Buttons/ItemCleanupON.png using Guid(f4d31aa109c919d4595094f627510932) Importer(815301076,1909f56bfc062723c751e8b465ee728b)  -> (artifact id: 'e6e0f684049edc8fb74639ef13fdb489') in 0.078935 seconds
Number of updated asset objects reloaded before import = 0
Number of asset objects unloaded after import = 2
========================================================================
Received Import Request.
  Time since last request: 0.349587 seconds.
  path: Assets/AmplifyShaderEditor/Plugins/EditorResources/UI/Canvas/LineTex.png
  artifactKey: Guid(02f71419854c0d845a930c9e0a0bf775) Importer(815301076,1909f56bfc062723c751e8b465ee728b)
Start importing Assets/AmplifyShaderEditor/Plugins/EditorResources/UI/Canvas/LineTex.png using Guid(02f71419854c0d845a930c9e0a0bf775) Importer(815301076,1909f56bfc062723c751e8b465ee728b)  -> (artifact id: 'f44fd1d69253c089e8a75b8bcc74a569') in 0.046019 seconds
Number of updated asset objects reloaded before import = 0
Number of asset objects unloaded after import = 2
========================================================================
Received Import Request.
  Time since last request: 0.000184 seconds.
  path: Assets/AmplifyShaderEditor/Plugins/EditorResources/UI/Canvas/LineTex 4.png
  artifactKey: Guid(e0f922c44762291498cc62e0917609be) Importer(815301076,1909f56bfc062723c751e8b465ee728b)
Start importing Assets/AmplifyShaderEditor/Plugins/EditorResources/UI/Canvas/LineTex 4.png using Guid(e0f922c44762291498cc62e0917609be) Importer(815301076,1909f56bfc062723c751e8b465ee728b)  -> (artifact id: '00781cb09ee28875e8e05f3d851f59f1') in 0.049825 seconds
Number of updated asset objects reloaded before import = 0
Number of asset objects unloaded after import = 2
========================================================================
Received Import Request.
  Time since last request: 0.000028 seconds.
  path: Assets/AmplifyShaderEditor/Plugins/EditorResources/UI/Canvas/LineTex 3.png
  artifactKey: Guid(c3512c25766a40245ac94c6b1722d76e) Importer(815301076,1909f56bfc062723c751e8b465ee728b)
Start importing Assets/AmplifyShaderEditor/Plugins/EditorResources/UI/Canvas/LineTex 3.png using Guid(c3512c25766a40245ac94c6b1722d76e) Importer(815301076,1909f56bfc062723c751e8b465ee728b)  -> (artifact id: 'aa6a4e505eee1a0b44999649ad0eaa01') in 0.043365 seconds
Number of updated asset objects reloaded before import = 0
Number of asset objects unloaded after import = 2
========================================================================
Received Import Request.
  Time since last request: 1.351684 seconds.
  path: Assets/AmplifyShaderEditor/Plugins/EditorResources/UI/Buttons/LiveON.png
  artifactKey: Guid(6a0ae1d7892333142aeb09585572202c) Importer(815301076,1909f56bfc062723c751e8b465ee728b)
Start importing Assets/AmplifyShaderEditor/Plugins/EditorResources/UI/Buttons/LiveON.png using Guid(6a0ae1d7892333142aeb09585572202c) Importer(815301076,1909f56bfc062723c751e8b465ee728b)  -> (artifact id: '4935c5a3a80362b0ec15eadeef1c407a') in 0.041861 seconds
Number of updated asset objects reloaded before import = 0
Number of asset objects unloaded after import = 2
========================================================================
Received Import Request.
  Time since last request: 0.000022 seconds.
  path: Assets/AmplifyShaderEditor/Plugins/EditorResources/UI/Canvas/MainCanvasTitleBg.png
  artifactKey: Guid(bdb42c87b8801e94e886c5c0d60b3014) Importer(815301076,1909f56bfc062723c751e8b465ee728b)
Start importing Assets/AmplifyShaderEditor/Plugins/EditorResources/UI/Canvas/MainCanvasTitleBg.png using Guid(bdb42c87b8801e94e886c5c0d60b3014) Importer(815301076,1909f56bfc062723c751e8b465ee728b)  -> (artifact id: '9fcbc306a42b7d7b3aff2dfd5fb2c15a') in 0.026009 seconds
Number of updated asset objects reloaded before import = 0
Number of asset objects unloaded after import = 2
========================================================================
Received Import Request.
  Time since last request: 0.000028 seconds.
  path: Assets/AmplifyShaderEditor/Examples/Assets/Textures/Sprites/LogoMask.png
  artifactKey: Guid(596678c53fd54a640bf95ba7dfafd092) Importer(815301076,1909f56bfc062723c751e8b465ee728b)
Start importing Assets/AmplifyShaderEditor/Examples/Assets/Textures/Sprites/LogoMask.png using Guid(596678c53fd54a640bf95ba7dfafd092) Importer(815301076,1909f56bfc062723c751e8b465ee728b)  -> (artifact id: 'f53c1dc9671d469cecd26d41099fb07c') in 0.090832 seconds
Number of updated asset objects reloaded before import = 0
Number of asset objects unloaded after import = 3
========================================================================
Received Import Request.
  Time since last request: 0.000037 seconds.
  path: Assets/AmplifyShaderEditor/Examples/Assets/Textures/TV/Masks.tga
  artifactKey: Guid(9670904ec41723446943d2bfc39209fa) Importer(815301076,1909f56bfc062723c751e8b465ee728b)
Start importing Assets/AmplifyShaderEditor/Examples/Assets/Textures/TV/Masks.tga using Guid(9670904ec41723446943d2bfc39209fa) Importer(815301076,1909f56bfc062723c751e8b465ee728b)  -> (artifact id: 'b9cf950f4fd4dc2d3de9522ff362176c') in 0.028447 seconds
Number of updated asset objects reloaded before import = 0
Number of asset objects unloaded after import = 2
========================================================================
Received Import Request.
  Time since last request: 0.169417 seconds.
  path: Assets/AmplifyShaderEditor/Plugins/EditorResources/UI/Canvas/MaterialModeIcon.PNG
  artifactKey: Guid(5725fa8ee04e1be449af059f5735cd81) Importer(815301076,1909f56bfc062723c751e8b465ee728b)
Start importing Assets/AmplifyShaderEditor/Plugins/EditorResources/UI/Canvas/MaterialModeIcon.PNG using Guid(5725fa8ee04e1be449af059f5735cd81) Importer(815301076,1909f56bfc062723c751e8b465ee728b)  -> (artifact id: 'ed5dee3ed240a9737c5ce0ad8de9da62') in 0.038720 seconds
Number of updated asset objects reloaded before import = 0
Number of asset objects unloaded after import = 2
========================================================================
Received Import Request.
  Time since last request: 0.000024 seconds.
  path: Assets/AmplifyShaderEditor/Plugins/EditorResources/UI/Buttons/MaximizeWindow.png
  artifactKey: Guid(7a1fd3f5fef75b64385591e1890d1842) Importer(815301076,1909f56bfc062723c751e8b465ee728b)
Start importing Assets/AmplifyShaderEditor/Plugins/EditorResources/UI/Buttons/MaximizeWindow.png using Guid(7a1fd3f5fef75b64385591e1890d1842) Importer(815301076,1909f56bfc062723c751e8b465ee728b)  -> (artifact id: '5ad068d1ffe50d44d08cb7f4253bcbd7') in 0.044228 seconds
Number of updated asset objects reloaded before import = 0
Number of asset objects unloaded after import = 2
========================================================================
Received Import Request.
  Time since last request: 0.000054 seconds.
  path: Assets/AmplifyShaderEditor/Plugins/EditorResources/UI/Buttons/MiniBotLeftOff.png
  artifactKey: Guid(9f2d5e61dd9821b44a410f36519781d7) Importer(815301076,1909f56bfc062723c751e8b465ee728b)
Start importing Assets/AmplifyShaderEditor/Plugins/EditorResources/UI/Buttons/MiniBotLeftOff.png using Guid(9f2d5e61dd9821b44a410f36519781d7) Importer(815301076,1909f56bfc062723c751e8b465ee728b)  -> (artifact id: 'f48ee006dfd4314629f32627c874895b') in 0.037997 seconds
Number of updated asset objects reloaded before import = 0
Number of asset objects unloaded after import = 2
========================================================================
Received Import Request.
  Time since last request: 0.174237 seconds.
  path: Assets/AmplifyShaderEditor/Plugins/EditorResources/UI/Buttons/MiniBotLeftOnHover.png
  artifactKey: Guid(7ef06ce40d713d34790e78278ee82dea) Importer(815301076,1909f56bfc062723c751e8b465ee728b)
Start importing Assets/AmplifyShaderEditor/Plugins/EditorResources/UI/Buttons/MiniBotLeftOnHover.png using Guid(7ef06ce40d713d34790e78278ee82dea) Importer(815301076,1909f56bfc062723c751e8b465ee728b)  -> (artifact id: '7b0277e1ff52a743df1cfdf71f16f6ea') in 0.025340 seconds
Number of updated asset objects reloaded before import = 0
Number of asset objects unloaded after import = 2
========================================================================
Received Import Request.
  Time since last request: 0.000044 seconds.
  path: Assets/AmplifyShaderEditor/Plugins/EditorResources/UI/Buttons/MiniBotMidOn.png
  artifactKey: Guid(133e79bed45185d408f4c5410f89dded) Importer(815301076,1909f56bfc062723c751e8b465ee728b)
Start importing Assets/AmplifyShaderEditor/Plugins/EditorResources/UI/Buttons/MiniBotMidOn.png using Guid(133e79bed45185d408f4c5410f89dded) Importer(815301076,1909f56bfc062723c751e8b465ee728b)  -> (artifact id: '5b4a1ec5ed8d3834885efaa07cb2f5fb') in 0.031785 seconds
Number of updated asset objects reloaded before import = 0
Number of asset objects unloaded after import = 2
========================================================================
Received Import Request.
  Time since last request: 0.000026 seconds.
  path: Assets/AmplifyShaderEditor/Plugins/EditorResources/UI/Buttons/MiniBotMidOffHover.png
  artifactKey: Guid(c86cb249299fb7249b5ee7fb27ef1951) Importer(815301076,1909f56bfc062723c751e8b465ee728b)
Start importing Assets/AmplifyShaderEditor/Plugins/EditorResources/UI/Buttons/MiniBotMidOffHover.png using Guid(c86cb249299fb7249b5ee7fb27ef1951) Importer(815301076,1909f56bfc062723c751e8b465ee728b)  -> (artifact id: 'e22690ad5b6bef57529c3f8cefd0329c') in 0.031622 seconds
Number of updated asset objects reloaded before import = 0
Number of asset objects unloaded after import = 2
========================================================================
Received Import Request.
  Time since last request: 0.278687 seconds.
  path: Assets/AmplifyShaderEditor/Plugins/EditorResources/UI/Buttons/MiniBotRightOffHover.png
  artifactKey: Guid(df6fb8448a382c743bd124cc0da55113) Importer(815301076,1909f56bfc062723c751e8b465ee728b)
Start importing Assets/AmplifyShaderEditor/Plugins/EditorResources/UI/Buttons/MiniBotRightOffHover.png using Guid(df6fb8448a382c743bd124cc0da55113) Importer(815301076,1909f56bfc062723c751e8b465ee728b)  -> (artifact id: '69c5f8e1594b7184066ad71d6ab065fe') in 0.064589 seconds
Number of updated asset objects reloaded before import = 0
Number of asset objects unloaded after import = 2
========================================================================
Received Import Request.
  Time since last request: 0.479113 seconds.
  path: Assets/AmplifyShaderEditor/Plugins/EditorResources/UI/Buttons/MinimizeWindow.png
  artifactKey: Guid(2aae9a02747d74d46bf98a15ac5c9b21) Importer(815301076,1909f56bfc062723c751e8b465ee728b)
Start importing Assets/AmplifyShaderEditor/Plugins/EditorResources/UI/Buttons/MinimizeWindow.png using Guid(2aae9a02747d74d46bf98a15ac5c9b21) Importer(815301076,1909f56bfc062723c751e8b465ee728b)  -> (artifact id: '9f0cb1c23b611ef2523ee5e5bb941f75') in 0.047451 seconds
Number of updated asset objects reloaded before import = 0
Number of asset objects unloaded after import = 2
========================================================================
Received Import Request.
  Time since last request: 0.241995 seconds.
  path: Assets/AmplifyShaderEditor/Plugins/EditorResources/UI/Nodes/NodeSelected.png
  artifactKey: Guid(24fb767323009c143a4e744a2025a27e) Importer(815301076,1909f56bfc062723c751e8b465ee728b)
Start importing Assets/AmplifyShaderEditor/Plugins/EditorResources/UI/Nodes/NodeSelected.png using Guid(24fb767323009c143a4e744a2025a27e) Importer(815301076,1909f56bfc062723c751e8b465ee728b)  -> (artifact id: '2aacaa6cba50bba747213e036ff172a7') in 0.071508 seconds
Number of updated asset objects reloaded before import = 0
Number of asset objects unloaded after import = 2
========================================================================
Received Import Request.
  Time since last request: 0.000079 seconds.
  path: Assets/AmplifyShaderEditor/Examples/Assets/Textures/Misc/Normal.png
  artifactKey: Guid(baa87608a082eff4a8c5c1aa7c5bb623) Importer(815301076,1909f56bfc062723c751e8b465ee728b)
Start importing Assets/AmplifyShaderEditor/Examples/Assets/Textures/Misc/Normal.png using Guid(baa87608a082eff4a8c5c1aa7c5bb623) Importer(815301076,1909f56bfc062723c751e8b465ee728b)  -> (artifact id: 'c815a4db4b2688d50a2c85628d9768d4') in 0.095398 seconds
Number of updated asset objects reloaded before import = 0
Number of asset objects unloaded after import = 2
========================================================================
Received Import Request.
  Time since last request: 0.000023 seconds.
  path: Assets/Tree_Textures/normal_specular.png
  artifactKey: Guid(9ccb0bed836341149bead33c06f88c29) Importer(815301076,1909f56bfc062723c751e8b465ee728b)
Start importing Assets/Tree_Textures/normal_specular.png using Guid(9ccb0bed836341149bead33c06f88c29) Importer(815301076,1909f56bfc062723c751e8b465ee728b)  -> (artifact id: 'ccfb25cf41329fc145ba04605251dc60') in 0.035686 seconds
Number of updated asset objects reloaded before import = 0
Number of asset objects unloaded after import = 2
========================================================================
Received Import Request.
  Time since last request: 0.000043 seconds.
  path: Assets/AmplifyShaderEditor/Examples/Built-In/TerrainSnowCoverage/normal.png
  artifactKey: Guid(77fdad851e93f394c9f8a1b1a63b56f3) Importer(815301076,1909f56bfc062723c751e8b465ee728b)
Start importing Assets/AmplifyShaderEditor/Examples/Built-In/TerrainSnowCoverage/normal.png using Guid(77fdad851e93f394c9f8a1b1a63b56f3) Importer(815301076,1909f56bfc062723c751e8b465ee728b)  -> (artifact id: 'db71a834f1349ea249b6ff435e9330ad') in 0.039140 seconds
Number of updated asset objects reloaded before import = 0
Number of asset objects unloaded after import = 2
========================================================================
Received Import Request.
  Time since last request: 0.126211 seconds.
  path: Assets/AmplifyShaderEditor/Plugins/EditorResources/UI/Buttons/Open.png
  artifactKey: Guid(d8b538796c7980843b59d62dbcdebef5) Importer(815301076,1909f56bfc062723c751e8b465ee728b)
Start importing Assets/AmplifyShaderEditor/Plugins/EditorResources/UI/Buttons/Open.png using Guid(d8b538796c7980843b59d62dbcdebef5) Importer(815301076,1909f56bfc062723c751e8b465ee728b)  -> (artifact id: 'f4663a01aa7c1973021cf764c72fa586') in 0.031550 seconds
Number of updated asset objects reloaded before import = 0
Number of asset objects unloaded after import = 2
========================================================================
Received Import Request.
  Time since last request: 0.000024 seconds.
  path: Assets/AmplifyShaderEditor/Plugins/EditorResources/UI/Buttons/Options.png
  artifactKey: Guid(36aa64354f0ba4844af761a937eea4df) Importer(815301076,1909f56bfc062723c751e8b465ee728b)
Start importing Assets/AmplifyShaderEditor/Plugins/EditorResources/UI/Buttons/Options.png using Guid(36aa64354f0ba4844af761a937eea4df) Importer(815301076,1909f56bfc062723c751e8b465ee728b)  -> (artifact id: '8afc762b8dd5c3ec6834d14f16611b5f') in 0.033201 seconds
Number of updated asset objects reloaded before import = 0
Number of asset objects unloaded after import = 2
========================================================================
Received Import Request.
  Time since last request: 0.000025 seconds.
  path: Assets/AmplifyShaderEditor/Plugins/EditorResources/UI/Buttons/OpenListedShader.png
  artifactKey: Guid(a66917730dccde947a01140dc04b9e59) Importer(815301076,1909f56bfc062723c751e8b465ee728b)
Start importing Assets/AmplifyShaderEditor/Plugins/EditorResources/UI/Buttons/OpenListedShader.png using Guid(a66917730dccde947a01140dc04b9e59) Importer(815301076,1909f56bfc062723c751e8b465ee728b)  -> (artifact id: '02c51e637f5534732d978b19611399df') in 0.032952 seconds
Number of updated asset objects reloaded before import = 0
Number of asset objects unloaded after import = 2
========================================================================
Received Import Request.
  Time since last request: 0.414583 seconds.
  path: Assets/AmplifyShaderEditor/Plugins/EditorResources/UI/Nodes/PopupPicker.png
  artifactKey: Guid(d2384a227b4ac4943b73c8151393e502) Importer(815301076,1909f56bfc062723c751e8b465ee728b)
Start importing Assets/AmplifyShaderEditor/Plugins/EditorResources/UI/Nodes/PopupPicker.png using Guid(d2384a227b4ac4943b73c8151393e502) Importer(815301076,1909f56bfc062723c751e8b465ee728b)  -> (artifact id: 'd3311affa55ca65f4f195fd4c18a5311') in 0.061672 seconds
Number of updated asset objects reloaded before import = 0
Number of asset objects unloaded after import = 2
========================================================================
Received Import Request.
  Time since last request: 0.000044 seconds.
  path: Assets/AmplifyShaderEditor/Plugins/EditorResources/UI/Nodes/PreviewOff.png
  artifactKey: Guid(1f3a46793c375864ab816c0d78061e4e) Importer(815301076,1909f56bfc062723c751e8b465ee728b)
Start importing Assets/AmplifyShaderEditor/Plugins/EditorResources/UI/Nodes/PreviewOff.png using Guid(1f3a46793c375864ab816c0d78061e4e) Importer(815301076,1909f56bfc062723c751e8b465ee728b)  -> (artifact id: '4e25c1bfe8a0486e2645f2a150f7d353') in 0.042175 seconds
Number of updated asset objects reloaded before import = 0
Number of asset objects unloaded after import = 2
========================================================================
Received Import Request.
  Time since last request: 0.000089 seconds.
  path: Assets/AmplifyShaderEditor/Plugins/EditorResources/Textures/red.png
  artifactKey: Guid(af5ab63a69b074347be0e4c17fb9dc1b) Importer(815301076,1909f56bfc062723c751e8b465ee728b)
Start importing Assets/AmplifyShaderEditor/Plugins/EditorResources/Textures/red.png using Guid(af5ab63a69b074347be0e4c17fb9dc1b) Importer(815301076,1909f56bfc062723c751e8b465ee728b)  -> (artifact id: 'b0035523e140bccf555161aba186305f') in 0.048144 seconds
Number of updated asset objects reloaded before import = 0
Number of asset objects unloaded after import = 2
========================================================================
Received Import Request.
  Time since last request: 0.000229 seconds.
  path: Assets/AmplifyShaderEditor/Examples/Assets/Textures/Misc/RainbowGradient.png
  artifactKey: Guid(bb47b838a0905154496dfe9920ae73b0) Importer(815301076,1909f56bfc062723c751e8b465ee728b)
Start importing Assets/AmplifyShaderEditor/Examples/Assets/Textures/Misc/RainbowGradient.png using Guid(bb47b838a0905154496dfe9920ae73b0) Importer(815301076,1909f56bfc062723c751e8b465ee728b)  -> (artifact id: '946a72dca55609c88f3449c3e34d5544') in 0.060199 seconds
Number of updated asset objects reloaded before import = 0
Number of asset objects unloaded after import = 2
========================================================================
Received Import Request.
  Time since last request: 0.000243 seconds.
  path: Assets/AmplifyShaderEditor/Examples/Built-In/Community SingleChannelMasking/RedChannelMask.png
  artifactKey: Guid(ae0e8ec300b8a7c478936b1b33b60a38) Importer(815301076,1909f56bfc062723c751e8b465ee728b)
Start importing Assets/AmplifyShaderEditor/Examples/Built-In/Community SingleChannelMasking/RedChannelMask.png using Guid(ae0e8ec300b8a7c478936b1b33b60a38) Importer(815301076,1909f56bfc062723c751e8b465ee728b)  -> (artifact id: 'afd38a4cf40954cac651d8d21e601c58') in 0.052677 seconds
Number of updated asset objects reloaded before import = 0
Number of asset objects unloaded after import = 2
========================================================================
Received Import Request.
  Time since last request: 0.148235 seconds.
  path: Assets/AmplifyShaderEditor/Plugins/EditorResources/UI/Buttons/ResetInspectorIcon.png
  artifactKey: Guid(a51794475a883744db8d524cee84e5fc) Importer(815301076,1909f56bfc062723c751e8b465ee728b)
Start importing Assets/AmplifyShaderEditor/Plugins/EditorResources/UI/Buttons/ResetInspectorIcon.png using Guid(a51794475a883744db8d524cee84e5fc) Importer(815301076,1909f56bfc062723c751e8b465ee728b)  -> (artifact id: '0440661144b63fcf8cf6d7961b8e9995') in 0.036939 seconds
Number of updated asset objects reloaded before import = 0
Number of asset objects unloaded after import = 2
========================================================================
Received Import Request.
  Time since last request: 0.000140 seconds.
  path: Assets/AmplifyShaderEditor/Examples/Assets/Textures/SceneTextures/RubberDiffuse.tif
  artifactKey: Guid(ff9da6b9c3ae4e8439ce851c4452c3a0) Importer(815301076,1909f56bfc062723c751e8b465ee728b)
Start importing Assets/AmplifyShaderEditor/Examples/Assets/Textures/SceneTextures/RubberDiffuse.tif using Guid(ff9da6b9c3ae4e8439ce851c4452c3a0) Importer(815301076,1909f56bfc062723c751e8b465ee728b)  -> (artifact id: 'a32b8cdda85f36b2d53338d393c6c96e') in 0.068859 seconds
Number of updated asset objects reloaded before import = 0
Number of asset objects unloaded after import = 2
========================================================================
Received Import Request.
  Time since last request: 0.000130 seconds.
  path: Assets/AmplifyShaderEditor/Examples/Built-In/UISpriteFX/RingTex.png
  artifactKey: Guid(a99649a3ac7df724eb781c969383e632) Importer(815301076,1909f56bfc062723c751e8b465ee728b)
Start importing Assets/AmplifyShaderEditor/Examples/Built-In/UISpriteFX/RingTex.png using Guid(a99649a3ac7df724eb781c969383e632) Importer(815301076,1909f56bfc062723c751e8b465ee728b)  -> (artifact id: 'b517330fcb136f64e258148453a0fb3e') in 0.052435 seconds
Number of updated asset objects reloaded before import = 0
Number of asset objects unloaded after import = 2
========================================================================
Received Import Request.
  Time since last request: 0.113604 seconds.
  path: Assets/AmplifyShaderEditor/Examples/Assets/Textures/SceneTextures/RubberSpecular.tif
  artifactKey: Guid(0688235f1fee46b4581bcc1cf189cf3a) Importer(815301076,1909f56bfc062723c751e8b465ee728b)
Start importing Assets/AmplifyShaderEditor/Examples/Assets/Textures/SceneTextures/RubberSpecular.tif using Guid(0688235f1fee46b4581bcc1cf189cf3a) Importer(815301076,1909f56bfc062723c751e8b465ee728b)  -> (artifact id: '46548802b0ba74d7daf15e520cc41dff') in 0.040337 seconds
Number of updated asset objects reloaded before import = 0
Number of asset objects unloaded after import = 2
========================================================================
Received Import Request.
  Time since last request: 0.000030 seconds.
  path: Assets/AmplifyShaderEditor/Examples/Assets/Textures/Sand/Sand_height.tga
  artifactKey: Guid(9789d23040cb1fb45ad60392430c3c15) Importer(815301076,1909f56bfc062723c751e8b465ee728b)
Start importing Assets/AmplifyShaderEditor/Examples/Assets/Textures/Sand/Sand_height.tga using Guid(9789d23040cb1fb45ad60392430c3c15) Importer(815301076,1909f56bfc062723c751e8b465ee728b)  -> (artifact id: '98b1e9b933a32f69789239ed8a9c4a4d') in 0.036729 seconds
Number of updated asset objects reloaded before import = 0
Number of asset objects unloaded after import = 2
========================================================================
Received Import Request.
  Time since last request: 0.000076 seconds.
  path: Assets/AmplifyShaderEditor/Examples/Assets/Textures/Sand/Sand_basecolor.tga
  artifactKey: Guid(662d72b6ec210cf4cbeec2b4d3cb8b2a) Importer(815301076,1909f56bfc062723c751e8b465ee728b)
Start importing Assets/AmplifyShaderEditor/Examples/Assets/Textures/Sand/Sand_basecolor.tga using Guid(662d72b6ec210cf4cbeec2b4d3cb8b2a) Importer(815301076,1909f56bfc062723c751e8b465ee728b)  -> (artifact id: '18bfd85168261002ed18c37a015e9c33') in 0.038850 seconds
Number of updated asset objects reloaded before import = 0
Number of asset objects unloaded after import = 2
========================================================================
Received Import Request.
  Time since last request: 0.322974 seconds.
  path: Assets/AmplifyShaderEditor/Examples/Assets/Textures/Sand/Sand_roughness.tga
  artifactKey: Guid(ae457e1c85fba234483dfbd144088f0f) Importer(815301076,1909f56bfc062723c751e8b465ee728b)
Start importing Assets/AmplifyShaderEditor/Examples/Assets/Textures/Sand/Sand_roughness.tga using Guid(ae457e1c85fba234483dfbd144088f0f) Importer(815301076,1909f56bfc062723c751e8b465ee728b)  -> (artifact id: '6d244f4ae05fed8dc19a74d74d41eed9') in 0.040490 seconds
Number of updated asset objects reloaded before import = 0
Number of asset objects unloaded after import = 2
========================================================================
Received Import Request.
  Time since last request: 0.000190 seconds.
  path: Assets/AmplifyShaderEditor/Plugins/EditorResources/UI/Buttons/SaveON.png
  artifactKey: Guid(2c938a89586d41f4081284e4b25243c2) Importer(815301076,1909f56bfc062723c751e8b465ee728b)
Start importing Assets/AmplifyShaderEditor/Plugins/EditorResources/UI/Buttons/SaveON.png using Guid(2c938a89586d41f4081284e4b25243c2) Importer(815301076,1909f56bfc062723c751e8b465ee728b)  -> (artifact id: 'e1f61934f68b2ec72cac0b5552297702') in 0.038936 seconds
Number of updated asset objects reloaded before import = 0
Number of asset objects unloaded after import = 2
========================================================================
Received Import Request.
  Time since last request: 0.000047 seconds.
  path: Assets/AmplifyShaderEditor/Examples/Assets/Textures/TV/ScreenHandsVDM.exr
  artifactKey: Guid(821049934f0b08f43b59f0e83855b872) Importer(815301076,1909f56bfc062723c751e8b465ee728b)
Start importing Assets/AmplifyShaderEditor/Examples/Assets/Textures/TV/ScreenHandsVDM.exr using Guid(821049934f0b08f43b59f0e83855b872) Importer(815301076,1909f56bfc062723c751e8b465ee728b)  -> (artifact id: '77018ac38e7262fbcbee4d87e09ac89b') in 0.049751 seconds
Number of updated asset objects reloaded before import = 0
Number of asset objects unloaded after import = 2
========================================================================
Received Import Request.
  Time since last request: 0.318323 seconds.
  path: Assets/AmplifyShaderEditor/Plugins/EditorResources/UI/Canvas/Shader.png
  artifactKey: Guid(555b6a287b4121b479d412e6ea92bb2e) Importer(815301076,1909f56bfc062723c751e8b465ee728b)
Start importing Assets/AmplifyShaderEditor/Plugins/EditorResources/UI/Canvas/Shader.png using Guid(555b6a287b4121b479d412e6ea92bb2e) Importer(815301076,1909f56bfc062723c751e8b465ee728b)  -> (artifact id: '625e604dd5a441de2c17d63c8ee9422c') in 0.043428 seconds
Number of updated asset objects reloaded before import = 0
Number of asset objects unloaded after import = 2
========================================================================
Received Import Request.
  Time since last request: 0.000255 seconds.
  path: Assets/AmplifyShaderEditor/Plugins/EditorResources/UI/Canvas/ShaderFunctionIcon.png
  artifactKey: Guid(50be8291f9514914aa55c66c49da67cf) Importer(815301076,1909f56bfc062723c751e8b465ee728b)
Start importing Assets/AmplifyShaderEditor/Plugins/EditorResources/UI/Canvas/ShaderFunctionIcon.png using Guid(50be8291f9514914aa55c66c49da67cf) Importer(815301076,1909f56bfc062723c751e8b465ee728b)  -> (artifact id: '077878a192b27fbbcd9e6f1fbf0d7e9d') in 0.042530 seconds
Number of updated asset objects reloaded before import = 0
Number of asset objects unloaded after import = 2
========================================================================
Received Import Request.
  Time since last request: 0.453300 seconds.
  path: Assets/AmplifyShaderEditor/Plugins/EditorResources/UI/Canvas/ShaderModeIcon.PNG
  artifactKey: Guid(f4ca92d9e50d06049b7ccec2c438754d) Importer(815301076,1909f56bfc062723c751e8b465ee728b)
Start importing Assets/AmplifyShaderEditor/Plugins/EditorResources/UI/Canvas/ShaderModeIcon.PNG using Guid(f4ca92d9e50d06049b7ccec2c438754d) Importer(815301076,1909f56bfc062723c751e8b465ee728b)  -> (artifact id: '0aab1e515d28b2b1cf589279557f0be1') in 0.039409 seconds
Number of updated asset objects reloaded before import = 0
Number of asset objects unloaded after import = 2
========================================================================
Received Import Request.
  Time since last request: 0.000023 seconds.
  path: Assets/AmplifyShaderEditor/Plugins/EditorResources/UI/Canvas/ShaderModeIconOFF.png
  artifactKey: Guid(df81b9531d8ef704f96072ce6910db68) Importer(815301076,1909f56bfc062723c751e8b465ee728b)
Start importing Assets/AmplifyShaderEditor/Plugins/EditorResources/UI/Canvas/ShaderModeIconOFF.png using Guid(df81b9531d8ef704f96072ce6910db68) Importer(815301076,1909f56bfc062723c751e8b465ee728b)  -> (artifact id: '27a359a8f79af9df2a0691f47120a566') in 0.037029 seconds
Number of updated asset objects reloaded before import = 0
Number of asset objects unloaded after import = 2
========================================================================
Received Import Request.
  Time since last request: 0.000026 seconds.
  path: Assets/AmplifyShaderEditor/Plugins/EditorResources/UI/Buttons/ShaderSelectOFF.png
  artifactKey: Guid(ce7d95fa4e635f943a73ce1b19312cc5) Importer(815301076,1909f56bfc062723c751e8b465ee728b)
Start importing Assets/AmplifyShaderEditor/Plugins/EditorResources/UI/Buttons/ShaderSelectOFF.png using Guid(ce7d95fa4e635f943a73ce1b19312cc5) Importer(815301076,1909f56bfc062723c751e8b465ee728b)  -> (artifact id: '6a9f5ed64c5d6ba74bb4d414f99e3dc5') in 0.039276 seconds
Number of updated asset objects reloaded before import = 0
Number of asset objects unloaded after import = 2
========================================================================
Received Import Request.
  Time since last request: 0.559430 seconds.
  path: Assets/Tree_Textures/shadow.png
  artifactKey: Guid(777c5fdd72b62d146b736a149106cd54) Importer(815301076,1909f56bfc062723c751e8b465ee728b)
Start importing Assets/Tree_Textures/shadow.png using Guid(777c5fdd72b62d146b736a149106cd54) Importer(815301076,1909f56bfc062723c751e8b465ee728b)  -> (artifact id: '07b1cbeffafba50c607b41e2c21c282d') in 0.040015 seconds
Number of updated asset objects reloaded before import = 0
Number of asset objects unloaded after import = 2
========================================================================
Received Import Request.
  Time since last request: 0.284357 seconds.
  path: Assets/AmplifyShaderEditor/Examples/Assets/Textures/Misc/SimpleFoam.png
  artifactKey: Guid(d01457b88b1c5174ea4235d140b5fab8) Importer(815301076,1909f56bfc062723c751e8b465ee728b)
Start importing Assets/AmplifyShaderEditor/Examples/Assets/Textures/Misc/SimpleFoam.png using Guid(d01457b88b1c5174ea4235d140b5fab8) Importer(815301076,1909f56bfc062723c751e8b465ee728b)  -> (artifact id: 'e63e7495713af62d4edbeb0744a61394') in 0.038594 seconds
Number of updated asset objects reloaded before import = 0
Number of asset objects unloaded after import = 2
========================================================================
Received Import Request.
  Time since last request: 0.000094 seconds.
  path: Assets/AmplifyShaderEditor/Examples/Assets/Textures/SceneTextures/SkinNormal.tif
  artifactKey: Guid(233518d21026a2e4397650a59649e438) Importer(815301076,1909f56bfc062723c751e8b465ee728b)
Start importing Assets/AmplifyShaderEditor/Examples/Assets/Textures/SceneTextures/SkinNormal.tif using Guid(233518d21026a2e4397650a59649e438) Importer(815301076,1909f56bfc062723c751e8b465ee728b)  -> (artifact id: '139741b7056e332296c7c10363a37d13') in 0.043310 seconds
Number of updated asset objects reloaded before import = 0
Number of asset objects unloaded after import = 2
========================================================================
Received Import Request.
  Time since last request: 0.000029 seconds.
  path: Assets/AmplifyShaderEditor/Plugins/EditorResources/UI/Nodes/SliderButton.png
  artifactKey: Guid(dd563e33152bb6443b099b4139ceecb9) Importer(815301076,1909f56bfc062723c751e8b465ee728b)
Start importing Assets/AmplifyShaderEditor/Plugins/EditorResources/UI/Nodes/SliderButton.png using Guid(dd563e33152bb6443b099b4139ceecb9) Importer(815301076,1909f56bfc062723c751e8b465ee728b)  -> (artifact id: '2caa44989c67b6324f2c311c2d4e3c99') in 0.059338 seconds
Number of updated asset objects reloaded before import = 0
Number of asset objects unloaded after import = 2
========================================================================
Received Import Request.
  Time since last request: 0.514573 seconds.
  path: Assets/AmplifyShaderEditor/Examples/Assets/Textures/Misc/SmallWaves.png
  artifactKey: Guid(dd2fd2df93418444c8e280f1d34deeb5) Importer(815301076,1909f56bfc062723c751e8b465ee728b)
Start importing Assets/AmplifyShaderEditor/Examples/Assets/Textures/Misc/SmallWaves.png using Guid(dd2fd2df93418444c8e280f1d34deeb5) Importer(815301076,1909f56bfc062723c751e8b465ee728b)  -> (artifact id: 'e23895efa7b11bf2b9bc576561aa5a13') in 0.031718 seconds
Number of updated asset objects reloaded before import = 0
Number of asset objects unloaded after import = 2
========================================================================
Received Import Request.
  Time since last request: 0.000034 seconds.
  path: Assets/AmplifyShaderEditor/Examples/Built-In/PlaneClip/Textures/Smoothness.tga
  artifactKey: Guid(7b705e3c0dd4d4240acdbee5cfcd62c8) Importer(815301076,1909f56bfc062723c751e8b465ee728b)
Start importing Assets/AmplifyShaderEditor/Examples/Built-In/PlaneClip/Textures/Smoothness.tga using Guid(7b705e3c0dd4d4240acdbee5cfcd62c8) Importer(815301076,1909f56bfc062723c751e8b465ee728b)  -> (artifact id: 'fe2899c0f2958958754c90ac8cfa14bd') in 0.034490 seconds
Number of updated asset objects reloaded before import = 0
Number of asset objects unloaded after import = 2
========================================================================
Received Import Request.
  Time since last request: 0.015730 seconds.
  path: Assets/AmplifyShaderEditor/Examples/Assets/Textures/Snow/snow_specular.png
  artifactKey: Guid(84d76c914224da14a8210ba4ba8a2992) Importer(815301076,1909f56bfc062723c751e8b465ee728b)
Start importing Assets/AmplifyShaderEditor/Examples/Assets/Textures/Snow/snow_specular.png using Guid(84d76c914224da14a8210ba4ba8a2992) Importer(815301076,1909f56bfc062723c751e8b465ee728b)  -> (artifact id: '7dcccbc28a7a4fdf6a6c41dcda1ea44e') in 0.035059 seconds
Number of updated asset objects reloaded before import = 0
Number of asset objects unloaded after import = 2
========================================================================
Received Import Request.
  Time since last request: 0.000078 seconds.
  path: Assets/AmplifyShaderEditor/Examples/Assets/Textures/Sprites/SpriteExampleAtlas.png
  artifactKey: Guid(6a4891a1ec505d64e97d82bb5a3b9c04) Importer(815301076,1909f56bfc062723c751e8b465ee728b)
Start importing Assets/AmplifyShaderEditor/Examples/Assets/Textures/Sprites/SpriteExampleAtlas.png using Guid(6a4891a1ec505d64e97d82bb5a3b9c04) Importer(815301076,1909f56bfc062723c751e8b465ee728b)  -> (artifact id: 'afe8fe7d94dbdf488aa30df153f615a5') in 0.047253 seconds
Number of updated asset objects reloaded before import = 0
Number of asset objects unloaded after import = 4
========================================================================
Received Import Request.
  Time since last request: 0.341476 seconds.
  path: Assets/AmplifyShaderEditor/Plugins/EditorResources/UI/Buttons/TakeScreenshotOFF.png
  artifactKey: Guid(7587de2e3bec8bf4d973109524ccc6b1) Importer(815301076,1909f56bfc062723c751e8b465ee728b)
Start importing Assets/AmplifyShaderEditor/Plugins/EditorResources/UI/Buttons/TakeScreenshotOFF.png using Guid(7587de2e3bec8bf4d973109524ccc6b1) Importer(815301076,1909f56bfc062723c751e8b465ee728b)  -> (artifact id: '40c9c03a7f75e812068e3ee2676277d6') in 0.059291 seconds
Number of updated asset objects reloaded before import = 0
Number of asset objects unloaded after import = 2
========================================================================
Received Import Request.
  Time since last request: 1.116018 seconds.
  path: Assets/AmplifyShaderEditor/Examples/Assets/Textures/SceneTextures/TarpNormal.tif
  artifactKey: Guid(5b653e484c8e303439ef414b62f969f0) Importer(815301076,1909f56bfc062723c751e8b465ee728b)
Start importing Assets/AmplifyShaderEditor/Examples/Assets/Textures/SceneTextures/TarpNormal.tif using Guid(5b653e484c8e303439ef414b62f969f0) Importer(815301076,1909f56bfc062723c751e8b465ee728b)  -> (artifact id: '0f1bc2967315e35767f2ebfe06158a03') in 0.034582 seconds
Number of updated asset objects reloaded before import = 0
Number of asset objects unloaded after import = 2
========================================================================
Received Import Request.
  Time since last request: 0.214718 seconds.
  path: Assets/AmplifyShaderEditor/Examples/Assets/Textures/Grass/terrain_grass_01_n.tga
  artifactKey: Guid(7ddcba51d9fc0894d98b4ba77fbdfbd7) Importer(815301076,1909f56bfc062723c751e8b465ee728b)
Start importing Assets/AmplifyShaderEditor/Examples/Assets/Textures/Grass/terrain_grass_01_n.tga using Guid(7ddcba51d9fc0894d98b4ba77fbdfbd7) Importer(815301076,1909f56bfc062723c751e8b465ee728b)  -> (artifact id: '6ca823f5fdbb2a1382ca2e2c067ed5b9') in 0.034807 seconds
Number of updated asset objects reloaded before import = 0
Number of asset objects unloaded after import = 2
========================================================================
Received Import Request.
  Time since last request: 0.135773 seconds.
  path: Assets/AmplifyShaderEditor/Examples/Built-In/PlaneClip/Textures/Textured_Course_Albedo.tga
  artifactKey: Guid(4926e29c8bd5a29479b03ae385fa85dd) Importer(815301076,1909f56bfc062723c751e8b465ee728b)
Start importing Assets/AmplifyShaderEditor/Examples/Built-In/PlaneClip/Textures/Textured_Course_Albedo.tga using Guid(4926e29c8bd5a29479b03ae385fa85dd) Importer(815301076,1909f56bfc062723c751e8b465ee728b)  -> (artifact id: 'a2d3ed71a3cef93118f43ac3d621e2cc') in 0.037311 seconds
Number of updated asset objects reloaded before import = 0
Number of asset objects unloaded after import = 2
========================================================================
Received Import Request.
  Time since last request: 0.227073 seconds.
  path: Assets/AmplifyShaderEditor/Examples/Assets/Textures/Tiles/Tile_H.jpg
  artifactKey: Guid(9f8d9d9e60979574ea22974d2e2c08d4) Importer(815301076,1909f56bfc062723c751e8b465ee728b)
Start importing Assets/AmplifyShaderEditor/Examples/Assets/Textures/Tiles/Tile_H.jpg using Guid(9f8d9d9e60979574ea22974d2e2c08d4) Importer(815301076,1909f56bfc062723c751e8b465ee728b)  -> (artifact id: 'a6f64aa6a7b94fa152b5c75be98ce97b') in 0.043802 seconds
Number of updated asset objects reloaded before import = 0
Number of asset objects unloaded after import = 2
========================================================================
Received Import Request.
  Time since last request: 0.130973 seconds.
  path: Assets/AmplifyShaderEditor/Examples/Assets/Textures/Tiles/Tile_O.jpg
  artifactKey: Guid(120ede8c4897abf488ebbcd0d0b46ede) Importer(815301076,1909f56bfc062723c751e8b465ee728b)
Start importing Assets/AmplifyShaderEditor/Examples/Assets/Textures/Tiles/Tile_O.jpg using Guid(120ede8c4897abf488ebbcd0d0b46ede) Importer(815301076,1909f56bfc062723c751e8b465ee728b)  -> (artifact id: '1a1f492cd1808d25d26fa742794d1bde') in 0.035405 seconds
Number of updated asset objects reloaded before import = 0
Number of asset objects unloaded after import = 2
========================================================================
Received Import Request.
  Time since last request: 0.000054 seconds.
  path: Assets/AmplifyShaderEditor/Examples/Assets/Textures/Misc/TileableFire.jpg
  artifactKey: Guid(f7e96904e8667e1439548f0f86389447) Importer(815301076,1909f56bfc062723c751e8b465ee728b)
Start importing Assets/AmplifyShaderEditor/Examples/Assets/Textures/Misc/TileableFire.jpg using Guid(f7e96904e8667e1439548f0f86389447) Importer(815301076,1909f56bfc062723c751e8b465ee728b)  -> (artifact id: '8e4beea1c590285c59108eb8ff656839') in 0.040111 seconds
Number of updated asset objects reloaded before import = 0
Number of asset objects unloaded after import = 2
========================================================================
Received Import Request.
  Time since last request: 0.158268 seconds.
  path: Assets/AmplifyShaderEditor/Plugins/EditorResources/UI/Canvas/TransparentOverlay.png
  artifactKey: Guid(8c4a7fca2884fab419769ccc0355c0c1) Importer(815301076,1909f56bfc062723c751e8b465ee728b)
Start importing Assets/AmplifyShaderEditor/Plugins/EditorResources/UI/Canvas/TransparentOverlay.png using Guid(8c4a7fca2884fab419769ccc0355c0c1) Importer(815301076,1909f56bfc062723c751e8b465ee728b)  -> (artifact id: '8b0cee11e22e97f6c7211fee00408d34') in 0.076131 seconds
Number of updated asset objects reloaded before import = 0
Number of asset objects unloaded after import = 2
========================================================================
Received Import Request.
  Time since last request: 0.114827 seconds.
  path: Assets/AmplifyShaderEditor/Examples/Assets/Textures/TV/TV_MetallicSmoothness.png
  artifactKey: Guid(5d7beef2bf536ce4787fd5b796ced093) Importer(815301076,1909f56bfc062723c751e8b465ee728b)
Start importing Assets/AmplifyShaderEditor/Examples/Assets/Textures/TV/TV_MetallicSmoothness.png using Guid(5d7beef2bf536ce4787fd5b796ced093) Importer(815301076,1909f56bfc062723c751e8b465ee728b)  -> (artifact id: '6347e6923b4d818c5ce7cda5fb679a22') in 0.040819 seconds
Number of updated asset objects reloaded before import = 0
Number of asset objects unloaded after import = 2
========================================================================
Received Import Request.
  Time since last request: 798.939358 seconds.
  path: Assets/AmplifyShaderEditor/Examples/Assets/Textures/TV/TV_Normal_Hands.png
  artifactKey: Guid(1d75b14f4f330394b905e928ac14c061) Importer(815301076,1909f56bfc062723c751e8b465ee728b)
Start importing Assets/AmplifyShaderEditor/Examples/Assets/Textures/TV/TV_Normal_Hands.png using Guid(1d75b14f4f330394b905e928ac14c061) Importer(815301076,1909f56bfc062723c751e8b465ee728b)  -> (artifact id: 'f13406a25998b825b5a7f2ae2f08c43e') in 0.040932 seconds
Number of updated asset objects reloaded before import = 5
Number of asset objects unloaded after import = 2
========================================================================
Received Import Request.
  Time since last request: 0.196547 seconds.
  path: Assets/AmplifyShaderEditor/Plugins/EditorResources/UI/Buttons/UpdateOutdated.png
  artifactKey: Guid(cce638be049286c41bcbd0a26c356b18) Importer(815301076,1909f56bfc062723c751e8b465ee728b)
Start importing Assets/AmplifyShaderEditor/Plugins/EditorResources/UI/Buttons/UpdateOutdated.png using Guid(cce638be049286c41bcbd0a26c356b18) Importer(815301076,1909f56bfc062723c751e8b465ee728b)  -> (artifact id: '2df38d44aef7700f50531b15de0ed7cc') in 0.042049 seconds
Number of updated asset objects reloaded before import = 0
Number of asset objects unloaded after import = 2
========================================================================
Received Import Request.
  Time since last request: 0.000199 seconds.
  path: Assets/AmplifyShaderEditor/Examples/Built-In/UVLightReveal/UVLight.jpg
  artifactKey: Guid(d611d6f49dd07344aa1277ada0f6bf6c) Importer(815301076,1909f56bfc062723c751e8b465ee728b)
Start importing Assets/AmplifyShaderEditor/Examples/Built-In/UVLightReveal/UVLight.jpg using Guid(d611d6f49dd07344aa1277ada0f6bf6c) Importer(815301076,1909f56bfc062723c751e8b465ee728b)  -> (artifact id: 'a28af7d79b88b02ed51afee950cc383e') in 0.034389 seconds
Number of updated asset objects reloaded before import = 0
Number of asset objects unloaded after import = 2
========================================================================
Received Import Request.
  Time since last request: 0.000023 seconds.
  path: Assets/AmplifyShaderEditor/Examples/Assets/Textures/Misc/WarmToonRamp.png
  artifactKey: Guid(52e66a9243cdfed44b5e906f5910d35b) Importer(815301076,1909f56bfc062723c751e8b465ee728b)
Start importing Assets/AmplifyShaderEditor/Examples/Assets/Textures/Misc/WarmToonRamp.png using Guid(52e66a9243cdfed44b5e906f5910d35b) Importer(815301076,1909f56bfc062723c751e8b465ee728b)  -> (artifact id: '42603a025619e3e1b56bd0483a362ebb') in 0.031538 seconds
Number of updated asset objects reloaded before import = 0
Number of asset objects unloaded after import = 2
========================================================================
Received Import Request.
  Time since last request: 69.495867 seconds.
  path: Assets/AmplifyShaderEditor/Plugins/EditorResources/UI/Nodes/WhitePortOutline.png
  artifactKey: Guid(56277f370fb77a448a152bcd2e3a9077) Importer(815301076,1909f56bfc062723c751e8b465ee728b)
Start importing Assets/AmplifyShaderEditor/Plugins/EditorResources/UI/Nodes/WhitePortOutline.png using Guid(56277f370fb77a448a152bcd2e3a9077) Importer(815301076,1909f56bfc062723c751e8b465ee728b)  -> (artifact id: '726628da56f711538d4b65219634e74e') in 0.032910 seconds
Number of updated asset objects reloaded before import = 0
Number of asset objects unloaded after import = 2
========================================================================
Received Import Request.
  Time since last request: 0.000029 seconds.
  path: Assets/AmplifyShaderEditor/Plugins/EditorResources/UI/Nodes/WhitePortSolid.png
  artifactKey: Guid(8113366f9f7cec647878e3af2fb98922) Importer(815301076,1909f56bfc062723c751e8b465ee728b)
Start importing Assets/AmplifyShaderEditor/Plugins/EditorResources/UI/Nodes/WhitePortSolid.png using Guid(8113366f9f7cec647878e3af2fb98922) Importer(815301076,1909f56bfc062723c751e8b465ee728b)  -> (artifact id: '579faa446a06cddb3b35f60ed1e5d1c0') in 0.025942 seconds
Number of updated asset objects reloaded before import = 0
Number of asset objects unloaded after import = 2
========================================================================
Received Import Request.
  Time since last request: 0.650416 seconds.
  path: Assets/AmplifyShaderEditor/Examples/Assets/Textures/SceneTextures/WoodDiffuse.tif
  artifactKey: Guid(7130c16fd8005b546b111d341310a9a4) Importer(815301076,1909f56bfc062723c751e8b465ee728b)
Start importing Assets/AmplifyShaderEditor/Examples/Assets/Textures/SceneTextures/WoodDiffuse.tif using Guid(7130c16fd8005b546b111d341310a9a4) Importer(815301076,1909f56bfc062723c751e8b465ee728b)  -> (artifact id: 'c1d341bddcb622eeb52a2c7942560a52') in 0.036599 seconds
Number of updated asset objects reloaded before import = 0
Number of asset objects unloaded after import = 2
========================================================================
Received Import Request.
  Time since last request: 0.007659 seconds.
  path: Assets/AmplifyShaderEditor/Examples/Assets/Textures/SceneTextures/WoodNormal.tif
  artifactKey: Guid(11f03d9db1a617e40b7ece71f0a84f6f) Importer(815301076,1909f56bfc062723c751e8b465ee728b)
Start importing Assets/AmplifyShaderEditor/Examples/Assets/Textures/SceneTextures/WoodNormal.tif using Guid(11f03d9db1a617e40b7ece71f0a84f6f) Importer(815301076,1909f56bfc062723c751e8b465ee728b)  -> (artifact id: 'b87ee16be42e34f5e81b7425c83c1550') in 0.036690 seconds
Number of updated asset objects reloaded before import = 0
Number of asset objects unloaded after import = 2
========================================================================
Received Import Request.
  Time since last request: 0.000025 seconds.
  path: Assets/AmplifyShaderEditor/Examples/Built-In/TextureArray/WoodTextureArrayAlbedo.asset
  artifactKey: Guid(2a1e45aec61cb9b41830e680aef0d4bf) Importer(815301076,1909f56bfc062723c751e8b465ee728b)
Start importing Assets/AmplifyShaderEditor/Examples/Built-In/TextureArray/WoodTextureArrayAlbedo.asset using Guid(2a1e45aec61cb9b41830e680aef0d4bf) Importer(815301076,1909f56bfc062723c751e8b465ee728b)  -> (artifact id: '21a975f135c94b5a0ee24b007c34e135') in 0.106005 seconds
Number of updated asset objects reloaded before import = 0
Number of asset objects unloaded after import = 1
========================================================================
Received Import Request.
  Time since last request: 0.996376 seconds.
  path: Assets/AmplifyShaderEditor/Examples/Assets/Textures/SceneTextures/WoodTile.tif
  artifactKey: Guid(e477163a653bf6246954b3fea8ea8875) Importer(815301076,1909f56bfc062723c751e8b465ee728b)
Start importing Assets/AmplifyShaderEditor/Examples/Assets/Textures/SceneTextures/WoodTile.tif using Guid(e477163a653bf6246954b3fea8ea8875) Importer(815301076,1909f56bfc062723c751e8b465ee728b)  -> (artifact id: '2ad0fa1d8d9f29d0141b10febf8be055') in 0.027339 seconds
Number of updated asset objects reloaded before import = 0
Number of asset objects unloaded after import = 2
Editor requested this worker to shutdown with reason: Scaling down because of idle timeout
TcpMessagingSession - receive error: operation aborted. errorcode: 995, details: La operación de E/S se anuló por una salida de subproceso o por una solicitud de aplicación.
AssetImportWorker is now disconnected from the server
Process exiting
Exiting without the bug reporter. Application will terminate with return code 0