Using pre-set license
Built from '2022.3/staging' branch; Version is '2022.3.16f1 (d2c21f0ef2f1) revision 13812255'; Using compiler version '192829333'; Build Type 'Release'
OS: 'Windows 11  (10.0.26100) 64bit Professional' Language: 'es' Physical Memory: 16011 MB
BatchMode: 1, IsHumanControllingUs: 0, StartBugReporterOnCrash: 0, Is64bit: 1, IsPro: 1

COMMAND LINE ARGUMENTS:
C:\Program Files\Unity\Hub\Editor\2022.3.16f1\Editor\Unity.exe
-adb2
-batchMode
-noUpm
-name
AssetImportWorker2
-projectPath
C:/Users/User/TODO/UNITY/REPOSITORIOS/ProgramacionGrafica
-logFile
Logs/AssetImportWorker2.log
-srvPort
49676
Successfully changed project path to: C:/Users/User/TODO/UNITY/REPOSITORIOS/ProgramacionGrafica
C:/Users/User/TODO/UNITY/REPOSITORIOS/ProgramacionGrafica
[UnityMemory] Configuration Parameters - Can be set up in boot.config
    "memorysetup-bucket-allocator-granularity=16"
    "memorysetup-bucket-allocator-bucket-count=8"
    "memorysetup-bucket-allocator-block-size=33554432"
    "memorysetup-bucket-allocator-block-count=8"
    "memorysetup-main-allocator-block-size=16777216"
    "memorysetup-thread-allocator-block-size=16777216"
    "memorysetup-gfx-main-allocator-block-size=16777216"
    "memorysetup-gfx-thread-allocator-block-size=16777216"
    "memorysetup-cache-allocator-block-size=4194304"
    "memorysetup-typetree-allocator-block-size=2097152"
    "memorysetup-profiler-bucket-allocator-granularity=16"
    "memorysetup-profiler-bucket-allocator-bucket-count=8"
    "memorysetup-profiler-bucket-allocator-block-size=33554432"
    "memorysetup-profiler-bucket-allocator-block-count=8"
    "memorysetup-profiler-allocator-block-size=16777216"
    "memorysetup-profiler-editor-allocator-block-size=1048576"
    "memorysetup-temp-allocator-size-main=16777216"
    "memorysetup-job-temp-allocator-block-size=2097152"
    "memorysetup-job-temp-allocator-block-size-background=1048576"
    "memorysetup-job-temp-allocator-reduction-small-platforms=262144"
    "memorysetup-allocator-temp-initial-block-size-main=262144"
    "memorysetup-allocator-temp-initial-block-size-worker=262144"
    "memorysetup-temp-allocator-size-background-worker=32768"
    "memorysetup-temp-allocator-size-job-worker=262144"
    "memorysetup-temp-allocator-size-preload-manager=33554432"
    "memorysetup-temp-allocator-size-nav-mesh-worker=65536"
    "memorysetup-temp-allocator-size-audio-worker=65536"
    "memorysetup-temp-allocator-size-cloud-worker=32768"
    "memorysetup-temp-allocator-size-gi-baking-worker=262144"
    "memorysetup-temp-allocator-size-gfx=262144"
Player connection [5744] Host "[IP] 10.100.115.91 [Port] 0 [Flags] 2 [Guid] 1180803771 [EditorId] 1180803771 [Version] 1048832 [Id] WindowsEditor(7,DESKTOP-U9FQ2HB) [Debug] 1 [PackageName] WindowsEditor [ProjectName] Editor" joined multi-casting on [225.0.0.222:54997]...

Player connection [5744] Host "[IP] 10.100.115.91 [Port] 0 [Flags] 2 [Guid] 1180803771 [EditorId] 1180803771 [Version] 1048832 [Id] WindowsEditor(7,DESKTOP-U9FQ2HB) [Debug] 1 [PackageName] WindowsEditor [ProjectName] Editor" joined alternative multi-casting on [225.0.0.222:34997]...

[Physics::Module] Initialized MultithreadedJobDispatcher with 15 workers.
Refreshing native plugins compatible for Editor in 9.97 ms, found 4 plugins.
Preloading 0 native plugins for Editor in 0.00 ms.
Initialize engine version: 2022.3.16f1 (d2c21f0ef2f1)
[Subsystems] Discovering subsystems at path C:/Program Files/Unity/Hub/Editor/2022.3.16f1/Editor/Data/Resources/UnitySubsystems
[Subsystems] Discovering subsystems at path C:/Users/User/TODO/UNITY/REPOSITORIOS/ProgramacionGrafica/Assets
GfxDevice: creating device client; threaded=0; jobified=0
Direct3D:
    Version:  Direct3D 11.0 [level 11.1]
    Renderer: NVIDIA GeForce RTX 4060 Laptop GPU (ID=0x28e0)
    Vendor:   NVIDIA
    VRAM:     7956 MB
    Driver:   32.0.15.9174
Shader 'ASESampleShaders/Terrain/TerrainSnowCoverageFirstPass': dependency 'BaseMapShader' shader 'ASESampleShaders/TerrainBase' not found
Shader 'ASESampleShaders/Terrain/TerrainSnowCoverageFirstPass': dependency 'BaseMapShader' shader 'ASESampleShaders/TerrainBase' not found
Initialize mono
Mono path[0] = 'C:/Program Files/Unity/Hub/Editor/2022.3.16f1/Editor/Data/Managed'
Mono path[1] = 'C:/Program Files/Unity/Hub/Editor/2022.3.16f1/Editor/Data/MonoBleedingEdge/lib/mono/unityjit-win32'
Mono config path = 'C:/Program Files/Unity/Hub/Editor/2022.3.16f1/Editor/Data/MonoBleedingEdge/etc'
Using monoOptions --debugger-agent=transport=dt_socket,embedding=1,server=y,suspend=n,address=127.0.0.1:56372
Begin MonoManager ReloadAssembly
Registering precompiled unity dll's ...
Register platform support module: C:/Program Files/Unity/Hub/Editor/2022.3.16f1/Editor/Data/PlaybackEngines/WindowsStandaloneSupport/UnityEditor.WindowsStandalone.Extensions.dll
Registered in 0.004039 seconds.
- Loaded All Assemblies, in  0.257 seconds
Native extension for WindowsStandalone target not found
Mono: successfully reloaded assembly
- Finished resetting the current domain, in  0.180 seconds
Domain Reload Profiling: 435ms
	BeginReloadAssembly (91ms)
		ExecutionOrderSort (0ms)
		DisableScriptedObjects (0ms)
		BackupInstance (0ms)
		ReleaseScriptingObjects (0ms)
		CreateAndSetChildDomain (1ms)
	RebuildCommonClasses (21ms)
	RebuildNativeTypeToScriptingClass (6ms)
	initialDomainReloadingComplete (49ms)
	LoadAllAssembliesAndSetupDomain (87ms)
		LoadAssemblies (89ms)
		RebuildTransferFunctionScriptingTraits (0ms)
		AnalyzeDomain (86ms)
			TypeCache.Refresh (85ms)
				TypeCache.ScanAssembly (76ms)
			ScanForSourceGeneratedMonoScriptInfo (0ms)
			ResolveRequiredComponents (0ms)
	FinalizeReload (181ms)
		ReleaseScriptCaches (0ms)
		RebuildScriptCaches (0ms)
		SetupLoadedEditorAssemblies (143ms)
			LogAssemblyErrors (0ms)
			InitializePlatformSupportModulesInManaged (5ms)
			SetLoadedEditorAssemblies (5ms)
			RefreshPlugins (0ms)
			BeforeProcessingInitializeOnLoad (2ms)
			ProcessInitializeOnLoadAttributes (102ms)
			ProcessInitializeOnLoadMethodAttributes (29ms)
			AfterProcessingInitializeOnLoad (0ms)
			EditorAssembliesLoaded (0ms)
		ExecutionOrderSort2 (0ms)
		AwakeInstancesAfterBackupRestoration (0ms)
========================================================================
Worker process is ready to serve import requests
Begin MonoManager ReloadAssembly
- Loaded All Assemblies, in  0.448 seconds
Refreshing native plugins compatible for Editor in 2.94 ms, found 4 plugins.
Native extension for WindowsStandalone target not found
Mono: successfully reloaded assembly
- Finished resetting the current domain, in  0.398 seconds
Domain Reload Profiling: 844ms
	BeginReloadAssembly (95ms)
		ExecutionOrderSort (0ms)
		DisableScriptedObjects (3ms)
		BackupInstance (0ms)
		ReleaseScriptingObjects (0ms)
		CreateAndSetChildDomain (14ms)
	RebuildCommonClasses (21ms)
	RebuildNativeTypeToScriptingClass (7ms)
	initialDomainReloadingComplete (29ms)
	LoadAllAssembliesAndSetupDomain (295ms)
		LoadAssemblies (232ms)
		RebuildTransferFunctionScriptingTraits (0ms)
		AnalyzeDomain (119ms)
			TypeCache.Refresh (104ms)
				TypeCache.ScanAssembly (96ms)
			ScanForSourceGeneratedMonoScriptInfo (11ms)
			ResolveRequiredComponents (2ms)
	FinalizeReload (398ms)
		ReleaseScriptCaches (0ms)
		RebuildScriptCaches (0ms)
		SetupLoadedEditorAssemblies (282ms)
			LogAssemblyErrors (0ms)
			InitializePlatformSupportModulesInManaged (3ms)
			SetLoadedEditorAssemblies (3ms)
			RefreshPlugins (0ms)
			BeforeProcessingInitializeOnLoad (43ms)
			ProcessInitializeOnLoadAttributes (215ms)
			ProcessInitializeOnLoadMethodAttributes (13ms)
			AfterProcessingInitializeOnLoad (4ms)
			EditorAssembliesLoaded (0ms)
		ExecutionOrderSort2 (0ms)
		AwakeInstancesAfterBackupRestoration (4ms)
Shader 'ASESampleShaders/Terrain/TerrainSnowCoverageFirstPass': dependency 'BaseMapShader' shader 'ASESampleShaders/TerrainBase' not found
Launched and connected shader compiler UnityShaderCompiler.exe after 0.03 seconds
Refreshing native plugins compatible for Editor in 3.87 ms, found 4 plugins.
Preloading 0 native plugins for Editor in 0.00 ms.
Unloading 4290 Unused Serialized files (Serialized files now loaded: 0)
Unloading 43 unused Assets / (61.2 KB). Loaded Objects now: 4754.
Memory consumption went from 273.1 MB to 273.0 MB.
Total: 2.434200 ms (FindLiveObjects: 0.210400 ms CreateObjectMapping: 0.088500 ms MarkObjects: 2.062200 ms  DeleteObjects: 0.072600 ms)

AssetImportParameters requested are different than current active one (requested -> active):
  custom:container-demuxer-ogg: 62fdf1f143b41e24485cea50d1cbac27 -> 
  custom:video-codec-MediaFoundation-h265: 746d11721c4dcdbdad8f713fa42b33f4 -> 
  custom:video-decoder-ogg-theora: a1e56fd34408186e4bbccfd4996cb3dc -> 
  custom:framework-win-MediaFoundation: 216162199b28c13a410421893ffa2e32 -> 
  custom:CustomObjectIndexerAttribute: 43b350a4d6e6d1791af0b5038c4bea17 -> 
  custom:container-demuxer-webm: 4f35f7cbe854078d1ac9338744f61a02 -> 
  custom:container-muxer-webm: aa71ff27fc2769a1b78a27578f13a17b -> 
  custom:video-decoder-webm-vp8: 9c59270c3fd7afecdb556c50c9e8de78 -> 
  custom:SearchIndexIgnoredProperties: e643bd26f0fe6173181afceb89e7c659 -> 
  custom:AudioImporter_EditorPlatform: d09bf68614088b80899f8185d706f6e7 -> 
  custom:video-encoder-webm-vp8: eb34c28f22e8b96e1ab97ce403110664 -> 
  custom:audio-decoder-ogg-vorbis: bf7c407c2cedff20999df2af8eb42d56 -> 
  custom:audio-encoder-webm-vorbis: bf7c407c2cedff20999df2af8eb42d56 -> 
========================================================================
Received Import Request.
  Time since last request: 82930.880487 seconds.
  path: Assets/AmplifyShaderEditor/Plugins/EditorResources/UI/Nodes/SliderButton.png
  artifactKey: Guid(dd563e33152bb6443b099b4139ceecb9) Importer(815301076,1909f56bfc062723c751e8b465ee728b)
Start importing Assets/AmplifyShaderEditor/Plugins/EditorResources/UI/Nodes/SliderButton.png using Guid(dd563e33152bb6443b099b4139ceecb9) Importer(815301076,1909f56bfc062723c751e8b465ee728b)  -> (artifact id: '2caa44989c67b6324f2c311c2d4e3c99') in 0.050816 seconds
Number of updated asset objects reloaded before import = 0
Number of asset objects unloaded after import = 2
========================================================================
Received Import Request.
  Time since last request: 0.000018 seconds.
  path: Assets/AmplifyShaderEditor/Examples/Assets/Textures/Misc/TileableFire.jpg
  artifactKey: Guid(f7e96904e8667e1439548f0f86389447) Importer(815301076,1909f56bfc062723c751e8b465ee728b)
Start importing Assets/AmplifyShaderEditor/Examples/Assets/Textures/Misc/TileableFire.jpg using Guid(f7e96904e8667e1439548f0f86389447) Importer(815301076,1909f56bfc062723c751e8b465ee728b)  -> (artifact id: '8e4beea1c590285c59108eb8ff656839') in 0.020477 seconds
Number of updated asset objects reloaded before import = 0
Number of asset objects unloaded after import = 2
========================================================================
Received Import Request.
  Time since last request: 0.678463 seconds.
  path: Assets/AmplifyShaderEditor/Examples/Assets/Textures/SceneTextures/BrushedMetalNormal.tif
  artifactKey: Guid(bd734c29baceb63499732f24fbaea45f) Importer(815301076,1909f56bfc062723c751e8b465ee728b)
Start importing Assets/AmplifyShaderEditor/Examples/Assets/Textures/SceneTextures/BrushedMetalNormal.tif using Guid(bd734c29baceb63499732f24fbaea45f) Importer(815301076,1909f56bfc062723c751e8b465ee728b)  -> (artifact id: '2993b7d17c19f2a6dc1a5a50145e9266') in 0.040703 seconds
Number of updated asset objects reloaded before import = 0
Number of asset objects unloaded after import = 2
========================================================================
Received Import Request.
  Time since last request: 1.670248 seconds.
  path: Assets/AmplifyShaderEditor/Examples/Built-In/Community 2Sided/2smask.png
  artifactKey: Guid(45ea98975d00f49d4a37af20347af491) Importer(815301076,1909f56bfc062723c751e8b465ee728b)
Start importing Assets/AmplifyShaderEditor/Examples/Built-In/Community 2Sided/2smask.png using Guid(45ea98975d00f49d4a37af20347af491) Importer(815301076,1909f56bfc062723c751e8b465ee728b)  -> (artifact id: '2567a3775213d6991b189a915fdc5c2f') in 0.020237 seconds
Number of updated asset objects reloaded before import = 0
Number of asset objects unloaded after import = 2
========================================================================
Received Import Request.
  Time since last request: 0.000017 seconds.
  path: Assets/AmplifyShaderEditor/Examples/Assets/Textures/Sprites/ASEIcon.png
  artifactKey: Guid(80ab37a9e4f49c842903bb43bdd7bcd2) Importer(815301076,1909f56bfc062723c751e8b465ee728b)
Start importing Assets/AmplifyShaderEditor/Examples/Assets/Textures/Sprites/ASEIcon.png using Guid(80ab37a9e4f49c842903bb43bdd7bcd2) Importer(815301076,1909f56bfc062723c751e8b465ee728b)  -> (artifact id: '8283230292be11e7c8912f3a398082c3') in 0.039086 seconds
Number of updated asset objects reloaded before import = 0
Number of asset objects unloaded after import = 3
========================================================================
Received Import Request.
  Time since last request: 0.000018 seconds.
  path: Assets/AmplifyShaderEditor/Plugins/EditorResources/UI/Nodes/BlueNormalHeader.png
  artifactKey: Guid(bd910a1d744309b499b59062db7891ab) Importer(815301076,1909f56bfc062723c751e8b465ee728b)
Start importing Assets/AmplifyShaderEditor/Plugins/EditorResources/UI/Nodes/BlueNormalHeader.png using Guid(bd910a1d744309b499b59062db7891ab) Importer(815301076,1909f56bfc062723c751e8b465ee728b)  -> (artifact id: '76a5466585364791b1a96976cddc3ffe') in 0.018099 seconds
Number of updated asset objects reloaded before import = 0
Number of asset objects unloaded after import = 2
========================================================================
Received Import Request.
  Time since last request: 0.776889 seconds.
  path: Assets/AmplifyShaderEditor/Examples/Assets/Textures/Misc/Burnt_normals.tga
  artifactKey: Guid(e9742c575b8f4644fb9379e7347ff62e) Importer(815301076,1909f56bfc062723c751e8b465ee728b)
Start importing Assets/AmplifyShaderEditor/Examples/Assets/Textures/Misc/Burnt_normals.tga using Guid(e9742c575b8f4644fb9379e7347ff62e) Importer(815301076,1909f56bfc062723c751e8b465ee728b)  -> (artifact id: '047bdfb06475be34b540c1ddd317d7f2') in 0.021195 seconds
Number of updated asset objects reloaded before import = 0
Number of asset objects unloaded after import = 2
========================================================================
Received Import Request.
  Time since last request: 0.758289 seconds.
  path: Assets/AmplifyShaderEditor/Plugins/EditorResources/UI/Nodes/GrayNormalHeaderSquare.png
  artifactKey: Guid(b16188b8a3dee8146bd9cb0bde234a24) Importer(815301076,1909f56bfc062723c751e8b465ee728b)
Start importing Assets/AmplifyShaderEditor/Plugins/EditorResources/UI/Nodes/GrayNormalHeaderSquare.png using Guid(b16188b8a3dee8146bd9cb0bde234a24) Importer(815301076,1909f56bfc062723c751e8b465ee728b)  -> (artifact id: '0352ff3b38a6ded2577ff67c50a588ae') in 0.025147 seconds
Number of updated asset objects reloaded before import = 0
Number of asset objects unloaded after import = 2
========================================================================
Received Import Request.
  Time since last request: 1.569099 seconds.
  path: Assets/AmplifyShaderEditor/Plugins/EditorResources/UI/Canvas/Grid128.png
  artifactKey: Guid(881c304491028ea48b5027ac6c62cf73) Importer(815301076,1909f56bfc062723c751e8b465ee728b)
Start importing Assets/AmplifyShaderEditor/Plugins/EditorResources/UI/Canvas/Grid128.png using Guid(881c304491028ea48b5027ac6c62cf73) Importer(815301076,1909f56bfc062723c751e8b465ee728b)  -> (artifact id: '170a53c2a03a1a24d6426b095e66cbb5') in 0.020910 seconds
Number of updated asset objects reloaded before import = 0
Number of asset objects unloaded after import = 2
========================================================================
Received Import Request.
  Time since last request: 3.221845 seconds.
  path: Assets/AmplifyShaderEditor/Examples/Assets/Textures/Sand/Sand_ao.tga
  artifactKey: Guid(e7715ad31a5979f4dbf93e80ca3a92df) Importer(815301076,1909f56bfc062723c751e8b465ee728b)
Start importing Assets/AmplifyShaderEditor/Examples/Assets/Textures/Sand/Sand_ao.tga using Guid(e7715ad31a5979f4dbf93e80ca3a92df) Importer(815301076,1909f56bfc062723c751e8b465ee728b)  -> (artifact id: 'afb20bccb4fe1642a8302be9c48bad34') in 0.025177 seconds
Number of updated asset objects reloaded before import = 0
Number of asset objects unloaded after import = 2
========================================================================
Received Import Request.
  Time since last request: 0.000013 seconds.
  path: Assets/AmplifyShaderEditor/Examples/Assets/Textures/Sand/Sand_normal.tga
  artifactKey: Guid(f53512d44b91e954dae7bf028209df1a) Importer(815301076,1909f56bfc062723c751e8b465ee728b)
Start importing Assets/AmplifyShaderEditor/Examples/Assets/Textures/Sand/Sand_normal.tga using Guid(f53512d44b91e954dae7bf028209df1a) Importer(815301076,1909f56bfc062723c751e8b465ee728b)  -> (artifact id: '66052fafe89552e1ba453500834aa265') in 0.020897 seconds
Number of updated asset objects reloaded before import = 0
Number of asset objects unloaded after import = 2
========================================================================
Received Import Request.
  Time since last request: 5.853883 seconds.
  path: Assets/AmplifyShaderEditor/Examples/Built-In/Community Dissolve Burn/burn-ramp.png
  artifactKey: Guid(64e7766099ad46747a07014e44d0aea1) Importer(815301076,1909f56bfc062723c751e8b465ee728b)
Start importing Assets/AmplifyShaderEditor/Examples/Built-In/Community Dissolve Burn/burn-ramp.png using Guid(64e7766099ad46747a07014e44d0aea1) Importer(815301076,1909f56bfc062723c751e8b465ee728b)  -> (artifact id: 'e850e2284f572b10563ddffb6fcacc6b') in 0.021869 seconds
Number of updated asset objects reloaded before import = 0
Number of asset objects unloaded after import = 2
========================================================================
Received Import Request.
  Time since last request: 0.325010 seconds.
  path: Assets/AmplifyShaderEditor/Examples/Assets/Textures/SceneTextures/CanvasDiffuse.tif
  artifactKey: Guid(d3a780a450cf8584793c374ad13bcaa4) Importer(815301076,1909f56bfc062723c751e8b465ee728b)
Start importing Assets/AmplifyShaderEditor/Examples/Assets/Textures/SceneTextures/CanvasDiffuse.tif using Guid(d3a780a450cf8584793c374ad13bcaa4) Importer(815301076,1909f56bfc062723c751e8b465ee728b)  -> (artifact id: '5cec79f602e14f6cb0d3b0e3745acf32') in 0.017235 seconds
Number of updated asset objects reloaded before import = 0
Number of asset objects unloaded after import = 2
========================================================================
Received Import Request.
  Time since last request: 0.058699 seconds.
  path: Assets/AmplifyShaderEditor/Examples/Assets/Textures/SceneTextures/CanvasNormal.tif
  artifactKey: Guid(8178c5ce4aa3d5341804ce7d0ff18428) Importer(815301076,1909f56bfc062723c751e8b465ee728b)
Start importing Assets/AmplifyShaderEditor/Examples/Assets/Textures/SceneTextures/CanvasNormal.tif using Guid(8178c5ce4aa3d5341804ce7d0ff18428) Importer(815301076,1909f56bfc062723c751e8b465ee728b)  -> (artifact id: 'bac52f0bcec558a4d0f9e91c1a02ad31') in 0.020927 seconds
Number of updated asset objects reloaded before import = 0
Number of asset objects unloaded after import = 2
========================================================================
Received Import Request.
  Time since last request: 0.422314 seconds.
  path: Assets/AmplifyShaderEditor/Plugins/EditorResources/UI/Buttons/Checkmark.png
  artifactKey: Guid(e9c4642eaa083a54ab91406d8449e6ac) Importer(815301076,1909f56bfc062723c751e8b465ee728b)
Start importing Assets/AmplifyShaderEditor/Plugins/EditorResources/UI/Buttons/Checkmark.png using Guid(e9c4642eaa083a54ab91406d8449e6ac) Importer(815301076,1909f56bfc062723c751e8b465ee728b)  -> (artifact id: '642333c18bd6c0d1bbc0a31da0e4a522') in 0.022149 seconds
Number of updated asset objects reloaded before import = 0
Number of asset objects unloaded after import = 2
========================================================================
Received Import Request.
  Time since last request: 0.011666 seconds.
  path: Assets/AmplifyShaderEditor/Plugins/EditorResources/UI/Buttons/CircularToggle_ON_Dark.png
  artifactKey: Guid(ac0860a6a77e29d4091ba790a17daa0f) Importer(815301076,1909f56bfc062723c751e8b465ee728b)
Start importing Assets/AmplifyShaderEditor/Plugins/EditorResources/UI/Buttons/CircularToggle_ON_Dark.png using Guid(ac0860a6a77e29d4091ba790a17daa0f) Importer(815301076,1909f56bfc062723c751e8b465ee728b)  -> (artifact id: 'f6a679387be8dff0b55af7be8e10d44c') in 0.019830 seconds
Number of updated asset objects reloaded before import = 0
Number of asset objects unloaded after import = 2
========================================================================
Received Import Request.
  Time since last request: 0.939794 seconds.
  path: Assets/AmplifyShaderEditor/Plugins/EditorResources/UI/Buttons/CleanupON.png
  artifactKey: Guid(615d853995cf2344d8641fd19cb09b5d) Importer(815301076,1909f56bfc062723c751e8b465ee728b)
Start importing Assets/AmplifyShaderEditor/Plugins/EditorResources/UI/Buttons/CleanupON.png using Guid(615d853995cf2344d8641fd19cb09b5d) Importer(815301076,1909f56bfc062723c751e8b465ee728b)  -> (artifact id: 'c3047cc8e1e474af5e9daffb17fddd79') in 0.020681 seconds
Number of updated asset objects reloaded before import = 0
Number of asset objects unloaded after import = 2
========================================================================
Received Import Request.
  Time since last request: 0.319597 seconds.
  path: Assets/AmplifyShaderEditor/Examples/Built-In/TerrainSnowCoverage/color.png
  artifactKey: Guid(138df4511c079324cabae1f7f865c1c1) Importer(815301076,1909f56bfc062723c751e8b465ee728b)
Start importing Assets/AmplifyShaderEditor/Examples/Built-In/TerrainSnowCoverage/color.png using Guid(138df4511c079324cabae1f7f865c1c1) Importer(815301076,1909f56bfc062723c751e8b465ee728b)  -> (artifact id: '2c93f3e2a72e04b24fef98821b4643dd') in 0.018812 seconds
Number of updated asset objects reloaded before import = 0
Number of asset objects unloaded after import = 2
========================================================================
Received Import Request.
  Time since last request: 0.019803 seconds.
  path: Assets/AmplifyShaderEditor/Plugins/EditorResources/UI/Nodes/CommentaryResizeIconInv.png
  artifactKey: Guid(b52bc320a2ff91446978a893ec738134) Importer(815301076,1909f56bfc062723c751e8b465ee728b)
Start importing Assets/AmplifyShaderEditor/Plugins/EditorResources/UI/Nodes/CommentaryResizeIconInv.png using Guid(b52bc320a2ff91446978a893ec738134) Importer(815301076,1909f56bfc062723c751e8b465ee728b)  -> (artifact id: '5eab4d051b82200603081da14f29d3cc') in 0.019082 seconds
Number of updated asset objects reloaded before import = 0
Number of asset objects unloaded after import = 2
========================================================================
Received Import Request.
  Time since last request: 0.024205 seconds.
  path: Assets/AmplifyShaderEditor/Examples/Assets/Textures/Sprites/CubeMask.png
  artifactKey: Guid(80ee511a5808d8d499a8ca850b8a2129) Importer(815301076,1909f56bfc062723c751e8b465ee728b)
Start importing Assets/AmplifyShaderEditor/Examples/Assets/Textures/Sprites/CubeMask.png using Guid(80ee511a5808d8d499a8ca850b8a2129) Importer(815301076,1909f56bfc062723c751e8b465ee728b)  -> (artifact id: 'c0232723d9ca65b6bf957124ce616a95') in 0.020583 seconds
Number of updated asset objects reloaded before import = 0
Number of asset objects unloaded after import = 3
========================================================================
Received Import Request.
  Time since last request: 0.304019 seconds.
  path: Assets/AmplifyShaderEditor/Plugins/EditorResources/UI/Buttons/CustomExpRemoveIconActive.png
  artifactKey: Guid(1ba096552f9cbbb418ee2286856bb352) Importer(815301076,1909f56bfc062723c751e8b465ee728b)
Start importing Assets/AmplifyShaderEditor/Plugins/EditorResources/UI/Buttons/CustomExpRemoveIconActive.png using Guid(1ba096552f9cbbb418ee2286856bb352) Importer(815301076,1909f56bfc062723c751e8b465ee728b)  -> (artifact id: '4b4e525a933cfc085752daf12736fa57') in 0.019345 seconds
Number of updated asset objects reloaded before import = 0
Number of asset objects unloaded after import = 2
========================================================================
Received Import Request.
  Time since last request: 0.012840 seconds.
  path: Assets/AmplifyShaderEditor/Examples/Assets/Textures/Decals/Decal_Emissive.png
  artifactKey: Guid(a973f709b92aa76488eb46bdd48fffe4) Importer(815301076,1909f56bfc062723c751e8b465ee728b)
Start importing Assets/AmplifyShaderEditor/Examples/Assets/Textures/Decals/Decal_Emissive.png using Guid(a973f709b92aa76488eb46bdd48fffe4) Importer(815301076,1909f56bfc062723c751e8b465ee728b)  -> (artifact id: 'edf889cc8446e7ffc9dcccd1355f388b') in 0.024741 seconds
Number of updated asset objects reloaded before import = 0
Number of asset objects unloaded after import = 2
========================================================================
Received Import Request.
  Time since last request: 0.364534 seconds.
  path: Assets/AmplifyShaderEditor/Examples/Assets/Textures/Decals/Dirt_Decal_Normal.png
  artifactKey: Guid(bca2297e6d257934b865d220d15e2689) Importer(815301076,1909f56bfc062723c751e8b465ee728b)
Start importing Assets/AmplifyShaderEditor/Examples/Assets/Textures/Decals/Dirt_Decal_Normal.png using Guid(bca2297e6d257934b865d220d15e2689) Importer(815301076,1909f56bfc062723c751e8b465ee728b)  -> (artifact id: 'fe7b638a124d1ff2cfbef3a0d8bb198a') in 0.026380 seconds
Number of updated asset objects reloaded before import = 0
Number of asset objects unloaded after import = 2
========================================================================
Received Import Request.
  Time since last request: 0.010085 seconds.
  path: Assets/AmplifyShaderEditor/Examples/Assets/Textures/Decals/Dirt_normal.png
  artifactKey: Guid(af57f5bd8ef0d4e4697b6906d8563883) Importer(815301076,1909f56bfc062723c751e8b465ee728b)
Start importing Assets/AmplifyShaderEditor/Examples/Assets/Textures/Decals/Dirt_normal.png using Guid(af57f5bd8ef0d4e4697b6906d8563883) Importer(815301076,1909f56bfc062723c751e8b465ee728b)  -> (artifact id: 'baa15c93f22d6faf89542d0eb480a5bf') in 0.021027 seconds
Number of updated asset objects reloaded before import = 0
Number of asset objects unloaded after import = 2
========================================================================
Received Import Request.
  Time since last request: 0.030604 seconds.
  path: Assets/AmplifyShaderEditor/Examples/Assets/Textures/FakeWindow/Fakewindow_v1.jpg
  artifactKey: Guid(7b120c3c3229f1245b47281ba7c9b80b) Importer(815301076,1909f56bfc062723c751e8b465ee728b)
Start importing Assets/AmplifyShaderEditor/Examples/Assets/Textures/FakeWindow/Fakewindow_v1.jpg using Guid(7b120c3c3229f1245b47281ba7c9b80b) Importer(815301076,1909f56bfc062723c751e8b465ee728b)  -> (artifact id: '7be4ebf7d24b958898d37184f35358ec') in 0.022691 seconds
Number of updated asset objects reloaded before import = 0
Number of asset objects unloaded after import = 2
========================================================================
Received Import Request.
  Time since last request: 0.250271 seconds.
  path: Assets/AmplifyShaderEditor/Examples/Assets/Textures/FakeWindow/FakeWindowsMask.png
  artifactKey: Guid(1d7bcf945feff5a41bf626491be1c59c) Importer(815301076,1909f56bfc062723c751e8b465ee728b)
Start importing Assets/AmplifyShaderEditor/Examples/Assets/Textures/FakeWindow/FakeWindowsMask.png using Guid(1d7bcf945feff5a41bf626491be1c59c) Importer(815301076,1909f56bfc062723c751e8b465ee728b)  -> (artifact id: '662ce0a980798ea8f16d59c1748ef101') in 0.020147 seconds
Number of updated asset objects reloaded before import = 0
Number of asset objects unloaded after import = 2
========================================================================
Received Import Request.
  Time since last request: 0.022846 seconds.
  path: Assets/AmplifyShaderEditor/Examples/Assets/Textures/Misc/Flakes.png
  artifactKey: Guid(2741be98b31d56c43ad9cfbcaf99a799) Importer(815301076,1909f56bfc062723c751e8b465ee728b)
Start importing Assets/AmplifyShaderEditor/Examples/Assets/Textures/Misc/Flakes.png using Guid(2741be98b31d56c43ad9cfbcaf99a799) Importer(815301076,1909f56bfc062723c751e8b465ee728b)  -> (artifact id: '6af897f8da4c477413f195fcb2155451') in 0.018910 seconds
Number of updated asset objects reloaded before import = 0
Number of asset objects unloaded after import = 2
========================================================================
Received Import Request.
  Time since last request: 0.034210 seconds.
  path: Assets/AmplifyShaderEditor/Plugins/EditorResources/UI/Nodes/FlatBackground.png
  artifactKey: Guid(44efd0011d6a9bc4fb0b3a82753dac4e) Importer(815301076,1909f56bfc062723c751e8b465ee728b)
Start importing Assets/AmplifyShaderEditor/Plugins/EditorResources/UI/Nodes/FlatBackground.png using Guid(44efd0011d6a9bc4fb0b3a82753dac4e) Importer(815301076,1909f56bfc062723c751e8b465ee728b)  -> (artifact id: '6847ec9a26b8d1efba4da4357062cf9a') in 0.019064 seconds
Number of updated asset objects reloaded before import = 0
Number of asset objects unloaded after import = 2
========================================================================
Received Import Request.
  Time since last request: 0.586933 seconds.
  path: Assets/AmplifyShaderEditor/Examples/Built-In/Community LowPolyWater/foam-distortion-001.png
  artifactKey: Guid(cd460ee4ac5c1e746b7a734cc7cc64dd) Importer(815301076,1909f56bfc062723c751e8b465ee728b)
Start importing Assets/AmplifyShaderEditor/Examples/Built-In/Community LowPolyWater/foam-distortion-001.png using Guid(cd460ee4ac5c1e746b7a734cc7cc64dd) Importer(815301076,1909f56bfc062723c751e8b465ee728b)  -> (artifact id: '838cadc5defd19e7c4184c250ea58a53') in 0.021520 seconds
Number of updated asset objects reloaded before import = 0
Number of asset objects unloaded after import = 2
========================================================================
Received Import Request.
  Time since last request: 0.358117 seconds.
  path: Assets/AmplifyShaderEditor/Examples/Built-In/Community ForceShield/ForceShieldWaves.png
  artifactKey: Guid(61c0b9c0523734e0e91bc6043c72a490) Importer(815301076,1909f56bfc062723c751e8b465ee728b)
Start importing Assets/AmplifyShaderEditor/Examples/Built-In/Community ForceShield/ForceShieldWaves.png using Guid(61c0b9c0523734e0e91bc6043c72a490) Importer(815301076,1909f56bfc062723c751e8b465ee728b)  -> (artifact id: '54a249f4fade013b8740eda282cb4449') in 0.018487 seconds
Number of updated asset objects reloaded before import = 0
Number of asset objects unloaded after import = 2
========================================================================
Received Import Request.
  Time since last request: 0.021475 seconds.
  path: Assets/AmplifyShaderEditor/Plugins/EditorResources/Nodes/GPUInstancingIconON.png
  artifactKey: Guid(4b0c2926cc71c5846ae2a29652d54fb6) Importer(815301076,1909f56bfc062723c751e8b465ee728b)
Start importing Assets/AmplifyShaderEditor/Plugins/EditorResources/Nodes/GPUInstancingIconON.png using Guid(4b0c2926cc71c5846ae2a29652d54fb6) Importer(815301076,1909f56bfc062723c751e8b465ee728b)  -> (artifact id: '29df466cef028672fe156ea13ed7701a') in 0.016687 seconds
Number of updated asset objects reloaded before import = 0
Number of asset objects unloaded after import = 2
========================================================================
Received Import Request.
  Time since last request: 0.375157 seconds.
  path: Assets/AmplifyShaderEditor/Plugins/EditorResources/UI/Nodes/GraphPopup.png
  artifactKey: Guid(2ae607812d722ec46b48647c2a800779) Importer(815301076,1909f56bfc062723c751e8b465ee728b)
Start importing Assets/AmplifyShaderEditor/Plugins/EditorResources/UI/Nodes/GraphPopup.png using Guid(2ae607812d722ec46b48647c2a800779) Importer(815301076,1909f56bfc062723c751e8b465ee728b)  -> (artifact id: '480e62fee4cec3becc1029f0c8e2c91c') in 0.008735 seconds
Number of updated asset objects reloaded before import = 0
Number of asset objects unloaded after import = 2
========================================================================
Received Import Request.
  Time since last request: 0.042232 seconds.
  path: Assets/AmplifyShaderEditor/Examples/Assets/Textures/Grass/GrassBlades.png
  artifactKey: Guid(b3101af65b8fa814e8bbcda4070eef97) Importer(815301076,1909f56bfc062723c751e8b465ee728b)
Start importing Assets/AmplifyShaderEditor/Examples/Assets/Textures/Grass/GrassBlades.png using Guid(b3101af65b8fa814e8bbcda4070eef97) Importer(815301076,1909f56bfc062723c751e8b465ee728b)  -> (artifact id: '5e67c87ac52baf19a042d7e861aa8fda') in 0.021019 seconds
Number of updated asset objects reloaded before import = 0
Number of asset objects unloaded after import = 2
========================================================================
Received Import Request.
  Time since last request: 0.294976 seconds.
  path: Assets/AmplifyShaderEditor/Plugins/EditorResources/Textures/green.png
  artifactKey: Guid(352167e52fa3b0c43ac690f5e2debc2b) Importer(815301076,1909f56bfc062723c751e8b465ee728b)
Start importing Assets/AmplifyShaderEditor/Plugins/EditorResources/Textures/green.png using Guid(352167e52fa3b0c43ac690f5e2debc2b) Importer(815301076,1909f56bfc062723c751e8b465ee728b)  -> (artifact id: 'f39e9e7b951f540afcbd4f48c8ef9b2f') in 0.021326 seconds
Number of updated asset objects reloaded before import = 0
Number of asset objects unloaded after import = 2
========================================================================
Received Import Request.
  Time since last request: 0.021987 seconds.
  path: Assets/AmplifyShaderEditor/Plugins/EditorResources/UI/Buttons/Help.png
  artifactKey: Guid(066674048bbb1e64e8cdcc6c3b4abbeb) Importer(815301076,1909f56bfc062723c751e8b465ee728b)
Start importing Assets/AmplifyShaderEditor/Plugins/EditorResources/UI/Buttons/Help.png using Guid(066674048bbb1e64e8cdcc6c3b4abbeb) Importer(815301076,1909f56bfc062723c751e8b465ee728b)  -> (artifact id: '2b697c6d1a0cfc46d3d2c51fdc48f955') in 0.019360 seconds
Number of updated asset objects reloaded before import = 0
Number of asset objects unloaded after import = 2
========================================================================
Received Import Request.
  Time since last request: 1.133085 seconds.
  path: Assets/AmplifyShaderEditor/Plugins/EditorResources/Nodes/LinkIcon.png
  artifactKey: Guid(7cabe27e9427ef346a6b6557106353fd) Importer(815301076,1909f56bfc062723c751e8b465ee728b)
Start importing Assets/AmplifyShaderEditor/Plugins/EditorResources/Nodes/LinkIcon.png using Guid(7cabe27e9427ef346a6b6557106353fd) Importer(815301076,1909f56bfc062723c751e8b465ee728b)  -> (artifact id: 'dc8bf02401fcabc032d59c18871dbce8') in 0.021441 seconds
Number of updated asset objects reloaded before import = 0
Number of asset objects unloaded after import = 2
========================================================================
Received Import Request.
  Time since last request: 0.000015 seconds.
  path: Assets/AmplifyShaderEditor/Examples/Assets/Textures/Sprites/LogoMask.png
  artifactKey: Guid(596678c53fd54a640bf95ba7dfafd092) Importer(815301076,1909f56bfc062723c751e8b465ee728b)
Start importing Assets/AmplifyShaderEditor/Examples/Assets/Textures/Sprites/LogoMask.png using Guid(596678c53fd54a640bf95ba7dfafd092) Importer(815301076,1909f56bfc062723c751e8b465ee728b)  -> (artifact id: 'f53c1dc9671d469cecd26d41099fb07c') in 0.023962 seconds
Number of updated asset objects reloaded before import = 0
Number of asset objects unloaded after import = 3
========================================================================
Received Import Request.
  Time since last request: 0.373506 seconds.
  path: Assets/AmplifyShaderEditor/Plugins/EditorResources/UI/Canvas/MainCanvasTitleBg.png
  artifactKey: Guid(bdb42c87b8801e94e886c5c0d60b3014) Importer(815301076,1909f56bfc062723c751e8b465ee728b)
Start importing Assets/AmplifyShaderEditor/Plugins/EditorResources/UI/Canvas/MainCanvasTitleBg.png using Guid(bdb42c87b8801e94e886c5c0d60b3014) Importer(815301076,1909f56bfc062723c751e8b465ee728b)  -> (artifact id: '9fcbc306a42b7d7b3aff2dfd5fb2c15a') in 0.020327 seconds
Number of updated asset objects reloaded before import = 0
Number of asset objects unloaded after import = 2
========================================================================
Received Import Request.
  Time since last request: 0.042734 seconds.
  path: Assets/AmplifyShaderEditor/Plugins/EditorResources/UI/Canvas/MaterialModeIconOFF.png
  artifactKey: Guid(7040748e1c49b9648aeeefef41c8a3d5) Importer(815301076,1909f56bfc062723c751e8b465ee728b)
Start importing Assets/AmplifyShaderEditor/Plugins/EditorResources/UI/Canvas/MaterialModeIconOFF.png using Guid(7040748e1c49b9648aeeefef41c8a3d5) Importer(815301076,1909f56bfc062723c751e8b465ee728b)  -> (artifact id: '1d3bccb475d094d33b695801729448ec') in 0.019277 seconds
Number of updated asset objects reloaded before import = 0
Number of asset objects unloaded after import = 2
========================================================================
Received Import Request.
  Time since last request: 0.327092 seconds.
  path: Assets/AmplifyShaderEditor/Plugins/EditorResources/UI/Buttons/MiniBotLeftOffHover.png
  artifactKey: Guid(6f3901bfd2342774ba74e117e43d6db7) Importer(815301076,1909f56bfc062723c751e8b465ee728b)
Start importing Assets/AmplifyShaderEditor/Plugins/EditorResources/UI/Buttons/MiniBotLeftOffHover.png using Guid(6f3901bfd2342774ba74e117e43d6db7) Importer(815301076,1909f56bfc062723c751e8b465ee728b)  -> (artifact id: 'aacad1a9b1c77dfcfe8a3986e14996e8') in 0.019537 seconds
Number of updated asset objects reloaded before import = 0
Number of asset objects unloaded after import = 2
========================================================================
Received Import Request.
  Time since last request: 0.021361 seconds.
  path: Assets/AmplifyShaderEditor/Plugins/EditorResources/UI/Buttons/MiniBotMidOff.png
  artifactKey: Guid(eaf512a569994074b9b268ff098b0f03) Importer(815301076,1909f56bfc062723c751e8b465ee728b)
Start importing Assets/AmplifyShaderEditor/Plugins/EditorResources/UI/Buttons/MiniBotMidOff.png using Guid(eaf512a569994074b9b268ff098b0f03) Importer(815301076,1909f56bfc062723c751e8b465ee728b)  -> (artifact id: '85e31142b187079f1368ad02936d69b1') in 0.020777 seconds
Number of updated asset objects reloaded before import = 0
Number of asset objects unloaded after import = 2
========================================================================
Received Import Request.
  Time since last request: 0.319813 seconds.
  path: Assets/AmplifyShaderEditor/Plugins/EditorResources/UI/Buttons/MiniBotMidOnHover.png
  artifactKey: Guid(542d7546736ddd244a145ef7103678fb) Importer(815301076,1909f56bfc062723c751e8b465ee728b)
Start importing Assets/AmplifyShaderEditor/Plugins/EditorResources/UI/Buttons/MiniBotMidOnHover.png using Guid(542d7546736ddd244a145ef7103678fb) Importer(815301076,1909f56bfc062723c751e8b465ee728b)  -> (artifact id: 'f2bb74c42818b79008fe9d098a59b0e7') in 0.019274 seconds
Number of updated asset objects reloaded before import = 0
Number of asset objects unloaded after import = 2
========================================================================
Received Import Request.
  Time since last request: 0.268838 seconds.
  path: Assets/AmplifyShaderEditor/Plugins/EditorResources/UI/Buttons/MiniBotRightOn.png
  artifactKey: Guid(3821e905373e9fb4aac56ad254ba5769) Importer(815301076,1909f56bfc062723c751e8b465ee728b)
Start importing Assets/AmplifyShaderEditor/Plugins/EditorResources/UI/Buttons/MiniBotRightOn.png using Guid(3821e905373e9fb4aac56ad254ba5769) Importer(815301076,1909f56bfc062723c751e8b465ee728b)  -> (artifact id: '7bd37418276a29357a2df023bd1b3971') in 0.021470 seconds
Number of updated asset objects reloaded before import = 0
Number of asset objects unloaded after import = 2
========================================================================
Received Import Request.
  Time since last request: 0.022907 seconds.
  path: Assets/AmplifyShaderEditor/Examples/Assets/Textures/SceneTextures/MudNormal.tif
  artifactKey: Guid(10ff51d2d87fb7b46b70b55f8551c146) Importer(815301076,1909f56bfc062723c751e8b465ee728b)
Start importing Assets/AmplifyShaderEditor/Examples/Assets/Textures/SceneTextures/MudNormal.tif using Guid(10ff51d2d87fb7b46b70b55f8551c146) Importer(815301076,1909f56bfc062723c751e8b465ee728b)  -> (artifact id: 'ee66d2aeb2d0f0aeb2056b0c9eb2d004') in 0.019507 seconds
Number of updated asset objects reloaded before import = 0
Number of asset objects unloaded after import = 2
========================================================================
Received Import Request.
  Time since last request: 0.019163 seconds.
  path: Assets/AmplifyShaderEditor/Examples/Assets/Textures/TV/Noise.tga
  artifactKey: Guid(12c89afe141ffb44db0961b50bfb0d10) Importer(815301076,1909f56bfc062723c751e8b465ee728b)
Start importing Assets/AmplifyShaderEditor/Examples/Assets/Textures/TV/Noise.tga using Guid(12c89afe141ffb44db0961b50bfb0d10) Importer(815301076,1909f56bfc062723c751e8b465ee728b)  -> (artifact id: '8a680c89c912ddcf5fe8f0ad48d45947') in 0.018499 seconds
Number of updated asset objects reloaded before import = 0
Number of asset objects unloaded after import = 2
========================================================================
Received Import Request.
  Time since last request: 0.261459 seconds.
  path: Assets/AmplifyShaderEditor/Plugins/EditorResources/UI/Nodes/ObjectPickerBackgroundOutline.png
  artifactKey: Guid(c1912a55d2f211d468ddeb7b1386dd41) Importer(815301076,1909f56bfc062723c751e8b465ee728b)
Start importing Assets/AmplifyShaderEditor/Plugins/EditorResources/UI/Nodes/ObjectPickerBackgroundOutline.png using Guid(c1912a55d2f211d468ddeb7b1386dd41) Importer(815301076,1909f56bfc062723c751e8b465ee728b)  -> (artifact id: '4c7fcfa1877ed0fe4bc801995985f219') in 0.022506 seconds
Number of updated asset objects reloaded before import = 0
Number of asset objects unloaded after import = 2
========================================================================
Received Import Request.
  Time since last request: 0.026865 seconds.
  path: Assets/AmplifyShaderEditor/Examples/Built-In/Community Skybox Cubemap Extended/Textures/Polyverse Skies - Blue Sky.png
  artifactKey: Guid(a9f053d430424adb925523ba78342596) Importer(815301076,1909f56bfc062723c751e8b465ee728b)
Start importing Assets/AmplifyShaderEditor/Examples/Built-In/Community Skybox Cubemap Extended/Textures/Polyverse Skies - Blue Sky.png using Guid(a9f053d430424adb925523ba78342596) Importer(815301076,1909f56bfc062723c751e8b465ee728b)  -> (artifact id: '65101255a7896fd5f2a86aca4de13513') in 0.067780 seconds
Number of updated asset objects reloaded before import = 0
Number of asset objects unloaded after import = 1
========================================================================
Received Import Request.
  Time since last request: 0.019208 seconds.
  path: Assets/AmplifyShaderEditor/Plugins/EditorResources/UI/Buttons/RemoveFromList.png
  artifactKey: Guid(75f68506ba820564ea85b2620d78c097) Importer(815301076,1909f56bfc062723c751e8b465ee728b)
Start importing Assets/AmplifyShaderEditor/Plugins/EditorResources/UI/Buttons/RemoveFromList.png using Guid(75f68506ba820564ea85b2620d78c097) Importer(815301076,1909f56bfc062723c751e8b465ee728b)  -> (artifact id: 'd99097d75ae98167d6df5c28c261fe44') in 0.016994 seconds
Number of updated asset objects reloaded before import = 0
Number of asset objects unloaded after import = 2
========================================================================
Received Import Request.
  Time since last request: 0.253625 seconds.
  path: Assets/AmplifyShaderEditor/Examples/Assets/Textures/Rock/rock_d.tif
  artifactKey: Guid(b297077dae62c1944ba14cad801cddf5) Importer(815301076,1909f56bfc062723c751e8b465ee728b)
Start importing Assets/AmplifyShaderEditor/Examples/Assets/Textures/Rock/rock_d.tif using Guid(b297077dae62c1944ba14cad801cddf5) Importer(815301076,1909f56bfc062723c751e8b465ee728b)  -> (artifact id: '10c98483793ce4dba1b9a77777ed0aed') in 0.018165 seconds
Number of updated asset objects reloaded before import = 0
Number of asset objects unloaded after import = 2
========================================================================
Received Import Request.
  Time since last request: 0.000020 seconds.
  path: Assets/AmplifyShaderEditor/Examples/Assets/Textures/SceneTextures/RubberSpecular.tif
  artifactKey: Guid(0688235f1fee46b4581bcc1cf189cf3a) Importer(815301076,1909f56bfc062723c751e8b465ee728b)
Start importing Assets/AmplifyShaderEditor/Examples/Assets/Textures/SceneTextures/RubberSpecular.tif using Guid(0688235f1fee46b4581bcc1cf189cf3a) Importer(815301076,1909f56bfc062723c751e8b465ee728b)  -> (artifact id: '46548802b0ba74d7daf15e520cc41dff') in 0.017867 seconds
Number of updated asset objects reloaded before import = 0
Number of asset objects unloaded after import = 2
========================================================================
Received Import Request.
  Time since last request: 0.022395 seconds.
  path: Assets/AmplifyShaderEditor/Plugins/EditorResources/UI/Buttons/SaveOFF.png
  artifactKey: Guid(4e4a13447ac514c4ca21e7232bac5486) Importer(815301076,1909f56bfc062723c751e8b465ee728b)
Start importing Assets/AmplifyShaderEditor/Plugins/EditorResources/UI/Buttons/SaveOFF.png using Guid(4e4a13447ac514c4ca21e7232bac5486) Importer(815301076,1909f56bfc062723c751e8b465ee728b)  -> (artifact id: '7483af6b23f2f3d2cbf73bc73995bd1b') in 0.016637 seconds
Number of updated asset objects reloaded before import = 0
Number of asset objects unloaded after import = 2
========================================================================
Received Import Request.
  Time since last request: 0.013501 seconds.
  path: Assets/AmplifyShaderEditor/Plugins/EditorResources/UI/Buttons/SaveON.png
  artifactKey: Guid(2c938a89586d41f4081284e4b25243c2) Importer(815301076,1909f56bfc062723c751e8b465ee728b)
Start importing Assets/AmplifyShaderEditor/Plugins/EditorResources/UI/Buttons/SaveON.png using Guid(2c938a89586d41f4081284e4b25243c2) Importer(815301076,1909f56bfc062723c751e8b465ee728b)  -> (artifact id: 'e1f61934f68b2ec72cac0b5552297702') in 0.020777 seconds
Number of updated asset objects reloaded before import = 0
Number of asset objects unloaded after import = 2
========================================================================
Received Import Request.
  Time since last request: 0.000017 seconds.
  path: Assets/AmplifyShaderEditor/Plugins/EditorResources/UI/Canvas/Shader.png
  artifactKey: Guid(555b6a287b4121b479d412e6ea92bb2e) Importer(815301076,1909f56bfc062723c751e8b465ee728b)
Start importing Assets/AmplifyShaderEditor/Plugins/EditorResources/UI/Canvas/Shader.png using Guid(555b6a287b4121b479d412e6ea92bb2e) Importer(815301076,1909f56bfc062723c751e8b465ee728b)  -> (artifact id: '625e604dd5a441de2c17d63c8ee9422c') in 0.016851 seconds
Number of updated asset objects reloaded before import = 0
Number of asset objects unloaded after import = 2
========================================================================
Received Import Request.
  Time since last request: 1.172243 seconds.
  path: Assets/AmplifyShaderEditor/Plugins/EditorResources/UI/Canvas/ShaderFunction.png
  artifactKey: Guid(94cd628d3d8e07d40a85d82b3fdad15d) Importer(815301076,1909f56bfc062723c751e8b465ee728b)
Start importing Assets/AmplifyShaderEditor/Plugins/EditorResources/UI/Canvas/ShaderFunction.png using Guid(94cd628d3d8e07d40a85d82b3fdad15d) Importer(815301076,1909f56bfc062723c751e8b465ee728b)  -> (artifact id: '080caf2695f31af1ef6fd1c66928482e') in 0.019779 seconds
Number of updated asset objects reloaded before import = 0
Number of asset objects unloaded after import = 2
========================================================================
Received Import Request.
  Time since last request: 0.000012 seconds.
  path: Assets/AmplifyShaderEditor/Plugins/EditorResources/UI/Canvas/ShaderModeIconOFF.png
  artifactKey: Guid(df81b9531d8ef704f96072ce6910db68) Importer(815301076,1909f56bfc062723c751e8b465ee728b)
Start importing Assets/AmplifyShaderEditor/Plugins/EditorResources/UI/Canvas/ShaderModeIconOFF.png using Guid(df81b9531d8ef704f96072ce6910db68) Importer(815301076,1909f56bfc062723c751e8b465ee728b)  -> (artifact id: '27a359a8f79af9df2a0691f47120a566') in 0.019624 seconds
Number of updated asset objects reloaded before import = 0
Number of asset objects unloaded after import = 2
========================================================================
Received Import Request.
  Time since last request: 0.000692 seconds.
  path: Assets/AmplifyShaderEditor/Plugins/EditorResources/UI/Canvas/ShaderModeMatIcon.png
  artifactKey: Guid(6f410c15ce9be2741bae77a30a336748) Importer(815301076,1909f56bfc062723c751e8b465ee728b)
Start importing Assets/AmplifyShaderEditor/Plugins/EditorResources/UI/Canvas/ShaderModeMatIcon.png using Guid(6f410c15ce9be2741bae77a30a336748) Importer(815301076,1909f56bfc062723c751e8b465ee728b)  -> (artifact id: '3612f6cd16298c12ae3bb7715c2ff5e1') in 0.018426 seconds
Number of updated asset objects reloaded before import = 0
Number of asset objects unloaded after import = 2
========================================================================
Received Import Request.
  Time since last request: 0.033696 seconds.
  path: Assets/AmplifyShaderEditor/Examples/Assets/Textures/Misc/SimpleFoam.png
  artifactKey: Guid(d01457b88b1c5174ea4235d140b5fab8) Importer(815301076,1909f56bfc062723c751e8b465ee728b)
Start importing Assets/AmplifyShaderEditor/Examples/Assets/Textures/Misc/SimpleFoam.png using Guid(d01457b88b1c5174ea4235d140b5fab8) Importer(815301076,1909f56bfc062723c751e8b465ee728b)  -> (artifact id: 'e63e7495713af62d4edbeb0744a61394') in 0.019614 seconds
Number of updated asset objects reloaded before import = 0
Number of asset objects unloaded after import = 2
========================================================================
Received Import Request.
  Time since last request: 0.253093 seconds.
  path: Assets/AmplifyShaderEditor/Examples/Assets/Textures/SceneTextures/SkinOcclusion.tif
  artifactKey: Guid(a133a690c4b9f014cbc6179a83191248) Importer(815301076,1909f56bfc062723c751e8b465ee728b)
Start importing Assets/AmplifyShaderEditor/Examples/Assets/Textures/SceneTextures/SkinOcclusion.tif using Guid(a133a690c4b9f014cbc6179a83191248) Importer(815301076,1909f56bfc062723c751e8b465ee728b)  -> (artifact id: '9de5497c3328c1764302e2d462ad8588') in 0.022100 seconds
Number of updated asset objects reloaded before import = 0
Number of asset objects unloaded after import = 2
========================================================================
Received Import Request.
  Time since last request: 0.000020 seconds.
  path: Assets/AmplifyShaderEditor/Examples/Assets/Textures/Misc/SmoothNoise.png
  artifactKey: Guid(bdbe94d7623ec3940947b62544306f1c) Importer(815301076,1909f56bfc062723c751e8b465ee728b)
Start importing Assets/AmplifyShaderEditor/Examples/Assets/Textures/Misc/SmoothNoise.png using Guid(bdbe94d7623ec3940947b62544306f1c) Importer(815301076,1909f56bfc062723c751e8b465ee728b)  -> (artifact id: 'f5cf05aad6e54d171a1602835ab3b732') in 0.021876 seconds
Number of updated asset objects reloaded before import = 0
Number of asset objects unloaded after import = 2
========================================================================
Received Import Request.
  Time since last request: 0.015193 seconds.
  path: Assets/AmplifyShaderEditor/Examples/Assets/Textures/Sprites/SphereMask.png
  artifactKey: Guid(e915bfd11a96bc64aa21a6f73ba7e7ac) Importer(815301076,1909f56bfc062723c751e8b465ee728b)
Start importing Assets/AmplifyShaderEditor/Examples/Assets/Textures/Sprites/SphereMask.png using Guid(e915bfd11a96bc64aa21a6f73ba7e7ac) Importer(815301076,1909f56bfc062723c751e8b465ee728b)  -> (artifact id: '0e836c447176f8f9ca8c71b1807b2bd4') in 0.023700 seconds
Number of updated asset objects reloaded before import = 0
Number of asset objects unloaded after import = 3
Editor requested this worker to shutdown with reason: Scaling down because of idle timeout
TcpMessagingSession - receive error: operation aborted. errorcode: 995, details: La operación de E/S se anuló por una salida de subproceso o por una solicitud de aplicación.
AssetImportWorker is now disconnected from the server
Process exiting
Exiting without the bug reporter. Application will terminate with return code 0